2025-01-27 10:43:37,050 DEBUG    root            Loaded Command Group: ['gcloud', 'auth']
2025-01-27 10:43:37,099 DEBUG    root            Loaded Command Group: ['gcloud', 'auth', 'login']
2025-01-27 10:43:37,100 DEBUG    root            Running [gcloud.auth.login] with arguments: []
2025-01-27 10:43:37,339 DEBUG    requests_oauthlib.oauth2_session Generated new state rYUDsR2VqBQkxiIduPPzrCeDIQb4oM.
2025-01-27 10:43:37,595 INFO     ___FILE_ONLY___ Your browser has been opened to visit:

    https://accounts.google.com/o/oauth2/auth?response_type=code&client_id=32555940559.apps.googleusercontent.com&redirect_uri=http%3A%2F%2Flocalhost%3A8085%2F&scope=openid+https%3A%2F%2Fwww.googleapis.com%2Fauth%2Fuserinfo.email+https%3A%2F%2Fwww.googleapis.com%2Fauth%2Fcloud-platform+https%3A%2F%2Fwww.googleapis.com%2Fauth%2Fappengine.admin+https%3A%2F%2Fwww.googleapis.com%2Fauth%2Fsqlservice.login+https%3A%2F%2Fwww.googleapis.com%2Fauth%2Fcompute+https%3A%2F%2Fwww.googleapis.com%2Fauth%2Faccounts.reauth&state=rYUDsR2VqBQkxiIduPPzrCeDIQb4oM&access_type=offline&code_challenge=ergpSEhtfP2NokqMxnkxZa0JaJi4GgmO5UeT25HrQTU&code_challenge_method=S256


2025-01-27 10:44:05,360 INFO     google_auth_oauthlib.flow "GET /?state=rYUDsR2VqBQkxiIduPPzrCeDIQb4oM&code=4/0ASVgi3IVZuL8JQdB9VRA-PUpbgVk_lcNhN84u9iSn__xx9FQqRJ6OQMK0AFvANtBIu6dMg&scope=email%20openid%20https://www.googleapis.com/auth/userinfo.email%20https://www.googleapis.com/auth/cloud-platform%20https://www.googleapis.com/auth/appengine.admin%20https://www.googleapis.com/auth/sqlservice.login%20https://www.googleapis.com/auth/compute%20https://www.googleapis.com/auth/accounts.reauth&authuser=0&hd=dyson.com&prompt=consent HTTP/1.1" 200 937
2025-01-27 10:44:05,362 DEBUG    requests_oauthlib.oauth2_session Requesting url https://oauth2.googleapis.com/token using method POST.
2025-01-27 10:44:05,362 DEBUG    requests_oauthlib.oauth2_session Supplying headers {b'Accept': b'application/json', b'Content-Type': b'application/x-www-form-urlencoded;charset=UTF-8', b'user-agent': b'google-cloud-sdk gcloud/507.0.0 command/gcloud.auth.login invocation-id/b9058d73c6a14634a6520263db57946a environment/None environment-version/None client-os/MACOSX client-os-ver/24.2.0 client-pltf-arch/arm interactive/True from-script/False python/3.10.13 term/xterm-256color (Macintosh; Intel Mac OS X 24.2.0)'} and data {'grant_type': 'authorization_code', 'client_id': '32555940559.apps.googleusercontent.com', 'client_secret': 'ZmssLNjJy2998hD4CTg2ejr2', 'code': '4/0ASVgi3IVZuL8JQdB9VRA-PUpbgVk_lcNhN84u9iSn__xx9FQqRJ6OQMK0AFvANtBIu6dMg', 'redirect_uri': 'http://localhost:8085/', 'code_verifier': 'iB2GGenBCJ.KjABTpOMCWKtS5~H7Y-zIXBiP3sjTWBhrYdXQtUxtMn4pxjZMjxyeUNg7aLsvUNREsA_~C-lOQ4-4EUo4CiC3KnSnYhkX6bsxICt_Asx.q6ZnIzTFVxM1'}
2025-01-27 10:44:05,362 DEBUG    requests_oauthlib.oauth2_session Passing through key word arguments {'json': None, 'timeout': None, 'auth': None, 'verify': None, 'proxies': None}.
2025-01-27 10:44:05,378 DEBUG    urllib3.connectionpool Starting new HTTPS connection (1): oauth2.googleapis.com:443
2025-01-27 10:44:05,487 DEBUG    urllib3.connectionpool https://oauth2.googleapis.com:443 "POST /token HTTP/1.1" 200 None
2025-01-27 10:44:05,489 DEBUG    requests_oauthlib.oauth2_session Prepared fetch token request body grant_type=authorization_code&client_id=32555940559.apps.googleusercontent.com&client_secret=ZmssLNjJy2998hD4CTg2ejr2&code=4%2F0ASVgi3IVZuL8JQdB9VRA-PUpbgVk_lcNhN84u9iSn__xx9FQqRJ6OQMK0AFvANtBIu6dMg&redirect_uri=http%3A%2F%2Flocalhost%3A8085%2F&code_verifier=iB2GGenBCJ.KjABTpOMCWKtS5~H7Y-zIXBiP3sjTWBhrYdXQtUxtMn4pxjZMjxyeUNg7aLsvUNREsA_~C-lOQ4-4EUo4CiC3KnSnYhkX6bsxICt_Asx.q6ZnIzTFVxM1
2025-01-27 10:44:05,489 DEBUG    requests_oauthlib.oauth2_session Request to fetch token completed with status 200.
2025-01-27 10:44:05,490 DEBUG    requests_oauthlib.oauth2_session Request headers were {'user-agent': b'google-cloud-sdk gcloud/507.0.0 command/gcloud.auth.login invocation-id/b9058d73c6a14634a6520263db57946a environment/None environment-version/None client-os/MACOSX client-os-ver/24.2.0 client-pltf-arch/arm interactive/True from-script/False python/3.10.13 term/xterm-256color (Macintosh; Intel Mac OS X 24.2.0)', 'Accept-Encoding': 'gzip, deflate', 'Accept': b'application/json', 'Connection': 'keep-alive', 'Content-Type': b'application/x-www-form-urlencoded;charset=UTF-8', 'Content-Length': '387'}
2025-01-27 10:44:05,490 DEBUG    requests_oauthlib.oauth2_session Request body was grant_type=authorization_code&client_id=32555940559.apps.googleusercontent.com&client_secret=ZmssLNjJy2998hD4CTg2ejr2&code=4%2F0ASVgi3IVZuL8JQdB9VRA-PUpbgVk_lcNhN84u9iSn__xx9FQqRJ6OQMK0AFvANtBIu6dMg&redirect_uri=http%3A%2F%2Flocalhost%3A8085%2F&code_verifier=iB2GGenBCJ.KjABTpOMCWKtS5~H7Y-zIXBiP3sjTWBhrYdXQtUxtMn4pxjZMjxyeUNg7aLsvUNREsA_~C-lOQ4-4EUo4CiC3KnSnYhkX6bsxICt_Asx.q6ZnIzTFVxM1
2025-01-27 10:44:05,490 DEBUG    requests_oauthlib.oauth2_session Response headers were {'Cache-Control': 'no-cache, no-store, max-age=0, must-revalidate', 'Date': 'Mon, 27 Jan 2025 02:44:05 GMT', 'Expires': 'Mon, 01 Jan 1990 00:00:00 GMT', 'Pragma': 'no-cache', 'Content-Type': 'application/json; charset=utf-8', 'Vary': 'Origin, X-Origin, Referer', 'Content-Encoding': 'gzip', 'Server': 'scaffolding on HTTPServer2', 'X-XSS-Protection': '0', 'X-Frame-Options': 'SAMEORIGIN', 'X-Content-Type-Options': 'nosniff', 'Alt-Svc': 'h3=":443"; ma=2592000,h3-29=":443"; ma=2592000', 'Transfer-Encoding': 'chunked'} and content {
  "access_token": "ya29.a0AXeO80T1BB0aZdoe5U80__MEq0rr93GMZiVzOf4UWCTX2-JFkRA7A6WS21EkSnsshZyZfUMKFs2sRb1fMCMxhweWyg37CrVCf8LPFKMzuJsFIZ1FxCGodQAtUTP7SOcjFWA6hku7LjZDN0R0ASskrV-3emYejpP_zPIi36aN3SVUrQaCgYKATwSARMSFQHGX2MiEfrSoTV7WBB4SyhUlxFP1g0181",
  "expires_in": 3599,
  "refresh_token": "1//0g1a_hUEMRPybCgYIARAAGBASNwF-L9IrKI5ZipHHyxC4Y67GJoLY0D4Wwy4jr6aLOWwFB0nRQVD8mQKtCs_qBPOT5zFaasTn7Rc",
  "scope": "https://www.googleapis.com/auth/accounts.reauth https://www.googleapis.com/auth/appengine.admin https://www.googleapis.com/auth/sqlservice.login https://www.googleapis.com/auth/compute https://www.googleapis.com/auth/cloud-platform openid https://www.googleapis.com/auth/userinfo.email",
  "token_type": "Bearer",
  "id_token": "eyJhbGciOiJSUzI1NiIsImtpZCI6IjYzMzdiZTYzNjRmMzgyNDAwOGQwZTkwMDNmNTBiYjZiNDNkNWE5YzYiLCJ0eXAiOiJKV1QifQ.eyJpc3MiOiJodHRwczovL2FjY291bnRzLmdvb2dsZS5jb20iLCJhenAiOiIzMjU1NTk0MDU1OS5hcHBzLmdvb2dsZXVzZXJjb250ZW50LmNvbSIsImF1ZCI6IjMyNTU1OTQwNTU5LmFwcHMuZ29vZ2xldXNlcmNvbnRlbnQuY29tIiwic3ViIjoiMTE1NTAwMDY5ODQ0OTIyMjcwNzUwIiwiaGQiOiJkeXNvbi5jb20iLCJlbWFpbCI6ImRhbmllbC5sb3dAZHlzb24uY29tIiwiZW1haWxfdmVyaWZpZWQiOnRydWUsImF0X2hhc2giOiI2ZVRXMnBib1pzeDNjRnVUWWpWOGtBIiwiaWF0IjoxNzM3OTQ1ODQ1LCJleHAiOjE3Mzc5NDk0NDV9.m3vc7juiVSn2N2weMXURgerMfSwUD9NBe2owZIYwVqZQk_1vihjSIew3yrESE52U1n5-NufJ54vk6AHygVtbJsO-V7tZXJgSwzC2An1wfYHoafxvhWn1U4GzgHf8ychsmCwX6KtVRI8ghjZqGTssHdPlpq-xajHBdWKdbxQSyCZ03ZOZ_g1VPiU-DoH7QySXw9WTE71168m7z6H6OTYZHAKDgzhZG8ZZbyaGJBgbHuztFcmXovPT3RGcJ3275O8c_POaPlulMNmIYmePiBlxU4hF35roUkg4wXQL6pIXdkeCqTGjCQd66Qnot4_qTtbLGhQ8uuB7PBHKrhWze7oi2w"
}.
2025-01-27 10:44:05,490 DEBUG    requests_oauthlib.oauth2_session Invoking 0 token response hooks.
2025-01-27 10:44:05,490 DEBUG    requests_oauthlib.oauth2_session Obtained token {'access_token': 'ya29.a0AXeO80T1BB0aZdoe5U80__MEq0rr93GMZiVzOf4UWCTX2-JFkRA7A6WS21EkSnsshZyZfUMKFs2sRb1fMCMxhweWyg37CrVCf8LPFKMzuJsFIZ1FxCGodQAtUTP7SOcjFWA6hku7LjZDN0R0ASskrV-3emYejpP_zPIi36aN3SVUrQaCgYKATwSARMSFQHGX2MiEfrSoTV7WBB4SyhUlxFP1g0181', 'expires_in': 3599, 'refresh_token': '1//0g1a_hUEMRPybCgYIARAAGBASNwF-L9IrKI5ZipHHyxC4Y67GJoLY0D4Wwy4jr6aLOWwFB0nRQVD8mQKtCs_qBPOT5zFaasTn7Rc', 'scope': ['https://www.googleapis.com/auth/accounts.reauth', 'https://www.googleapis.com/auth/appengine.admin', 'https://www.googleapis.com/auth/sqlservice.login', 'https://www.googleapis.com/auth/compute', 'https://www.googleapis.com/auth/cloud-platform', 'openid', 'https://www.googleapis.com/auth/userinfo.email'], 'token_type': 'Bearer', 'id_token': 'eyJhbGciOiJSUzI1NiIsImtpZCI6IjYzMzdiZTYzNjRmMzgyNDAwOGQwZTkwMDNmNTBiYjZiNDNkNWE5YzYiLCJ0eXAiOiJKV1QifQ.eyJpc3MiOiJodHRwczovL2FjY291bnRzLmdvb2dsZS5jb20iLCJhenAiOiIzMjU1NTk0MDU1OS5hcHBzLmdvb2dsZXVzZXJjb250ZW50LmNvbSIsImF1ZCI6IjMyNTU1OTQwNTU5LmFwcHMuZ29vZ2xldXNlcmNvbnRlbnQuY29tIiwic3ViIjoiMTE1NTAwMDY5ODQ0OTIyMjcwNzUwIiwiaGQiOiJkeXNvbi5jb20iLCJlbWFpbCI6ImRhbmllbC5sb3dAZHlzb24uY29tIiwiZW1haWxfdmVyaWZpZWQiOnRydWUsImF0X2hhc2giOiI2ZVRXMnBib1pzeDNjRnVUWWpWOGtBIiwiaWF0IjoxNzM3OTQ1ODQ1LCJleHAiOjE3Mzc5NDk0NDV9.m3vc7juiVSn2N2weMXURgerMfSwUD9NBe2owZIYwVqZQk_1vihjSIew3yrESE52U1n5-NufJ54vk6AHygVtbJsO-V7tZXJgSwzC2An1wfYHoafxvhWn1U4GzgHf8ychsmCwX6KtVRI8ghjZqGTssHdPlpq-xajHBdWKdbxQSyCZ03ZOZ_g1VPiU-DoH7QySXw9WTE71168m7z6H6OTYZHAKDgzhZG8ZZbyaGJBgbHuztFcmXovPT3RGcJ3275O8c_POaPlulMNmIYmePiBlxU4hF35roUkg4wXQL6pIXdkeCqTGjCQd66Qnot4_qTtbLGhQ8uuB7PBHKrhWze7oi2w', 'expires_at': 1737949444.490753}.
2025-01-27 10:44:05,526 INFO     ___FILE_ONLY___ 
You are now logged in as [daniel.low@dyson.com].
Your current project is [dde-prj-orbit-d001].  You can change this setting by running:
  $ gcloud config set project PROJECT_ID

2025-01-27 10:44:05,526 DEBUG    root            Chosen display Format:none
2025-01-27 10:44:05,526 INFO     root            Display format: "none"
2025-01-27 10:44:05,630 DEBUG    root            Metrics reporting process started...
