2025-01-27 10:45:49,000 DEBUG    root            Loaded Command Group: ['gcloud', 'auth']
2025-01-27 10:45:49,001 DEBUG    root            Loaded Command Group: ['gcloud', 'auth', 'application_default']
2025-01-27 10:45:49,016 DEBUG    root            Loaded Command Group: ['gcloud', 'auth', 'application-default', 'login']
2025-01-27 10:45:49,017 DEBUG    root            Running [gcloud.auth.application-default.login] with arguments: []
2025-01-27 10:45:49,190 DEBUG    requests_oauthlib.oauth2_session Generated new state SkfHWjdMiGjjwQOQ4mq0I8tgWkCRYV.
2025-01-27 10:45:49,373 INFO     ___FILE_ONLY___ Your browser has been opened to visit:

    https://accounts.google.com/o/oauth2/auth?response_type=code&client_id=764086051850-6qr4p6gpi6hn506pt8ejuq83di341hur.apps.googleusercontent.com&redirect_uri=http%3A%2F%2Flocalhost%3A8085%2F&scope=openid+https%3A%2F%2Fwww.googleapis.com%2Fauth%2Fuserinfo.email+https%3A%2F%2Fwww.googleapis.com%2Fauth%2Fcloud-platform+https%3A%2F%2Fwww.googleapis.com%2Fauth%2Fsqlservice.login&state=SkfHWjdMiGjjwQOQ4mq0I8tgWkCRYV&access_type=offline&code_challenge=6fje3al65BqMC4VtRnpMeKnYcd2qM2-cPB64Qgqzxa4&code_challenge_method=S256


2025-01-27 10:45:58,922 INFO     google_auth_oauthlib.flow "GET /?state=SkfHWjdMiGjjwQOQ4mq0I8tgWkCRYV&code=4/0ASVgi3KIYLb0yLncPHMGPe-sqK0pSPVTpFW-QElrRYdCyj33gcWd8FVXt-KKhWNrcmWFSQ&scope=email%20openid%20https://www.googleapis.com/auth/userinfo.email%20https://www.googleapis.com/auth/cloud-platform%20https://www.googleapis.com/auth/sqlservice.login&authuser=0&hd=dyson.com&prompt=consent HTTP/1.1" 200 937
2025-01-27 10:45:58,923 DEBUG    requests_oauthlib.oauth2_session Requesting url https://oauth2.googleapis.com/token using method POST.
2025-01-27 10:45:58,923 DEBUG    requests_oauthlib.oauth2_session Supplying headers {b'Accept': b'application/json', b'Content-Type': b'application/x-www-form-urlencoded;charset=UTF-8', b'user-agent': b'google-cloud-sdk gcloud/507.0.0 command/gcloud.auth.application-default.login invocation-id/1a217af5d05542bb93d0c022f4a55055 environment/None environment-version/None client-os/MACOSX client-os-ver/24.2.0 client-pltf-arch/arm interactive/True from-script/False python/3.10.13 term/xterm-256color (Macintosh; Intel Mac OS X 24.2.0)'} and data {'grant_type': 'authorization_code', 'client_id': '764086051850-6qr4p6gpi6hn506pt8ejuq83di341hur.apps.googleusercontent.com', 'client_secret': 'd-FL95Q19q7MQmFpd7hHD0Ty', 'code': '4/0ASVgi3KIYLb0yLncPHMGPe-sqK0pSPVTpFW-QElrRYdCyj33gcWd8FVXt-KKhWNrcmWFSQ', 'redirect_uri': 'http://localhost:8085/', 'code_verifier': '_TZ~TG7-4_xLEpAzjJXFHK_9mi.zAV5SdroFAreUk_Y58cWssw0bCfbsY2m495iof8cZOX~CCihUYddCUvMz3QfvvZ-ytbiriW.8gHrUZKNLwabTxPWyqY9aNOPS0UXG'}
2025-01-27 10:45:58,923 DEBUG    requests_oauthlib.oauth2_session Passing through key word arguments {'json': None, 'timeout': None, 'auth': None, 'verify': None, 'proxies': None}.
2025-01-27 10:45:58,933 DEBUG    urllib3.connectionpool Starting new HTTPS connection (1): oauth2.googleapis.com:443
2025-01-27 10:45:59,038 DEBUG    urllib3.connectionpool https://oauth2.googleapis.com:443 "POST /token HTTP/1.1" 200 None
2025-01-27 10:45:59,039 DEBUG    requests_oauthlib.oauth2_session Prepared fetch token request body grant_type=authorization_code&client_id=764086051850-6qr4p6gpi6hn506pt8ejuq83di341hur.apps.googleusercontent.com&client_secret=d-FL95Q19q7MQmFpd7hHD0Ty&code=4%2F0ASVgi3KIYLb0yLncPHMGPe-sqK0pSPVTpFW-QElrRYdCyj33gcWd8FVXt-KKhWNrcmWFSQ&redirect_uri=http%3A%2F%2Flocalhost%3A8085%2F&code_verifier=_TZ~TG7-4_xLEpAzjJXFHK_9mi.zAV5SdroFAreUk_Y58cWssw0bCfbsY2m495iof8cZOX~CCihUYddCUvMz3QfvvZ-ytbiriW.8gHrUZKNLwabTxPWyqY9aNOPS0UXG
2025-01-27 10:45:59,040 DEBUG    requests_oauthlib.oauth2_session Request to fetch token completed with status 200.
2025-01-27 10:45:59,040 DEBUG    requests_oauthlib.oauth2_session Request headers were {'user-agent': b'google-cloud-sdk gcloud/507.0.0 command/gcloud.auth.application-default.login invocation-id/1a217af5d05542bb93d0c022f4a55055 environment/None environment-version/None client-os/MACOSX client-os-ver/24.2.0 client-pltf-arch/arm interactive/True from-script/False python/3.10.13 term/xterm-256color (Macintosh; Intel Mac OS X 24.2.0)', 'Accept-Encoding': 'gzip, deflate', 'Accept': b'application/json', 'Connection': 'keep-alive', 'Content-Type': b'application/x-www-form-urlencoded;charset=UTF-8', 'Content-Length': '421'}
2025-01-27 10:45:59,040 DEBUG    requests_oauthlib.oauth2_session Request body was grant_type=authorization_code&client_id=764086051850-6qr4p6gpi6hn506pt8ejuq83di341hur.apps.googleusercontent.com&client_secret=d-FL95Q19q7MQmFpd7hHD0Ty&code=4%2F0ASVgi3KIYLb0yLncPHMGPe-sqK0pSPVTpFW-QElrRYdCyj33gcWd8FVXt-KKhWNrcmWFSQ&redirect_uri=http%3A%2F%2Flocalhost%3A8085%2F&code_verifier=_TZ~TG7-4_xLEpAzjJXFHK_9mi.zAV5SdroFAreUk_Y58cWssw0bCfbsY2m495iof8cZOX~CCihUYddCUvMz3QfvvZ-ytbiriW.8gHrUZKNLwabTxPWyqY9aNOPS0UXG
2025-01-27 10:45:59,040 DEBUG    requests_oauthlib.oauth2_session Response headers were {'Cache-Control': 'no-cache, no-store, max-age=0, must-revalidate', 'Pragma': 'no-cache', 'Expires': 'Mon, 01 Jan 1990 00:00:00 GMT', 'Date': 'Mon, 27 Jan 2025 02:45:59 GMT', 'Content-Type': 'application/json; charset=utf-8', 'Vary': 'Origin, X-Origin, Referer', 'Content-Encoding': 'gzip', 'Server': 'scaffolding on HTTPServer2', 'X-XSS-Protection': '0', 'X-Frame-Options': 'SAMEORIGIN', 'X-Content-Type-Options': 'nosniff', 'Alt-Svc': 'h3=":443"; ma=2592000,h3-29=":443"; ma=2592000', 'Transfer-Encoding': 'chunked'} and content {
  "access_token": "ya29.a0AXeO80QAR7lFhQuduAnd2HDKBNge8YQIXMdqpgyKw9AZkD4ooHVVSNiqu1AF1AFU-QcdF7QexqB1hSSxI0hmXA-kEPrr4oDqN7SdBstr005mwSFQkvo-4YHpy3ba9eXLg9PPjJWR8E3t-PIdVheOU1_vmHCT2lok4CYRw06YaCgYKAWESARMSFQHGX2MibuYp8ww_2UxEQOqrxffF7Q0175",
  "expires_in": 3599,
  "refresh_token": "1//0gdLsc1p5HlD3CgYIARAAGBASNwF-L9IrP8XlMrbFfnkGV-At7nbD90Xq-O90jUBnvaLYP8x7MTJm_M8Fn3MT8zg9yoqa9dre4jQ",
  "scope": "https://www.googleapis.com/auth/userinfo.email openid https://www.googleapis.com/auth/sqlservice.login https://www.googleapis.com/auth/cloud-platform",
  "token_type": "Bearer",
  "id_token": "eyJhbGciOiJSUzI1NiIsImtpZCI6IjYzMzdiZTYzNjRmMzgyNDAwOGQwZTkwMDNmNTBiYjZiNDNkNWE5YzYiLCJ0eXAiOiJKV1QifQ.eyJpc3MiOiJodHRwczovL2FjY291bnRzLmdvb2dsZS5jb20iLCJhenAiOiI3NjQwODYwNTE4NTAtNnFyNHA2Z3BpNmhuNTA2cHQ4ZWp1cTgzZGkzNDFodXIuYXBwcy5nb29nbGV1c2VyY29udGVudC5jb20iLCJhdWQiOiI3NjQwODYwNTE4NTAtNnFyNHA2Z3BpNmhuNTA2cHQ4ZWp1cTgzZGkzNDFodXIuYXBwcy5nb29nbGV1c2VyY29udGVudC5jb20iLCJzdWIiOiIxMTU1MDAwNjk4NDQ5MjIyNzA3NTAiLCJoZCI6ImR5c29uLmNvbSIsImVtYWlsIjoiZGFuaWVsLmxvd0BkeXNvbi5jb20iLCJlbWFpbF92ZXJpZmllZCI6dHJ1ZSwiYXRfaGFzaCI6InhzTWE5ckZFMjFNby1hMlpRbE5NQ1EiLCJpYXQiOjE3Mzc5NDU5NTksImV4cCI6MTczNzk0OTU1OX0.TtRuzKqSdwv3udBtwn71rNvhH9S1UOOzHvjV6-JoYf9JDr_Ii2xHlatB3jAmaHibr1QzSaeQO5S9GZsz6mPRWgjqlDMLYIp-akYxIkyLuBj9JySoNxep3HO2Nx7WQA_gQRYbecLWlpf1H4Eu9Cwry6OudWruWhfj-hT9WjgIFYWtjAvIOMaf6IFFZrWOChXEUURb9k1pf4Nk0gmdlKVlubGFar2lFb6Q4vnYlzAcTt4NiKmuk_2-SlUOETWy3-2pkuIUxpI1MyUhMwDTHk08f_VMOmDWJB94cdU5DzwQ8tsRDWsZ3CJqS55tHNxNL3Q3PZXIYuQKAvRMEAJFZHG2wQ"
}.
2025-01-27 10:45:59,040 DEBUG    requests_oauthlib.oauth2_session Invoking 0 token response hooks.
2025-01-27 10:45:59,041 DEBUG    requests_oauthlib.oauth2_session Obtained token {'access_token': 'ya29.a0AXeO80QAR7lFhQuduAnd2HDKBNge8YQIXMdqpgyKw9AZkD4ooHVVSNiqu1AF1AFU-QcdF7QexqB1hSSxI0hmXA-kEPrr4oDqN7SdBstr005mwSFQkvo-4YHpy3ba9eXLg9PPjJWR8E3t-PIdVheOU1_vmHCT2lok4CYRw06YaCgYKAWESARMSFQHGX2MibuYp8ww_2UxEQOqrxffF7Q0175', 'expires_in': 3599, 'refresh_token': '1//0gdLsc1p5HlD3CgYIARAAGBASNwF-L9IrP8XlMrbFfnkGV-At7nbD90Xq-O90jUBnvaLYP8x7MTJm_M8Fn3MT8zg9yoqa9dre4jQ', 'scope': ['https://www.googleapis.com/auth/userinfo.email', 'openid', 'https://www.googleapis.com/auth/sqlservice.login', 'https://www.googleapis.com/auth/cloud-platform'], 'token_type': 'Bearer', 'id_token': 'eyJhbGciOiJSUzI1NiIsImtpZCI6IjYzMzdiZTYzNjRmMzgyNDAwOGQwZTkwMDNmNTBiYjZiNDNkNWE5YzYiLCJ0eXAiOiJKV1QifQ.eyJpc3MiOiJodHRwczovL2FjY291bnRzLmdvb2dsZS5jb20iLCJhenAiOiI3NjQwODYwNTE4NTAtNnFyNHA2Z3BpNmhuNTA2cHQ4ZWp1cTgzZGkzNDFodXIuYXBwcy5nb29nbGV1c2VyY29udGVudC5jb20iLCJhdWQiOiI3NjQwODYwNTE4NTAtNnFyNHA2Z3BpNmhuNTA2cHQ4ZWp1cTgzZGkzNDFodXIuYXBwcy5nb29nbGV1c2VyY29udGVudC5jb20iLCJzdWIiOiIxMTU1MDAwNjk4NDQ5MjIyNzA3NTAiLCJoZCI6ImR5c29uLmNvbSIsImVtYWlsIjoiZGFuaWVsLmxvd0BkeXNvbi5jb20iLCJlbWFpbF92ZXJpZmllZCI6dHJ1ZSwiYXRfaGFzaCI6InhzTWE5ckZFMjFNby1hMlpRbE5NQ1EiLCJpYXQiOjE3Mzc5NDU5NTksImV4cCI6MTczNzk0OTU1OX0.TtRuzKqSdwv3udBtwn71rNvhH9S1UOOzHvjV6-JoYf9JDr_Ii2xHlatB3jAmaHibr1QzSaeQO5S9GZsz6mPRWgjqlDMLYIp-akYxIkyLuBj9JySoNxep3HO2Nx7WQA_gQRYbecLWlpf1H4Eu9Cwry6OudWruWhfj-hT9WjgIFYWtjAvIOMaf6IFFZrWOChXEUURb9k1pf4Nk0gmdlKVlubGFar2lFb6Q4vnYlzAcTt4NiKmuk_2-SlUOETWy3-2pkuIUxpI1MyUhMwDTHk08f_VMOmDWJB94cdU5DzwQ8tsRDWsZ3CJqS55tHNxNL3Q3PZXIYuQKAvRMEAJFZHG2wQ', 'expires_at': 1737949558.040993}.
2025-01-27 10:45:59,052 INFO     ___FILE_ONLY___ 
Credentials saved to file: [/Users/daniel.low/.config/gcloud/application_default_credentials.json]

2025-01-27 10:45:59,052 INFO     ___FILE_ONLY___ 
These credentials will be used by any library that requests Application Default Credentials (ADC).

2025-01-27 10:45:59,070 INFO     root            Using alternate credentials from file: [/Users/daniel.low/.config/gcloud/application_default_credentials.json]
2025-01-27 10:45:59,074 DEBUG    google.auth.transport.requests Making request: POST https://oauth2.googleapis.com/token
2025-01-27 10:45:59,076 DEBUG    urllib3.connectionpool Starting new HTTPS connection (1): oauth2.googleapis.com:443
2025-01-27 10:45:59,151 DEBUG    urllib3.connectionpool https://oauth2.googleapis.com:443 "POST /token HTTP/1.1" 200 None
2025-01-27 10:45:59,156 INFO     root            Using alternate credentials from file: [/Users/daniel.low/.config/gcloud/application_default_credentials.json]
2025-01-27 10:45:59,170 DEBUG    urllib3.connectionpool Starting new HTTPS connection (1): cloudresourcemanager.googleapis.com:443
2025-01-27 10:46:00,313 DEBUG    urllib3.connectionpool https://cloudresourcemanager.googleapis.com:443 "POST /v1/projects/dde-prj-buildandtest-d001:testIamPermissions?alt=json HTTP/1.1" 200 None
2025-01-27 10:46:00,314 WARNING  root            
Cannot add the project "dde-prj-buildandtest-d001" to ADC as the quota project because the account in ADC does not have the "serviceusage.services.use" permission on this project. You might receive a "quota_exceeded" or "API not enabled" error. Run $ gcloud auth application-default set-quota-project to add a quota project.
2025-01-27 10:46:00,314 DEBUG    root            Chosen display Format:none
2025-01-27 10:46:00,315 INFO     root            Display format: "none"
2025-01-27 10:46:00,351 DEBUG    root            Metrics reporting process started...
