2025-01-27 11:36:06,359 DEBUG    root            Loaded Command Group: ['gcloud', 'auth']
2025-01-27 11:36:06,360 DEBUG    root            Loaded Command Group: ['gcloud', 'auth', 'application_default']
2025-01-27 11:36:06,569 DEBUG    root            Loaded Command Group: ['gcloud', 'auth', 'application-default', 'login']
2025-01-27 11:36:06,570 DEBUG    root            Running [gcloud.auth.application-default.login] with arguments: []
2025-01-27 11:36:06,755 DEBUG    requests_oauthlib.oauth2_session Generated new state FnzOKYOdMm7lyVDJebuw0fUtn4k5mL.
2025-01-27 11:36:07,092 INFO     ___FILE_ONLY___ Your browser has been opened to visit:

    https://accounts.google.com/o/oauth2/auth?response_type=code&client_id=764086051850-6qr4p6gpi6hn506pt8ejuq83di341hur.apps.googleusercontent.com&redirect_uri=http%3A%2F%2Flocalhost%3A8085%2F&scope=openid+https%3A%2F%2Fwww.googleapis.com%2Fauth%2Fuserinfo.email+https%3A%2F%2Fwww.googleapis.com%2Fauth%2Fcloud-platform+https%3A%2F%2Fwww.googleapis.com%2Fauth%2Fsqlservice.login&state=FnzOKYOdMm7lyVDJebuw0fUtn4k5mL&access_type=offline&code_challenge=XtPUbQJNmop8UUcorcgHr18HbzlmuTnUolzaY_rmjRI&code_challenge_method=S256


2025-01-27 11:36:15,412 INFO     google_auth_oauthlib.flow "GET /?state=FnzOKYOdMm7lyVDJebuw0fUtn4k5mL&code=4/0ASVgi3L9za-wNZI3yQ6dmvYzpIgnQNYix5_EQAHdYYl2uvbeJAE8ACe4X5S1xeBvoaokjw&scope=email%20openid%20https://www.googleapis.com/auth/userinfo.email%20https://www.googleapis.com/auth/cloud-platform%20https://www.googleapis.com/auth/sqlservice.login&authuser=0&hd=dyson.com&prompt=consent HTTP/1.1" 200 937
2025-01-27 11:36:15,413 DEBUG    requests_oauthlib.oauth2_session Requesting url https://oauth2.googleapis.com/token using method POST.
2025-01-27 11:36:15,414 DEBUG    requests_oauthlib.oauth2_session Supplying headers {b'Accept': b'application/json', b'Content-Type': b'application/x-www-form-urlencoded;charset=UTF-8', b'user-agent': b'google-cloud-sdk gcloud/507.0.0 command/gcloud.auth.application-default.login invocation-id/b17d606602a44d2fa2aee55df9ffa991 environment/None environment-version/None client-os/MACOSX client-os-ver/24.2.0 client-pltf-arch/arm interactive/True from-script/False python/3.10.13 term/xterm-256color (Macintosh; Intel Mac OS X 24.2.0)'} and data {'grant_type': 'authorization_code', 'client_id': '764086051850-6qr4p6gpi6hn506pt8ejuq83di341hur.apps.googleusercontent.com', 'client_secret': 'd-FL95Q19q7MQmFpd7hHD0Ty', 'code': '4/0ASVgi3L9za-wNZI3yQ6dmvYzpIgnQNYix5_EQAHdYYl2uvbeJAE8ACe4X5S1xeBvoaokjw', 'redirect_uri': 'http://localhost:8085/', 'code_verifier': 'KlchApBUPS06lA3dKu-R9tV8HqObA6JRKJ~xRahxL_76zGtPD0jw9_x8MCN-XHarlsBarOoZN4lFR_9bJhB-iz0CCUzrK0ngpXpPY9qELE7F-H4c5djMhX-oqTo1Lph_'}
2025-01-27 11:36:15,414 DEBUG    requests_oauthlib.oauth2_session Passing through key word arguments {'json': None, 'timeout': None, 'auth': None, 'verify': None, 'proxies': None}.
2025-01-27 11:36:15,441 DEBUG    urllib3.connectionpool Starting new HTTPS connection (1): oauth2.googleapis.com:443
2025-01-27 11:36:15,543 DEBUG    urllib3.connectionpool https://oauth2.googleapis.com:443 "POST /token HTTP/1.1" 200 None
2025-01-27 11:36:15,544 DEBUG    requests_oauthlib.oauth2_session Prepared fetch token request body grant_type=authorization_code&client_id=764086051850-6qr4p6gpi6hn506pt8ejuq83di341hur.apps.googleusercontent.com&client_secret=d-FL95Q19q7MQmFpd7hHD0Ty&code=4%2F0ASVgi3L9za-wNZI3yQ6dmvYzpIgnQNYix5_EQAHdYYl2uvbeJAE8ACe4X5S1xeBvoaokjw&redirect_uri=http%3A%2F%2Flocalhost%3A8085%2F&code_verifier=KlchApBUPS06lA3dKu-R9tV8HqObA6JRKJ~xRahxL_76zGtPD0jw9_x8MCN-XHarlsBarOoZN4lFR_9bJhB-iz0CCUzrK0ngpXpPY9qELE7F-H4c5djMhX-oqTo1Lph_
2025-01-27 11:36:15,544 DEBUG    requests_oauthlib.oauth2_session Request to fetch token completed with status 200.
2025-01-27 11:36:15,544 DEBUG    requests_oauthlib.oauth2_session Request headers were {'user-agent': b'google-cloud-sdk gcloud/507.0.0 command/gcloud.auth.application-default.login invocation-id/b17d606602a44d2fa2aee55df9ffa991 environment/None environment-version/None client-os/MACOSX client-os-ver/24.2.0 client-pltf-arch/arm interactive/True from-script/False python/3.10.13 term/xterm-256color (Macintosh; Intel Mac OS X 24.2.0)', 'Accept-Encoding': 'gzip, deflate', 'Accept': b'application/json', 'Connection': 'keep-alive', 'Content-Type': b'application/x-www-form-urlencoded;charset=UTF-8', 'Content-Length': '421'}
2025-01-27 11:36:15,545 DEBUG    requests_oauthlib.oauth2_session Request body was grant_type=authorization_code&client_id=764086051850-6qr4p6gpi6hn506pt8ejuq83di341hur.apps.googleusercontent.com&client_secret=d-FL95Q19q7MQmFpd7hHD0Ty&code=4%2F0ASVgi3L9za-wNZI3yQ6dmvYzpIgnQNYix5_EQAHdYYl2uvbeJAE8ACe4X5S1xeBvoaokjw&redirect_uri=http%3A%2F%2Flocalhost%3A8085%2F&code_verifier=KlchApBUPS06lA3dKu-R9tV8HqObA6JRKJ~xRahxL_76zGtPD0jw9_x8MCN-XHarlsBarOoZN4lFR_9bJhB-iz0CCUzrK0ngpXpPY9qELE7F-H4c5djMhX-oqTo1Lph_
2025-01-27 11:36:15,545 DEBUG    requests_oauthlib.oauth2_session Response headers were {'Pragma': 'no-cache', 'Cache-Control': 'no-cache, no-store, max-age=0, must-revalidate', 'Expires': 'Mon, 01 Jan 1990 00:00:00 GMT', 'Date': 'Mon, 27 Jan 2025 03:36:15 GMT', 'Content-Type': 'application/json; charset=utf-8', 'Vary': 'Origin, X-Origin, Referer', 'Content-Encoding': 'gzip', 'Server': 'scaffolding on HTTPServer2', 'X-XSS-Protection': '0', 'X-Frame-Options': 'SAMEORIGIN', 'X-Content-Type-Options': 'nosniff', 'Alt-Svc': 'h3=":443"; ma=2592000,h3-29=":443"; ma=2592000', 'Transfer-Encoding': 'chunked'} and content {
  "access_token": "ya29.a0AXeO80TVlIDMMJsZcfvSPdJCy-0288wmFEjihrSz3Prgbh0doJ8_qjBsfgMm_GsZVkGLF3O0jSNZAXQsAE-ntCFb_Org_jLoM9b1IAMyUFa8mf3YIxdf1PqIJjFg1eNSyICH3a4dmz2rv4gBk26mmOJUgQSshBJoHYosnsW2aCgYKASQSARMSFQHGX2MiGxaCEBLUK7zBaAf4P6eQPg0175",
  "expires_in": 3599,
  "refresh_token": "1//0gT0-E1iDIceyCgYIARAAGBASNwF-L9IrwJzmURgp_5heB4Rc_H2KxBWe3gDf8JDe0Ed-5O597xNMwqRopOHC4Nw6hAj1OUMiUbY",
  "scope": "https://www.googleapis.com/auth/userinfo.email https://www.googleapis.com/auth/sqlservice.login https://www.googleapis.com/auth/cloud-platform openid",
  "token_type": "Bearer",
  "id_token": "eyJhbGciOiJSUzI1NiIsImtpZCI6IjYzMzdiZTYzNjRmMzgyNDAwOGQwZTkwMDNmNTBiYjZiNDNkNWE5YzYiLCJ0eXAiOiJKV1QifQ.eyJpc3MiOiJodHRwczovL2FjY291bnRzLmdvb2dsZS5jb20iLCJhenAiOiI3NjQwODYwNTE4NTAtNnFyNHA2Z3BpNmhuNTA2cHQ4ZWp1cTgzZGkzNDFodXIuYXBwcy5nb29nbGV1c2VyY29udGVudC5jb20iLCJhdWQiOiI3NjQwODYwNTE4NTAtNnFyNHA2Z3BpNmhuNTA2cHQ4ZWp1cTgzZGkzNDFodXIuYXBwcy5nb29nbGV1c2VyY29udGVudC5jb20iLCJzdWIiOiIxMTU1MDAwNjk4NDQ5MjIyNzA3NTAiLCJoZCI6ImR5c29uLmNvbSIsImVtYWlsIjoiZGFuaWVsLmxvd0BkeXNvbi5jb20iLCJlbWFpbF92ZXJpZmllZCI6dHJ1ZSwiYXRfaGFzaCI6ImxBYmJVRURtSDJ2eFZhREtkZ21tTlEiLCJpYXQiOjE3Mzc5NDg5NzUsImV4cCI6MTczNzk1MjU3NX0.a2zsEwe0rCqB-lhqyYlOhBDJxnIiysotAjs9aRd7Dj7bLbQDHYQBTdVdHDtfA1BYIQJC6BNBAKKF3nqtg77Az56OvlDr3O9TnnbGnynLndIRA8MhZeonwjJyJ7rypI_hJfq8VyUgyBCQS3sYSVA1qYtE81E-V0uf5s2tM9r4Ql5jcfaSZTeQw6aPYMj01dLZTFcK029vMesRDlYSUrY85TMmNL2SBiAE8ZKm7de4i-8ygPUyoUjCfVcTkqtnl2o5Odm5lUec7Q-7EH08kIfTtGll52H9iPK3INx4EogIdut6Gt7XvWLYs923re0JvvJMOgovj0H63bsPWgIA2-T7vw"
}.
2025-01-27 11:36:15,545 DEBUG    requests_oauthlib.oauth2_session Invoking 0 token response hooks.
2025-01-27 11:36:15,545 DEBUG    requests_oauthlib.oauth2_session Obtained token {'access_token': 'ya29.a0AXeO80TVlIDMMJsZcfvSPdJCy-0288wmFEjihrSz3Prgbh0doJ8_qjBsfgMm_GsZVkGLF3O0jSNZAXQsAE-ntCFb_Org_jLoM9b1IAMyUFa8mf3YIxdf1PqIJjFg1eNSyICH3a4dmz2rv4gBk26mmOJUgQSshBJoHYosnsW2aCgYKASQSARMSFQHGX2MiGxaCEBLUK7zBaAf4P6eQPg0175', 'expires_in': 3599, 'refresh_token': '1//0gT0-E1iDIceyCgYIARAAGBASNwF-L9IrwJzmURgp_5heB4Rc_H2KxBWe3gDf8JDe0Ed-5O597xNMwqRopOHC4Nw6hAj1OUMiUbY', 'scope': ['https://www.googleapis.com/auth/userinfo.email', 'https://www.googleapis.com/auth/sqlservice.login', 'https://www.googleapis.com/auth/cloud-platform', 'openid'], 'token_type': 'Bearer', 'id_token': 'eyJhbGciOiJSUzI1NiIsImtpZCI6IjYzMzdiZTYzNjRmMzgyNDAwOGQwZTkwMDNmNTBiYjZiNDNkNWE5YzYiLCJ0eXAiOiJKV1QifQ.eyJpc3MiOiJodHRwczovL2FjY291bnRzLmdvb2dsZS5jb20iLCJhenAiOiI3NjQwODYwNTE4NTAtNnFyNHA2Z3BpNmhuNTA2cHQ4ZWp1cTgzZGkzNDFodXIuYXBwcy5nb29nbGV1c2VyY29udGVudC5jb20iLCJhdWQiOiI3NjQwODYwNTE4NTAtNnFyNHA2Z3BpNmhuNTA2cHQ4ZWp1cTgzZGkzNDFodXIuYXBwcy5nb29nbGV1c2VyY29udGVudC5jb20iLCJzdWIiOiIxMTU1MDAwNjk4NDQ5MjIyNzA3NTAiLCJoZCI6ImR5c29uLmNvbSIsImVtYWlsIjoiZGFuaWVsLmxvd0BkeXNvbi5jb20iLCJlbWFpbF92ZXJpZmllZCI6dHJ1ZSwiYXRfaGFzaCI6ImxBYmJVRURtSDJ2eFZhREtkZ21tTlEiLCJpYXQiOjE3Mzc5NDg5NzUsImV4cCI6MTczNzk1MjU3NX0.a2zsEwe0rCqB-lhqyYlOhBDJxnIiysotAjs9aRd7Dj7bLbQDHYQBTdVdHDtfA1BYIQJC6BNBAKKF3nqtg77Az56OvlDr3O9TnnbGnynLndIRA8MhZeonwjJyJ7rypI_hJfq8VyUgyBCQS3sYSVA1qYtE81E-V0uf5s2tM9r4Ql5jcfaSZTeQw6aPYMj01dLZTFcK029vMesRDlYSUrY85TMmNL2SBiAE8ZKm7de4i-8ygPUyoUjCfVcTkqtnl2o5Odm5lUec7Q-7EH08kIfTtGll52H9iPK3INx4EogIdut6Gt7XvWLYs923re0JvvJMOgovj0H63bsPWgIA2-T7vw', 'expires_at': 1737952574.545737}.
2025-01-27 11:36:15,551 INFO     ___FILE_ONLY___ 
Credentials saved to file: [/Users/daniel.low/.config/gcloud/application_default_credentials.json]

2025-01-27 11:36:15,551 INFO     ___FILE_ONLY___ 
These credentials will be used by any library that requests Application Default Credentials (ADC).

2025-01-27 11:36:15,555 INFO     root            Using alternate credentials from file: [/Users/daniel.low/.config/gcloud/application_default_credentials.json]
2025-01-27 11:36:15,560 DEBUG    google.auth.transport.requests Making request: POST https://oauth2.googleapis.com/token
2025-01-27 11:36:15,561 DEBUG    urllib3.connectionpool Starting new HTTPS connection (1): oauth2.googleapis.com:443
2025-01-27 11:36:15,640 DEBUG    urllib3.connectionpool https://oauth2.googleapis.com:443 "POST /token HTTP/1.1" 200 None
2025-01-27 11:36:15,644 INFO     root            Using alternate credentials from file: [/Users/daniel.low/.config/gcloud/application_default_credentials.json]
2025-01-27 11:36:15,651 DEBUG    urllib3.connectionpool Starting new HTTPS connection (1): cloudresourcemanager.googleapis.com:443
2025-01-27 11:36:16,764 DEBUG    urllib3.connectionpool https://cloudresourcemanager.googleapis.com:443 "POST /v1/projects/dde-prj-buildandtest-d001:testIamPermissions?alt=json HTTP/1.1" 200 None
2025-01-27 11:36:16,767 WARNING  root            
Cannot add the project "dde-prj-buildandtest-d001" to ADC as the quota project because the account in ADC does not have the "serviceusage.services.use" permission on this project. You might receive a "quota_exceeded" or "API not enabled" error. Run $ gcloud auth application-default set-quota-project to add a quota project.
2025-01-27 11:36:16,768 DEBUG    root            Chosen display Format:none
2025-01-27 11:36:16,768 INFO     root            Display format: "none"
2025-01-27 11:36:16,837 DEBUG    root            Metrics reporting process started...
