2025-02-14 14:21:05,243 DEBUG    root            Loaded Command Group: ['gcloud', 'builds']
2025-02-14 14:21:05,383 DEBUG    root            Loaded Command Group: ['gcloud', 'builds', 'submit']
2025-02-14 14:21:05,401 DEBUG    root            Running [gcloud.builds.submit] with arguments: [--async: "True", --config: "vertexai-pipeline-cpu/cloudbuild.yaml", --gcs-source-staging-dir: "gs://dde-ops-data-science-p001_cloudbuild/vertexai-pipeline-cpu", --impersonate-service-account: "cloudbuild-sa@dde-ops-data-science-p001.iam.gserviceaccount.com", --project: "dde-ops-data-science-p001", --region: "europe-west4", --service-account: "projects/dde-ops-data-science-p001/serviceAccounts/cloudbuild-sa@dde-ops-data-science-p001.iam.gserviceaccount.com", SOURCE: "."]
2025-02-14 14:21:05,413 WARNING  root            This command is using service account impersonation. All API calls will be executed as [cloudbuild-sa@dde-ops-data-science-p001.iam.gserviceaccount.com].
2025-02-14 14:21:05,423 DEBUG    google.auth.transport.requests Making request: POST https://oauth2.googleapis.com/token
2025-02-14 14:21:05,427 DEBUG    urllib3.connectionpool Starting new HTTPS connection (1): oauth2.googleapis.com:443
2025-02-14 14:21:05,540 DEBUG    urllib3.connectionpool https://oauth2.googleapis.com:443 "POST /token HTTP/11" 200 None
2025-02-14 14:21:05,553 DEBUG    google.auth.transport.requests Making request: POST https://iamcredentials.googleapis.com/v1/projects/-/serviceAccounts/cloudbuild-sa@dde-ops-data-science-p001.iam.gserviceaccount.com:generateAccessToken
2025-02-14 14:21:05,554 DEBUG    urllib3.connectionpool Starting new HTTPS connection (1): iamcredentials.googleapis.com:443
2025-02-14 14:21:05,749 DEBUG    urllib3.connectionpool https://iamcredentials.googleapis.com:443 "POST /v1/projects/-/serviceAccounts/cloudbuild-sa@dde-ops-data-science-p001.iam.gserviceaccount.com:generateAccessToken HTTP/11" 200 None
2025-02-14 14:21:05,757 WARNING  root            This command is using service account impersonation. All API calls will be executed as [cloudbuild-sa@dde-ops-data-science-p001.iam.gserviceaccount.com].
2025-02-14 14:21:05,770 DEBUG    google.auth.transport.requests Making request: POST https://oauth2.googleapis.com/token
2025-02-14 14:21:05,771 DEBUG    urllib3.connectionpool Starting new HTTPS connection (1): oauth2.googleapis.com:443
2025-02-14 14:21:05,862 DEBUG    urllib3.connectionpool https://oauth2.googleapis.com:443 "POST /token HTTP/11" 200 None
2025-02-14 14:21:05,865 DEBUG    google.auth.transport.requests Making request: POST https://iamcredentials.googleapis.com/v1/projects/-/serviceAccounts/cloudbuild-sa@dde-ops-data-science-p001.iam.gserviceaccount.com:generateAccessToken
2025-02-14 14:21:05,866 DEBUG    urllib3.connectionpool Starting new HTTPS connection (1): iamcredentials.googleapis.com:443
2025-02-14 14:21:05,996 DEBUG    urllib3.connectionpool https://iamcredentials.googleapis.com:443 "POST /v1/projects/-/serviceAccounts/cloudbuild-sa@dde-ops-data-science-p001.iam.gserviceaccount.com:generateAccessToken HTTP/11" 200 None
2025-02-14 14:21:06,076 DEBUG    urllib3.connectionpool Starting new HTTPS connection (1): storage.googleapis.com:443
2025-02-14 14:21:08,237 DEBUG    urllib3.connectionpool https://storage.googleapis.com:443 "GET /storage/v1/b/dde-ops-data-science-p001_cloudbuild?alt=json HTTP/11" 200 1187
2025-02-14 14:21:08,242 INFO     root            Using default gcloudignore file:
--------------------------------------------------
# This file specifies files that are *not* uploaded to Google Cloud
# using gcloud. It follows the same syntax as .gitignore, with the addition of
# "#!include" directives (which insert the entries of the given .gitignore-style
# file at that point).
#
# For more information, run:
#   $ gcloud topic gcloudignore
#
.gcloudignore
# If you would like to upload your .git directory, .gitignore file or files
# from your .gitignore file, remove the corresponding line
# below:
.git
.gitignore
#!include:.gitignore

--------------------------------------------------
2025-02-14 14:21:08,249 DEBUG    root            Skipping file [.gitignore]
2025-02-14 14:21:08,249 DEBUG    root            Skipping file [.git]
2025-02-14 14:21:08,270 INFO     ___FILE_ONLY___ Creating temporary archive of 60 file(s) totalling 124.0 KiB before compression.

2025-02-14 14:21:08,271 DEBUG    root            Added dir [vertexai-pipeline-cpu]
2025-02-14 14:21:08,271 DEBUG    root            Added dir [mlflow]
2025-02-14 14:21:08,272 DEBUG    root            Added dir [cicd-inspection]
2025-02-14 14:21:08,272 DEBUG    root            Added dir [user-managed-notebook-gpu]
2025-02-14 14:21:08,272 DEBUG    root            Added dir [workbench-instance-gpu]
2025-02-14 14:21:08,272 DEBUG    root            Added dir [workbench-instance-cpu]
2025-02-14 14:21:08,272 DEBUG    root            Added dir [user-managed-notebook-cpu]
2025-02-14 14:21:08,272 DEBUG    root            Added dir [vertexai-pipeline-cpu/certificates]
2025-02-14 14:21:08,272 DEBUG    root            Added dir [user-managed-notebook-gpu/tests]
2025-02-14 14:21:08,272 DEBUG    root            Added dir [user-managed-notebook-gpu/certificates]
2025-02-14 14:21:08,272 DEBUG    root            Added dir [workbench-instance-gpu/certificates]
2025-02-14 14:21:08,273 DEBUG    root            Added dir [workbench-instance-gpu/gcs_sync_scripts]
2025-02-14 14:21:08,273 DEBUG    root            Added dir [workbench-instance-cpu/certificates]
2025-02-14 14:21:08,273 DEBUG    root            Added dir [workbench-instance-cpu/gcs_sync_scripts]
2025-02-14 14:21:08,273 DEBUG    root            Added dir [user-managed-notebook-cpu/tests]
2025-02-14 14:21:08,273 DEBUG    root            Added dir [user-managed-notebook-cpu/certificates]
2025-02-14 14:21:08,274 DEBUG    root            Added [build_ci.sh]
2025-02-14 14:21:08,278 DEBUG    root            Added [README.md]
2025-02-14 14:21:08,278 DEBUG    root            Added [vertexai-pipeline-cpu/base_dependencies.txt]
2025-02-14 14:21:08,280 DEBUG    root            Added [vertexai-pipeline-cpu/Dockerfile]
2025-02-14 14:21:08,281 DEBUG    root            Added [vertexai-pipeline-cpu/cloudbuild.yaml]
2025-02-14 14:21:08,281 DEBUG    root            Added [vertexai-pipeline-cpu/py_requirements.txt]
2025-02-14 14:21:08,283 DEBUG    root            Added [vertexai-pipeline-cpu/certificates/mlflow-dev-dyson-global-corp-chain.crt]
2025-02-14 14:21:08,286 DEBUG    root            Added [vertexai-pipeline-cpu/certificates/stash-dyson-global-corp-chain.crt]
2025-02-14 14:21:08,288 DEBUG    root            Added [vertexai-pipeline-cpu/certificates/mlflow-dyson-global-corp-chain.crt]
2025-02-14 14:21:08,291 DEBUG    root            Added [mlflow/Dockerfile]
2025-02-14 14:21:08,293 DEBUG    root            Added [mlflow/cloudbuild.yaml]
2025-02-14 14:21:08,296 DEBUG    root            Added [mlflow/run.sh]
2025-02-14 14:21:08,299 DEBUG    root            Added [mlflow/mlflow_test.py]
2025-02-14 14:21:08,301 DEBUG    root            Added [cicd-inspection/Dockerfile]
2025-02-14 14:21:08,303 DEBUG    root            Added [cicd-inspection/cloudbuild.yaml]
2025-02-14 14:21:08,306 DEBUG    root            Added [user-managed-notebook-gpu/Dockerfile]
2025-02-14 14:21:08,310 DEBUG    root            Added [user-managed-notebook-gpu/cloudbuild.yaml]
2025-02-14 14:21:08,312 DEBUG    root            Added [user-managed-notebook-gpu/run.sh]
2025-02-14 14:21:08,314 DEBUG    root            Added [user-managed-notebook-gpu/r_requirements.txt]
2025-02-14 14:21:08,316 DEBUG    root            Added [user-managed-notebook-gpu/py_requirements.txt]
2025-02-14 14:21:08,319 DEBUG    root            Added [user-managed-notebook-gpu/tests/conftest.py]
2025-02-14 14:21:08,322 DEBUG    root            Added [user-managed-notebook-gpu/tests/test_imports.py]
2025-02-14 14:21:08,323 DEBUG    root            Added [user-managed-notebook-gpu/certificates/mlflow-dev-dyson-global-corp-chain.crt]
2025-02-14 14:21:08,326 DEBUG    root            Added [user-managed-notebook-gpu/certificates/stash-dyson-global-corp-chain.crt]
2025-02-14 14:21:08,327 DEBUG    root            Added [user-managed-notebook-gpu/certificates/mlflow-dyson-global-corp-chain.crt]
2025-02-14 14:21:08,329 DEBUG    root            Added [workbench-instance-gpu/base_dependencies.txt]
2025-02-14 14:21:08,332 DEBUG    root            Added [workbench-instance-gpu/Dockerfile]
2025-02-14 14:21:08,334 DEBUG    root            Added [workbench-instance-gpu/cloudbuild.yaml]
2025-02-14 14:21:08,336 DEBUG    root            Added [workbench-instance-gpu/run.sh]
2025-02-14 14:21:08,338 DEBUG    root            Added [workbench-instance-gpu/py_requirements.txt]
2025-02-14 14:21:08,340 DEBUG    root            Added [workbench-instance-gpu/certificates/mlflow-dev-dyson-global-corp-chain.crt]
2025-02-14 14:21:08,341 DEBUG    root            Added [workbench-instance-gpu/certificates/stash-dyson-global-corp-chain.crt]
2025-02-14 14:21:08,343 DEBUG    root            Added [workbench-instance-gpu/certificates/mlflow-dyson-global-corp-chain.crt]
2025-02-14 14:21:08,345 DEBUG    root            Added [workbench-instance-gpu/gcs_sync_scripts/sync_to_bucket.conf]
2025-02-14 14:21:08,348 DEBUG    root            Added [workbench-instance-gpu/gcs_sync_scripts/sync_to_bucket.sh]
2025-02-14 14:21:08,353 DEBUG    root            Added [workbench-instance-gpu/gcs_sync_scripts/sync_from_bucket.sh]
2025-02-14 14:21:08,354 DEBUG    root            Added [workbench-instance-cpu/base_dependencies.txt]
2025-02-14 14:21:08,357 DEBUG    root            Added [workbench-instance-cpu/Dockerfile]
2025-02-14 14:21:08,360 DEBUG    root            Added [workbench-instance-cpu/cloudbuild.yaml]
2025-02-14 14:21:08,360 DEBUG    root            Added [workbench-instance-cpu/run.sh]
2025-02-14 14:21:08,361 DEBUG    root            Added [workbench-instance-cpu/r_requirements.txt]
2025-02-14 14:21:08,362 DEBUG    root            Added [workbench-instance-cpu/py_requirements.txt]
2025-02-14 14:21:08,363 DEBUG    root            Added [workbench-instance-cpu/certificates/mlflow-dev-dyson-global-corp-chain.crt]
2025-02-14 14:21:08,364 DEBUG    root            Added [workbench-instance-cpu/certificates/stash-dyson-global-corp-chain.crt]
2025-02-14 14:21:08,365 DEBUG    root            Added [workbench-instance-cpu/certificates/mlflow-dyson-global-corp-chain.crt]
2025-02-14 14:21:08,366 DEBUG    root            Added [workbench-instance-cpu/gcs_sync_scripts/sync_to_bucket.conf]
2025-02-14 14:21:08,367 DEBUG    root            Added [workbench-instance-cpu/gcs_sync_scripts/sync_to_bucket.sh]
2025-02-14 14:21:08,368 DEBUG    root            Added [workbench-instance-cpu/gcs_sync_scripts/sync_from_bucket.sh]
2025-02-14 14:21:08,370 DEBUG    root            Added [user-managed-notebook-cpu/network.lic]
2025-02-14 14:21:08,371 DEBUG    root            Added [user-managed-notebook-cpu/base_dependencies.txt]
2025-02-14 14:21:08,374 DEBUG    root            Added [user-managed-notebook-cpu/Dockerfile]
2025-02-14 14:21:08,377 DEBUG    root            Added [user-managed-notebook-cpu/cloudbuild.yaml]
2025-02-14 14:21:08,379 DEBUG    root            Added [user-managed-notebook-cpu/run.sh]
2025-02-14 14:21:08,383 DEBUG    root            Added [user-managed-notebook-cpu/r_requirements.txt]
2025-02-14 14:21:08,384 DEBUG    root            Added [user-managed-notebook-cpu/py_requirements.txt]
2025-02-14 14:21:08,386 DEBUG    root            Added [user-managed-notebook-cpu/tests/conftest.py]
2025-02-14 14:21:08,387 DEBUG    root            Added [user-managed-notebook-cpu/tests/test_imports.py]
2025-02-14 14:21:08,390 DEBUG    root            Added [user-managed-notebook-cpu/certificates/mlflow-dev-dyson-global-corp-chain.crt]
2025-02-14 14:21:08,391 DEBUG    root            Added [user-managed-notebook-cpu/certificates/stash-dyson-global-corp-chain.crt]
2025-02-14 14:21:08,392 DEBUG    root            Added [user-managed-notebook-cpu/certificates/mlflow-dyson-global-corp-chain.crt]
2025-02-14 14:21:08,392 INFO     ___FILE_ONLY___ Some files were not included in the source upload.

Check the gcloud log [/Users/daniel.low/.config/gcloud/logs/2025.02.14/14.21.05.128500.log] to see which files and the contents of the
default gcloudignore file used (see `$ gcloud topic gcloudignore` to learn
more).


2025-02-14 14:21:08,392 INFO     ___FILE_ONLY___ Uploading tarball of [.] to [gs://dde-ops-data-science-p001_cloudbuild/vertexai-pipeline-cpu/1739514066.053166-ad4c059cbb09415aa25438b15520dda9.tgz]

2025-02-14 14:21:08,401 INFO     root            Uploading [/var/folders/cs/p5_dzp410hlgfg_ljwj0jyg00000gp/T/tmpc2lplwu5/file.tgz] to [dde-ops-data-science-p001_cloudbuild/vertexai-pipeline-cpu/1739514066.053166-ad4c059cbb09415aa25438b15520dda9.tgz]
2025-02-14 14:21:10,844 DEBUG    urllib3.connectionpool https://storage.googleapis.com:443 "POST /upload/storage/v1/b/dde-ops-data-science-p001_cloudbuild/o?alt=json&name=vertexai-pipeline-cpu%2F1739514066.053166-ad4c059cbb09415aa25438b15520dda9.tgz&uploadType=multipart HTTP/11" 200 1150
2025-02-14 14:21:10,854 DEBUG    root            submitting build: <Build
 images: []
 options: <BuildOptions
 dynamicSubstitutions: True
 env: []
 logging: LoggingValueValuesEnum(CLOUD_LOGGING_ONLY, 4)
 pool: <PoolOption
 name: 'projects/${PROJECT_ID}/locations/${LOCATION}/workerPools/dds-mlops-worker-pool'>
 secretEnv: []
 sourceProvenanceHash: []
 volumes: []>
 secrets: []
 serviceAccount: 'projects/dde-ops-data-science-p001/serviceAccounts/cloudbuild-sa@dde-ops-data-science-p001.iam.gserviceaccount.com'
 source: <Source
 storageSource: <StorageSource
 bucket: 'dde-ops-data-science-p001_cloudbuild'
 generation: 1739514070674098
 object: 'vertexai-pipeline-cpu/1739514066.053166-ad4c059cbb09415aa25438b15520dda9.tgz'>>
 steps: [<BuildStep
 allowExitCodes: []
 args: ['-c', 'hadolint Dockerfile --no-fail\n']
 dir: './user-managed-notebook-cpu'
 entrypoint: 'bash'
 env: []
 id: 'Hadolint'
 name: '${LOCATION}-docker.pkg.dev/${PROJECT_ID}/docker/cicd-inspection:v2'
 secretEnv: []
 volumes: []
 waitFor: []>, <BuildStep
 allowExitCodes: []
 args: ['-c', 'sed -i "s/dde-ops-data-science-.001/${PROJECT_ID}/g" py_requirements.txt\ndocker build --network=cloudbuild -t $_ARTIFACT_REGISTRY/$_IMAGE_NAME:$_IMAGE_VERSION -f Dockerfile .\n']
 dir: './user-managed-notebook-cpu'
 entrypoint: 'bash'
 env: []
 id: 'Building Docker Image'
 name: '${LOCATION}-docker.pkg.dev/${PROJECT_ID}/docker/cicd-inspection:v2'
 secretEnv: []
 volumes: []
 waitFor: []>, <BuildStep
 allowExitCodes: []
 args: ['-c', 'trivy image $_ARTIFACT_REGISTRY/$_IMAGE_NAME:$_IMAGE_VERSION --timeout 60m\n']
 dir: './user-managed-notebook-cpu'
 entrypoint: 'bash'
 env: []
 id: 'Trivy Scan'
 name: '${LOCATION}-docker.pkg.dev/${PROJECT_ID}/docker/cicd-inspection:v2'
 secretEnv: []
 volumes: []
 waitFor: []>, <BuildStep
 allowExitCodes: []
 args: ['-c', 'docker push $_ARTIFACT_REGISTRY/$_IMAGE_NAME:$_IMAGE_VERSION\n']
 dir: './user-managed-notebook-cpu'
 entrypoint: 'bash'
 env: []
 id: 'Pushing the Image'
 name: '${LOCATION}-docker.pkg.dev/${PROJECT_ID}/docker/cicd-inspection:v2'
 secretEnv: []
 volumes: []
 waitFor: []>]
 substitutions: <SubstitutionsValue
 additionalProperties: [<AdditionalProperty
 key: '_ARTIFACT_REGISTRY'
 value: '${LOCATION}-docker.pkg.dev/${PROJECT_ID}/docker'>, <AdditionalProperty
 key: '_IMAGE_NAME'
 value: 'vertexai-pipeline-cpu'>, <AdditionalProperty
 key: '_IMAGE_VERSION'
 value: '0.0.1'>]>
 tags: []
 timeout: '3600s'
 warnings: []>
2025-02-14 14:21:10,856 WARNING  root            This command is using service account impersonation. All API calls will be executed as [cloudbuild-sa@dde-ops-data-science-p001.iam.gserviceaccount.com].
2025-02-14 14:21:10,872 DEBUG    google.auth.transport.requests Making request: POST https://oauth2.googleapis.com/token
2025-02-14 14:21:10,874 DEBUG    urllib3.connectionpool Starting new HTTPS connection (1): oauth2.googleapis.com:443
2025-02-14 14:21:10,981 DEBUG    urllib3.connectionpool https://oauth2.googleapis.com:443 "POST /token HTTP/11" 200 None
2025-02-14 14:21:10,985 DEBUG    google.auth.transport.requests Making request: POST https://iamcredentials.googleapis.com/v1/projects/-/serviceAccounts/cloudbuild-sa@dde-ops-data-science-p001.iam.gserviceaccount.com:generateAccessToken
2025-02-14 14:21:10,986 DEBUG    urllib3.connectionpool Starting new HTTPS connection (1): iamcredentials.googleapis.com:443
2025-02-14 14:21:11,093 DEBUG    urllib3.connectionpool https://iamcredentials.googleapis.com:443 "POST /v1/projects/-/serviceAccounts/cloudbuild-sa@dde-ops-data-science-p001.iam.gserviceaccount.com:generateAccessToken HTTP/11" 200 None
2025-02-14 14:21:11,094 WARNING  root            This command is using service account impersonation. All API calls will be executed as [cloudbuild-sa@dde-ops-data-science-p001.iam.gserviceaccount.com].
2025-02-14 14:21:11,128 DEBUG    google.auth.transport.requests Making request: POST https://oauth2.googleapis.com/token
2025-02-14 14:21:11,129 DEBUG    urllib3.connectionpool Starting new HTTPS connection (1): oauth2.googleapis.com:443
2025-02-14 14:21:11,219 DEBUG    urllib3.connectionpool https://oauth2.googleapis.com:443 "POST /token HTTP/11" 200 None
2025-02-14 14:21:11,243 DEBUG    google.auth.transport.requests Making request: POST https://iamcredentials.googleapis.com/v1/projects/-/serviceAccounts/cloudbuild-sa@dde-ops-data-science-p001.iam.gserviceaccount.com:generateAccessToken
2025-02-14 14:21:11,245 DEBUG    urllib3.connectionpool Starting new HTTPS connection (1): iamcredentials.googleapis.com:443
2025-02-14 14:21:11,402 DEBUG    urllib3.connectionpool https://iamcredentials.googleapis.com:443 "POST /v1/projects/-/serviceAccounts/cloudbuild-sa@dde-ops-data-science-p001.iam.gserviceaccount.com:generateAccessToken HTTP/11" 200 None
2025-02-14 14:21:11,415 DEBUG    urllib3.connectionpool Starting new HTTPS connection (1): cloudbuild.googleapis.com:443
2025-02-14 14:21:13,872 DEBUG    urllib3.connectionpool https://cloudbuild.googleapis.com:443 "POST /v1/projects/dde-ops-data-science-p001/locations/europe-west4/builds?alt=json HTTP/11" 200 None
2025-02-14 14:21:13,878 INFO     ___FILE_ONLY___ Created [https://cloudbuild.googleapis.com/v1/projects/dde-ops-data-science-p001/locations/europe-west4/builds/a6eeb060-0e49-450c-b192-d5c814dfb1ff].

2025-02-14 14:21:13,878 INFO     ___FILE_ONLY___ Logs are available at [ https://console.cloud.google.com/cloud-build/builds;region=europe-west4/a6eeb060-0e49-450c-b192-d5c814dfb1ff?project=699197215593 ].

2025-02-14 14:21:13,878 DEBUG    root            Chosen display Format:
        table(
          id,
          createTime.date('%Y-%m-%dT%H:%M:%S%Oz', undefined='-'),
          duration(start=startTime,end=finishTime,precision=0,calendar=false,undefined="  -").slice(2:).join(""):label=DURATION,
          build_source(undefined="-"):label=SOURCE,
          build_images(undefined="-"):label=IMAGES,
          status
        )
      
2025-02-14 14:21:13,879 INFO     root            Display format: "
        table(
          id,
          createTime.date('%Y-%m-%dT%H:%M:%S%Oz', undefined='-'),
          duration(start=startTime,end=finishTime,precision=0,calendar=false,undefined="  -").slice(2:).join(""):label=DURATION,
          build_source(undefined="-"):label=SOURCE,
          build_images(undefined="-"):label=IMAGES,
          status
        )
      "
2025-02-14 14:21:13,902 INFO     ___FILE_ONLY___ ID
2025-02-14 14:21:13,902 INFO     ___FILE_ONLY___                                     
2025-02-14 14:21:13,902 INFO     ___FILE_ONLY___ CREATE_TIME
2025-02-14 14:21:13,902 INFO     ___FILE_ONLY___                 
2025-02-14 14:21:13,902 INFO     ___FILE_ONLY___ DURATION
2025-02-14 14:21:13,902 INFO     ___FILE_ONLY___   
2025-02-14 14:21:13,902 INFO     ___FILE_ONLY___ SOURCE
2025-02-14 14:21:13,902 INFO     ___FILE_ONLY___                                                                                                                   
2025-02-14 14:21:13,902 INFO     ___FILE_ONLY___ IMAGES
2025-02-14 14:21:13,902 INFO     ___FILE_ONLY___   
2025-02-14 14:21:13,902 INFO     ___FILE_ONLY___ STATUS
2025-02-14 14:21:13,902 INFO     ___FILE_ONLY___ 

2025-02-14 14:21:13,902 INFO     ___FILE_ONLY___ a6eeb060-0e49-450c-b192-d5c814dfb1ff
2025-02-14 14:21:13,902 INFO     ___FILE_ONLY___   
2025-02-14 14:21:13,902 INFO     ___FILE_ONLY___ 2025-02-14T06:21:12+00:00
2025-02-14 14:21:13,902 INFO     ___FILE_ONLY___   
2025-02-14 14:21:13,903 INFO     ___FILE_ONLY___ -
2025-02-14 14:21:13,903 INFO     ___FILE_ONLY___          
2025-02-14 14:21:13,903 INFO     ___FILE_ONLY___ gs://dde-ops-data-science-p001_cloudbuild/vertexai-pipeline-cpu/1739514066.053166-ad4c059cbb09415aa25438b15520dda9.tgz
2025-02-14 14:21:13,903 INFO     ___FILE_ONLY___   
2025-02-14 14:21:13,903 INFO     ___FILE_ONLY___ -
2025-02-14 14:21:13,903 INFO     ___FILE_ONLY___        
2025-02-14 14:21:13,903 INFO     ___FILE_ONLY___ QUEUED
2025-02-14 14:21:13,903 INFO     ___FILE_ONLY___ 

2025-02-14 14:21:13,906 INFO     ___FILE_ONLY___ 

Updates are available for some Google Cloud CLI components.  To install them,
please run:
  $ gcloud components update


2025-02-14 14:21:13,913 DEBUG    root            Metrics reporting process started...
