2025-02-14 14:22:25,836 DEBUG    root            Loaded Command Group: ['gcloud', 'components']
2025-02-14 14:22:25,850 DEBUG    root            Loaded Command Group: ['gcloud', 'components', 'update']
2025-02-14 14:22:25,851 DEBUG    root            Running [gcloud.components.update] with arguments: []
2025-02-14 14:22:25,851 INFO     ___FILE_ONLY___ Beginning update. This process may take several minutes.

2025-02-14 14:22:25,877 DEBUG    urllib3.connectionpool Starting new HTTPS connection (1): dl.google.com:443
2025-02-14 14:22:25,947 DEBUG    urllib3.connectionpool https://dl.google.com:443 "GET /dl/cloudsdk/channels/rapid/components-2.json HTTP/11" 200 227832
2025-02-14 14:22:26,081 INFO     ___FILE_ONLY___ 

2025-02-14 14:22:26,083 INFO     ___FILE_ONLY___ 
Your current Google Cloud CLI version is: 509.0.0

2025-02-14 14:22:26,083 INFO     ___FILE_ONLY___ You will be upgraded to version: 510.0.0

2025-02-14 14:22:26,083 INFO     ___FILE_ONLY___ 

2025-02-14 14:22:26,083 DEBUG    root            Chosen display Format:table[box,title="These components will be removed."](details.display_name:label=Name:align=left,version.version_string:label=Version:align=right,data.size.size(zero="",min=1048576):label=Size:align=right)
2025-02-14 14:22:26,084 DEBUG    root            Chosen display Format:table[box,title="These components will be updated."](details.display_name:label=Name:align=left,version.version_string:label=Version:align=right,data.size.size(zero="",min=1048576):label=Size:align=right)
2025-02-14 14:22:26,120 INFO     ___FILE_ONLY___ â”Œâ”€â”€â”€â”€â”€â”€â”€â”€â”€â”€â”€â”€â”€â”€â”€â”€â”€â”€â”€â”€â”€â”€â”€â”€â”€â”€â”€â”€â”€â”€â”€â”€â”€â”€â”€â”€â”€â”€â”€â”€â”€â”€â”€â”€â”€â”€â”€â”€â”€â”€â”€â”€â”€â”€â”€â”€â”€â”
2025-02-14 14:22:26,120 INFO     ___FILE_ONLY___ 

2025-02-14 14:22:26,120 INFO     ___FILE_ONLY___ â”‚            These components will be updated.            â”‚
2025-02-14 14:22:26,121 INFO     ___FILE_ONLY___ 

2025-02-14 14:22:26,121 INFO     ___FILE_ONLY___ â”œâ”€â”€â”€â”€â”€â”€â”€â”€â”€â”€â”€â”€â”€â”€â”€â”€â”€â”€â”€â”€â”€â”€â”€â”€â”€â”€â”€â”€â”€â”€â”€â”€â”€â”¬â”€â”€â”€â”€â”€â”€â”€â”€â”€â”€â”€â”€â”¬â”€â”€â”€â”€â”€â”€â”€â”€â”€â”€â”¤
2025-02-14 14:22:26,121 INFO     ___FILE_ONLY___ 

2025-02-14 14:22:26,121 INFO     ___FILE_ONLY___ â”‚               Name              â”‚  Version   â”‚   Size   â”‚
2025-02-14 14:22:26,121 INFO     ___FILE_ONLY___ 

2025-02-14 14:22:26,121 INFO     ___FILE_ONLY___ â”œâ”€â”€â”€â”€â”€â”€â”€â”€â”€â”€â”€â”€â”€â”€â”€â”€â”€â”€â”€â”€â”€â”€â”€â”€â”€â”€â”€â”€â”€â”€â”€â”€â”€â”¼â”€â”€â”€â”€â”€â”€â”€â”€â”€â”€â”€â”€â”¼â”€â”€â”€â”€â”€â”€â”€â”€â”€â”€â”¤
2025-02-14 14:22:26,121 INFO     ___FILE_ONLY___ 

2025-02-14 14:22:26,121 INFO     ___FILE_ONLY___ â”‚ 
2025-02-14 14:22:26,121 INFO     ___FILE_ONLY___ Google Cloud CLI Core Libraries
2025-02-14 14:22:26,121 INFO     ___FILE_ONLY___  
2025-02-14 14:22:26,121 INFO     ___FILE_ONLY___ â”‚ 
2025-02-14 14:22:26,121 INFO     ___FILE_ONLY___ 2025.02.10
2025-02-14 14:22:26,121 INFO     ___FILE_ONLY___  
2025-02-14 14:22:26,121 INFO     ___FILE_ONLY___ â”‚ 
2025-02-14 14:22:26,122 INFO     ___FILE_ONLY___ 20.8 MiB
2025-02-14 14:22:26,122 INFO     ___FILE_ONLY___  
2025-02-14 14:22:26,122 INFO     ___FILE_ONLY___ â”‚
2025-02-14 14:22:26,122 INFO     ___FILE_ONLY___ 

2025-02-14 14:22:26,122 INFO     ___FILE_ONLY___ â”‚ 
2025-02-14 14:22:26,122 INFO     ___FILE_ONLY___ gcloud Alpha Commands          
2025-02-14 14:22:26,122 INFO     ___FILE_ONLY___  
2025-02-14 14:22:26,122 INFO     ___FILE_ONLY___ â”‚ 
2025-02-14 14:22:26,122 INFO     ___FILE_ONLY___ 2025.02.10
2025-02-14 14:22:26,122 INFO     ___FILE_ONLY___  
2025-02-14 14:22:26,122 INFO     ___FILE_ONLY___ â”‚ 
2025-02-14 14:22:26,122 INFO     ___FILE_ONLY___  < 1 MiB
2025-02-14 14:22:26,122 INFO     ___FILE_ONLY___  
2025-02-14 14:22:26,122 INFO     ___FILE_ONLY___ â”‚
2025-02-14 14:22:26,122 INFO     ___FILE_ONLY___ 

2025-02-14 14:22:26,122 INFO     ___FILE_ONLY___ â””â”€â”€â”€â”€â”€â”€â”€â”€â”€â”€â”€â”€â”€â”€â”€â”€â”€â”€â”€â”€â”€â”€â”€â”€â”€â”€â”€â”€â”€â”€â”€â”€â”€â”´â”€â”€â”€â”€â”€â”€â”€â”€â”€â”€â”€â”€â”´â”€â”€â”€â”€â”€â”€â”€â”€â”€â”€â”˜
2025-02-14 14:22:26,122 INFO     ___FILE_ONLY___ 

2025-02-14 14:22:26,122 DEBUG    root            Chosen display Format:table[box,title="These components will be installed."](details.display_name:label=Name:align=left,version.version_string:label=Version:align=right,data.size.size(zero="",min=1048576):label=Size:align=right)
2025-02-14 14:22:26,123 INFO     ___FILE_ONLY___ 

2025-02-14 14:22:26,126 DEBUG    urllib3.connectionpool Starting new HTTPS connection (1): dl.google.com:443
2025-02-14 14:22:26,548 DEBUG    urllib3.connectionpool https://dl.google.com:443 "GET /dl/cloudsdk/channels/rapid/RELEASE_NOTES HTTP/11" 200 1354946
2025-02-14 14:22:27,238 INFO     ___FILE_ONLY___ The following release notes are new in this upgrade.
Please read carefully for information about new features, breaking changes,
and bugs fixed.  The latest full release notes can be viewed at:
  https://cloud.google.com/sdk/release_notes


2025-02-14 14:22:27,238 INFO     ___FILE_ONLY___ [m
2025-02-14 14:22:27,238 INFO     ___FILE_ONLY___ [1m510.0.0 (2025-02-11)[m

2025-02-14 14:22:27,238 INFO     ___FILE_ONLY___ [m
2025-02-14 14:22:27,238 INFO     ___FILE_ONLY___   
2025-02-14 14:22:27,238 INFO     ___FILE_ONLY___ [1mBreaking Changes[m

2025-02-14 14:22:27,239 INFO     ___FILE_ONLY___       â–ª
2025-02-14 14:22:27,239 INFO     ___FILE_ONLY___  
2025-02-14 14:22:27,239 INFO     ___FILE_ONLY___ **(Cloud
2025-02-14 14:22:27,239 INFO     ___FILE_ONLY___  
2025-02-14 14:22:27,239 INFO     ___FILE_ONLY___ Storage)**
2025-02-14 14:22:27,239 INFO     ___FILE_ONLY___  
2025-02-14 14:22:27,239 INFO     ___FILE_ONLY___ Enforced
2025-02-14 14:22:27,239 INFO     ___FILE_ONLY___  
2025-02-14 14:22:27,239 INFO     ___FILE_ONLY___ a
2025-02-14 14:22:27,239 INFO     ___FILE_ONLY___  
2025-02-14 14:22:27,239 INFO     ___FILE_ONLY___ maximum
2025-02-14 14:22:27,239 INFO     ___FILE_ONLY___  
2025-02-14 14:22:27,239 INFO     ___FILE_ONLY___ duration
2025-02-14 14:22:27,239 INFO     ___FILE_ONLY___  
2025-02-14 14:22:27,239 INFO     ___FILE_ONLY___ of
2025-02-14 14:22:27,239 INFO     ___FILE_ONLY___  
2025-02-14 14:22:27,239 INFO     ___FILE_ONLY___ 12
2025-02-14 14:22:27,239 INFO     ___FILE_ONLY___  
2025-02-14 14:22:27,239 INFO     ___FILE_ONLY___ hours
2025-02-14 14:22:27,239 INFO     ___FILE_ONLY___  
2025-02-14 14:22:27,239 INFO     ___FILE_ONLY___ for
2025-02-14 14:22:27,239 INFO     ___FILE_ONLY___ 

2025-02-14 14:22:27,239 INFO     ___FILE_ONLY___         
2025-02-14 14:22:27,239 INFO     ___FILE_ONLY___ [1m--duration[m
2025-02-14 14:22:27,239 INFO     ___FILE_ONLY___  
2025-02-14 14:22:27,239 INFO     ___FILE_ONLY___ flag
2025-02-14 14:22:27,239 INFO     ___FILE_ONLY___  
2025-02-14 14:22:27,239 INFO     ___FILE_ONLY___ of
2025-02-14 14:22:27,239 INFO     ___FILE_ONLY___  
2025-02-14 14:22:27,239 INFO     ___FILE_ONLY___ [1mgcloud
2025-02-14 14:22:27,239 INFO     ___FILE_ONLY___  
2025-02-14 14:22:27,239 INFO     ___FILE_ONLY___ storage
2025-02-14 14:22:27,239 INFO     ___FILE_ONLY___  
2025-02-14 14:22:27,239 INFO     ___FILE_ONLY___ sign-url[m
2025-02-14 14:22:27,239 INFO     ___FILE_ONLY___  
2025-02-14 14:22:27,239 INFO     ___FILE_ONLY___ command
2025-02-14 14:22:27,240 INFO     ___FILE_ONLY___  
2025-02-14 14:22:27,240 INFO     ___FILE_ONLY___ when
2025-02-14 14:22:27,240 INFO     ___FILE_ONLY___  
2025-02-14 14:22:27,240 INFO     ___FILE_ONLY___ using
2025-02-14 14:22:27,240 INFO     ___FILE_ONLY___  
2025-02-14 14:22:27,240 INFO     ___FILE_ONLY___ a
2025-02-14 14:22:27,240 INFO     ___FILE_ONLY___ 

2025-02-14 14:22:27,240 INFO     ___FILE_ONLY___         
2025-02-14 14:22:27,240 INFO     ___FILE_ONLY___ system-managed
2025-02-14 14:22:27,240 INFO     ___FILE_ONLY___  
2025-02-14 14:22:27,240 INFO     ___FILE_ONLY___ key.
2025-02-14 14:22:27,240 INFO     ___FILE_ONLY___  
2025-02-14 14:22:27,240 INFO     ___FILE_ONLY___ This
2025-02-14 14:22:27,240 INFO     ___FILE_ONLY___  
2025-02-14 14:22:27,240 INFO     ___FILE_ONLY___ limit
2025-02-14 14:22:27,240 INFO     ___FILE_ONLY___  
2025-02-14 14:22:27,240 INFO     ___FILE_ONLY___ has
2025-02-14 14:22:27,240 INFO     ___FILE_ONLY___  
2025-02-14 14:22:27,240 INFO     ___FILE_ONLY___ been
2025-02-14 14:22:27,240 INFO     ___FILE_ONLY___  
2025-02-14 14:22:27,240 INFO     ___FILE_ONLY___ always
2025-02-14 14:22:27,240 INFO     ___FILE_ONLY___  
2025-02-14 14:22:27,240 INFO     ___FILE_ONLY___ enforced
2025-02-14 14:22:27,240 INFO     ___FILE_ONLY___  
2025-02-14 14:22:27,240 INFO     ___FILE_ONLY___ by
2025-02-14 14:22:27,240 INFO     ___FILE_ONLY___  
2025-02-14 14:22:27,240 INFO     ___FILE_ONLY___ the
2025-02-14 14:22:27,240 INFO     ___FILE_ONLY___  
2025-02-14 14:22:27,240 INFO     ___FILE_ONLY___ backend.
2025-02-14 14:22:27,240 INFO     ___FILE_ONLY___ 

2025-02-14 14:22:27,240 INFO     ___FILE_ONLY___ 

2025-02-14 14:22:27,240 INFO     ___FILE_ONLY___ [m
2025-02-14 14:22:27,240 INFO     ___FILE_ONLY___   
2025-02-14 14:22:27,240 INFO     ___FILE_ONLY___ [1mGoogle Cloud CLI[m

2025-02-14 14:22:27,240 INFO     ___FILE_ONLY___       â–ª
2025-02-14 14:22:27,240 INFO     ___FILE_ONLY___  
2025-02-14 14:22:27,240 INFO     ___FILE_ONLY___ Updated
2025-02-14 14:22:27,240 INFO     ___FILE_ONLY___  
2025-02-14 14:22:27,241 INFO     ___FILE_ONLY___ MacOS
2025-02-14 14:22:27,241 INFO     ___FILE_ONLY___  
2025-02-14 14:22:27,241 INFO     ___FILE_ONLY___ Python
2025-02-14 14:22:27,241 INFO     ___FILE_ONLY___  
2025-02-14 14:22:27,241 INFO     ___FILE_ONLY___ Virtualenv
2025-02-14 14:22:27,241 INFO     ___FILE_ONLY___  
2025-02-14 14:22:27,241 INFO     ___FILE_ONLY___ for
2025-02-14 14:22:27,241 INFO     ___FILE_ONLY___  
2025-02-14 14:22:27,241 INFO     ___FILE_ONLY___ the
2025-02-14 14:22:27,241 INFO     ___FILE_ONLY___  
2025-02-14 14:22:27,241 INFO     ___FILE_ONLY___ [1mgcloud[m
2025-02-14 14:22:27,241 INFO     ___FILE_ONLY___  
2025-02-14 14:22:27,241 INFO     ___FILE_ONLY___ CLI
2025-02-14 14:22:27,241 INFO     ___FILE_ONLY___  
2025-02-14 14:22:27,241 INFO     ___FILE_ONLY___ to
2025-02-14 14:22:27,241 INFO     ___FILE_ONLY___  
2025-02-14 14:22:27,241 INFO     ___FILE_ONLY___ 3.12.8.
2025-02-14 14:22:27,241 INFO     ___FILE_ONLY___ 

2025-02-14 14:22:27,241 INFO     ___FILE_ONLY___ 

2025-02-14 14:22:27,241 INFO     ___FILE_ONLY___ [m
2025-02-14 14:22:27,241 INFO     ___FILE_ONLY___   
2025-02-14 14:22:27,241 INFO     ___FILE_ONLY___ [1mAlloyDB[m

2025-02-14 14:22:27,241 INFO     ___FILE_ONLY___       â–ª
2025-02-14 14:22:27,241 INFO     ___FILE_ONLY___  
2025-02-14 14:22:27,241 INFO     ___FILE_ONLY___ Added
2025-02-14 14:22:27,241 INFO     ___FILE_ONLY___  
2025-02-14 14:22:27,241 INFO     ___FILE_ONLY___ migrate-cloud-sql
2025-02-14 14:22:27,241 INFO     ___FILE_ONLY___  
2025-02-14 14:22:27,241 INFO     ___FILE_ONLY___ command
2025-02-14 14:22:27,241 INFO     ___FILE_ONLY___  
2025-02-14 14:22:27,241 INFO     ___FILE_ONLY___ to
2025-02-14 14:22:27,241 INFO     ___FILE_ONLY___  
2025-02-14 14:22:27,241 INFO     ___FILE_ONLY___ support
2025-02-14 14:22:27,241 INFO     ___FILE_ONLY___  
2025-02-14 14:22:27,241 INFO     ___FILE_ONLY___ migrating
2025-02-14 14:22:27,241 INFO     ___FILE_ONLY___  
2025-02-14 14:22:27,241 INFO     ___FILE_ONLY___ data
2025-02-14 14:22:27,241 INFO     ___FILE_ONLY___  
2025-02-14 14:22:27,241 INFO     ___FILE_ONLY___ from
2025-02-14 14:22:27,242 INFO     ___FILE_ONLY___  
2025-02-14 14:22:27,242 INFO     ___FILE_ONLY___ an
2025-02-14 14:22:27,242 INFO     ___FILE_ONLY___ 

2025-02-14 14:22:27,242 INFO     ___FILE_ONLY___         
2025-02-14 14:22:27,242 INFO     ___FILE_ONLY___ existing
2025-02-14 14:22:27,242 INFO     ___FILE_ONLY___  
2025-02-14 14:22:27,242 INFO     ___FILE_ONLY___ Cloud
2025-02-14 14:22:27,242 INFO     ___FILE_ONLY___  
2025-02-14 14:22:27,242 INFO     ___FILE_ONLY___ SQL
2025-02-14 14:22:27,242 INFO     ___FILE_ONLY___  
2025-02-14 14:22:27,242 INFO     ___FILE_ONLY___ instance
2025-02-14 14:22:27,242 INFO     ___FILE_ONLY___  
2025-02-14 14:22:27,242 INFO     ___FILE_ONLY___ backup
2025-02-14 14:22:27,242 INFO     ___FILE_ONLY___  
2025-02-14 14:22:27,242 INFO     ___FILE_ONLY___ to
2025-02-14 14:22:27,242 INFO     ___FILE_ONLY___  
2025-02-14 14:22:27,242 INFO     ___FILE_ONLY___ an
2025-02-14 14:22:27,242 INFO     ___FILE_ONLY___  
2025-02-14 14:22:27,242 INFO     ___FILE_ONLY___ AlloyDB
2025-02-14 14:22:27,242 INFO     ___FILE_ONLY___  
2025-02-14 14:22:27,242 INFO     ___FILE_ONLY___ cluster
2025-02-14 14:22:27,242 INFO     ___FILE_ONLY___  
2025-02-14 14:22:27,242 INFO     ___FILE_ONLY___ in
2025-02-14 14:22:27,242 INFO     ___FILE_ONLY___  
2025-02-14 14:22:27,242 INFO     ___FILE_ONLY___ beta
2025-02-14 14:22:27,242 INFO     ___FILE_ONLY___  
2025-02-14 14:22:27,242 INFO     ___FILE_ONLY___ track.
2025-02-14 14:22:27,242 INFO     ___FILE_ONLY___ 

2025-02-14 14:22:27,242 INFO     ___FILE_ONLY___       â–ª
2025-02-14 14:22:27,242 INFO     ___FILE_ONLY___  
2025-02-14 14:22:27,242 INFO     ___FILE_ONLY___ Added
2025-02-14 14:22:27,242 INFO     ___FILE_ONLY___  
2025-02-14 14:22:27,242 INFO     ___FILE_ONLY___ [1mgcloud
2025-02-14 14:22:27,242 INFO     ___FILE_ONLY___  
2025-02-14 14:22:27,242 INFO     ___FILE_ONLY___ alloydb
2025-02-14 14:22:27,242 INFO     ___FILE_ONLY___  
2025-02-14 14:22:27,242 INFO     ___FILE_ONLY___ clusters
2025-02-14 14:22:27,242 INFO     ___FILE_ONLY___  
2025-02-14 14:22:27,242 INFO     ___FILE_ONLY___ import[m
2025-02-14 14:22:27,242 INFO     ___FILE_ONLY___  
2025-02-14 14:22:27,243 INFO     ___FILE_ONLY___ command
2025-02-14 14:22:27,243 INFO     ___FILE_ONLY___  
2025-02-14 14:22:27,243 INFO     ___FILE_ONLY___ to
2025-02-14 14:22:27,243 INFO     ___FILE_ONLY___  
2025-02-14 14:22:27,243 INFO     ___FILE_ONLY___ support
2025-02-14 14:22:27,243 INFO     ___FILE_ONLY___  
2025-02-14 14:22:27,243 INFO     ___FILE_ONLY___ importing
2025-02-14 14:22:27,243 INFO     ___FILE_ONLY___ 

2025-02-14 14:22:27,243 INFO     ___FILE_ONLY___         
2025-02-14 14:22:27,243 INFO     ___FILE_ONLY___ data
2025-02-14 14:22:27,243 INFO     ___FILE_ONLY___  
2025-02-14 14:22:27,243 INFO     ___FILE_ONLY___ to
2025-02-14 14:22:27,243 INFO     ___FILE_ONLY___  
2025-02-14 14:22:27,243 INFO     ___FILE_ONLY___ an
2025-02-14 14:22:27,243 INFO     ___FILE_ONLY___  
2025-02-14 14:22:27,243 INFO     ___FILE_ONLY___ AlloyDB
2025-02-14 14:22:27,243 INFO     ___FILE_ONLY___  
2025-02-14 14:22:27,243 INFO     ___FILE_ONLY___ cluster
2025-02-14 14:22:27,243 INFO     ___FILE_ONLY___  
2025-02-14 14:22:27,243 INFO     ___FILE_ONLY___ from
2025-02-14 14:22:27,243 INFO     ___FILE_ONLY___  
2025-02-14 14:22:27,243 INFO     ___FILE_ONLY___ Google
2025-02-14 14:22:27,243 INFO     ___FILE_ONLY___  
2025-02-14 14:22:27,243 INFO     ___FILE_ONLY___ Cloud
2025-02-14 14:22:27,243 INFO     ___FILE_ONLY___  
2025-02-14 14:22:27,243 INFO     ___FILE_ONLY___ Storage.
2025-02-14 14:22:27,243 INFO     ___FILE_ONLY___ 

2025-02-14 14:22:27,243 INFO     ___FILE_ONLY___ 

2025-02-14 14:22:27,243 INFO     ___FILE_ONLY___ [m
2025-02-14 14:22:27,243 INFO     ___FILE_ONLY___   
2025-02-14 14:22:27,243 INFO     ___FILE_ONLY___ [1mAnthos[m

2025-02-14 14:22:27,243 INFO     ___FILE_ONLY___       â–ª
2025-02-14 14:22:27,243 INFO     ___FILE_ONLY___  
2025-02-14 14:22:27,243 INFO     ___FILE_ONLY___ [1manthos-cli[m
2025-02-14 14:22:27,243 INFO     ___FILE_ONLY___  
2025-02-14 14:22:27,243 INFO     ___FILE_ONLY___ component
2025-02-14 14:22:27,244 INFO     ___FILE_ONLY___  
2025-02-14 14:22:27,244 INFO     ___FILE_ONLY___ updated
2025-02-14 14:22:27,244 INFO     ___FILE_ONLY___  
2025-02-14 14:22:27,244 INFO     ___FILE_ONLY___ to
2025-02-14 14:22:27,244 INFO     ___FILE_ONLY___  
2025-02-14 14:22:27,244 INFO     ___FILE_ONLY___ address
2025-02-14 14:22:27,244 INFO     ___FILE_ONLY___  
2025-02-14 14:22:27,244 INFO     ___FILE_ONLY___ CVEs
2025-02-14 14:22:27,244 INFO     ___FILE_ONLY___  
2025-02-14 14:22:27,244 INFO     ___FILE_ONLY___ flagged
2025-02-14 14:22:27,244 INFO     ___FILE_ONLY___  
2025-02-14 14:22:27,244 INFO     ___FILE_ONLY___ by
2025-02-14 14:22:27,244 INFO     ___FILE_ONLY___  
2025-02-14 14:22:27,244 INFO     ___FILE_ONLY___ scanning
2025-02-14 14:22:27,244 INFO     ___FILE_ONLY___ 

2025-02-14 14:22:27,244 INFO     ___FILE_ONLY___         
2025-02-14 14:22:27,244 INFO     ___FILE_ONLY___ tools:
2025-02-14 14:22:27,244 INFO     ___FILE_ONLY___ 

2025-02-14 14:22:27,244 INFO     ___FILE_ONLY___         â—†
2025-02-14 14:22:27,244 INFO     ___FILE_ONLY___  
2025-02-14 14:22:27,244 INFO     ___FILE_ONLY___ golang
2025-02-14 14:22:27,244 INFO     ___FILE_ONLY___  
2025-02-14 14:22:27,244 INFO     ___FILE_ONLY___ updated
2025-02-14 14:22:27,244 INFO     ___FILE_ONLY___  
2025-02-14 14:22:27,244 INFO     ___FILE_ONLY___ to
2025-02-14 14:22:27,244 INFO     ___FILE_ONLY___  
2025-02-14 14:22:27,244 INFO     ___FILE_ONLY___ 1.23.5
2025-02-14 14:22:27,244 INFO     ___FILE_ONLY___ 

2025-02-14 14:22:27,244 INFO     ___FILE_ONLY___         â—†
2025-02-14 14:22:27,244 INFO     ___FILE_ONLY___  
2025-02-14 14:22:27,244 INFO     ___FILE_ONLY___ golang.org/x/net
2025-02-14 14:22:27,244 INFO     ___FILE_ONLY___  
2025-02-14 14:22:27,244 INFO     ___FILE_ONLY___ to
2025-02-14 14:22:27,244 INFO     ___FILE_ONLY___  
2025-02-14 14:22:27,244 INFO     ___FILE_ONLY___ 0.34.0
2025-02-14 14:22:27,244 INFO     ___FILE_ONLY___  
2025-02-14 14:22:27,244 INFO     ___FILE_ONLY___ (CVE-2024-45338)
2025-02-14 14:22:27,244 INFO     ___FILE_ONLY___ 

2025-02-14 14:22:27,244 INFO     ___FILE_ONLY___         â—†
2025-02-14 14:22:27,245 INFO     ___FILE_ONLY___  
2025-02-14 14:22:27,245 INFO     ___FILE_ONLY___ golang.org/x/crypto
2025-02-14 14:22:27,245 INFO     ___FILE_ONLY___  
2025-02-14 14:22:27,245 INFO     ___FILE_ONLY___ to
2025-02-14 14:22:27,245 INFO     ___FILE_ONLY___  
2025-02-14 14:22:27,245 INFO     ___FILE_ONLY___ 0.32.0
2025-02-14 14:22:27,245 INFO     ___FILE_ONLY___  
2025-02-14 14:22:27,245 INFO     ___FILE_ONLY___ (CVE-2024-45337)
2025-02-14 14:22:27,245 INFO     ___FILE_ONLY___ 

2025-02-14 14:22:27,245 INFO     ___FILE_ONLY___         â—†
2025-02-14 14:22:27,245 INFO     ___FILE_ONLY___  
2025-02-14 14:22:27,245 INFO     ___FILE_ONLY___ github.com/golang/glog
2025-02-14 14:22:27,245 INFO     ___FILE_ONLY___  
2025-02-14 14:22:27,245 INFO     ___FILE_ONLY___ to
2025-02-14 14:22:27,245 INFO     ___FILE_ONLY___  
2025-02-14 14:22:27,245 INFO     ___FILE_ONLY___ 1.2.4
2025-02-14 14:22:27,245 INFO     ___FILE_ONLY___  
2025-02-14 14:22:27,245 INFO     ___FILE_ONLY___ (CVE-2024-45339)
2025-02-14 14:22:27,245 INFO     ___FILE_ONLY___ 

2025-02-14 14:22:27,245 INFO     ___FILE_ONLY___ 

2025-02-14 14:22:27,245 INFO     ___FILE_ONLY___ [m
2025-02-14 14:22:27,245 INFO     ___FILE_ONLY___   
2025-02-14 14:22:27,245 INFO     ___FILE_ONLY___ [1mCloud Dataflow[m

2025-02-14 14:22:27,245 INFO     ___FILE_ONLY___       â–ª
2025-02-14 14:22:27,245 INFO     ___FILE_ONLY___  
2025-02-14 14:22:27,245 INFO     ___FILE_ONLY___ Added
2025-02-14 14:22:27,245 INFO     ___FILE_ONLY___  
2025-02-14 14:22:27,245 INFO     ___FILE_ONLY___ [1m--cloud-build-service-account[m
2025-02-14 14:22:27,245 INFO     ___FILE_ONLY___  
2025-02-14 14:22:27,245 INFO     ___FILE_ONLY___ flag
2025-02-14 14:22:27,245 INFO     ___FILE_ONLY___  
2025-02-14 14:22:27,245 INFO     ___FILE_ONLY___ to
2025-02-14 14:22:27,245 INFO     ___FILE_ONLY___  
2025-02-14 14:22:27,245 INFO     ___FILE_ONLY___ [1mgcloud
2025-02-14 14:22:27,245 INFO     ___FILE_ONLY___  
2025-02-14 14:22:27,246 INFO     ___FILE_ONLY___ dataflow
2025-02-14 14:22:27,246 INFO     ___FILE_ONLY___ 

2025-02-14 14:22:27,246 INFO     ___FILE_ONLY___         
2025-02-14 14:22:27,246 INFO     ___FILE_ONLY___ flex-template
2025-02-14 14:22:27,246 INFO     ___FILE_ONLY___  
2025-02-14 14:22:27,246 INFO     ___FILE_ONLY___ build[m
2025-02-14 14:22:27,246 INFO     ___FILE_ONLY___  
2025-02-14 14:22:27,246 INFO     ___FILE_ONLY___ for
2025-02-14 14:22:27,246 INFO     ___FILE_ONLY___  
2025-02-14 14:22:27,246 INFO     ___FILE_ONLY___ specifying
2025-02-14 14:22:27,246 INFO     ___FILE_ONLY___  
2025-02-14 14:22:27,246 INFO     ___FILE_ONLY___ the
2025-02-14 14:22:27,246 INFO     ___FILE_ONLY___  
2025-02-14 14:22:27,246 INFO     ___FILE_ONLY___ Cloud
2025-02-14 14:22:27,246 INFO     ___FILE_ONLY___  
2025-02-14 14:22:27,246 INFO     ___FILE_ONLY___ Build
2025-02-14 14:22:27,246 INFO     ___FILE_ONLY___  
2025-02-14 14:22:27,246 INFO     ___FILE_ONLY___ service
2025-02-14 14:22:27,246 INFO     ___FILE_ONLY___  
2025-02-14 14:22:27,246 INFO     ___FILE_ONLY___ account
2025-02-14 14:22:27,246 INFO     ___FILE_ONLY___  
2025-02-14 14:22:27,246 INFO     ___FILE_ONLY___ to
2025-02-14 14:22:27,246 INFO     ___FILE_ONLY___ 

2025-02-14 14:22:27,246 INFO     ___FILE_ONLY___         
2025-02-14 14:22:27,246 INFO     ___FILE_ONLY___ build
2025-02-14 14:22:27,246 INFO     ___FILE_ONLY___  
2025-02-14 14:22:27,246 INFO     ___FILE_ONLY___ the
2025-02-14 14:22:27,246 INFO     ___FILE_ONLY___  
2025-02-14 14:22:27,246 INFO     ___FILE_ONLY___ image.
2025-02-14 14:22:27,246 INFO     ___FILE_ONLY___ 

2025-02-14 14:22:27,246 INFO     ___FILE_ONLY___ 

2025-02-14 14:22:27,246 INFO     ___FILE_ONLY___ [m
2025-02-14 14:22:27,246 INFO     ___FILE_ONLY___   
2025-02-14 14:22:27,246 INFO     ___FILE_ONLY___ [1mCloud Deploy[m

2025-02-14 14:22:27,246 INFO     ___FILE_ONLY___       â–ª
2025-02-14 14:22:27,246 INFO     ___FILE_ONLY___  
2025-02-14 14:22:27,246 INFO     ___FILE_ONLY___ Added
2025-02-14 14:22:27,246 INFO     ___FILE_ONLY___  
2025-02-14 14:22:27,246 INFO     ___FILE_ONLY___ IAM
2025-02-14 14:22:27,246 INFO     ___FILE_ONLY___  
2025-02-14 14:22:27,247 INFO     ___FILE_ONLY___ policy
2025-02-14 14:22:27,247 INFO     ___FILE_ONLY___  
2025-02-14 14:22:27,247 INFO     ___FILE_ONLY___ commands
2025-02-14 14:22:27,247 INFO     ___FILE_ONLY___  
2025-02-14 14:22:27,247 INFO     ___FILE_ONLY___ to
2025-02-14 14:22:27,247 INFO     ___FILE_ONLY___  
2025-02-14 14:22:27,247 INFO     ___FILE_ONLY___ [1mgcloud
2025-02-14 14:22:27,247 INFO     ___FILE_ONLY___  
2025-02-14 14:22:27,247 INFO     ___FILE_ONLY___ deploy
2025-02-14 14:22:27,247 INFO     ___FILE_ONLY___  
2025-02-14 14:22:27,247 INFO     ___FILE_ONLY___ deploy-policies[m.
2025-02-14 14:22:27,247 INFO     ___FILE_ONLY___ 

2025-02-14 14:22:27,247 INFO     ___FILE_ONLY___ 

2025-02-14 14:22:27,247 INFO     ___FILE_ONLY___ [m
2025-02-14 14:22:27,247 INFO     ___FILE_ONLY___   
2025-02-14 14:22:27,247 INFO     ___FILE_ONLY___ [1mCloud Monitoring[m

2025-02-14 14:22:27,247 INFO     ___FILE_ONLY___       â–ª
2025-02-14 14:22:27,247 INFO     ___FILE_ONLY___  
2025-02-14 14:22:27,247 INFO     ___FILE_ONLY___ Added
2025-02-14 14:22:27,247 INFO     ___FILE_ONLY___  
2025-02-14 14:22:27,247 INFO     ___FILE_ONLY___ [1m--criteria-filter[m
2025-02-14 14:22:27,247 INFO     ___FILE_ONLY___  
2025-02-14 14:22:27,247 INFO     ___FILE_ONLY___ flag
2025-02-14 14:22:27,247 INFO     ___FILE_ONLY___  
2025-02-14 14:22:27,247 INFO     ___FILE_ONLY___ to
2025-02-14 14:22:27,247 INFO     ___FILE_ONLY___  
2025-02-14 14:22:27,247 INFO     ___FILE_ONLY___ [1mgcloud
2025-02-14 14:22:27,247 INFO     ___FILE_ONLY___  
2025-02-14 14:22:27,247 INFO     ___FILE_ONLY___ monitoring
2025-02-14 14:22:27,247 INFO     ___FILE_ONLY___  
2025-02-14 14:22:27,247 INFO     ___FILE_ONLY___ snoozes
2025-02-14 14:22:27,247 INFO     ___FILE_ONLY___  
2025-02-14 14:22:27,247 INFO     ___FILE_ONLY___ create[m
2025-02-14 14:22:27,247 INFO     ___FILE_ONLY___  
2025-02-14 14:22:27,247 INFO     ___FILE_ONLY___ to
2025-02-14 14:22:27,247 INFO     ___FILE_ONLY___ 

2025-02-14 14:22:27,247 INFO     ___FILE_ONLY___         
2025-02-14 14:22:27,247 INFO     ___FILE_ONLY___ support
2025-02-14 14:22:27,247 INFO     ___FILE_ONLY___  
2025-02-14 14:22:27,248 INFO     ___FILE_ONLY___ snoozing
2025-02-14 14:22:27,248 INFO     ___FILE_ONLY___  
2025-02-14 14:22:27,248 INFO     ___FILE_ONLY___ alert
2025-02-14 14:22:27,248 INFO     ___FILE_ONLY___  
2025-02-14 14:22:27,248 INFO     ___FILE_ONLY___ policies
2025-02-14 14:22:27,248 INFO     ___FILE_ONLY___  
2025-02-14 14:22:27,248 INFO     ___FILE_ONLY___ by
2025-02-14 14:22:27,248 INFO     ___FILE_ONLY___  
2025-02-14 14:22:27,248 INFO     ___FILE_ONLY___ resource
2025-02-14 14:22:27,248 INFO     ___FILE_ONLY___  
2025-02-14 14:22:27,248 INFO     ___FILE_ONLY___ labels.
2025-02-14 14:22:27,248 INFO     ___FILE_ONLY___ 

2025-02-14 14:22:27,248 INFO     ___FILE_ONLY___ 

2025-02-14 14:22:27,248 INFO     ___FILE_ONLY___ [m
2025-02-14 14:22:27,248 INFO     ___FILE_ONLY___   
2025-02-14 14:22:27,248 INFO     ___FILE_ONLY___ [1mCloud Run[m

2025-02-14 14:22:27,248 INFO     ___FILE_ONLY___       â–ª
2025-02-14 14:22:27,248 INFO     ___FILE_ONLY___  
2025-02-14 14:22:27,248 INFO     ___FILE_ONLY___ Added
2025-02-14 14:22:27,248 INFO     ___FILE_ONLY___  
2025-02-14 14:22:27,248 INFO     ___FILE_ONLY___ [1mroles/run.builder[m
2025-02-14 14:22:27,248 INFO     ___FILE_ONLY___  
2025-02-14 14:22:27,248 INFO     ___FILE_ONLY___ IAM
2025-02-14 14:22:27,248 INFO     ___FILE_ONLY___  
2025-02-14 14:22:27,248 INFO     ___FILE_ONLY___ policy
2025-02-14 14:22:27,248 INFO     ___FILE_ONLY___  
2025-02-14 14:22:27,248 INFO     ___FILE_ONLY___ check
2025-02-14 14:22:27,248 INFO     ___FILE_ONLY___  
2025-02-14 14:22:27,248 INFO     ___FILE_ONLY___ for
2025-02-14 14:22:27,248 INFO     ___FILE_ONLY___  
2025-02-14 14:22:27,248 INFO     ___FILE_ONLY___ default
2025-02-14 14:22:27,248 INFO     ___FILE_ONLY___  
2025-02-14 14:22:27,248 INFO     ___FILE_ONLY___ build
2025-02-14 14:22:27,248 INFO     ___FILE_ONLY___  
2025-02-14 14:22:27,248 INFO     ___FILE_ONLY___ service
2025-02-14 14:22:27,249 INFO     ___FILE_ONLY___ 

2025-02-14 14:22:27,249 INFO     ___FILE_ONLY___         
2025-02-14 14:22:27,249 INFO     ___FILE_ONLY___ account
2025-02-14 14:22:27,249 INFO     ___FILE_ONLY___  
2025-02-14 14:22:27,249 INFO     ___FILE_ONLY___ when
2025-02-14 14:22:27,249 INFO     ___FILE_ONLY___  
2025-02-14 14:22:27,249 INFO     ___FILE_ONLY___ users
2025-02-14 14:22:27,249 INFO     ___FILE_ONLY___  
2025-02-14 14:22:27,249 INFO     ___FILE_ONLY___ are
2025-02-14 14:22:27,249 INFO     ___FILE_ONLY___  
2025-02-14 14:22:27,249 INFO     ___FILE_ONLY___ doing
2025-02-14 14:22:27,249 INFO     ___FILE_ONLY___  
2025-02-14 14:22:27,249 INFO     ___FILE_ONLY___ source
2025-02-14 14:22:27,249 INFO     ___FILE_ONLY___  
2025-02-14 14:22:27,249 INFO     ___FILE_ONLY___ deploy
2025-02-14 14:22:27,249 INFO     ___FILE_ONLY___  
2025-02-14 14:22:27,249 INFO     ___FILE_ONLY___ with
2025-02-14 14:22:27,249 INFO     ___FILE_ONLY___  
2025-02-14 14:22:27,249 INFO     ___FILE_ONLY___ [1mgcloud
2025-02-14 14:22:27,249 INFO     ___FILE_ONLY___  
2025-02-14 14:22:27,249 INFO     ___FILE_ONLY___ beta
2025-02-14 14:22:27,249 INFO     ___FILE_ONLY___  
2025-02-14 14:22:27,249 INFO     ___FILE_ONLY___ run
2025-02-14 14:22:27,249 INFO     ___FILE_ONLY___  
2025-02-14 14:22:27,249 INFO     ___FILE_ONLY___ deploy
2025-02-14 14:22:27,249 INFO     ___FILE_ONLY___ 

2025-02-14 14:22:27,249 INFO     ___FILE_ONLY___         
2025-02-14 14:22:27,249 INFO     ___FILE_ONLY___ --source[m.
2025-02-14 14:22:27,249 INFO     ___FILE_ONLY___ 

2025-02-14 14:22:27,249 INFO     ___FILE_ONLY___       â–ª
2025-02-14 14:22:27,249 INFO     ___FILE_ONLY___  
2025-02-14 14:22:27,249 INFO     ___FILE_ONLY___ Verified
2025-02-14 14:22:27,249 INFO     ___FILE_ONLY___  
2025-02-14 14:22:27,249 INFO     ___FILE_ONLY___ whether
2025-02-14 14:22:27,249 INFO     ___FILE_ONLY___  
2025-02-14 14:22:27,249 INFO     ___FILE_ONLY___ build
2025-02-14 14:22:27,249 INFO     ___FILE_ONLY___  
2025-02-14 14:22:27,249 INFO     ___FILE_ONLY___ service
2025-02-14 14:22:27,249 INFO     ___FILE_ONLY___  
2025-02-14 14:22:27,249 INFO     ___FILE_ONLY___ account
2025-02-14 14:22:27,249 INFO     ___FILE_ONLY___  
2025-02-14 14:22:27,249 INFO     ___FILE_ONLY___ provided
2025-02-14 14:22:27,250 INFO     ___FILE_ONLY___  
2025-02-14 14:22:27,250 INFO     ___FILE_ONLY___ in
2025-02-14 14:22:27,250 INFO     ___FILE_ONLY___  
2025-02-14 14:22:27,250 INFO     ___FILE_ONLY___ [1mgcloud
2025-02-14 14:22:27,250 INFO     ___FILE_ONLY___  
2025-02-14 14:22:27,250 INFO     ___FILE_ONLY___ beta
2025-02-14 14:22:27,250 INFO     ___FILE_ONLY___  
2025-02-14 14:22:27,250 INFO     ___FILE_ONLY___ run
2025-02-14 14:22:27,250 INFO     ___FILE_ONLY___ 

2025-02-14 14:22:27,250 INFO     ___FILE_ONLY___         
2025-02-14 14:22:27,250 INFO     ___FILE_ONLY___ deploy
2025-02-14 14:22:27,250 INFO     ___FILE_ONLY___  
2025-02-14 14:22:27,250 INFO     ___FILE_ONLY___ --build-service-account[m
2025-02-14 14:22:27,250 INFO     ___FILE_ONLY___  
2025-02-14 14:22:27,250 INFO     ___FILE_ONLY___ or
2025-02-14 14:22:27,250 INFO     ___FILE_ONLY___  
2025-02-14 14:22:27,250 INFO     ___FILE_ONLY___ default
2025-02-14 14:22:27,250 INFO     ___FILE_ONLY___  
2025-02-14 14:22:27,250 INFO     ___FILE_ONLY___ build
2025-02-14 14:22:27,250 INFO     ___FILE_ONLY___  
2025-02-14 14:22:27,250 INFO     ___FILE_ONLY___ service
2025-02-14 14:22:27,250 INFO     ___FILE_ONLY___  
2025-02-14 14:22:27,250 INFO     ___FILE_ONLY___ account
2025-02-14 14:22:27,250 INFO     ___FILE_ONLY___  
2025-02-14 14:22:27,250 INFO     ___FILE_ONLY___ is
2025-02-14 14:22:27,250 INFO     ___FILE_ONLY___ 

2025-02-14 14:22:27,250 INFO     ___FILE_ONLY___         
2025-02-14 14:22:27,250 INFO     ___FILE_ONLY___ active.
2025-02-14 14:22:27,250 INFO     ___FILE_ONLY___ 

2025-02-14 14:22:27,250 INFO     ___FILE_ONLY___ 

2025-02-14 14:22:27,250 INFO     ___FILE_ONLY___ [m
2025-02-14 14:22:27,250 INFO     ___FILE_ONLY___   
2025-02-14 14:22:27,250 INFO     ___FILE_ONLY___ [1mCloud SQL[m

2025-02-14 14:22:27,250 INFO     ___FILE_ONLY___       â–ª
2025-02-14 14:22:27,250 INFO     ___FILE_ONLY___  
2025-02-14 14:22:27,250 INFO     ___FILE_ONLY___ Add
2025-02-14 14:22:27,250 INFO     ___FILE_ONLY___  
2025-02-14 14:22:27,250 INFO     ___FILE_ONLY___ [1m--custom-subject-alternative-names[m
2025-02-14 14:22:27,250 INFO     ___FILE_ONLY___  
2025-02-14 14:22:27,250 INFO     ___FILE_ONLY___ flag
2025-02-14 14:22:27,251 INFO     ___FILE_ONLY___  
2025-02-14 14:22:27,251 INFO     ___FILE_ONLY___ to
2025-02-14 14:22:27,251 INFO     ___FILE_ONLY___  
2025-02-14 14:22:27,251 INFO     ___FILE_ONLY___ support
2025-02-14 14:22:27,251 INFO     ___FILE_ONLY___ 

2025-02-14 14:22:27,251 INFO     ___FILE_ONLY___         
2025-02-14 14:22:27,251 INFO     ___FILE_ONLY___ customer-specified
2025-02-14 14:22:27,251 INFO     ___FILE_ONLY___  
2025-02-14 14:22:27,251 INFO     ___FILE_ONLY___ DNS
2025-02-14 14:22:27,251 INFO     ___FILE_ONLY___  
2025-02-14 14:22:27,251 INFO     ___FILE_ONLY___ names
2025-02-14 14:22:27,251 INFO     ___FILE_ONLY___  
2025-02-14 14:22:27,251 INFO     ___FILE_ONLY___ in
2025-02-14 14:22:27,251 INFO     ___FILE_ONLY___  
2025-02-14 14:22:27,251 INFO     ___FILE_ONLY___ SSL
2025-02-14 14:22:27,251 INFO     ___FILE_ONLY___  
2025-02-14 14:22:27,251 INFO     ___FILE_ONLY___ certificates
2025-02-14 14:22:27,251 INFO     ___FILE_ONLY___  
2025-02-14 14:22:27,251 INFO     ___FILE_ONLY___ for
2025-02-14 14:22:27,251 INFO     ___FILE_ONLY___  
2025-02-14 14:22:27,251 INFO     ___FILE_ONLY___ Cloud
2025-02-14 14:22:27,251 INFO     ___FILE_ONLY___  
2025-02-14 14:22:27,251 INFO     ___FILE_ONLY___ SQL
2025-02-14 14:22:27,251 INFO     ___FILE_ONLY___ 

2025-02-14 14:22:27,251 INFO     ___FILE_ONLY___         
2025-02-14 14:22:27,251 INFO     ___FILE_ONLY___ instances.
2025-02-14 14:22:27,251 INFO     ___FILE_ONLY___ 

2025-02-14 14:22:27,251 INFO     ___FILE_ONLY___ 

2025-02-14 14:22:27,251 INFO     ___FILE_ONLY___ [m
2025-02-14 14:22:27,251 INFO     ___FILE_ONLY___   
2025-02-14 14:22:27,251 INFO     ___FILE_ONLY___ [1mCloud Services[m

2025-02-14 14:22:27,251 INFO     ___FILE_ONLY___       â–ª
2025-02-14 14:22:27,251 INFO     ___FILE_ONLY___  
2025-02-14 14:22:27,251 INFO     ___FILE_ONLY___ Added
2025-02-14 14:22:27,251 INFO     ___FILE_ONLY___  
2025-02-14 14:22:27,251 INFO     ___FILE_ONLY___ [1m--service-account[m
2025-02-14 14:22:27,251 INFO     ___FILE_ONLY___  
2025-02-14 14:22:27,251 INFO     ___FILE_ONLY___ flag
2025-02-14 14:22:27,251 INFO     ___FILE_ONLY___  
2025-02-14 14:22:27,251 INFO     ___FILE_ONLY___ to
2025-02-14 14:22:27,252 INFO     ___FILE_ONLY___  
2025-02-14 14:22:27,252 INFO     ___FILE_ONLY___ [1mgcloud
2025-02-14 14:22:27,252 INFO     ___FILE_ONLY___  
2025-02-14 14:22:27,252 INFO     ___FILE_ONLY___ beta
2025-02-14 14:22:27,252 INFO     ___FILE_ONLY___  
2025-02-14 14:22:27,252 INFO     ___FILE_ONLY___ services
2025-02-14 14:22:27,252 INFO     ___FILE_ONLY___  
2025-02-14 14:22:27,252 INFO     ___FILE_ONLY___ api-keys
2025-02-14 14:22:27,252 INFO     ___FILE_ONLY___  
2025-02-14 14:22:27,252 INFO     ___FILE_ONLY___ create[m.
2025-02-14 14:22:27,252 INFO     ___FILE_ONLY___ 

2025-02-14 14:22:27,252 INFO     ___FILE_ONLY___ 

2025-02-14 14:22:27,252 INFO     ___FILE_ONLY___ [m
2025-02-14 14:22:27,252 INFO     ___FILE_ONLY___   
2025-02-14 14:22:27,252 INFO     ___FILE_ONLY___ [1mCloud Spanner[m

2025-02-14 14:22:27,252 INFO     ___FILE_ONLY___       â–ª
2025-02-14 14:22:27,252 INFO     ___FILE_ONLY___  
2025-02-14 14:22:27,252 INFO     ___FILE_ONLY___ Add
2025-02-14 14:22:27,252 INFO     ___FILE_ONLY___  
2025-02-14 14:22:27,252 INFO     ___FILE_ONLY___ [1mtarget_database_move_configs[m
2025-02-14 14:22:27,252 INFO     ___FILE_ONLY___  
2025-02-14 14:22:27,252 INFO     ___FILE_ONLY___ to
2025-02-14 14:22:27,252 INFO     ___FILE_ONLY___  
2025-02-14 14:22:27,252 INFO     ___FILE_ONLY___ [1mgcloud
2025-02-14 14:22:27,252 INFO     ___FILE_ONLY___  
2025-02-14 14:22:27,252 INFO     ___FILE_ONLY___ spanner
2025-02-14 14:22:27,252 INFO     ___FILE_ONLY___  
2025-02-14 14:22:27,252 INFO     ___FILE_ONLY___ instances
2025-02-14 14:22:27,252 INFO     ___FILE_ONLY___  
2025-02-14 14:22:27,252 INFO     ___FILE_ONLY___ move[m
2025-02-14 14:22:27,252 INFO     ___FILE_ONLY___ 

2025-02-14 14:22:27,252 INFO     ___FILE_ONLY___         
2025-02-14 14:22:27,252 INFO     ___FILE_ONLY___ command
2025-02-14 14:22:27,252 INFO     ___FILE_ONLY___  
2025-02-14 14:22:27,252 INFO     ___FILE_ONLY___ for
2025-02-14 14:22:27,252 INFO     ___FILE_ONLY___  
2025-02-14 14:22:27,252 INFO     ___FILE_ONLY___ beta
2025-02-14 14:22:27,252 INFO     ___FILE_ONLY___  
2025-02-14 14:22:27,253 INFO     ___FILE_ONLY___ and
2025-02-14 14:22:27,253 INFO     ___FILE_ONLY___  
2025-02-14 14:22:27,253 INFO     ___FILE_ONLY___ GA
2025-02-14 14:22:27,253 INFO     ___FILE_ONLY___  
2025-02-14 14:22:27,253 INFO     ___FILE_ONLY___ track.
2025-02-14 14:22:27,253 INFO     ___FILE_ONLY___ 

2025-02-14 14:22:27,253 INFO     ___FILE_ONLY___ 

2025-02-14 14:22:27,253 INFO     ___FILE_ONLY___ [m
2025-02-14 14:22:27,253 INFO     ___FILE_ONLY___   
2025-02-14 14:22:27,253 INFO     ___FILE_ONLY___ [1mCloud Storage[m

2025-02-14 14:22:27,253 INFO     ___FILE_ONLY___       â–ª
2025-02-14 14:22:27,253 INFO     ___FILE_ONLY___  
2025-02-14 14:22:27,253 INFO     ___FILE_ONLY___ Removed
2025-02-14 14:22:27,253 INFO     ___FILE_ONLY___  
2025-02-14 14:22:27,253 INFO     ___FILE_ONLY___ [1mS3
2025-02-14 14:22:27,253 INFO     ___FILE_ONLY___  
2025-02-14 14:22:27,253 INFO     ___FILE_ONLY___ support
2025-02-14 14:22:27,253 INFO     ___FILE_ONLY___  
2025-02-14 14:22:27,253 INFO     ___FILE_ONLY___ is
2025-02-14 14:22:27,253 INFO     ___FILE_ONLY___  
2025-02-14 14:22:27,253 INFO     ___FILE_ONLY___ unstable[m
2025-02-14 14:22:27,253 INFO     ___FILE_ONLY___  
2025-02-14 14:22:27,253 INFO     ___FILE_ONLY___ warning
2025-02-14 14:22:27,253 INFO     ___FILE_ONLY___  
2025-02-14 14:22:27,253 INFO     ___FILE_ONLY___ from
2025-02-14 14:22:27,253 INFO     ___FILE_ONLY___  
2025-02-14 14:22:27,253 INFO     ___FILE_ONLY___ [1mgcloud
2025-02-14 14:22:27,253 INFO     ___FILE_ONLY___  
2025-02-14 14:22:27,253 INFO     ___FILE_ONLY___ storage[m
2025-02-14 14:22:27,253 INFO     ___FILE_ONLY___  
2025-02-14 14:22:27,253 INFO     ___FILE_ONLY___ commands.
2025-02-14 14:22:27,253 INFO     ___FILE_ONLY___ 

2025-02-14 14:22:27,253 INFO     ___FILE_ONLY___ 

2025-02-14 14:22:27,253 INFO     ___FILE_ONLY___ [m
2025-02-14 14:22:27,253 INFO     ___FILE_ONLY___   
2025-02-14 14:22:27,253 INFO     ___FILE_ONLY___ [1mCloud Workstations[m

2025-02-14 14:22:27,253 INFO     ___FILE_ONLY___       â–ª
2025-02-14 14:22:27,253 INFO     ___FILE_ONLY___  
2025-02-14 14:22:27,254 INFO     ___FILE_ONLY___ Added
2025-02-14 14:22:27,254 INFO     ___FILE_ONLY___  
2025-02-14 14:22:27,254 INFO     ___FILE_ONLY___ support
2025-02-14 14:22:27,254 INFO     ___FILE_ONLY___  
2025-02-14 14:22:27,254 INFO     ___FILE_ONLY___ updating
2025-02-14 14:22:27,254 INFO     ___FILE_ONLY___  
2025-02-14 14:22:27,254 INFO     ___FILE_ONLY___ [1m--pd-disk-size[m
2025-02-14 14:22:27,254 INFO     ___FILE_ONLY___  
2025-02-14 14:22:27,254 INFO     ___FILE_ONLY___ and
2025-02-14 14:22:27,254 INFO     ___FILE_ONLY___  
2025-02-14 14:22:27,254 INFO     ___FILE_ONLY___ [1mpd-disk-type[m
2025-02-14 14:22:27,254 INFO     ___FILE_ONLY___  
2025-02-14 14:22:27,254 INFO     ___FILE_ONLY___ in
2025-02-14 14:22:27,254 INFO     ___FILE_ONLY___  
2025-02-14 14:22:27,254 INFO     ___FILE_ONLY___ the
2025-02-14 14:22:27,254 INFO     ___FILE_ONLY___ 

2025-02-14 14:22:27,254 INFO     ___FILE_ONLY___         
2025-02-14 14:22:27,254 INFO     ___FILE_ONLY___ [1mworkstations
2025-02-14 14:22:27,254 INFO     ___FILE_ONLY___  
2025-02-14 14:22:27,254 INFO     ___FILE_ONLY___ config
2025-02-14 14:22:27,254 INFO     ___FILE_ONLY___  
2025-02-14 14:22:27,254 INFO     ___FILE_ONLY___ update[m
2025-02-14 14:22:27,254 INFO     ___FILE_ONLY___  
2025-02-14 14:22:27,254 INFO     ___FILE_ONLY___ command.
2025-02-14 14:22:27,254 INFO     ___FILE_ONLY___ 

2025-02-14 14:22:27,254 INFO     ___FILE_ONLY___ 

2025-02-14 14:22:27,254 INFO     ___FILE_ONLY___ [m
2025-02-14 14:22:27,254 INFO     ___FILE_ONLY___   
2025-02-14 14:22:27,254 INFO     ___FILE_ONLY___ [1mCompute Engine[m

2025-02-14 14:22:27,254 INFO     ___FILE_ONLY___       â–ª
2025-02-14 14:22:27,254 INFO     ___FILE_ONLY___  
2025-02-14 14:22:27,254 INFO     ___FILE_ONLY___ Promoted
2025-02-14 14:22:27,254 INFO     ___FILE_ONLY___  
2025-02-14 14:22:27,254 INFO     ___FILE_ONLY___ the
2025-02-14 14:22:27,254 INFO     ___FILE_ONLY___  
2025-02-14 14:22:27,254 INFO     ___FILE_ONLY___ [1mINTERNAL_IPV6_RANGE[m
2025-02-14 14:22:27,254 INFO     ___FILE_ONLY___  
2025-02-14 14:22:27,254 INFO     ___FILE_ONLY___ output
2025-02-14 14:22:27,255 INFO     ___FILE_ONLY___  
2025-02-14 14:22:27,255 INFO     ___FILE_ONLY___ field
2025-02-14 14:22:27,255 INFO     ___FILE_ONLY___  
2025-02-14 14:22:27,255 INFO     ___FILE_ONLY___ in
2025-02-14 14:22:27,255 INFO     ___FILE_ONLY___  
2025-02-14 14:22:27,255 INFO     ___FILE_ONLY___ [1mgcloud
2025-02-14 14:22:27,255 INFO     ___FILE_ONLY___  
2025-02-14 14:22:27,255 INFO     ___FILE_ONLY___ compute
2025-02-14 14:22:27,255 INFO     ___FILE_ONLY___ 

2025-02-14 14:22:27,255 INFO     ___FILE_ONLY___         
2025-02-14 14:22:27,255 INFO     ___FILE_ONLY___ networks
2025-02-14 14:22:27,255 INFO     ___FILE_ONLY___  
2025-02-14 14:22:27,255 INFO     ___FILE_ONLY___ create[m
2025-02-14 14:22:27,255 INFO     ___FILE_ONLY___  
2025-02-14 14:22:27,255 INFO     ___FILE_ONLY___ and
2025-02-14 14:22:27,255 INFO     ___FILE_ONLY___  
2025-02-14 14:22:27,255 INFO     ___FILE_ONLY___ [1mgcloud
2025-02-14 14:22:27,255 INFO     ___FILE_ONLY___  
2025-02-14 14:22:27,255 INFO     ___FILE_ONLY___ compute
2025-02-14 14:22:27,255 INFO     ___FILE_ONLY___  
2025-02-14 14:22:27,255 INFO     ___FILE_ONLY___ networks
2025-02-14 14:22:27,255 INFO     ___FILE_ONLY___  
2025-02-14 14:22:27,255 INFO     ___FILE_ONLY___ list[m
2025-02-14 14:22:27,255 INFO     ___FILE_ONLY___  
2025-02-14 14:22:27,255 INFO     ___FILE_ONLY___ to
2025-02-14 14:22:27,255 INFO     ___FILE_ONLY___  
2025-02-14 14:22:27,255 INFO     ___FILE_ONLY___ Beta/GA.
2025-02-14 14:22:27,255 INFO     ___FILE_ONLY___ 

2025-02-14 14:22:27,255 INFO     ___FILE_ONLY___       â–ª
2025-02-14 14:22:27,255 INFO     ___FILE_ONLY___  
2025-02-14 14:22:27,255 INFO     ___FILE_ONLY___ Added
2025-02-14 14:22:27,255 INFO     ___FILE_ONLY___  
2025-02-14 14:22:27,255 INFO     ___FILE_ONLY___ [1m--tags[m
2025-02-14 14:22:27,255 INFO     ___FILE_ONLY___  
2025-02-14 14:22:27,255 INFO     ___FILE_ONLY___ flag
2025-02-14 14:22:27,255 INFO     ___FILE_ONLY___  
2025-02-14 14:22:27,255 INFO     ___FILE_ONLY___ to
2025-02-14 14:22:27,255 INFO     ___FILE_ONLY___  
2025-02-14 14:22:27,255 INFO     ___FILE_ONLY___ the
2025-02-14 14:22:27,255 INFO     ___FILE_ONLY___  
2025-02-14 14:22:27,255 INFO     ___FILE_ONLY___ following
2025-02-14 14:22:27,255 INFO     ___FILE_ONLY___  
2025-02-14 14:22:27,256 INFO     ___FILE_ONLY___ command:
2025-02-14 14:22:27,256 INFO     ___FILE_ONLY___ 

2025-02-14 14:22:27,256 INFO     ___FILE_ONLY___         â—†
2025-02-14 14:22:27,256 INFO     ___FILE_ONLY___  
2025-02-14 14:22:27,256 INFO     ___FILE_ONLY___ [1mgcloud
2025-02-14 14:22:27,256 INFO     ___FILE_ONLY___  
2025-02-14 14:22:27,256 INFO     ___FILE_ONLY___ beta
2025-02-14 14:22:27,256 INFO     ___FILE_ONLY___  
2025-02-14 14:22:27,256 INFO     ___FILE_ONLY___ compute
2025-02-14 14:22:27,256 INFO     ___FILE_ONLY___  
2025-02-14 14:22:27,256 INFO     ___FILE_ONLY___ url-maps
2025-02-14 14:22:27,256 INFO     ___FILE_ONLY___  
2025-02-14 14:22:27,256 INFO     ___FILE_ONLY___ invalidate-cdn-cache[m.
2025-02-14 14:22:27,256 INFO     ___FILE_ONLY___ 

2025-02-14 14:22:27,256 INFO     ___FILE_ONLY___ 

2025-02-14 14:22:27,256 INFO     ___FILE_ONLY___ [m
2025-02-14 14:22:27,256 INFO     ___FILE_ONLY___   
2025-02-14 14:22:27,256 INFO     ___FILE_ONLY___ [1mCompute Firewall Policy Mirroring Rules[m

2025-02-14 14:22:27,256 INFO     ___FILE_ONLY___       â–ª
2025-02-14 14:22:27,256 INFO     ___FILE_ONLY___  
2025-02-14 14:22:27,256 INFO     ___FILE_ONLY___ Updated
2025-02-14 14:22:27,256 INFO     ___FILE_ONLY___  
2025-02-14 14:22:27,256 INFO     ___FILE_ONLY___ [1mgcloud
2025-02-14 14:22:27,256 INFO     ___FILE_ONLY___  
2025-02-14 14:22:27,256 INFO     ___FILE_ONLY___ compute
2025-02-14 14:22:27,256 INFO     ___FILE_ONLY___  
2025-02-14 14:22:27,256 INFO     ___FILE_ONLY___ network
2025-02-14 14:22:27,256 INFO     ___FILE_ONLY___  
2025-02-14 14:22:27,256 INFO     ___FILE_ONLY___ get-effective-firewalls[m
2025-02-14 14:22:27,256 INFO     ___FILE_ONLY___  
2025-02-14 14:22:27,256 INFO     ___FILE_ONLY___ to
2025-02-14 14:22:27,256 INFO     ___FILE_ONLY___  
2025-02-14 14:22:27,256 INFO     ___FILE_ONLY___ include
2025-02-14 14:22:27,256 INFO     ___FILE_ONLY___ 

2025-02-14 14:22:27,256 INFO     ___FILE_ONLY___         
2025-02-14 14:22:27,256 INFO     ___FILE_ONLY___ mirroring
2025-02-14 14:22:27,256 INFO     ___FILE_ONLY___  
2025-02-14 14:22:27,256 INFO     ___FILE_ONLY___ rules
2025-02-14 14:22:27,256 INFO     ___FILE_ONLY___  
2025-02-14 14:22:27,257 INFO     ___FILE_ONLY___ (in
2025-02-14 14:22:27,257 INFO     ___FILE_ONLY___  
2025-02-14 14:22:27,257 INFO     ___FILE_ONLY___ beta).
2025-02-14 14:22:27,257 INFO     ___FILE_ONLY___ 

2025-02-14 14:22:27,257 INFO     ___FILE_ONLY___       â–ª
2025-02-14 14:22:27,257 INFO     ___FILE_ONLY___  
2025-02-14 14:22:27,257 INFO     ___FILE_ONLY___ Updated
2025-02-14 14:22:27,257 INFO     ___FILE_ONLY___  
2025-02-14 14:22:27,257 INFO     ___FILE_ONLY___ [1mgcloud
2025-02-14 14:22:27,257 INFO     ___FILE_ONLY___  
2025-02-14 14:22:27,257 INFO     ___FILE_ONLY___ compute
2025-02-14 14:22:27,257 INFO     ___FILE_ONLY___  
2025-02-14 14:22:27,257 INFO     ___FILE_ONLY___ instances
2025-02-14 14:22:27,257 INFO     ___FILE_ONLY___  
2025-02-14 14:22:27,257 INFO     ___FILE_ONLY___ network-interfaces
2025-02-14 14:22:27,257 INFO     ___FILE_ONLY___ 

2025-02-14 14:22:27,257 INFO     ___FILE_ONLY___         
2025-02-14 14:22:27,257 INFO     ___FILE_ONLY___ get-effective-firewalls[m
2025-02-14 14:22:27,257 INFO     ___FILE_ONLY___  
2025-02-14 14:22:27,257 INFO     ___FILE_ONLY___ to
2025-02-14 14:22:27,257 INFO     ___FILE_ONLY___  
2025-02-14 14:22:27,257 INFO     ___FILE_ONLY___ include
2025-02-14 14:22:27,257 INFO     ___FILE_ONLY___  
2025-02-14 14:22:27,257 INFO     ___FILE_ONLY___ mirroring
2025-02-14 14:22:27,257 INFO     ___FILE_ONLY___  
2025-02-14 14:22:27,257 INFO     ___FILE_ONLY___ rules
2025-02-14 14:22:27,257 INFO     ___FILE_ONLY___  
2025-02-14 14:22:27,257 INFO     ___FILE_ONLY___ (in
2025-02-14 14:22:27,257 INFO     ___FILE_ONLY___  
2025-02-14 14:22:27,257 INFO     ___FILE_ONLY___ beta).
2025-02-14 14:22:27,257 INFO     ___FILE_ONLY___ 

2025-02-14 14:22:27,257 INFO     ___FILE_ONLY___       â–ª
2025-02-14 14:22:27,257 INFO     ___FILE_ONLY___  
2025-02-14 14:22:27,257 INFO     ___FILE_ONLY___ Updated
2025-02-14 14:22:27,257 INFO     ___FILE_ONLY___  
2025-02-14 14:22:27,257 INFO     ___FILE_ONLY___ [1mgcloud
2025-02-14 14:22:27,257 INFO     ___FILE_ONLY___  
2025-02-14 14:22:27,257 INFO     ___FILE_ONLY___ compute
2025-02-14 14:22:27,257 INFO     ___FILE_ONLY___  
2025-02-14 14:22:27,257 INFO     ___FILE_ONLY___ network-firewall-policies
2025-02-14 14:22:27,257 INFO     ___FILE_ONLY___ 

2025-02-14 14:22:27,258 INFO     ___FILE_ONLY___         
2025-02-14 14:22:27,258 INFO     ___FILE_ONLY___ get-effective-firewalls[m
2025-02-14 14:22:27,258 INFO     ___FILE_ONLY___  
2025-02-14 14:22:27,258 INFO     ___FILE_ONLY___ to
2025-02-14 14:22:27,258 INFO     ___FILE_ONLY___  
2025-02-14 14:22:27,258 INFO     ___FILE_ONLY___ include
2025-02-14 14:22:27,258 INFO     ___FILE_ONLY___  
2025-02-14 14:22:27,258 INFO     ___FILE_ONLY___ mirroring
2025-02-14 14:22:27,258 INFO     ___FILE_ONLY___  
2025-02-14 14:22:27,258 INFO     ___FILE_ONLY___ rules
2025-02-14 14:22:27,258 INFO     ___FILE_ONLY___  
2025-02-14 14:22:27,258 INFO     ___FILE_ONLY___ (in
2025-02-14 14:22:27,258 INFO     ___FILE_ONLY___  
2025-02-14 14:22:27,258 INFO     ___FILE_ONLY___ beta).
2025-02-14 14:22:27,258 INFO     ___FILE_ONLY___ 

2025-02-14 14:22:27,258 INFO     ___FILE_ONLY___ 

2025-02-14 14:22:27,258 INFO     ___FILE_ONLY___ [m
2025-02-14 14:22:27,258 INFO     ___FILE_ONLY___   
2025-02-14 14:22:27,258 INFO     ___FILE_ONLY___ [1mGKE Hub[m

2025-02-14 14:22:27,258 INFO     ___FILE_ONLY___       â–ª
2025-02-14 14:22:27,258 INFO     ___FILE_ONLY___  
2025-02-14 14:22:27,258 INFO     ___FILE_ONLY___ Added
2025-02-14 14:22:27,258 INFO     ___FILE_ONLY___  
2025-02-14 14:22:27,258 INFO     ___FILE_ONLY___ [1mgcloud
2025-02-14 14:22:27,258 INFO     ___FILE_ONLY___  
2025-02-14 14:22:27,258 INFO     ___FILE_ONLY___ container
2025-02-14 14:22:27,258 INFO     ___FILE_ONLY___  
2025-02-14 14:22:27,258 INFO     ___FILE_ONLY___ fleet
2025-02-14 14:22:27,258 INFO     ___FILE_ONLY___  
2025-02-14 14:22:27,258 INFO     ___FILE_ONLY___ mesh
2025-02-14 14:22:27,258 INFO     ___FILE_ONLY___  
2025-02-14 14:22:27,258 INFO     ___FILE_ONLY___ update
2025-02-14 14:22:27,258 INFO     ___FILE_ONLY___  
2025-02-14 14:22:27,259 INFO     ___FILE_ONLY___ --config-api[m
2025-02-14 14:22:27,259 INFO     ___FILE_ONLY___  
2025-02-14 14:22:27,259 INFO     ___FILE_ONLY___ to
2025-02-14 14:22:27,259 INFO     ___FILE_ONLY___  
2025-02-14 14:22:27,259 INFO     ___FILE_ONLY___ GA
2025-02-14 14:22:27,259 INFO     ___FILE_ONLY___  
2025-02-14 14:22:27,259 INFO     ___FILE_ONLY___ which
2025-02-14 14:22:27,259 INFO     ___FILE_ONLY___ 

2025-02-14 14:22:27,259 INFO     ___FILE_ONLY___         
2025-02-14 14:22:27,259 INFO     ___FILE_ONLY___ sets
2025-02-14 14:22:27,259 INFO     ___FILE_ONLY___  
2025-02-14 14:22:27,259 INFO     ___FILE_ONLY___ up
2025-02-14 14:22:27,259 INFO     ___FILE_ONLY___  
2025-02-14 14:22:27,259 INFO     ___FILE_ONLY___ configuration
2025-02-14 14:22:27,259 INFO     ___FILE_ONLY___  
2025-02-14 14:22:27,259 INFO     ___FILE_ONLY___ API
2025-02-14 14:22:27,259 INFO     ___FILE_ONLY___  
2025-02-14 14:22:27,259 INFO     ___FILE_ONLY___ for
2025-02-14 14:22:27,259 INFO     ___FILE_ONLY___  
2025-02-14 14:22:27,259 INFO     ___FILE_ONLY___ service
2025-02-14 14:22:27,259 INFO     ___FILE_ONLY___  
2025-02-14 14:22:27,259 INFO     ___FILE_ONLY___ mesh.
2025-02-14 14:22:27,259 INFO     ___FILE_ONLY___ 

2025-02-14 14:22:27,259 INFO     ___FILE_ONLY___       â–ª
2025-02-14 14:22:27,259 INFO     ___FILE_ONLY___  
2025-02-14 14:22:27,259 INFO     ___FILE_ONLY___ Enable
2025-02-14 14:22:27,259 INFO     ___FILE_ONLY___  
2025-02-14 14:22:27,260 INFO     ___FILE_ONLY___ [1mgcloud
2025-02-14 14:22:27,260 INFO     ___FILE_ONLY___  
2025-02-14 14:22:27,260 INFO     ___FILE_ONLY___ container
2025-02-14 14:22:27,260 INFO     ___FILE_ONLY___  
2025-02-14 14:22:27,260 INFO     ___FILE_ONLY___ fleet
2025-02-14 14:22:27,260 INFO     ___FILE_ONLY___  
2025-02-14 14:22:27,260 INFO     ___FILE_ONLY___ XXX
2025-02-14 14:22:27,260 INFO     ___FILE_ONLY___  
2025-02-14 14:22:27,260 INFO     ___FILE_ONLY___ describe[m
2025-02-14 14:22:27,260 INFO     ___FILE_ONLY___  
2025-02-14 14:22:27,260 INFO     ___FILE_ONLY___ and
2025-02-14 14:22:27,260 INFO     ___FILE_ONLY___  
2025-02-14 14:22:27,260 INFO     ___FILE_ONLY___ [1mgcloud
2025-02-14 14:22:27,260 INFO     ___FILE_ONLY___  
2025-02-14 14:22:27,260 INFO     ___FILE_ONLY___ container
2025-02-14 14:22:27,260 INFO     ___FILE_ONLY___  
2025-02-14 14:22:27,260 INFO     ___FILE_ONLY___ fleet
2025-02-14 14:22:27,260 INFO     ___FILE_ONLY___ 

2025-02-14 14:22:27,260 INFO     ___FILE_ONLY___         
2025-02-14 14:22:27,260 INFO     ___FILE_ONLY___ features
2025-02-14 14:22:27,260 INFO     ___FILE_ONLY___  
2025-02-14 14:22:27,260 INFO     ___FILE_ONLY___ list[m
2025-02-14 14:22:27,260 INFO     ___FILE_ONLY___  
2025-02-14 14:22:27,260 INFO     ___FILE_ONLY___ to
2025-02-14 14:22:27,260 INFO     ___FILE_ONLY___  
2025-02-14 14:22:27,260 INFO     ___FILE_ONLY___ return
2025-02-14 14:22:27,260 INFO     ___FILE_ONLY___  
2025-02-14 14:22:27,260 INFO     ___FILE_ONLY___ partial
2025-02-14 14:22:27,260 INFO     ___FILE_ONLY___  
2025-02-14 14:22:27,260 INFO     ___FILE_ONLY___ results
2025-02-14 14:22:27,260 INFO     ___FILE_ONLY___  
2025-02-14 14:22:27,260 INFO     ___FILE_ONLY___ when
2025-02-14 14:22:27,260 INFO     ___FILE_ONLY___  
2025-02-14 14:22:27,260 INFO     ___FILE_ONLY___ a
2025-02-14 14:22:27,260 INFO     ___FILE_ONLY___  
2025-02-14 14:22:27,260 INFO     ___FILE_ONLY___ google
2025-02-14 14:22:27,260 INFO     ___FILE_ONLY___  
2025-02-14 14:22:27,260 INFO     ___FILE_ONLY___ cloud
2025-02-14 14:22:27,260 INFO     ___FILE_ONLY___  
2025-02-14 14:22:27,260 INFO     ___FILE_ONLY___ region
2025-02-14 14:22:27,260 INFO     ___FILE_ONLY___  
2025-02-14 14:22:27,260 INFO     ___FILE_ONLY___ is
2025-02-14 14:22:27,261 INFO     ___FILE_ONLY___ 

2025-02-14 14:22:27,261 INFO     ___FILE_ONLY___         
2025-02-14 14:22:27,261 INFO     ___FILE_ONLY___ unavailable,
2025-02-14 14:22:27,261 INFO     ___FILE_ONLY___  
2025-02-14 14:22:27,261 INFO     ___FILE_ONLY___ instead
2025-02-14 14:22:27,261 INFO     ___FILE_ONLY___  
2025-02-14 14:22:27,261 INFO     ___FILE_ONLY___ of
2025-02-14 14:22:27,261 INFO     ___FILE_ONLY___  
2025-02-14 14:22:27,261 INFO     ___FILE_ONLY___ returning
2025-02-14 14:22:27,261 INFO     ___FILE_ONLY___  
2025-02-14 14:22:27,261 INFO     ___FILE_ONLY___ an
2025-02-14 14:22:27,261 INFO     ___FILE_ONLY___  
2025-02-14 14:22:27,261 INFO     ___FILE_ONLY___ error.
2025-02-14 14:22:27,261 INFO     ___FILE_ONLY___ 

2025-02-14 14:22:27,261 INFO     ___FILE_ONLY___ 

2025-02-14 14:22:27,261 INFO     ___FILE_ONLY___ [m
2025-02-14 14:22:27,261 INFO     ___FILE_ONLY___   
2025-02-14 14:22:27,261 INFO     ___FILE_ONLY___ [1mModel Armor[m

2025-02-14 14:22:27,261 INFO     ___FILE_ONLY___       â–ª
2025-02-14 14:22:27,261 INFO     ___FILE_ONLY___  
2025-02-14 14:22:27,261 INFO     ___FILE_ONLY___ Promoted
2025-02-14 14:22:27,261 INFO     ___FILE_ONLY___  
2025-02-14 14:22:27,261 INFO     ___FILE_ONLY___ [1mmodel_armor[m
2025-02-14 14:22:27,261 INFO     ___FILE_ONLY___  
2025-02-14 14:22:27,261 INFO     ___FILE_ONLY___ command
2025-02-14 14:22:27,261 INFO     ___FILE_ONLY___  
2025-02-14 14:22:27,261 INFO     ___FILE_ONLY___ group
2025-02-14 14:22:27,261 INFO     ___FILE_ONLY___  
2025-02-14 14:22:27,261 INFO     ___FILE_ONLY___ to
2025-02-14 14:22:27,261 INFO     ___FILE_ONLY___  
2025-02-14 14:22:27,261 INFO     ___FILE_ONLY___ GA.
2025-02-14 14:22:27,261 INFO     ___FILE_ONLY___ 

2025-02-14 14:22:27,261 INFO     ___FILE_ONLY___ 

2025-02-14 14:22:27,261 INFO     ___FILE_ONLY___ [m
2025-02-14 14:22:27,261 INFO     ___FILE_ONLY___   
2025-02-14 14:22:27,261 INFO     ___FILE_ONLY___ [1mWorkbench[m

2025-02-14 14:22:27,261 INFO     ___FILE_ONLY___       â–ª
2025-02-14 14:22:27,261 INFO     ___FILE_ONLY___  
2025-02-14 14:22:27,262 INFO     ___FILE_ONLY___ Added
2025-02-14 14:22:27,262 INFO     ___FILE_ONLY___  
2025-02-14 14:22:27,262 INFO     ___FILE_ONLY___ [1m--container-repository[m
2025-02-14 14:22:27,262 INFO     ___FILE_ONLY___  
2025-02-14 14:22:27,262 INFO     ___FILE_ONLY___ and
2025-02-14 14:22:27,262 INFO     ___FILE_ONLY___  
2025-02-14 14:22:27,262 INFO     ___FILE_ONLY___ [1m--container-tag[m
2025-02-14 14:22:27,262 INFO     ___FILE_ONLY___  
2025-02-14 14:22:27,262 INFO     ___FILE_ONLY___ to
2025-02-14 14:22:27,262 INFO     ___FILE_ONLY___  
2025-02-14 14:22:27,262 INFO     ___FILE_ONLY___ [1mgcloud
2025-02-14 14:22:27,262 INFO     ___FILE_ONLY___  
2025-02-14 14:22:27,262 INFO     ___FILE_ONLY___ workbench
2025-02-14 14:22:27,262 INFO     ___FILE_ONLY___ 

2025-02-14 14:22:27,262 INFO     ___FILE_ONLY___         
2025-02-14 14:22:27,262 INFO     ___FILE_ONLY___ instances
2025-02-14 14:22:27,262 INFO     ___FILE_ONLY___  
2025-02-14 14:22:27,262 INFO     ___FILE_ONLY___ update[m
2025-02-14 14:22:27,262 INFO     ___FILE_ONLY___  
2025-02-14 14:22:27,262 INFO     ___FILE_ONLY___ command.
2025-02-14 14:22:27,262 INFO     ___FILE_ONLY___ 

2025-02-14 14:22:27,262 INFO     ___FILE_ONLY___ 

2025-02-14 14:22:27,262 INFO     ___FILE_ONLY___    
2025-02-14 14:22:27,262 INFO     ___FILE_ONLY___  
2025-02-14 14:22:27,262 INFO     ___FILE_ONLY___ Subscribe
2025-02-14 14:22:27,262 INFO     ___FILE_ONLY___  
2025-02-14 14:22:27,262 INFO     ___FILE_ONLY___ to
2025-02-14 14:22:27,262 INFO     ___FILE_ONLY___  
2025-02-14 14:22:27,262 INFO     ___FILE_ONLY___ these
2025-02-14 14:22:27,262 INFO     ___FILE_ONLY___  
2025-02-14 14:22:27,262 INFO     ___FILE_ONLY___ release
2025-02-14 14:22:27,262 INFO     ___FILE_ONLY___  
2025-02-14 14:22:27,262 INFO     ___FILE_ONLY___ notes
2025-02-14 14:22:27,262 INFO     ___FILE_ONLY___  
2025-02-14 14:22:27,262 INFO     ___FILE_ONLY___ at
2025-02-14 14:22:27,262 INFO     ___FILE_ONLY___ 

2025-02-14 14:22:27,262 INFO     ___FILE_ONLY___     
2025-02-14 14:22:27,262 INFO     ___FILE_ONLY___ https://groups.google.com/forum/#!forum/google-cloud-sdk-announce
2025-02-14 14:22:27,263 INFO     ___FILE_ONLY___ 

2025-02-14 14:22:27,263 INFO     ___FILE_ONLY___     
2025-02-14 14:22:27,263 INFO     ___FILE_ONLY___ (https://groups.google.com/forum/#!forum/google-cloud-sdk-announce).
2025-02-14 14:22:27,263 INFO     ___FILE_ONLY___ 

2025-02-14 14:22:27,263 INFO     ___FILE_ONLY___ [m
2025-02-14 14:22:27,263 INFO     ___FILE_ONLY___ 

2025-02-14 14:27:06,976 INFO     ___FILE_ONLY___ Performing in place update...


2025-02-14 14:27:06,978 INFO     ___FILE_ONLY___ â•”â•â•â•â•â•â•â•â•â•â•â•â•â•â•â•â•â•â•â•â•â•â•â•â•â•â•â•â•â•â•â•â•â•â•â•â•â•â•â•â•â•â•â•â•â•â•â•â•â•â•â•â•â•â•â•â•â•â•â•â•â•—

2025-02-14 14:27:06,978 INFO     ___FILE_ONLY___ â• â• Downloading: Google Cloud CLI Core Libraries             â•â•£

2025-02-14 14:27:06,978 INFO     ___FILE_ONLY___ â•š
2025-02-14 14:27:06,985 DEBUG    urllib3.connectionpool Starting new HTTPS connection (1): dl.google.com:443
2025-02-14 14:27:07,083 DEBUG    urllib3.connectionpool https://dl.google.com:443 "GET /dl/cloudsdk/channels/rapid/components/google-cloud-sdk-core-20250210213649.tar.gz HTTP/11" 200 21859388
2025-02-14 14:27:08,486 INFO     ___FILE_ONLY___ â•
2025-02-14 14:27:08,486 INFO     ___FILE_ONLY___ â•
2025-02-14 14:27:08,487 INFO     ___FILE_ONLY___ â•
2025-02-14 14:27:08,487 INFO     ___FILE_ONLY___ â•
2025-02-14 14:27:08,487 INFO     ___FILE_ONLY___ â•
2025-02-14 14:27:08,487 INFO     ___FILE_ONLY___ â•
2025-02-14 14:27:08,488 INFO     ___FILE_ONLY___ â•
2025-02-14 14:27:08,488 INFO     ___FILE_ONLY___ â•
2025-02-14 14:27:08,489 INFO     ___FILE_ONLY___ â•
2025-02-14 14:27:08,489 INFO     ___FILE_ONLY___ â•
2025-02-14 14:27:08,490 INFO     ___FILE_ONLY___ â•
2025-02-14 14:27:08,490 INFO     ___FILE_ONLY___ â•
2025-02-14 14:27:08,490 INFO     ___FILE_ONLY___ â•
2025-02-14 14:27:08,490 INFO     ___FILE_ONLY___ â•
2025-02-14 14:27:08,491 INFO     ___FILE_ONLY___ â•
2025-02-14 14:27:08,491 INFO     ___FILE_ONLY___ â•
2025-02-14 14:27:08,491 INFO     ___FILE_ONLY___ â•
2025-02-14 14:27:08,492 INFO     ___FILE_ONLY___ â•
2025-02-14 14:27:08,493 INFO     ___FILE_ONLY___ â•
2025-02-14 14:27:08,493 INFO     ___FILE_ONLY___ â•
2025-02-14 14:27:08,493 INFO     ___FILE_ONLY___ â•
2025-02-14 14:27:08,493 INFO     ___FILE_ONLY___ â•
2025-02-14 14:27:08,494 INFO     ___FILE_ONLY___ â•
2025-02-14 14:27:08,495 INFO     ___FILE_ONLY___ â•
2025-02-14 14:27:08,495 INFO     ___FILE_ONLY___ â•
2025-02-14 14:27:08,496 INFO     ___FILE_ONLY___ â•
2025-02-14 14:27:08,496 INFO     ___FILE_ONLY___ â•
2025-02-14 14:27:08,496 INFO     ___FILE_ONLY___ â•
2025-02-14 14:27:08,497 INFO     ___FILE_ONLY___ â•
2025-02-14 14:27:08,497 INFO     ___FILE_ONLY___ â•
2025-02-14 14:27:08,497 INFO     ___FILE_ONLY___ â•
2025-02-14 14:27:08,497 INFO     ___FILE_ONLY___ â•
2025-02-14 14:27:08,497 INFO     ___FILE_ONLY___ â•
2025-02-14 14:27:08,498 INFO     ___FILE_ONLY___ â•
2025-02-14 14:27:08,498 INFO     ___FILE_ONLY___ â•
2025-02-14 14:27:08,498 INFO     ___FILE_ONLY___ â•
2025-02-14 14:27:08,499 INFO     ___FILE_ONLY___ â•
2025-02-14 14:27:08,499 INFO     ___FILE_ONLY___ â•
2025-02-14 14:27:08,499 INFO     ___FILE_ONLY___ â•
2025-02-14 14:27:08,499 INFO     ___FILE_ONLY___ â•
2025-02-14 14:27:08,499 INFO     ___FILE_ONLY___ â•
2025-02-14 14:27:08,500 INFO     ___FILE_ONLY___ â•
2025-02-14 14:27:08,500 INFO     ___FILE_ONLY___ â•
2025-02-14 14:27:08,500 INFO     ___FILE_ONLY___ â•
2025-02-14 14:27:08,501 INFO     ___FILE_ONLY___ â•
2025-02-14 14:27:08,501 INFO     ___FILE_ONLY___ â•
2025-02-14 14:27:08,502 INFO     ___FILE_ONLY___ â•
2025-02-14 14:27:08,502 INFO     ___FILE_ONLY___ â•
2025-02-14 14:27:08,503 INFO     ___FILE_ONLY___ â•
2025-02-14 14:27:08,503 INFO     ___FILE_ONLY___ â•
2025-02-14 14:27:08,503 INFO     ___FILE_ONLY___ â•
2025-02-14 14:27:08,503 INFO     ___FILE_ONLY___ â•
2025-02-14 14:27:08,504 INFO     ___FILE_ONLY___ â•
2025-02-14 14:27:08,504 INFO     ___FILE_ONLY___ â•
2025-02-14 14:27:08,504 INFO     ___FILE_ONLY___ â•
2025-02-14 14:27:08,504 INFO     ___FILE_ONLY___ â•
2025-02-14 14:27:08,505 INFO     ___FILE_ONLY___ â•
2025-02-14 14:27:08,505 INFO     ___FILE_ONLY___ â•
2025-02-14 14:27:08,505 INFO     ___FILE_ONLY___ â•
2025-02-14 14:27:08,505 INFO     ___FILE_ONLY___ â•
2025-02-14 14:27:08,505 INFO     ___FILE_ONLY___ â•
2025-02-14 14:27:08,507 INFO     ___FILE_ONLY___ â• â•â•â•â•â•â•â•â•â•â•â•â•â•â•â•â•â•â•â•â•â•â•â•â•â•â•â•â•â•â•â•â•â•â•â•â•â•â•â•â•â•â•â•â•â•â•â•â•â•â•â•â•â•â•â•â•â•â•â•â•â•£

2025-02-14 14:27:08,507 INFO     ___FILE_ONLY___ â• â• Downloading: gcloud Alpha Commands                       â•â•£

2025-02-14 14:27:08,507 INFO     ___FILE_ONLY___ â•š
2025-02-14 14:27:08,512 DEBUG    urllib3.connectionpool Starting new HTTPS connection (1): dl.google.com:443
2025-02-14 14:27:08,611 DEBUG    urllib3.connectionpool https://dl.google.com:443 "GET /dl/cloudsdk/channels/rapid/components/google-cloud-sdk-alpha-20250210213649.tar.gz HTTP/11" 200 800
2025-02-14 14:27:08,612 INFO     ___FILE_ONLY___ â•â•â•â•â•â•â•â•â•â•â•â•â•â•â•â•â•â•â•â•â•â•â•â•â•â•â•â•â•â•â•â•â•â•â•â•â•â•â•â•â•â•â•â•â•â•â•â•â•â•â•â•â•â•â•â•â•â•â•â•
2025-02-14 14:27:08,612 INFO     ___FILE_ONLY___ â•
2025-02-14 14:27:08,612 INFO     ___FILE_ONLY___ â• â•â•â•â•â•â•â•â•â•â•â•â•â•â•â•â•â•â•â•â•â•â•â•â•â•â•â•â•â•â•â•â•â•â•â•â•â•â•â•â•â•â•â•â•â•â•â•â•â•â•â•â•â•â•â•â•â•â•â•â•â•£

2025-02-14 14:27:08,613 INFO     ___FILE_ONLY___ â• â• Uninstalling: Google Cloud CLI Core Libraries            â•â•£

2025-02-14 14:27:08,613 INFO     ___FILE_ONLY___ â•š
2025-02-14 14:27:08,710 INFO     ___FILE_ONLY___ â•
2025-02-14 14:27:08,792 INFO     ___FILE_ONLY___ â•
2025-02-14 14:27:08,919 INFO     ___FILE_ONLY___ â•
2025-02-14 14:27:09,020 INFO     ___FILE_ONLY___ â•
2025-02-14 14:27:09,114 INFO     ___FILE_ONLY___ â•
2025-02-14 14:27:09,214 INFO     ___FILE_ONLY___ â•
2025-02-14 14:27:09,302 INFO     ___FILE_ONLY___ â•
2025-02-14 14:27:09,385 INFO     ___FILE_ONLY___ â•
2025-02-14 14:27:09,501 INFO     ___FILE_ONLY___ â•
2025-02-14 14:27:09,591 INFO     ___FILE_ONLY___ â•
2025-02-14 14:27:09,720 INFO     ___FILE_ONLY___ â•
2025-02-14 14:27:09,825 INFO     ___FILE_ONLY___ â•
2025-02-14 14:27:09,916 INFO     ___FILE_ONLY___ â•
2025-02-14 14:27:10,075 INFO     ___FILE_ONLY___ â•
2025-02-14 14:27:10,212 INFO     ___FILE_ONLY___ â•
2025-02-14 14:27:10,316 INFO     ___FILE_ONLY___ â•
2025-02-14 14:27:10,455 INFO     ___FILE_ONLY___ â•
2025-02-14 14:27:10,628 INFO     ___FILE_ONLY___ â•
2025-02-14 14:27:10,744 INFO     ___FILE_ONLY___ â•
2025-02-14 14:27:10,843 INFO     ___FILE_ONLY___ â•
2025-02-14 14:27:10,956 INFO     ___FILE_ONLY___ â•
2025-02-14 14:27:11,117 INFO     ___FILE_ONLY___ â•
2025-02-14 14:27:11,426 INFO     ___FILE_ONLY___ â•
2025-02-14 14:27:11,563 INFO     ___FILE_ONLY___ â•
2025-02-14 14:27:11,659 INFO     ___FILE_ONLY___ â•
2025-02-14 14:27:11,739 INFO     ___FILE_ONLY___ â•
2025-02-14 14:27:11,823 INFO     ___FILE_ONLY___ â•
2025-02-14 14:27:11,924 INFO     ___FILE_ONLY___ â•
2025-02-14 14:27:12,008 INFO     ___FILE_ONLY___ â•
2025-02-14 14:27:12,115 INFO     ___FILE_ONLY___ â•
2025-02-14 14:27:12,248 INFO     ___FILE_ONLY___ â•
2025-02-14 14:27:12,360 INFO     ___FILE_ONLY___ â•
2025-02-14 14:27:12,452 INFO     ___FILE_ONLY___ â•
2025-02-14 14:27:12,566 INFO     ___FILE_ONLY___ â•
2025-02-14 14:27:12,802 INFO     ___FILE_ONLY___ â•
2025-02-14 14:27:12,940 INFO     ___FILE_ONLY___ â•
2025-02-14 14:27:13,028 INFO     ___FILE_ONLY___ â•
2025-02-14 14:27:13,120 INFO     ___FILE_ONLY___ â•
2025-02-14 14:27:13,206 INFO     ___FILE_ONLY___ â•
2025-02-14 14:27:13,308 INFO     ___FILE_ONLY___ â•
2025-02-14 14:27:13,392 INFO     ___FILE_ONLY___ â•
2025-02-14 14:27:13,462 INFO     ___FILE_ONLY___ â•
2025-02-14 14:27:13,526 INFO     ___FILE_ONLY___ â•
2025-02-14 14:27:13,693 INFO     ___FILE_ONLY___ â•
2025-02-14 14:27:13,772 INFO     ___FILE_ONLY___ â•
2025-02-14 14:27:13,851 INFO     ___FILE_ONLY___ â•
2025-02-14 14:27:13,932 INFO     ___FILE_ONLY___ â•
2025-02-14 14:27:14,077 INFO     ___FILE_ONLY___ â•
2025-02-14 14:27:14,138 INFO     ___FILE_ONLY___ â•
2025-02-14 14:27:14,206 INFO     ___FILE_ONLY___ â•
2025-02-14 14:27:14,271 INFO     ___FILE_ONLY___ â•
2025-02-14 14:27:14,397 INFO     ___FILE_ONLY___ â•
2025-02-14 14:27:14,520 INFO     ___FILE_ONLY___ â•
2025-02-14 14:27:14,604 INFO     ___FILE_ONLY___ â•
2025-02-14 14:27:14,706 INFO     ___FILE_ONLY___ â•
2025-02-14 14:27:14,790 INFO     ___FILE_ONLY___ â•
2025-02-14 14:27:14,880 INFO     ___FILE_ONLY___ â•
2025-02-14 14:27:15,026 INFO     ___FILE_ONLY___ â•
2025-02-14 14:27:15,137 INFO     ___FILE_ONLY___ â•
2025-02-14 14:27:15,244 INFO     ___FILE_ONLY___ â•
2025-02-14 14:27:15,244 INFO     ___FILE_ONLY___ â•
2025-02-14 14:27:21,749 INFO     ___FILE_ONLY___ â• â•â•â•â•â•â•â•â•â•â•â•â•â•â•â•â•â•â•â•â•â•â•â•â•â•â•â•â•â•â•â•â•â•â•â•â•â•â•â•â•â•â•â•â•â•â•â•â•â•â•â•â•â•â•â•â•â•â•â•â•â•£

2025-02-14 14:27:21,749 INFO     ___FILE_ONLY___ â• â• Uninstalling: gcloud Alpha Commands                      â•â•£

2025-02-14 14:27:21,750 INFO     ___FILE_ONLY___ â•š
2025-02-14 14:27:21,753 INFO     ___FILE_ONLY___ â•â•â•â•â•â•â•â•â•â•â•â•â•â•â•â•â•â•â•â•â•â•â•â•â•â•â•â•â•â•â•â•â•â•â•â•â•â•â•â•â•â•â•â•â•â•â•â•â•â•â•â•â•â•â•â•â•â•â•â•
2025-02-14 14:27:21,754 INFO     ___FILE_ONLY___ â•
2025-02-14 14:27:21,758 INFO     ___FILE_ONLY___ â• â•â•â•â•â•â•â•â•â•â•â•â•â•â•â•â•â•â•â•â•â•â•â•â•â•â•â•â•â•â•â•â•â•â•â•â•â•â•â•â•â•â•â•â•â•â•â•â•â•â•â•â•â•â•â•â•â•â•â•â•â•£

2025-02-14 14:27:21,758 INFO     ___FILE_ONLY___ â• â• Installing: Google Cloud CLI Core Libraries              â•â•£

2025-02-14 14:27:21,758 INFO     ___FILE_ONLY___ â•š
2025-02-14 14:27:22,992 INFO     ___FILE_ONLY___ â•
2025-02-14 14:27:23,298 INFO     ___FILE_ONLY___ â•
2025-02-14 14:27:23,600 INFO     ___FILE_ONLY___ â•
2025-02-14 14:27:24,093 INFO     ___FILE_ONLY___ â•
2025-02-14 14:27:24,783 INFO     ___FILE_ONLY___ â•
2025-02-14 14:27:25,131 INFO     ___FILE_ONLY___ â•
2025-02-14 14:27:25,501 INFO     ___FILE_ONLY___ â•
2025-02-14 14:27:25,900 INFO     ___FILE_ONLY___ â•
2025-02-14 14:27:26,242 INFO     ___FILE_ONLY___ â•
2025-02-14 14:27:26,542 INFO     ___FILE_ONLY___ â•
2025-02-14 14:27:26,886 INFO     ___FILE_ONLY___ â•
2025-02-14 14:27:27,260 INFO     ___FILE_ONLY___ â•
2025-02-14 14:27:27,495 INFO     ___FILE_ONLY___ â•
2025-02-14 14:27:27,794 INFO     ___FILE_ONLY___ â•
2025-02-14 14:27:28,038 INFO     ___FILE_ONLY___ â•
2025-02-14 14:27:28,452 INFO     ___FILE_ONLY___ â•
2025-02-14 14:27:28,956 INFO     ___FILE_ONLY___ â•
2025-02-14 14:27:29,215 INFO     ___FILE_ONLY___ â•
2025-02-14 14:27:29,569 INFO     ___FILE_ONLY___ â•
2025-02-14 14:27:30,030 INFO     ___FILE_ONLY___ â•
2025-02-14 14:27:30,438 INFO     ___FILE_ONLY___ â•
2025-02-14 14:27:30,989 INFO     ___FILE_ONLY___ â•
2025-02-14 14:27:31,314 INFO     ___FILE_ONLY___ â•
2025-02-14 14:27:31,632 INFO     ___FILE_ONLY___ â•
2025-02-14 14:27:31,803 INFO     ___FILE_ONLY___ â•
2025-02-14 14:27:32,106 INFO     ___FILE_ONLY___ â•
2025-02-14 14:27:32,373 INFO     ___FILE_ONLY___ â•
2025-02-14 14:27:32,601 INFO     ___FILE_ONLY___ â•
2025-02-14 14:27:32,920 INFO     ___FILE_ONLY___ â•
2025-02-14 14:27:33,255 INFO     ___FILE_ONLY___ â•
2025-02-14 14:27:33,555 INFO     ___FILE_ONLY___ â•
2025-02-14 14:27:33,810 INFO     ___FILE_ONLY___ â•
2025-02-14 14:27:34,151 INFO     ___FILE_ONLY___ â•
2025-02-14 14:27:34,610 INFO     ___FILE_ONLY___ â•
2025-02-14 14:27:35,574 INFO     ___FILE_ONLY___ â•
2025-02-14 14:27:35,702 INFO     ___FILE_ONLY___ â•
2025-02-14 14:27:36,140 INFO     ___FILE_ONLY___ â•
2025-02-14 14:27:36,367 INFO     ___FILE_ONLY___ â•
2025-02-14 14:27:36,646 INFO     ___FILE_ONLY___ â•
2025-02-14 14:27:36,896 INFO     ___FILE_ONLY___ â•
2025-02-14 14:27:37,179 INFO     ___FILE_ONLY___ â•
2025-02-14 14:27:37,496 INFO     ___FILE_ONLY___ â•
2025-02-14 14:27:37,890 INFO     ___FILE_ONLY___ â•
2025-02-14 14:27:38,139 INFO     ___FILE_ONLY___ â•
2025-02-14 14:27:38,411 INFO     ___FILE_ONLY___ â•
2025-02-14 14:27:38,699 INFO     ___FILE_ONLY___ â•
2025-02-14 14:27:39,020 INFO     ___FILE_ONLY___ â•
2025-02-14 14:27:39,295 INFO     ___FILE_ONLY___ â•
2025-02-14 14:27:39,650 INFO     ___FILE_ONLY___ â•
2025-02-14 14:27:40,080 INFO     ___FILE_ONLY___ â•
2025-02-14 14:27:40,325 INFO     ___FILE_ONLY___ â•
2025-02-14 14:27:40,577 INFO     ___FILE_ONLY___ â•
2025-02-14 14:27:40,877 INFO     ___FILE_ONLY___ â•
2025-02-14 14:27:41,332 INFO     ___FILE_ONLY___ â•
2025-02-14 14:27:41,603 INFO     ___FILE_ONLY___ â•
2025-02-14 14:27:41,865 INFO     ___FILE_ONLY___ â•
2025-02-14 14:27:42,286 INFO     ___FILE_ONLY___ â•
2025-02-14 14:27:42,542 INFO     ___FILE_ONLY___ â•
2025-02-14 14:27:42,797 INFO     ___FILE_ONLY___ â•
2025-02-14 14:27:43,078 INFO     ___FILE_ONLY___ â•
2025-02-14 14:27:43,078 INFO     ___FILE_ONLY___ â•
2025-02-14 14:27:43,151 INFO     ___FILE_ONLY___ â• â•â•â•â•â•â•â•â•â•â•â•â•â•â•â•â•â•â•â•â•â•â•â•â•â•â•â•â•â•â•â•â•â•â•â•â•â•â•â•â•â•â•â•â•â•â•â•â•â•â•â•â•â•â•â•â•â•â•â•â•â•£

2025-02-14 14:27:43,151 INFO     ___FILE_ONLY___ â• â• Installing: gcloud Alpha Commands                        â•â•£

2025-02-14 14:27:43,151 INFO     ___FILE_ONLY___ â•š
2025-02-14 14:27:43,154 INFO     ___FILE_ONLY___ â•â•â•â•â•â•â•â•â•â•â•â•â•â•â•â•â•â•â•â•â•â•â•â•â•â•â•â•â•â•â•â•â•â•â•â•â•â•â•â•â•â•â•â•â•â•â•â•â•â•â•â•â•â•â•â•â•â•â•â•
2025-02-14 14:27:43,154 INFO     ___FILE_ONLY___ â•

2025-02-14 14:27:43,194 DEBUG    root            Updating notification cache...
2025-02-14 14:27:43,195 INFO     ___FILE_ONLY___ 

2025-02-14 14:27:43,195 INFO     ___FILE_ONLY___ Performing post processing steps...
2025-02-14 14:27:43,195 DEBUG    root            Executing command: ['/Users/daniel.low/Downloads/google-cloud-sdk/bin/gcloud', 'components', 'post-process']
2025-02-14 14:28:21,388 DEBUG    ___FILE_ONLY___ 
2025-02-14 14:28:21,388 DEBUG    ___FILE_ONLY___ 
2025-02-14 14:28:21,649 INFO     ___FILE_ONLY___ 
Update done!


2025-02-14 14:28:21,650 INFO     ___FILE_ONLY___ To revert your CLI to the previously installed version, you may run:
  $ gcloud components update --version 509.0.0


2025-02-14 14:28:21,658 DEBUG    root            Chosen display Format:none
2025-02-14 14:28:21,659 INFO     root            Display format: "none"
2025-02-14 14:28:21,666 DEBUG    root            Metrics reporting process started...
