2025-02-14 14:28:59,617 DEBUG    root            Loaded Command Group: ['gcloud', 'builds']
2025-02-14 14:28:59,704 DEBUG    root            Loaded Command Group: ['gcloud', 'builds', 'submit']
2025-02-14 14:28:59,719 DEBUG    root            Running [gcloud.builds.submit] with arguments: [--async: "True", --config: "vertexai-pipeline-cpu/cloudbuild.yaml", --gcs-source-staging-dir: "gs://dde-ops-data-science-p001_cloudbuild/vertexai-pipeline-cpu", --impersonate-service-account: "cloudbuild-sa@dde-ops-data-science-p001.iam.gserviceaccount.com", --project: "dde-ops-data-science-p001", --region: "europe-west4", --service-account: "projects/dde-ops-data-science-p001/serviceAccounts/cloudbuild-sa@dde-ops-data-science-p001.iam.gserviceaccount.com", SOURCE: "."]
2025-02-14 14:28:59,728 WARNING  root            This command is using service account impersonation. All API calls will be executed as [cloudbuild-sa@dde-ops-data-science-p001.iam.gserviceaccount.com].
2025-02-14 14:28:59,739 DEBUG    google.auth.transport.requests Making request: POST https://oauth2.googleapis.com/token
2025-02-14 14:28:59,743 DEBUG    urllib3.connectionpool Starting new HTTPS connection (1): oauth2.googleapis.com:443
2025-02-14 14:28:59,836 DEBUG    urllib3.connectionpool https://oauth2.googleapis.com:443 "POST /token HTTP/11" 200 None
2025-02-14 14:28:59,840 DEBUG    google.auth.transport.requests Making request: POST https://iamcredentials.googleapis.com/v1/projects/-/serviceAccounts/cloudbuild-sa@dde-ops-data-science-p001.iam.gserviceaccount.com:generateAccessToken
2025-02-14 14:28:59,840 DEBUG    urllib3.connectionpool Starting new HTTPS connection (1): iamcredentials.googleapis.com:443
2025-02-14 14:29:00,026 DEBUG    urllib3.connectionpool https://iamcredentials.googleapis.com:443 "POST /v1/projects/-/serviceAccounts/cloudbuild-sa@dde-ops-data-science-p001.iam.gserviceaccount.com:generateAccessToken HTTP/11" 200 None
2025-02-14 14:29:00,027 WARNING  root            This command is using service account impersonation. All API calls will be executed as [cloudbuild-sa@dde-ops-data-science-p001.iam.gserviceaccount.com].
2025-02-14 14:29:00,031 DEBUG    google.auth.transport.requests Making request: POST https://oauth2.googleapis.com/token
2025-02-14 14:29:00,031 DEBUG    urllib3.connectionpool Starting new HTTPS connection (1): oauth2.googleapis.com:443
2025-02-14 14:29:00,153 DEBUG    urllib3.connectionpool https://oauth2.googleapis.com:443 "POST /token HTTP/11" 200 None
2025-02-14 14:29:00,157 DEBUG    google.auth.transport.requests Making request: POST https://iamcredentials.googleapis.com/v1/projects/-/serviceAccounts/cloudbuild-sa@dde-ops-data-science-p001.iam.gserviceaccount.com:generateAccessToken
2025-02-14 14:29:00,164 DEBUG    urllib3.connectionpool Starting new HTTPS connection (1): iamcredentials.googleapis.com:443
2025-02-14 14:29:00,302 DEBUG    urllib3.connectionpool https://iamcredentials.googleapis.com:443 "POST /v1/projects/-/serviceAccounts/cloudbuild-sa@dde-ops-data-science-p001.iam.gserviceaccount.com:generateAccessToken HTTP/11" 200 None
2025-02-14 14:29:00,342 DEBUG    urllib3.connectionpool Starting new HTTPS connection (1): storage.googleapis.com:443
2025-02-14 14:29:00,732 DEBUG    urllib3.connectionpool https://storage.googleapis.com:443 "GET /storage/v1/b/dde-ops-data-science-p001_cloudbuild?alt=json HTTP/11" 200 1187
2025-02-14 14:29:00,738 INFO     root            Using default gcloudignore file:
--------------------------------------------------
# This file specifies files that are *not* uploaded to Google Cloud
# using gcloud. It follows the same syntax as .gitignore, with the addition of
# "#!include" directives (which insert the entries of the given .gitignore-style
# file at that point).
#
# For more information, run:
#   $ gcloud topic gcloudignore
#
.gcloudignore
# If you would like to upload your .git directory, .gitignore file or files
# from your .gitignore file, remove the corresponding line
# below:
.git
.gitignore
#!include:.gitignore

--------------------------------------------------
2025-02-14 14:29:00,743 DEBUG    root            Skipping file [.gitignore]
2025-02-14 14:29:00,744 DEBUG    root            Skipping file [.git]
2025-02-14 14:29:00,759 INFO     ___FILE_ONLY___ Creating temporary archive of 60 file(s) totalling 123.9 KiB before compression.

2025-02-14 14:29:00,761 DEBUG    root            Added dir [vertexai-pipeline-cpu]
2025-02-14 14:29:00,762 DEBUG    root            Added dir [mlflow]
2025-02-14 14:29:00,762 DEBUG    root            Added dir [cicd-inspection]
2025-02-14 14:29:00,762 DEBUG    root            Added dir [user-managed-notebook-gpu]
2025-02-14 14:29:00,762 DEBUG    root            Added dir [workbench-instance-gpu]
2025-02-14 14:29:00,762 DEBUG    root            Added dir [workbench-instance-cpu]
2025-02-14 14:29:00,762 DEBUG    root            Added dir [user-managed-notebook-cpu]
2025-02-14 14:29:00,762 DEBUG    root            Added dir [vertexai-pipeline-cpu/certificates]
2025-02-14 14:29:00,762 DEBUG    root            Added dir [user-managed-notebook-gpu/tests]
2025-02-14 14:29:00,762 DEBUG    root            Added dir [user-managed-notebook-gpu/certificates]
2025-02-14 14:29:00,763 DEBUG    root            Added dir [workbench-instance-gpu/certificates]
2025-02-14 14:29:00,763 DEBUG    root            Added dir [workbench-instance-gpu/gcs_sync_scripts]
2025-02-14 14:29:00,763 DEBUG    root            Added dir [workbench-instance-cpu/certificates]
2025-02-14 14:29:00,763 DEBUG    root            Added dir [workbench-instance-cpu/gcs_sync_scripts]
2025-02-14 14:29:00,763 DEBUG    root            Added dir [user-managed-notebook-cpu/tests]
2025-02-14 14:29:00,763 DEBUG    root            Added dir [user-managed-notebook-cpu/certificates]
2025-02-14 14:29:00,764 DEBUG    root            Added [build_ci.sh]
2025-02-14 14:29:00,765 DEBUG    root            Added [README.md]
2025-02-14 14:29:00,765 DEBUG    root            Added [vertexai-pipeline-cpu/base_dependencies.txt]
2025-02-14 14:29:00,766 DEBUG    root            Added [vertexai-pipeline-cpu/Dockerfile]
2025-02-14 14:29:00,766 DEBUG    root            Added [vertexai-pipeline-cpu/cloudbuild.yaml]
2025-02-14 14:29:00,767 DEBUG    root            Added [vertexai-pipeline-cpu/py_requirements.txt]
2025-02-14 14:29:00,768 DEBUG    root            Added [vertexai-pipeline-cpu/certificates/mlflow-dev-dyson-global-corp-chain.crt]
2025-02-14 14:29:00,768 DEBUG    root            Added [vertexai-pipeline-cpu/certificates/stash-dyson-global-corp-chain.crt]
2025-02-14 14:29:00,769 DEBUG    root            Added [vertexai-pipeline-cpu/certificates/mlflow-dyson-global-corp-chain.crt]
2025-02-14 14:29:00,770 DEBUG    root            Added [mlflow/Dockerfile]
2025-02-14 14:29:00,771 DEBUG    root            Added [mlflow/cloudbuild.yaml]
2025-02-14 14:29:00,771 DEBUG    root            Added [mlflow/run.sh]
2025-02-14 14:29:00,772 DEBUG    root            Added [mlflow/mlflow_test.py]
2025-02-14 14:29:00,773 DEBUG    root            Added [cicd-inspection/Dockerfile]
2025-02-14 14:29:00,773 DEBUG    root            Added [cicd-inspection/cloudbuild.yaml]
2025-02-14 14:29:00,774 DEBUG    root            Added [user-managed-notebook-gpu/Dockerfile]
2025-02-14 14:29:00,774 DEBUG    root            Added [user-managed-notebook-gpu/cloudbuild.yaml]
2025-02-14 14:29:00,775 DEBUG    root            Added [user-managed-notebook-gpu/run.sh]
2025-02-14 14:29:00,777 DEBUG    root            Added [user-managed-notebook-gpu/r_requirements.txt]
2025-02-14 14:29:00,778 DEBUG    root            Added [user-managed-notebook-gpu/py_requirements.txt]
2025-02-14 14:29:00,778 DEBUG    root            Added [user-managed-notebook-gpu/tests/conftest.py]
2025-02-14 14:29:00,779 DEBUG    root            Added [user-managed-notebook-gpu/tests/test_imports.py]
2025-02-14 14:29:00,779 DEBUG    root            Added [user-managed-notebook-gpu/certificates/mlflow-dev-dyson-global-corp-chain.crt]
2025-02-14 14:29:00,780 DEBUG    root            Added [user-managed-notebook-gpu/certificates/stash-dyson-global-corp-chain.crt]
2025-02-14 14:29:00,781 DEBUG    root            Added [user-managed-notebook-gpu/certificates/mlflow-dyson-global-corp-chain.crt]
2025-02-14 14:29:00,784 DEBUG    root            Added [workbench-instance-gpu/base_dependencies.txt]
2025-02-14 14:29:00,784 DEBUG    root            Added [workbench-instance-gpu/Dockerfile]
2025-02-14 14:29:00,785 DEBUG    root            Added [workbench-instance-gpu/cloudbuild.yaml]
2025-02-14 14:29:00,785 DEBUG    root            Added [workbench-instance-gpu/run.sh]
2025-02-14 14:29:00,788 DEBUG    root            Added [workbench-instance-gpu/py_requirements.txt]
2025-02-14 14:29:00,789 DEBUG    root            Added [workbench-instance-gpu/certificates/mlflow-dev-dyson-global-corp-chain.crt]
2025-02-14 14:29:00,789 DEBUG    root            Added [workbench-instance-gpu/certificates/stash-dyson-global-corp-chain.crt]
2025-02-14 14:29:00,790 DEBUG    root            Added [workbench-instance-gpu/certificates/mlflow-dyson-global-corp-chain.crt]
2025-02-14 14:29:00,790 DEBUG    root            Added [workbench-instance-gpu/gcs_sync_scripts/sync_to_bucket.conf]
2025-02-14 14:29:00,791 DEBUG    root            Added [workbench-instance-gpu/gcs_sync_scripts/sync_to_bucket.sh]
2025-02-14 14:29:00,791 DEBUG    root            Added [workbench-instance-gpu/gcs_sync_scripts/sync_from_bucket.sh]
2025-02-14 14:29:00,792 DEBUG    root            Added [workbench-instance-cpu/base_dependencies.txt]
2025-02-14 14:29:00,793 DEBUG    root            Added [workbench-instance-cpu/Dockerfile]
2025-02-14 14:29:00,793 DEBUG    root            Added [workbench-instance-cpu/cloudbuild.yaml]
2025-02-14 14:29:00,793 DEBUG    root            Added [workbench-instance-cpu/run.sh]
2025-02-14 14:29:00,794 DEBUG    root            Added [workbench-instance-cpu/r_requirements.txt]
2025-02-14 14:29:00,796 DEBUG    root            Added [workbench-instance-cpu/py_requirements.txt]
2025-02-14 14:29:00,797 DEBUG    root            Added [workbench-instance-cpu/certificates/mlflow-dev-dyson-global-corp-chain.crt]
2025-02-14 14:29:00,798 DEBUG    root            Added [workbench-instance-cpu/certificates/stash-dyson-global-corp-chain.crt]
2025-02-14 14:29:00,798 DEBUG    root            Added [workbench-instance-cpu/certificates/mlflow-dyson-global-corp-chain.crt]
2025-02-14 14:29:00,798 DEBUG    root            Added [workbench-instance-cpu/gcs_sync_scripts/sync_to_bucket.conf]
2025-02-14 14:29:00,799 DEBUG    root            Added [workbench-instance-cpu/gcs_sync_scripts/sync_to_bucket.sh]
2025-02-14 14:29:00,799 DEBUG    root            Added [workbench-instance-cpu/gcs_sync_scripts/sync_from_bucket.sh]
2025-02-14 14:29:00,800 DEBUG    root            Added [user-managed-notebook-cpu/network.lic]
2025-02-14 14:29:00,801 DEBUG    root            Added [user-managed-notebook-cpu/base_dependencies.txt]
2025-02-14 14:29:00,801 DEBUG    root            Added [user-managed-notebook-cpu/Dockerfile]
2025-02-14 14:29:00,802 DEBUG    root            Added [user-managed-notebook-cpu/cloudbuild.yaml]
2025-02-14 14:29:00,802 DEBUG    root            Added [user-managed-notebook-cpu/run.sh]
2025-02-14 14:29:00,803 DEBUG    root            Added [user-managed-notebook-cpu/r_requirements.txt]
2025-02-14 14:29:00,803 DEBUG    root            Added [user-managed-notebook-cpu/py_requirements.txt]
2025-02-14 14:29:00,804 DEBUG    root            Added [user-managed-notebook-cpu/tests/conftest.py]
2025-02-14 14:29:00,804 DEBUG    root            Added [user-managed-notebook-cpu/tests/test_imports.py]
2025-02-14 14:29:00,805 DEBUG    root            Added [user-managed-notebook-cpu/certificates/mlflow-dev-dyson-global-corp-chain.crt]
2025-02-14 14:29:00,805 DEBUG    root            Added [user-managed-notebook-cpu/certificates/stash-dyson-global-corp-chain.crt]
2025-02-14 14:29:00,805 DEBUG    root            Added [user-managed-notebook-cpu/certificates/mlflow-dyson-global-corp-chain.crt]
2025-02-14 14:29:00,806 INFO     ___FILE_ONLY___ Some files were not included in the source upload.

Check the gcloud log [/Users/daniel.low/.config/gcloud/logs/2025.02.14/14.28.59.518328.log] to see which files and the contents of the
default gcloudignore file used (see `$ gcloud topic gcloudignore` to learn
more).


2025-02-14 14:29:00,806 INFO     ___FILE_ONLY___ Uploading tarball of [.] to [gs://dde-ops-data-science-p001_cloudbuild/vertexai-pipeline-cpu/1739514540.338115-99d3a36d6f0f4853a0f50e5ade3dffd3.tgz]

2025-02-14 14:29:00,810 INFO     root            Uploading [/var/folders/cs/p5_dzp410hlgfg_ljwj0jyg00000gp/T/tmp4ribv24v/file.tgz] to [dde-ops-data-science-p001_cloudbuild/vertexai-pipeline-cpu/1739514540.338115-99d3a36d6f0f4853a0f50e5ade3dffd3.tgz]
2025-02-14 14:29:03,293 DEBUG    urllib3.connectionpool https://storage.googleapis.com:443 "POST /upload/storage/v1/b/dde-ops-data-science-p001_cloudbuild/o?alt=json&name=vertexai-pipeline-cpu%2F1739514540.338115-99d3a36d6f0f4853a0f50e5ade3dffd3.tgz&uploadType=multipart HTTP/11" 200 1150
2025-02-14 14:29:03,315 DEBUG    root            submitting build: <Build
 images: []
 options: <BuildOptions
 dynamicSubstitutions: True
 env: []
 logging: LoggingValueValuesEnum(CLOUD_LOGGING_ONLY, 4)
 pool: <PoolOption
 name: 'projects/${PROJECT_ID}/locations/${LOCATION}/workerPools/dds-mlops-worker-pool'>
 secretEnv: []
 sourceProvenanceHash: []
 volumes: []>
 secrets: []
 serviceAccount: 'projects/dde-ops-data-science-p001/serviceAccounts/cloudbuild-sa@dde-ops-data-science-p001.iam.gserviceaccount.com'
 source: <Source
 storageSource: <StorageSource
 bucket: 'dde-ops-data-science-p001_cloudbuild'
 generation: 1739514543137535
 object: 'vertexai-pipeline-cpu/1739514540.338115-99d3a36d6f0f4853a0f50e5ade3dffd3.tgz'>>
 steps: [<BuildStep
 allowExitCodes: []
 args: ['-c', 'hadolint Dockerfile --no-fail\n']
 dir: './vertexai-pipeline-cpu'
 entrypoint: 'bash'
 env: []
 id: 'Hadolint'
 name: '${LOCATION}-docker.pkg.dev/${PROJECT_ID}/docker/cicd-inspection:v2'
 secretEnv: []
 volumes: []
 waitFor: []>, <BuildStep
 allowExitCodes: []
 args: ['-c', 'sed -i "s/dde-ops-data-science-.001/${PROJECT_ID}/g" py_requirements.txt\ndocker build --network=cloudbuild -t $_ARTIFACT_REGISTRY/$_IMAGE_NAME:$_IMAGE_VERSION -f Dockerfile .\n']
 dir: './vertexai-pipeline-cpu'
 entrypoint: 'bash'
 env: []
 id: 'Building Docker Image'
 name: '${LOCATION}-docker.pkg.dev/${PROJECT_ID}/docker/cicd-inspection:v2'
 secretEnv: []
 volumes: []
 waitFor: []>, <BuildStep
 allowExitCodes: []
 args: ['-c', 'trivy image $_ARTIFACT_REGISTRY/$_IMAGE_NAME:$_IMAGE_VERSION --timeout 60m\n']
 dir: './vertexai-pipeline-cpu'
 entrypoint: 'bash'
 env: []
 id: 'Trivy Scan'
 name: '${LOCATION}-docker.pkg.dev/${PROJECT_ID}/docker/cicd-inspection:v2'
 secretEnv: []
 volumes: []
 waitFor: []>, <BuildStep
 allowExitCodes: []
 args: ['-c', 'docker push $_ARTIFACT_REGISTRY/$_IMAGE_NAME:$_IMAGE_VERSION\n']
 dir: './vertexai-pipeline-cpu'
 entrypoint: 'bash'
 env: []
 id: 'Pushing the Image'
 name: '${LOCATION}-docker.pkg.dev/${PROJECT_ID}/docker/cicd-inspection:v2'
 secretEnv: []
 volumes: []
 waitFor: []>]
 substitutions: <SubstitutionsValue
 additionalProperties: [<AdditionalProperty
 key: '_ARTIFACT_REGISTRY'
 value: '${LOCATION}-docker.pkg.dev/${PROJECT_ID}/docker'>, <AdditionalProperty
 key: '_IMAGE_NAME'
 value: 'vertexai-pipeline-cpu'>, <AdditionalProperty
 key: '_IMAGE_VERSION'
 value: '0.0.1'>]>
 tags: []
 timeout: '3600s'
 warnings: []>
2025-02-14 14:29:03,317 WARNING  root            This command is using service account impersonation. All API calls will be executed as [cloudbuild-sa@dde-ops-data-science-p001.iam.gserviceaccount.com].
2025-02-14 14:29:03,321 DEBUG    google.auth.transport.requests Making request: POST https://oauth2.googleapis.com/token
2025-02-14 14:29:03,321 DEBUG    urllib3.connectionpool Starting new HTTPS connection (1): oauth2.googleapis.com:443
2025-02-14 14:29:03,410 DEBUG    urllib3.connectionpool https://oauth2.googleapis.com:443 "POST /token HTTP/11" 200 None
2025-02-14 14:29:03,414 DEBUG    google.auth.transport.requests Making request: POST https://iamcredentials.googleapis.com/v1/projects/-/serviceAccounts/cloudbuild-sa@dde-ops-data-science-p001.iam.gserviceaccount.com:generateAccessToken
2025-02-14 14:29:03,415 DEBUG    urllib3.connectionpool Starting new HTTPS connection (1): iamcredentials.googleapis.com:443
2025-02-14 14:29:03,522 DEBUG    urllib3.connectionpool https://iamcredentials.googleapis.com:443 "POST /v1/projects/-/serviceAccounts/cloudbuild-sa@dde-ops-data-science-p001.iam.gserviceaccount.com:generateAccessToken HTTP/11" 200 None
2025-02-14 14:29:03,523 WARNING  root            This command is using service account impersonation. All API calls will be executed as [cloudbuild-sa@dde-ops-data-science-p001.iam.gserviceaccount.com].
2025-02-14 14:29:03,526 DEBUG    google.auth.transport.requests Making request: POST https://oauth2.googleapis.com/token
2025-02-14 14:29:03,527 DEBUG    urllib3.connectionpool Starting new HTTPS connection (1): oauth2.googleapis.com:443
2025-02-14 14:29:03,606 DEBUG    urllib3.connectionpool https://oauth2.googleapis.com:443 "POST /token HTTP/11" 200 None
2025-02-14 14:29:03,610 DEBUG    google.auth.transport.requests Making request: POST https://iamcredentials.googleapis.com/v1/projects/-/serviceAccounts/cloudbuild-sa@dde-ops-data-science-p001.iam.gserviceaccount.com:generateAccessToken
2025-02-14 14:29:03,611 DEBUG    urllib3.connectionpool Starting new HTTPS connection (1): iamcredentials.googleapis.com:443
2025-02-14 14:29:03,706 DEBUG    urllib3.connectionpool https://iamcredentials.googleapis.com:443 "POST /v1/projects/-/serviceAccounts/cloudbuild-sa@dde-ops-data-science-p001.iam.gserviceaccount.com:generateAccessToken HTTP/11" 200 None
2025-02-14 14:29:03,714 DEBUG    urllib3.connectionpool Starting new HTTPS connection (1): cloudbuild.googleapis.com:443
2025-02-14 14:29:06,107 DEBUG    urllib3.connectionpool https://cloudbuild.googleapis.com:443 "POST /v1/projects/dde-ops-data-science-p001/locations/europe-west4/builds?alt=json HTTP/11" 200 None
2025-02-14 14:29:06,115 INFO     ___FILE_ONLY___ Created [https://cloudbuild.googleapis.com/v1/projects/dde-ops-data-science-p001/locations/europe-west4/builds/82991cfa-1420-4e54-974b-b919e44873cc].

2025-02-14 14:29:06,115 INFO     ___FILE_ONLY___ Logs are available at [ https://console.cloud.google.com/cloud-build/builds;region=europe-west4/82991cfa-1420-4e54-974b-b919e44873cc?project=699197215593 ].

2025-02-14 14:29:06,115 DEBUG    root            Chosen display Format:
        table(
          id,
          createTime.date('%Y-%m-%dT%H:%M:%S%Oz', undefined='-'),
          duration(start=startTime,end=finishTime,precision=0,calendar=false,undefined="  -").slice(2:).join(""):label=DURATION,
          build_source(undefined="-"):label=SOURCE,
          build_images(undefined="-"):label=IMAGES,
          status
        )
      
2025-02-14 14:29:06,116 INFO     root            Display format: "
        table(
          id,
          createTime.date('%Y-%m-%dT%H:%M:%S%Oz', undefined='-'),
          duration(start=startTime,end=finishTime,precision=0,calendar=false,undefined="  -").slice(2:).join(""):label=DURATION,
          build_source(undefined="-"):label=SOURCE,
          build_images(undefined="-"):label=IMAGES,
          status
        )
      "
2025-02-14 14:29:06,146 INFO     ___FILE_ONLY___ ID
2025-02-14 14:29:06,146 INFO     ___FILE_ONLY___                                     
2025-02-14 14:29:06,146 INFO     ___FILE_ONLY___ CREATE_TIME
2025-02-14 14:29:06,146 INFO     ___FILE_ONLY___                 
2025-02-14 14:29:06,146 INFO     ___FILE_ONLY___ DURATION
2025-02-14 14:29:06,146 INFO     ___FILE_ONLY___   
2025-02-14 14:29:06,146 INFO     ___FILE_ONLY___ SOURCE
2025-02-14 14:29:06,146 INFO     ___FILE_ONLY___                                                                                                                   
2025-02-14 14:29:06,146 INFO     ___FILE_ONLY___ IMAGES
2025-02-14 14:29:06,146 INFO     ___FILE_ONLY___   
2025-02-14 14:29:06,146 INFO     ___FILE_ONLY___ STATUS
2025-02-14 14:29:06,146 INFO     ___FILE_ONLY___ 

2025-02-14 14:29:06,146 INFO     ___FILE_ONLY___ 82991cfa-1420-4e54-974b-b919e44873cc
2025-02-14 14:29:06,146 INFO     ___FILE_ONLY___   
2025-02-14 14:29:06,146 INFO     ___FILE_ONLY___ 2025-02-14T06:29:05+00:00
2025-02-14 14:29:06,146 INFO     ___FILE_ONLY___   
2025-02-14 14:29:06,146 INFO     ___FILE_ONLY___ -
2025-02-14 14:29:06,146 INFO     ___FILE_ONLY___          
2025-02-14 14:29:06,146 INFO     ___FILE_ONLY___ gs://dde-ops-data-science-p001_cloudbuild/vertexai-pipeline-cpu/1739514540.338115-99d3a36d6f0f4853a0f50e5ade3dffd3.tgz
2025-02-14 14:29:06,146 INFO     ___FILE_ONLY___   
2025-02-14 14:29:06,146 INFO     ___FILE_ONLY___ -
2025-02-14 14:29:06,146 INFO     ___FILE_ONLY___        
2025-02-14 14:29:06,146 INFO     ___FILE_ONLY___ QUEUED
2025-02-14 14:29:06,146 INFO     ___FILE_ONLY___ 

2025-02-14 14:29:06,156 DEBUG    root            Metrics reporting process started...
