2025-02-07 10:49:24,743 DEBUG    root            Loaded Command Group: ['gcloud', 'auth']
2025-02-07 10:49:24,811 DEBUG    root            Loaded Command Group: ['gcloud', 'auth', 'login']
2025-02-07 10:49:24,813 DEBUG    root            Running [gcloud.auth.login] with arguments: []
2025-02-07 10:49:25,187 DEBUG    requests_oauthlib.oauth2_session Generated new state E1UojQHvkCVIRRR3NBtQhY486gBp80.
2025-02-07 10:49:25,613 INFO     ___FILE_ONLY___ Your browser has been opened to visit:

    https://accounts.google.com/o/oauth2/auth?response_type=code&client_id=32555940559.apps.googleusercontent.com&redirect_uri=http%3A%2F%2Flocalhost%3A8085%2F&scope=openid+https%3A%2F%2Fwww.googleapis.com%2Fauth%2Fuserinfo.email+https%3A%2F%2Fwww.googleapis.com%2Fauth%2Fcloud-platform+https%3A%2F%2Fwww.googleapis.com%2Fauth%2Fappengine.admin+https%3A%2F%2Fwww.googleapis.com%2Fauth%2Fsqlservice.login+https%3A%2F%2Fwww.googleapis.com%2Fauth%2Fcompute+https%3A%2F%2Fwww.googleapis.com%2Fauth%2Faccounts.reauth&state=E1UojQHvkCVIRRR3NBtQhY486gBp80&access_type=offline&code_challenge=liatCVOexaE99RX77LHcIL1lrSq-s7aRgluIte03_2U&code_challenge_method=S256


2025-02-07 10:49:33,614 INFO     google_auth_oauthlib.flow "GET /?state=E1UojQHvkCVIRRR3NBtQhY486gBp80&code=4/0ASVgi3K46E9JsaVgeViG2cTl-IW77SIJYkexzUPxCWE_0AxlDIffJoOQrTzHJRrz7Wl0DQ&scope=email%20openid%20https://www.googleapis.com/auth/userinfo.email%20https://www.googleapis.com/auth/cloud-platform%20https://www.googleapis.com/auth/appengine.admin%20https://www.googleapis.com/auth/sqlservice.login%20https://www.googleapis.com/auth/compute%20https://www.googleapis.com/auth/accounts.reauth&authuser=0&hd=dyson.com&prompt=consent HTTP/1.1" 200 937
2025-02-07 10:49:33,616 DEBUG    requests_oauthlib.oauth2_session Requesting url https://oauth2.googleapis.com/token using method POST.
2025-02-07 10:49:33,616 DEBUG    requests_oauthlib.oauth2_session Supplying headers {b'Accept': b'application/json', b'Content-Type': b'application/x-www-form-urlencoded;charset=UTF-8', b'user-agent': b'google-cloud-sdk gcloud/507.0.0 command/gcloud.auth.login invocation-id/c2b2903b0bff41bc98d161cca8de4c68 environment/None environment-version/None client-os/MACOSX client-os-ver/24.3.0 client-pltf-arch/arm interactive/True from-script/False python/3.10.13 term/xterm-256color (Macintosh; Intel Mac OS X 24.3.0)'} and data {'grant_type': 'authorization_code', 'client_id': '32555940559.apps.googleusercontent.com', 'client_secret': 'ZmssLNjJy2998hD4CTg2ejr2', 'code': '4/0ASVgi3K46E9JsaVgeViG2cTl-IW77SIJYkexzUPxCWE_0AxlDIffJoOQrTzHJRrz7Wl0DQ', 'redirect_uri': 'http://localhost:8085/', 'code_verifier': 'zkRiLo3EXCuXPB6ZAY_0s0Vr_v7sOAoSk-kIhdrL423R2T_t5xAvRmWYYKuhl~3eWgiQboxr1ZgL1gQN07p_nvLA4.Mat0GSbXwD7i8B7ug.3ttBm3IDHLJk2BdYC75I'}
2025-02-07 10:49:33,616 DEBUG    requests_oauthlib.oauth2_session Passing through key word arguments {'json': None, 'timeout': None, 'auth': None, 'verify': None, 'proxies': None}.
2025-02-07 10:49:33,636 DEBUG    urllib3.connectionpool Starting new HTTPS connection (1): oauth2.googleapis.com:443
2025-02-07 10:49:33,859 DEBUG    urllib3.connectionpool https://oauth2.googleapis.com:443 "POST /token HTTP/1.1" 200 None
2025-02-07 10:49:33,861 DEBUG    requests_oauthlib.oauth2_session Prepared fetch token request body grant_type=authorization_code&client_id=32555940559.apps.googleusercontent.com&client_secret=ZmssLNjJy2998hD4CTg2ejr2&code=4%2F0ASVgi3K46E9JsaVgeViG2cTl-IW77SIJYkexzUPxCWE_0AxlDIffJoOQrTzHJRrz7Wl0DQ&redirect_uri=http%3A%2F%2Flocalhost%3A8085%2F&code_verifier=zkRiLo3EXCuXPB6ZAY_0s0Vr_v7sOAoSk-kIhdrL423R2T_t5xAvRmWYYKuhl~3eWgiQboxr1ZgL1gQN07p_nvLA4.Mat0GSbXwD7i8B7ug.3ttBm3IDHLJk2BdYC75I
2025-02-07 10:49:33,861 DEBUG    requests_oauthlib.oauth2_session Request to fetch token completed with status 200.
2025-02-07 10:49:33,861 DEBUG    requests_oauthlib.oauth2_session Request headers were {'user-agent': b'google-cloud-sdk gcloud/507.0.0 command/gcloud.auth.login invocation-id/c2b2903b0bff41bc98d161cca8de4c68 environment/None environment-version/None client-os/MACOSX client-os-ver/24.3.0 client-pltf-arch/arm interactive/True from-script/False python/3.10.13 term/xterm-256color (Macintosh; Intel Mac OS X 24.3.0)', 'Accept-Encoding': 'gzip, deflate', 'Accept': b'application/json', 'Connection': 'keep-alive', 'Content-Type': b'application/x-www-form-urlencoded;charset=UTF-8', 'Content-Length': '387'}
2025-02-07 10:49:33,861 DEBUG    requests_oauthlib.oauth2_session Request body was grant_type=authorization_code&client_id=32555940559.apps.googleusercontent.com&client_secret=ZmssLNjJy2998hD4CTg2ejr2&code=4%2F0ASVgi3K46E9JsaVgeViG2cTl-IW77SIJYkexzUPxCWE_0AxlDIffJoOQrTzHJRrz7Wl0DQ&redirect_uri=http%3A%2F%2Flocalhost%3A8085%2F&code_verifier=zkRiLo3EXCuXPB6ZAY_0s0Vr_v7sOAoSk-kIhdrL423R2T_t5xAvRmWYYKuhl~3eWgiQboxr1ZgL1gQN07p_nvLA4.Mat0GSbXwD7i8B7ug.3ttBm3IDHLJk2BdYC75I
2025-02-07 10:49:33,861 DEBUG    requests_oauthlib.oauth2_session Response headers were {'Expires': 'Mon, 01 Jan 1990 00:00:00 GMT', 'Pragma': 'no-cache', 'Cache-Control': 'no-cache, no-store, max-age=0, must-revalidate', 'Date': 'Fri, 07 Feb 2025 02:49:33 GMT', 'Content-Type': 'application/json; charset=utf-8', 'Vary': 'Origin, X-Origin, Referer', 'Content-Encoding': 'gzip', 'Server': 'scaffolding on HTTPServer2', 'X-XSS-Protection': '0', 'X-Frame-Options': 'SAMEORIGIN', 'X-Content-Type-Options': 'nosniff', 'Alt-Svc': 'h3=":443"; ma=2592000,h3-29=":443"; ma=2592000', 'Transfer-Encoding': 'chunked'} and content {
  "access_token": "ya29.a0AXeO80TxKvs_LYQ40KoEySSCoXfMDG3_jR-35OR1a5Q6I3cC0YRBmcFbAwM0X_lxMfXwbTX106jwcJNLa0yESsXk22MKwLkcE7b4qjoKTgM6skmhD6GRSTGFOaYANJE0lRcI46ogzMrmiE5kSg6ar60uDf4cyo8La_EC6Xhe2pUx9waCgYKAYsSARMSFQHGX2Mi1iBf6YROFotN6T8k9n-fXA0181",
  "expires_in": 3599,
  "refresh_token": "1//0gMHFgM6zftNSCgYIARAAGBASNwF-L9IrV4xt0NptpzzAj4B2FD7ACam_3ciq_5v23YuOtZMA8_IgYsEO7deLt3xH_5MuL2PSL3w",
  "scope": "https://www.googleapis.com/auth/sqlservice.login https://www.googleapis.com/auth/userinfo.email openid https://www.googleapis.com/auth/appengine.admin https://www.googleapis.com/auth/cloud-platform https://www.googleapis.com/auth/accounts.reauth https://www.googleapis.com/auth/compute",
  "token_type": "Bearer",
  "id_token": "eyJhbGciOiJSUzI1NiIsImtpZCI6ImVlYzUzNGZhNWI4Y2FjYTIwMWNhOGQwZmY5NmI1NGM1NjIyMTBkMWUiLCJ0eXAiOiJKV1QifQ.eyJpc3MiOiJodHRwczovL2FjY291bnRzLmdvb2dsZS5jb20iLCJhenAiOiIzMjU1NTk0MDU1OS5hcHBzLmdvb2dsZXVzZXJjb250ZW50LmNvbSIsImF1ZCI6IjMyNTU1OTQwNTU5LmFwcHMuZ29vZ2xldXNlcmNvbnRlbnQuY29tIiwic3ViIjoiMTE1NTAwMDY5ODQ0OTIyMjcwNzUwIiwiaGQiOiJkeXNvbi5jb20iLCJlbWFpbCI6ImRhbmllbC5sb3dAZHlzb24uY29tIiwiZW1haWxfdmVyaWZpZWQiOnRydWUsImF0X2hhc2giOiJmTnlKQmtkNW9XMkV5Yk9RNEtjM01nIiwiaWF0IjoxNzM4ODk2NTczLCJleHAiOjE3Mzg5MDAxNzN9.O7BT8fJi2MMbucT3DO2Ek0ML8NEVwimN9sZ5NgVTyTa-bln3k_oVz2Y_gWa2qfPZTh0rrDWa87C-qNMxwWsiDmAfAY1CwmsjQV4K0k0A0svLSYrmxin29C-yFM_xJRBIr8oWlrrY4KNHtbEi8BGW40ATEXpg0L9kkfzwuTdAOo79uuTo2NCztS7eKGXTUTEQeXmebDipHVLNasAlsZpIZakVbAYRwAuuoP8ukeDGeXPg2ntJlNAoH8wbwYN-sUp8Yb7gcqPBQEEn4mOy8GWbmpH0FsBK2j6SdqAitbiw0dH9CJjcUEshEI9-RFpu0fVd0bSyP8GrJA-lDJGn5oxZRw"
}.
2025-02-07 10:49:33,861 DEBUG    requests_oauthlib.oauth2_session Invoking 0 token response hooks.
2025-02-07 10:49:33,861 DEBUG    requests_oauthlib.oauth2_session Obtained token {'access_token': 'ya29.a0AXeO80TxKvs_LYQ40KoEySSCoXfMDG3_jR-35OR1a5Q6I3cC0YRBmcFbAwM0X_lxMfXwbTX106jwcJNLa0yESsXk22MKwLkcE7b4qjoKTgM6skmhD6GRSTGFOaYANJE0lRcI46ogzMrmiE5kSg6ar60uDf4cyo8La_EC6Xhe2pUx9waCgYKAYsSARMSFQHGX2Mi1iBf6YROFotN6T8k9n-fXA0181', 'expires_in': 3599, 'refresh_token': '1//0gMHFgM6zftNSCgYIARAAGBASNwF-L9IrV4xt0NptpzzAj4B2FD7ACam_3ciq_5v23YuOtZMA8_IgYsEO7deLt3xH_5MuL2PSL3w', 'scope': ['https://www.googleapis.com/auth/sqlservice.login', 'https://www.googleapis.com/auth/userinfo.email', 'openid', 'https://www.googleapis.com/auth/appengine.admin', 'https://www.googleapis.com/auth/cloud-platform', 'https://www.googleapis.com/auth/accounts.reauth', 'https://www.googleapis.com/auth/compute'], 'token_type': 'Bearer', 'id_token': 'eyJhbGciOiJSUzI1NiIsImtpZCI6ImVlYzUzNGZhNWI4Y2FjYTIwMWNhOGQwZmY5NmI1NGM1NjIyMTBkMWUiLCJ0eXAiOiJKV1QifQ.eyJpc3MiOiJodHRwczovL2FjY291bnRzLmdvb2dsZS5jb20iLCJhenAiOiIzMjU1NTk0MDU1OS5hcHBzLmdvb2dsZXVzZXJjb250ZW50LmNvbSIsImF1ZCI6IjMyNTU1OTQwNTU5LmFwcHMuZ29vZ2xldXNlcmNvbnRlbnQuY29tIiwic3ViIjoiMTE1NTAwMDY5ODQ0OTIyMjcwNzUwIiwiaGQiOiJkeXNvbi5jb20iLCJlbWFpbCI6ImRhbmllbC5sb3dAZHlzb24uY29tIiwiZW1haWxfdmVyaWZpZWQiOnRydWUsImF0X2hhc2giOiJmTnlKQmtkNW9XMkV5Yk9RNEtjM01nIiwiaWF0IjoxNzM4ODk2NTczLCJleHAiOjE3Mzg5MDAxNzN9.O7BT8fJi2MMbucT3DO2Ek0ML8NEVwimN9sZ5NgVTyTa-bln3k_oVz2Y_gWa2qfPZTh0rrDWa87C-qNMxwWsiDmAfAY1CwmsjQV4K0k0A0svLSYrmxin29C-yFM_xJRBIr8oWlrrY4KNHtbEi8BGW40ATEXpg0L9kkfzwuTdAOo79uuTo2NCztS7eKGXTUTEQeXmebDipHVLNasAlsZpIZakVbAYRwAuuoP8ukeDGeXPg2ntJlNAoH8wbwYN-sUp8Yb7gcqPBQEEn4mOy8GWbmpH0FsBK2j6SdqAitbiw0dH9CJjcUEshEI9-RFpu0fVd0bSyP8GrJA-lDJGn5oxZRw', 'expires_at': 1738900172.861729}.
2025-02-07 10:49:33,880 INFO     ___FILE_ONLY___ 
You are now logged in as [daniel.low@dyson.com].
Your current project is [dde-prj-orbit-d001].  You can change this setting by running:
  $ gcloud config set project PROJECT_ID

2025-02-07 10:49:33,880 DEBUG    root            Chosen display Format:none
2025-02-07 10:49:33,880 INFO     root            Display format: "none"
2025-02-07 10:49:33,910 DEBUG    root            Metrics reporting process started...
