2025-02-07 10:49:52,046 DEBUG    root            Loaded Command Group: ['gcloud', 'projects']
2025-02-07 10:49:52,063 DEBUG    root            Loaded Command Group: ['gcloud', 'projects', 'list']
2025-02-07 10:49:52,064 DEBUG    root            Running [gcloud.projects.list] with arguments: []
2025-02-07 10:49:52,064 INFO     root            client_filter="None" server_filter="None"
2025-02-07 10:49:52,099 DEBUG    root            Chosen display Format:
    table(
      projectId:sort=1,
      name,
      projectNumber
    )

2025-02-07 10:49:52,099 INFO     root            Display format: "
    table(
      projectId:sort=1,
      name,
      projectNumber
    )
"
2025-02-07 10:49:52,106 DEBUG    urllib3.connectionpool Starting new HTTPS connection (1): cloudresourcemanager.googleapis.com:443
2025-02-07 10:49:52,520 DEBUG    urllib3.connectionpool https://cloudresourcemanager.googleapis.com:443 "GET /v1/projects?alt=json&filter=lifecycleState%3AACTIVE&pageSize=500 HTTP/1.1" 200 None
2025-02-07 10:49:52,558 INFO     ___FILE_ONLY___ PROJECT_ID
2025-02-07 10:49:52,558 INFO     ___FILE_ONLY___                     
2025-02-07 10:49:52,558 INFO     ___FILE_ONLY___ NAME
2025-02-07 10:49:52,558 INFO     ___FILE_ONLY___                           
2025-02-07 10:49:52,558 INFO     ___FILE_ONLY___ PROJECT_NUMBER
2025-02-07 10:49:52,558 INFO     ___FILE_ONLY___ 

2025-02-07 10:49:52,558 INFO     ___FILE_ONLY___ cito-es-dam-dev-4be6
2025-02-07 10:49:52,558 INFO     ___FILE_ONLY___           
2025-02-07 10:49:52,558 INFO     ___FILE_ONLY___ cito-es-dam-dev
2025-02-07 10:49:52,558 INFO     ___FILE_ONLY___                
2025-02-07 10:49:52,558 INFO     ___FILE_ONLY___ 762972994232
2025-02-07 10:49:52,558 INFO     ___FILE_ONLY___ 

2025-02-07 10:49:52,558 INFO     ___FILE_ONLY___ cito-es-dam-prd-f044
2025-02-07 10:49:52,558 INFO     ___FILE_ONLY___           
2025-02-07 10:49:52,558 INFO     ___FILE_ONLY___ cito-es-dam-prd
2025-02-07 10:49:52,558 INFO     ___FILE_ONLY___                
2025-02-07 10:49:52,558 INFO     ___FILE_ONLY___ 448317980612
2025-02-07 10:49:52,558 INFO     ___FILE_ONLY___ 

2025-02-07 10:49:52,558 INFO     ___FILE_ONLY___ cito-operations-f984
2025-02-07 10:49:52,558 INFO     ___FILE_ONLY___           
2025-02-07 10:49:52,559 INFO     ___FILE_ONLY___ cito-operations
2025-02-07 10:49:52,559 INFO     ___FILE_ONLY___                
2025-02-07 10:49:52,559 INFO     ___FILE_ONLY___ 262758871095
2025-02-07 10:49:52,559 INFO     ___FILE_ONLY___ 

2025-02-07 10:49:52,559 INFO     ___FILE_ONLY___ dde-ast-p001
2025-02-07 10:49:52,559 INFO     ___FILE_ONLY___                   
2025-02-07 10:49:52,559 INFO     ___FILE_ONLY___ dde-ast-p001
2025-02-07 10:49:52,559 INFO     ___FILE_ONLY___                   
2025-02-07 10:49:52,559 INFO     ___FILE_ONLY___ 44881535708
2025-02-07 10:49:52,559 INFO     ___FILE_ONLY___ 

2025-02-07 10:49:52,559 INFO     ___FILE_ONLY___ dde-ops-data-science-d001
2025-02-07 10:49:52,559 INFO     ___FILE_ONLY___      
2025-02-07 10:49:52,559 INFO     ___FILE_ONLY___ dde-ops-data-science-d001
2025-02-07 10:49:52,559 INFO     ___FILE_ONLY___      
2025-02-07 10:49:52,559 INFO     ___FILE_ONLY___ 227097679559
2025-02-07 10:49:52,559 INFO     ___FILE_ONLY___ 

2025-02-07 10:49:52,559 INFO     ___FILE_ONLY___ dde-ops-data-science-p001
2025-02-07 10:49:52,559 INFO     ___FILE_ONLY___      
2025-02-07 10:49:52,559 INFO     ___FILE_ONLY___ dde-ops-data-science-p001
2025-02-07 10:49:52,559 INFO     ___FILE_ONLY___      
2025-02-07 10:49:52,559 INFO     ___FILE_ONLY___ 699197215593
2025-02-07 10:49:52,559 INFO     ___FILE_ONLY___ 

2025-02-07 10:49:52,559 INFO     ___FILE_ONLY___ dde-ops-data-science-s001
2025-02-07 10:49:52,559 INFO     ___FILE_ONLY___      
2025-02-07 10:49:52,559 INFO     ___FILE_ONLY___ dde-ops-data-science-s001
2025-02-07 10:49:52,559 INFO     ___FILE_ONLY___      
2025-02-07 10:49:52,559 INFO     ___FILE_ONLY___ 297827969389
2025-02-07 10:49:52,559 INFO     ___FILE_ONLY___ 

2025-02-07 10:49:52,559 INFO     ___FILE_ONLY___ dde-prj-analyticsenable-p001
2025-02-07 10:49:52,560 INFO     ___FILE_ONLY___   
2025-02-07 10:49:52,560 INFO     ___FILE_ONLY___ dde-prj-analyticsenable-p001
2025-02-07 10:49:52,560 INFO     ___FILE_ONLY___   
2025-02-07 10:49:52,560 INFO     ___FILE_ONLY___ 246612871114
2025-02-07 10:49:52,560 INFO     ___FILE_ONLY___ 

2025-02-07 10:49:52,560 INFO     ___FILE_ONLY___ dde-prj-buildandtest-d001
2025-02-07 10:49:52,560 INFO     ___FILE_ONLY___      
2025-02-07 10:49:52,560 INFO     ___FILE_ONLY___ dde-prj-buildandtest-d001
2025-02-07 10:49:52,560 INFO     ___FILE_ONLY___      
2025-02-07 10:49:52,560 INFO     ___FILE_ONLY___ 23008409708
2025-02-07 10:49:52,560 INFO     ___FILE_ONLY___ 

2025-02-07 10:49:52,560 INFO     ___FILE_ONLY___ dde-prj-buildandtest-p001
2025-02-07 10:49:52,560 INFO     ___FILE_ONLY___      
2025-02-07 10:49:52,560 INFO     ___FILE_ONLY___ dde-prj-buildandtest-p001
2025-02-07 10:49:52,560 INFO     ___FILE_ONLY___      
2025-02-07 10:49:52,560 INFO     ___FILE_ONLY___ 804883580480
2025-02-07 10:49:52,560 INFO     ___FILE_ONLY___ 

2025-02-07 10:49:52,560 INFO     ___FILE_ONLY___ dde-prj-orbit-d001
2025-02-07 10:49:52,560 INFO     ___FILE_ONLY___             
2025-02-07 10:49:52,560 INFO     ___FILE_ONLY___ dde-prj-orbit-d001
2025-02-07 10:49:52,560 INFO     ___FILE_ONLY___             
2025-02-07 10:49:52,560 INFO     ___FILE_ONLY___ 1096602096616
2025-02-07 10:49:52,560 INFO     ___FILE_ONLY___ 

2025-02-07 10:49:52,560 INFO     ___FILE_ONLY___ dde-prj-orbit-p001
2025-02-07 10:49:52,560 INFO     ___FILE_ONLY___             
2025-02-07 10:49:52,560 INFO     ___FILE_ONLY___ dde-prj-orbit-p001
2025-02-07 10:49:52,560 INFO     ___FILE_ONLY___             
2025-02-07 10:49:52,560 INFO     ___FILE_ONLY___ 60117166662
2025-02-07 10:49:52,560 INFO     ___FILE_ONLY___ 

2025-02-07 10:49:52,560 INFO     ___FILE_ONLY___ dde-res-buildandtest-d001
2025-02-07 10:49:52,560 INFO     ___FILE_ONLY___      
2025-02-07 10:49:52,561 INFO     ___FILE_ONLY___ dde-res-buildandtest-d001
2025-02-07 10:49:52,561 INFO     ___FILE_ONLY___      
2025-02-07 10:49:52,561 INFO     ___FILE_ONLY___ 387263282080
2025-02-07 10:49:52,561 INFO     ___FILE_ONLY___ 

2025-02-07 10:49:52,561 INFO     ___FILE_ONLY___ dde-res-buildandtest-p001
2025-02-07 10:49:52,561 INFO     ___FILE_ONLY___      
2025-02-07 10:49:52,561 INFO     ___FILE_ONLY___ dde-res-buildandtest-p001
2025-02-07 10:49:52,561 INFO     ___FILE_ONLY___      
2025-02-07 10:49:52,561 INFO     ___FILE_ONLY___ 569858944817
2025-02-07 10:49:52,561 INFO     ___FILE_ONLY___ 

2025-02-07 10:49:52,561 INFO     ___FILE_ONLY___ dde-res-esdt-d001
2025-02-07 10:49:52,561 INFO     ___FILE_ONLY___              
2025-02-07 10:49:52,561 INFO     ___FILE_ONLY___ dde-res-esdt-d001
2025-02-07 10:49:52,561 INFO     ___FILE_ONLY___              
2025-02-07 10:49:52,561 INFO     ___FILE_ONLY___ 470807007441
2025-02-07 10:49:52,561 INFO     ___FILE_ONLY___ 

2025-02-07 10:49:52,561 INFO     ___FILE_ONLY___ dde-res-esdt-p001
2025-02-07 10:49:52,561 INFO     ___FILE_ONLY___              
2025-02-07 10:49:52,561 INFO     ___FILE_ONLY___ dde-res-esdt-p001
2025-02-07 10:49:52,561 INFO     ___FILE_ONLY___              
2025-02-07 10:49:52,561 INFO     ___FILE_ONLY___ 966469770962
2025-02-07 10:49:52,561 INFO     ___FILE_ONLY___ 

2025-02-07 10:49:52,561 INFO     ___FILE_ONLY___ dde-rfn-p001
2025-02-07 10:49:52,561 INFO     ___FILE_ONLY___                   
2025-02-07 10:49:52,561 INFO     ___FILE_ONLY___ dde-rfn-p001
2025-02-07 10:49:52,561 INFO     ___FILE_ONLY___                   
2025-02-07 10:49:52,561 INFO     ___FILE_ONLY___ 47024768624
2025-02-07 10:49:52,561 INFO     ___FILE_ONLY___ 

2025-02-07 10:49:52,561 INFO     ___FILE_ONLY___ dde-srv-d001
2025-02-07 10:49:52,561 INFO     ___FILE_ONLY___                   
2025-02-07 10:49:52,561 INFO     ___FILE_ONLY___ dde-srv-d001
2025-02-07 10:49:52,561 INFO     ___FILE_ONLY___                   
2025-02-07 10:49:52,561 INFO     ___FILE_ONLY___ 931216042398
2025-02-07 10:49:52,561 INFO     ___FILE_ONLY___ 

2025-02-07 10:49:52,561 INFO     ___FILE_ONLY___ dde-srv-orbit-d001
2025-02-07 10:49:52,562 INFO     ___FILE_ONLY___             
2025-02-07 10:49:52,562 INFO     ___FILE_ONLY___ dde-srv-orbit-d001
2025-02-07 10:49:52,562 INFO     ___FILE_ONLY___             
2025-02-07 10:49:52,562 INFO     ___FILE_ONLY___ 277998873848
2025-02-07 10:49:52,562 INFO     ___FILE_ONLY___ 

2025-02-07 10:49:52,562 INFO     ___FILE_ONLY___ dde-srv-orbit-p001
2025-02-07 10:49:52,562 INFO     ___FILE_ONLY___             
2025-02-07 10:49:52,562 INFO     ___FILE_ONLY___ dde-srv-orbit-p001
2025-02-07 10:49:52,562 INFO     ___FILE_ONLY___             
2025-02-07 10:49:52,562 INFO     ___FILE_ONLY___ 695347936681
2025-02-07 10:49:52,562 INFO     ___FILE_ONLY___ 

2025-02-07 10:49:52,562 INFO     ___FILE_ONLY___ dde-srv-p001
2025-02-07 10:49:52,562 INFO     ___FILE_ONLY___                   
2025-02-07 10:49:52,562 INFO     ___FILE_ONLY___ dde-srv-p001
2025-02-07 10:49:52,562 INFO     ___FILE_ONLY___                   
2025-02-07 10:49:52,562 INFO     ___FILE_ONLY___ 1024888782650
2025-02-07 10:49:52,562 INFO     ___FILE_ONLY___ 

2025-02-07 10:49:52,562 INFO     ___FILE_ONLY___ net-svpc-infra-dev-01-b978
2025-02-07 10:49:52,562 INFO     ___FILE_ONLY___     
2025-02-07 10:49:52,562 INFO     ___FILE_ONLY___ net-svpc-infra-dev-01
2025-02-07 10:49:52,562 INFO     ___FILE_ONLY___          
2025-02-07 10:49:52,562 INFO     ___FILE_ONLY___ 498545718799
2025-02-07 10:49:52,562 INFO     ___FILE_ONLY___ 

2025-02-07 10:49:52,562 INFO     ___FILE_ONLY___ wrk-common-aiapis-01-ad83
2025-02-07 10:49:52,562 INFO     ___FILE_ONLY___      
2025-02-07 10:49:52,562 INFO     ___FILE_ONLY___ wrk-common-aiapis-01
2025-02-07 10:49:52,562 INFO     ___FILE_ONLY___           
2025-02-07 10:49:52,562 INFO     ___FILE_ONLY___ 28029783713
2025-02-07 10:49:52,562 INFO     ___FILE_ONLY___ 

2025-02-07 10:49:52,573 DEBUG    root            Metrics reporting process started...
