2025-02-18 16:46:57,382 DEBUG    root            Loaded Command Group: ['gcloud', 'builds']
2025-02-18 16:46:57,737 DEBUG    root            Loaded Command Group: ['gcloud', 'builds', 'submit']
2025-02-18 16:46:57,762 DEBUG    root            Running [gcloud.builds.submit] with arguments: [--async: "True", --config: "vertexai-pipeline-cpu/cloudbuild.yaml", --gcs-source-staging-dir: "gs://dde-ops-data-science-p001_cloudbuild/vertexai-pipeline-cpu", --impersonate-service-account: "cloudbuild-sa@dde-ops-data-science-p001.iam.gserviceaccount.com", --project: "dde-ops-data-science-p001", --region: "europe-west4", --service-account: "projects/dde-ops-data-science-p001/serviceAccounts/cloudbuild-sa@dde-ops-data-science-p001.iam.gserviceaccount.com", SOURCE: "."]
2025-02-18 16:46:57,774 WARNING  root            This command is using service account impersonation. All API calls will be executed as [cloudbuild-sa@dde-ops-data-science-p001.iam.gserviceaccount.com].
2025-02-18 16:46:57,823 DEBUG    google.auth.transport.requests Making request: POST https://oauth2.googleapis.com/token
2025-02-18 16:46:57,830 DEBUG    urllib3.connectionpool Starting new HTTPS connection (1): oauth2.googleapis.com:443
2025-02-18 16:46:58,145 DEBUG    urllib3.connectionpool https://oauth2.googleapis.com:443 "POST /token HTTP/11" 200 None
2025-02-18 16:46:58,150 DEBUG    google.auth.transport.requests Making request: POST https://iamcredentials.googleapis.com/v1/projects/-/serviceAccounts/cloudbuild-sa@dde-ops-data-science-p001.iam.gserviceaccount.com:generateAccessToken
2025-02-18 16:46:58,151 DEBUG    urllib3.connectionpool Starting new HTTPS connection (1): iamcredentials.googleapis.com:443
2025-02-18 16:46:58,517 DEBUG    urllib3.connectionpool https://iamcredentials.googleapis.com:443 "POST /v1/projects/-/serviceAccounts/cloudbuild-sa@dde-ops-data-science-p001.iam.gserviceaccount.com:generateAccessToken HTTP/11" 200 None
2025-02-18 16:46:58,519 WARNING  root            This command is using service account impersonation. All API calls will be executed as [cloudbuild-sa@dde-ops-data-science-p001.iam.gserviceaccount.com].
2025-02-18 16:46:58,522 DEBUG    google.auth.transport.requests Making request: POST https://oauth2.googleapis.com/token
2025-02-18 16:46:58,523 DEBUG    urllib3.connectionpool Starting new HTTPS connection (1): oauth2.googleapis.com:443
2025-02-18 16:46:58,587 DEBUG    urllib3.connectionpool https://oauth2.googleapis.com:443 "POST /token HTTP/11" 200 None
2025-02-18 16:46:58,592 DEBUG    google.auth.transport.requests Making request: POST https://iamcredentials.googleapis.com/v1/projects/-/serviceAccounts/cloudbuild-sa@dde-ops-data-science-p001.iam.gserviceaccount.com:generateAccessToken
2025-02-18 16:46:58,592 DEBUG    urllib3.connectionpool Starting new HTTPS connection (1): iamcredentials.googleapis.com:443
2025-02-18 16:46:58,709 DEBUG    urllib3.connectionpool https://iamcredentials.googleapis.com:443 "POST /v1/projects/-/serviceAccounts/cloudbuild-sa@dde-ops-data-science-p001.iam.gserviceaccount.com:generateAccessToken HTTP/11" 200 None
2025-02-18 16:46:58,811 DEBUG    urllib3.connectionpool Starting new HTTPS connection (1): storage.googleapis.com:443
2025-02-18 16:47:01,171 DEBUG    urllib3.connectionpool https://storage.googleapis.com:443 "GET /storage/v1/b/dde-ops-data-science-p001_cloudbuild?alt=json HTTP/11" 200 1187
2025-02-18 16:47:01,174 INFO     root            Using default gcloudignore file:
--------------------------------------------------
# This file specifies files that are *not* uploaded to Google Cloud
# using gcloud. It follows the same syntax as .gitignore, with the addition of
# "#!include" directives (which insert the entries of the given .gitignore-style
# file at that point).
#
# For more information, run:
#   $ gcloud topic gcloudignore
#
.gcloudignore
# If you would like to upload your .git directory, .gitignore file or files
# from your .gitignore file, remove the corresponding line
# below:
.git
.gitignore
#!include:.gitignore

--------------------------------------------------
2025-02-18 16:47:01,189 DEBUG    root            Skipping file [.gitignore]
2025-02-18 16:47:01,190 DEBUG    root            Skipping file [.git]
2025-02-18 16:47:01,242 INFO     ___FILE_ONLY___ Creating temporary archive of 58 file(s) totalling 123.8 KiB before compression.

2025-02-18 16:47:01,245 DEBUG    root            Added dir [vertexai-pipeline-cpu]
2025-02-18 16:47:01,245 DEBUG    root            Added dir [mlflow]
2025-02-18 16:47:01,245 DEBUG    root            Added dir [cicd-inspection]
2025-02-18 16:47:01,246 DEBUG    root            Added dir [user-managed-notebook-gpu]
2025-02-18 16:47:01,246 DEBUG    root            Added dir [workbench-instance-gpu]
2025-02-18 16:47:01,246 DEBUG    root            Added dir [workbench-instance-cpu]
2025-02-18 16:47:01,246 DEBUG    root            Added dir [user-managed-notebook-cpu]
2025-02-18 16:47:01,246 DEBUG    root            Added dir [vertexai-pipeline-cpu/certificates]
2025-02-18 16:47:01,247 DEBUG    root            Added dir [user-managed-notebook-gpu/tests]
2025-02-18 16:47:01,247 DEBUG    root            Added dir [user-managed-notebook-gpu/certificates]
2025-02-18 16:47:01,247 DEBUG    root            Added dir [workbench-instance-gpu/certificates]
2025-02-18 16:47:01,247 DEBUG    root            Added dir [workbench-instance-gpu/gcs_sync_scripts]
2025-02-18 16:47:01,247 DEBUG    root            Added dir [workbench-instance-cpu/certificates]
2025-02-18 16:47:01,247 DEBUG    root            Added dir [workbench-instance-cpu/gcs_sync_scripts]
2025-02-18 16:47:01,247 DEBUG    root            Added dir [user-managed-notebook-cpu/tests]
2025-02-18 16:47:01,248 DEBUG    root            Added dir [user-managed-notebook-cpu/certificates]
2025-02-18 16:47:01,249 DEBUG    root            Added [build_ci.sh]
2025-02-18 16:47:01,263 DEBUG    root            Added [README.md]
2025-02-18 16:47:01,271 DEBUG    root            Added [vertexai-pipeline-cpu/Dockerfile]
2025-02-18 16:47:01,272 DEBUG    root            Added [vertexai-pipeline-cpu/cloudbuild.yaml]
2025-02-18 16:47:01,275 DEBUG    root            Added [vertexai-pipeline-cpu/certificates/mlflow-dev-dyson-global-corp-chain.crt]
2025-02-18 16:47:01,280 DEBUG    root            Added [vertexai-pipeline-cpu/certificates/stash-dyson-global-corp-chain.crt]
2025-02-18 16:47:01,285 DEBUG    root            Added [vertexai-pipeline-cpu/certificates/mlflow-dyson-global-corp-chain.crt]
2025-02-18 16:47:01,291 DEBUG    root            Added [mlflow/Dockerfile]
2025-02-18 16:47:01,294 DEBUG    root            Added [mlflow/cloudbuild.yaml]
2025-02-18 16:47:01,298 DEBUG    root            Added [mlflow/run.sh]
2025-02-18 16:47:01,304 DEBUG    root            Added [mlflow/mlflow_test.py]
2025-02-18 16:47:01,307 DEBUG    root            Added [cicd-inspection/Dockerfile]
2025-02-18 16:47:01,310 DEBUG    root            Added [cicd-inspection/cloudbuild.yaml]
2025-02-18 16:47:01,313 DEBUG    root            Added [user-managed-notebook-gpu/Dockerfile]
2025-02-18 16:47:01,316 DEBUG    root            Added [user-managed-notebook-gpu/cloudbuild.yaml]
2025-02-18 16:47:01,318 DEBUG    root            Added [user-managed-notebook-gpu/run.sh]
2025-02-18 16:47:01,321 DEBUG    root            Added [user-managed-notebook-gpu/r_requirements.txt]
2025-02-18 16:47:01,326 DEBUG    root            Added [user-managed-notebook-gpu/py_requirements.txt]
2025-02-18 16:47:01,329 DEBUG    root            Added [user-managed-notebook-gpu/tests/conftest.py]
2025-02-18 16:47:01,332 DEBUG    root            Added [user-managed-notebook-gpu/tests/test_imports.py]
2025-02-18 16:47:01,333 DEBUG    root            Added [user-managed-notebook-gpu/certificates/mlflow-dev-dyson-global-corp-chain.crt]
2025-02-18 16:47:01,335 DEBUG    root            Added [user-managed-notebook-gpu/certificates/stash-dyson-global-corp-chain.crt]
2025-02-18 16:47:01,335 DEBUG    root            Added [user-managed-notebook-gpu/certificates/mlflow-dyson-global-corp-chain.crt]
2025-02-18 16:47:01,337 DEBUG    root            Added [workbench-instance-gpu/base_dependencies.txt]
2025-02-18 16:47:01,340 DEBUG    root            Added [workbench-instance-gpu/Dockerfile]
2025-02-18 16:47:01,342 DEBUG    root            Added [workbench-instance-gpu/cloudbuild.yaml]
2025-02-18 16:47:01,345 DEBUG    root            Added [workbench-instance-gpu/run.sh]
2025-02-18 16:47:01,347 DEBUG    root            Added [workbench-instance-gpu/py_requirements.txt]
2025-02-18 16:47:01,349 DEBUG    root            Added [workbench-instance-gpu/certificates/mlflow-dev-dyson-global-corp-chain.crt]
2025-02-18 16:47:01,350 DEBUG    root            Added [workbench-instance-gpu/certificates/stash-dyson-global-corp-chain.crt]
2025-02-18 16:47:01,352 DEBUG    root            Added [workbench-instance-gpu/certificates/mlflow-dyson-global-corp-chain.crt]
2025-02-18 16:47:01,356 DEBUG    root            Added [workbench-instance-gpu/gcs_sync_scripts/sync_to_bucket.conf]
2025-02-18 16:47:01,361 DEBUG    root            Added [workbench-instance-gpu/gcs_sync_scripts/sync_to_bucket.sh]
2025-02-18 16:47:01,368 DEBUG    root            Added [workbench-instance-gpu/gcs_sync_scripts/sync_from_bucket.sh]
2025-02-18 16:47:01,373 DEBUG    root            Added [workbench-instance-cpu/base_dependencies.txt]
2025-02-18 16:47:01,378 DEBUG    root            Added [workbench-instance-cpu/Dockerfile]
2025-02-18 16:47:01,381 DEBUG    root            Added [workbench-instance-cpu/cloudbuild.yaml]
2025-02-18 16:47:01,384 DEBUG    root            Added [workbench-instance-cpu/run.sh]
2025-02-18 16:47:01,388 DEBUG    root            Added [workbench-instance-cpu/r_requirements.txt]
2025-02-18 16:47:01,392 DEBUG    root            Added [workbench-instance-cpu/py_requirements.txt]
2025-02-18 16:47:01,394 DEBUG    root            Added [workbench-instance-cpu/certificates/mlflow-dev-dyson-global-corp-chain.crt]
2025-02-18 16:47:01,397 DEBUG    root            Added [workbench-instance-cpu/certificates/stash-dyson-global-corp-chain.crt]
2025-02-18 16:47:01,403 DEBUG    root            Added [workbench-instance-cpu/certificates/mlflow-dyson-global-corp-chain.crt]
2025-02-18 16:47:01,405 DEBUG    root            Added [workbench-instance-cpu/gcs_sync_scripts/sync_to_bucket.conf]
2025-02-18 16:47:01,407 DEBUG    root            Added [workbench-instance-cpu/gcs_sync_scripts/sync_to_bucket.sh]
2025-02-18 16:47:01,410 DEBUG    root            Added [workbench-instance-cpu/gcs_sync_scripts/sync_from_bucket.sh]
2025-02-18 16:47:01,413 DEBUG    root            Added [user-managed-notebook-cpu/network.lic]
2025-02-18 16:47:01,415 DEBUG    root            Added [user-managed-notebook-cpu/base_dependencies.txt]
2025-02-18 16:47:01,421 DEBUG    root            Added [user-managed-notebook-cpu/Dockerfile]
2025-02-18 16:47:01,425 DEBUG    root            Added [user-managed-notebook-cpu/cloudbuild.yaml]
2025-02-18 16:47:01,429 DEBUG    root            Added [user-managed-notebook-cpu/run.sh]
2025-02-18 16:47:01,435 DEBUG    root            Added [user-managed-notebook-cpu/r_requirements.txt]
2025-02-18 16:47:01,438 DEBUG    root            Added [user-managed-notebook-cpu/py_requirements.txt]
2025-02-18 16:47:01,442 DEBUG    root            Added [user-managed-notebook-cpu/tests/conftest.py]
2025-02-18 16:47:01,444 DEBUG    root            Added [user-managed-notebook-cpu/tests/test_imports.py]
2025-02-18 16:47:01,446 DEBUG    root            Added [user-managed-notebook-cpu/certificates/mlflow-dev-dyson-global-corp-chain.crt]
2025-02-18 16:47:01,448 DEBUG    root            Added [user-managed-notebook-cpu/certificates/stash-dyson-global-corp-chain.crt]
2025-02-18 16:47:01,451 DEBUG    root            Added [user-managed-notebook-cpu/certificates/mlflow-dyson-global-corp-chain.crt]
2025-02-18 16:47:01,454 INFO     ___FILE_ONLY___ Some files were not included in the source upload.

Check the gcloud log [/Users/daniel.low/.config/gcloud/logs/2025.02.18/16.46.57.145848.log] to see which files and the contents of the
default gcloudignore file used (see `$ gcloud topic gcloudignore` to learn
more).


2025-02-18 16:47:01,454 INFO     ___FILE_ONLY___ Uploading tarball of [.] to [gs://dde-ops-data-science-p001_cloudbuild/vertexai-pipeline-cpu/1739868418.792726-0cce0d9c15064e24a0e5d147a581807f.tgz]

2025-02-18 16:47:01,464 INFO     root            Uploading [/var/folders/cs/p5_dzp410hlgfg_ljwj0jyg00000gp/T/tmpb_whu1yp/file.tgz] to [dde-ops-data-science-p001_cloudbuild/vertexai-pipeline-cpu/1739868418.792726-0cce0d9c15064e24a0e5d147a581807f.tgz]
2025-02-18 16:47:03,903 DEBUG    urllib3.connectionpool https://storage.googleapis.com:443 "POST /upload/storage/v1/b/dde-ops-data-science-p001_cloudbuild/o?alt=json&name=vertexai-pipeline-cpu%2F1739868418.792726-0cce0d9c15064e24a0e5d147a581807f.tgz&uploadType=multipart HTTP/11" 200 1150
2025-02-18 16:47:03,914 DEBUG    root            submitting build: <Build
 images: []
 options: <BuildOptions
 dynamicSubstitutions: True
 env: []
 logging: LoggingValueValuesEnum(CLOUD_LOGGING_ONLY, 4)
 pool: <PoolOption
 name: 'projects/${PROJECT_ID}/locations/${LOCATION}/workerPools/dds-mlops-worker-pool'>
 secretEnv: []
 sourceProvenanceHash: []
 volumes: []>
 secrets: []
 serviceAccount: 'projects/dde-ops-data-science-p001/serviceAccounts/cloudbuild-sa@dde-ops-data-science-p001.iam.gserviceaccount.com'
 source: <Source
 storageSource: <StorageSource
 bucket: 'dde-ops-data-science-p001_cloudbuild'
 generation: 1739868423746935
 object: 'vertexai-pipeline-cpu/1739868418.792726-0cce0d9c15064e24a0e5d147a581807f.tgz'>>
 steps: [<BuildStep
 allowExitCodes: []
 args: ['-c', 'hadolint Dockerfile --no-fail\n']
 dir: './vertexai-pipeline-cpu'
 entrypoint: 'bash'
 env: []
 id: 'Hadolint'
 name: '${LOCATION}-docker.pkg.dev/${PROJECT_ID}/docker/cicd-inspection:v2'
 secretEnv: []
 volumes: []
 waitFor: []>, <BuildStep
 allowExitCodes: []
 args: ['-c', 'sed -i "s/dde-ops-data-science-.001/${PROJECT_ID}/g" py_requirements.txt\ndocker build --network=cloudbuild -t $_ARTIFACT_REGISTRY/$_IMAGE_NAME:$_IMAGE_VERSION -f Dockerfile .\n']
 dir: './vertexai-pipeline-cpu'
 entrypoint: 'bash'
 env: []
 id: 'Building Docker Image'
 name: '${LOCATION}-docker.pkg.dev/${PROJECT_ID}/docker/cicd-inspection:v2'
 secretEnv: []
 volumes: []
 waitFor: []>, <BuildStep
 allowExitCodes: []
 args: ['-c', 'trivy image $_ARTIFACT_REGISTRY/$_IMAGE_NAME:$_IMAGE_VERSION --timeout 60m\n']
 dir: './vertexai-pipeline-cpu'
 entrypoint: 'bash'
 env: []
 id: 'Trivy Scan'
 name: '${LOCATION}-docker.pkg.dev/${PROJECT_ID}/docker/cicd-inspection:v2'
 secretEnv: []
 volumes: []
 waitFor: []>, <BuildStep
 allowExitCodes: []
 args: ['-c', 'docker push $_ARTIFACT_REGISTRY/$_IMAGE_NAME:$_IMAGE_VERSION\n']
 dir: './vertexai-pipeline-cpu'
 entrypoint: 'bash'
 env: []
 id: 'Pushing the Image'
 name: '${LOCATION}-docker.pkg.dev/${PROJECT_ID}/docker/cicd-inspection:v2'
 secretEnv: []
 volumes: []
 waitFor: []>]
 substitutions: <SubstitutionsValue
 additionalProperties: [<AdditionalProperty
 key: '_ARTIFACT_REGISTRY'
 value: '${LOCATION}-docker.pkg.dev/${PROJECT_ID}/docker'>, <AdditionalProperty
 key: '_IMAGE_NAME'
 value: 'vertexai-pipeline-cpu'>, <AdditionalProperty
 key: '_IMAGE_VERSION'
 value: '0.0.2'>]>
 tags: []
 timeout: '3600s'
 warnings: []>
2025-02-18 16:47:03,917 WARNING  root            This command is using service account impersonation. All API calls will be executed as [cloudbuild-sa@dde-ops-data-science-p001.iam.gserviceaccount.com].
2025-02-18 16:47:03,920 DEBUG    google.auth.transport.requests Making request: POST https://oauth2.googleapis.com/token
2025-02-18 16:47:03,921 DEBUG    urllib3.connectionpool Starting new HTTPS connection (1): oauth2.googleapis.com:443
2025-02-18 16:47:04,036 DEBUG    urllib3.connectionpool https://oauth2.googleapis.com:443 "POST /token HTTP/11" 200 None
2025-02-18 16:47:04,042 DEBUG    google.auth.transport.requests Making request: POST https://iamcredentials.googleapis.com/v1/projects/-/serviceAccounts/cloudbuild-sa@dde-ops-data-science-p001.iam.gserviceaccount.com:generateAccessToken
2025-02-18 16:47:04,043 DEBUG    urllib3.connectionpool Starting new HTTPS connection (1): iamcredentials.googleapis.com:443
2025-02-18 16:47:04,154 DEBUG    urllib3.connectionpool https://iamcredentials.googleapis.com:443 "POST /v1/projects/-/serviceAccounts/cloudbuild-sa@dde-ops-data-science-p001.iam.gserviceaccount.com:generateAccessToken HTTP/11" 200 None
2025-02-18 16:47:04,158 WARNING  root            This command is using service account impersonation. All API calls will be executed as [cloudbuild-sa@dde-ops-data-science-p001.iam.gserviceaccount.com].
2025-02-18 16:47:04,178 DEBUG    google.auth.transport.requests Making request: POST https://oauth2.googleapis.com/token
2025-02-18 16:47:04,178 DEBUG    urllib3.connectionpool Starting new HTTPS connection (1): oauth2.googleapis.com:443
2025-02-18 16:47:04,274 DEBUG    urllib3.connectionpool https://oauth2.googleapis.com:443 "POST /token HTTP/11" 200 None
2025-02-18 16:47:04,277 DEBUG    google.auth.transport.requests Making request: POST https://iamcredentials.googleapis.com/v1/projects/-/serviceAccounts/cloudbuild-sa@dde-ops-data-science-p001.iam.gserviceaccount.com:generateAccessToken
2025-02-18 16:47:04,278 DEBUG    urllib3.connectionpool Starting new HTTPS connection (1): iamcredentials.googleapis.com:443
2025-02-18 16:47:04,392 DEBUG    urllib3.connectionpool https://iamcredentials.googleapis.com:443 "POST /v1/projects/-/serviceAccounts/cloudbuild-sa@dde-ops-data-science-p001.iam.gserviceaccount.com:generateAccessToken HTTP/11" 200 None
2025-02-18 16:47:04,444 DEBUG    urllib3.connectionpool Starting new HTTPS connection (1): cloudbuild.googleapis.com:443
2025-02-18 16:47:07,022 DEBUG    urllib3.connectionpool https://cloudbuild.googleapis.com:443 "POST /v1/projects/dde-ops-data-science-p001/locations/europe-west4/builds?alt=json HTTP/11" 200 None
2025-02-18 16:47:07,029 INFO     ___FILE_ONLY___ Created [https://cloudbuild.googleapis.com/v1/projects/dde-ops-data-science-p001/locations/europe-west4/builds/713ebc88-f52d-40e0-85bb-b255716c7440].

2025-02-18 16:47:07,029 INFO     ___FILE_ONLY___ Logs are available at [ https://console.cloud.google.com/cloud-build/builds;region=europe-west4/713ebc88-f52d-40e0-85bb-b255716c7440?project=699197215593 ].

2025-02-18 16:47:07,029 DEBUG    root            Chosen display Format:
        table(
          id,
          createTime.date('%Y-%m-%dT%H:%M:%S%Oz', undefined='-'),
          duration(start=startTime,end=finishTime,precision=0,calendar=false,undefined="  -").slice(2:).join(""):label=DURATION,
          build_source(undefined="-"):label=SOURCE,
          build_images(undefined="-"):label=IMAGES,
          status
        )
      
2025-02-18 16:47:07,030 INFO     root            Display format: "
        table(
          id,
          createTime.date('%Y-%m-%dT%H:%M:%S%Oz', undefined='-'),
          duration(start=startTime,end=finishTime,precision=0,calendar=false,undefined="  -").slice(2:).join(""):label=DURATION,
          build_source(undefined="-"):label=SOURCE,
          build_images(undefined="-"):label=IMAGES,
          status
        )
      "
2025-02-18 16:47:07,238 INFO     ___FILE_ONLY___ ID
2025-02-18 16:47:07,238 INFO     ___FILE_ONLY___                                     
2025-02-18 16:47:07,238 INFO     ___FILE_ONLY___ CREATE_TIME
2025-02-18 16:47:07,238 INFO     ___FILE_ONLY___                 
2025-02-18 16:47:07,238 INFO     ___FILE_ONLY___ DURATION
2025-02-18 16:47:07,238 INFO     ___FILE_ONLY___   
2025-02-18 16:47:07,238 INFO     ___FILE_ONLY___ SOURCE
2025-02-18 16:47:07,238 INFO     ___FILE_ONLY___                                                                                                                   
2025-02-18 16:47:07,238 INFO     ___FILE_ONLY___ IMAGES
2025-02-18 16:47:07,238 INFO     ___FILE_ONLY___   
2025-02-18 16:47:07,239 INFO     ___FILE_ONLY___ STATUS
2025-02-18 16:47:07,239 INFO     ___FILE_ONLY___ 

2025-02-18 16:47:07,239 INFO     ___FILE_ONLY___ 713ebc88-f52d-40e0-85bb-b255716c7440
2025-02-18 16:47:07,239 INFO     ___FILE_ONLY___   
2025-02-18 16:47:07,239 INFO     ___FILE_ONLY___ 2025-02-18T08:47:05+00:00
2025-02-18 16:47:07,239 INFO     ___FILE_ONLY___   
2025-02-18 16:47:07,239 INFO     ___FILE_ONLY___ -
2025-02-18 16:47:07,239 INFO     ___FILE_ONLY___          
2025-02-18 16:47:07,239 INFO     ___FILE_ONLY___ gs://dde-ops-data-science-p001_cloudbuild/vertexai-pipeline-cpu/1739868418.792726-0cce0d9c15064e24a0e5d147a581807f.tgz
2025-02-18 16:47:07,239 INFO     ___FILE_ONLY___   
2025-02-18 16:47:07,239 INFO     ___FILE_ONLY___ -
2025-02-18 16:47:07,239 INFO     ___FILE_ONLY___        
2025-02-18 16:47:07,239 INFO     ___FILE_ONLY___ QUEUED
2025-02-18 16:47:07,239 INFO     ___FILE_ONLY___ 

2025-02-18 16:47:07,260 DEBUG    root            Metrics reporting process started...
