2025-02-06 09:19:41,901 DEBUG    root            Loaded Command Group: ['gcloud', 'projects']
2025-02-06 09:19:42,007 DEBUG    root            Loaded Command Group: ['gcloud', 'projects', 'list']
2025-02-06 09:19:42,009 DEBUG    root            Running [gcloud.projects.list] with arguments: [--filter: "dde-prj-buildandtest-p001", --format: "value(PROJECT_NUMBER)"]
2025-02-06 09:19:42,009 INFO     root            client_filter="dde-prj-buildandtest-p001" server_filter="None"
2025-02-06 09:19:42,146 DEBUG    root            Chosen display Format:
    table(
      projectId:sort=1,
      name,
      projectNumber
    )
 value(PROJECT_NUMBER)
2025-02-06 09:19:42,146 INFO     root            Display format: "
    table(
      projectId:sort=1,
      name,
      projectNumber
    )
 value(PROJECT_NUMBER)"
2025-02-06 09:19:42,159 DEBUG    urllib3.connectionpool Starting new HTTPS connection (1): cloudresourcemanager.googleapis.com:443
2025-02-06 09:19:43,359 DEBUG    urllib3.connectionpool https://cloudresourcemanager.googleapis.com:443 "GET /v1/projects?alt=json&filter=lifecycleState%3AACTIVE&pageSize=500 HTTP/1.1" 200 None
2025-02-06 09:19:43,494 INFO     ___FILE_ONLY___ 804883580480

2025-02-06 09:19:43,510 DEBUG    root            Metrics reporting process started...
