2025-02-06 09:11:12,212 DEBUG    root            Loaded Command Group: ['gcloud', 'projects']
2025-02-06 09:11:12,230 DEBUG    root            Loaded Command Group: ['gcloud', 'projects', 'list']
2025-02-06 09:11:12,231 DEBUG    root            Running [gcloud.projects.list] with arguments: [--filter: "dde-ops-data-science-d001", --format: "value(PROJECT_NUMBER)"]
2025-02-06 09:11:12,231 INFO     root            client_filter="dde-ops-data-science-d001" server_filter="None"
2025-02-06 09:11:12,265 DEBUG    root            Chosen display Format:
    table(
      projectId:sort=1,
      name,
      projectNumber
    )
 value(PROJECT_NUMBER)
2025-02-06 09:11:12,266 INFO     root            Display format: "
    table(
      projectId:sort=1,
      name,
      projectNumber
    )
 value(PROJECT_NUMBER)"
2025-02-06 09:11:12,272 DEBUG    urllib3.connectionpool Starting new HTTPS connection (1): cloudresourcemanager.googleapis.com:443
2025-02-06 09:11:12,703 DEBUG    urllib3.connectionpool https://cloudresourcemanager.googleapis.com:443 "GET /v1/projects?alt=json&filter=lifecycleState%3AACTIVE&pageSize=500 HTTP/1.1" 200 None
2025-02-06 09:11:12,800 INFO     ___FILE_ONLY___ 227097679559

2025-02-06 09:11:12,922 DEBUG    root            Metrics reporting process started...
