2025-02-06 09:11:55,655 DEBUG    root            Loaded Command Group: ['gcloud', 'projects']
2025-02-06 09:11:55,661 DEBUG    root            Loaded Command Group: ['gcloud', 'projects', 'list']
2025-02-06 09:11:55,662 DEBUG    root            Running [gcloud.projects.list] with arguments: [--filter: "dde-ops-data-science-p001", --format: "value(PROJECT_NUMBER)"]
2025-02-06 09:11:55,662 INFO     root            client_filter="dde-ops-data-science-p001" server_filter="None"
2025-02-06 09:11:55,685 DEBUG    root            Chosen display Format:
    table(
      projectId:sort=1,
      name,
      projectNumber
    )
 value(PROJECT_NUMBER)
2025-02-06 09:11:55,685 INFO     root            Display format: "
    table(
      projectId:sort=1,
      name,
      projectNumber
    )
 value(PROJECT_NUMBER)"
2025-02-06 09:11:55,690 DEBUG    urllib3.connectionpool Starting new HTTPS connection (1): cloudresourcemanager.googleapis.com:443
2025-02-06 09:11:56,844 DEBUG    urllib3.connectionpool https://cloudresourcemanager.googleapis.com:443 "GET /v1/projects?alt=json&filter=lifecycleState%3AACTIVE&pageSize=500 HTTP/1.1" 200 None
2025-02-06 09:11:56,879 INFO     ___FILE_ONLY___ 699197215593

2025-02-06 09:11:56,888 DEBUG    root            Metrics reporting process started...
