2025-02-06 09:11:48,261 DEBUG    root            Loaded Command Group: ['gcloud', 'projects']
2025-02-06 09:11:48,268 DEBUG    root            Loaded Command Group: ['gcloud', 'projects', 'list']
2025-02-06 09:11:48,269 DEBUG    root            Running [gcloud.projects.list] with arguments: [--filter: "idde-ops-data-science-p001", --format: "value(PROJECT_NUMBER)"]
2025-02-06 09:11:48,269 INFO     root            client_filter="idde-ops-data-science-p001" server_filter="None"
2025-02-06 09:11:48,291 DEBUG    root            Chosen display Format:
    table(
      projectId:sort=1,
      name,
      projectNumber
    )
 value(PROJECT_NUMBER)
2025-02-06 09:11:48,291 INFO     root            Display format: "
    table(
      projectId:sort=1,
      name,
      projectNumber
    )
 value(PROJECT_NUMBER)"
2025-02-06 09:11:48,298 DEBUG    urllib3.connectionpool Starting new HTTPS connection (1): cloudresourcemanager.googleapis.com:443
2025-02-06 09:11:48,747 DEBUG    urllib3.connectionpool https://cloudresourcemanager.googleapis.com:443 "GET /v1/projects?alt=json&filter=lifecycleState%3AACTIVE&pageSize=500 HTTP/1.1" 200 None
2025-02-06 09:11:48,805 DEBUG    root            Metrics reporting process started...
