2025-02-06 15:19:19,124 DEBUG    root            Loaded Command Group: ['gcloud', 'compute']
2025-02-06 15:19:19,126 DEBUG    root            Loaded Command Group: ['gcloud', 'compute', 'networks']
2025-02-06 15:19:19,127 DEBUG    root            Loaded Command Group: ['gcloud', 'compute', 'networks', 'subnets']
2025-02-06 15:19:19,136 DEBUG    root            Loaded Command Group: ['gcloud', 'compute', 'networks', 'subnets', 'list']
2025-02-06 15:19:19,137 DEBUG    root            Running [gcloud.compute.networks.subnets.list] with arguments: [--project: "gc-net-dev-npr-svpc-euw4-01", --regions: "['europe-west4']"]
2025-02-06 15:19:19,137 DEBUG    root            Chosen display Format:    table(
      name,
      region.basename(),
      network.basename(),
      ipCidrRange:label=RANGE,
      stackType,
      ipv6AccessType,
      internalIpv6Prefix,
      externalIpv6Prefix
    )
2025-02-06 15:19:19,137 INFO     root            Display format: "    table(
      name,
      region.basename(),
      network.basename(),
      ipCidrRange:label=RANGE,
      stackType,
      ipv6AccessType,
      internalIpv6Prefix,
      externalIpv6Prefix
    )"
2025-02-06 15:19:19,292 INFO     root            client_filter='(region :(europe-west4))' server_filter=None
2025-02-06 15:19:19,298 DEBUG    urllib3.connectionpool Starting new HTTPS connection (1): compute.googleapis.com:443
2025-02-06 15:19:21,185 DEBUG    urllib3.connectionpool https://compute.googleapis.com:443 "GET /compute/v1/projects/gc-net-dev-npr-svpc-euw4-01/regions/europe-west4/subnetworks?alt=json&maxResults=500 HTTP/1.1" 404 None
2025-02-06 15:19:21,191 DEBUG    root            Chosen display Format:list[title="Some requests did not succeed.",always-display-title]
2025-02-06 15:19:21,192 WARNING  root            Some requests did not succeed.
 - The resource 'projects/gc-net-dev-npr-svpc-euw4-01' was not found

2025-02-06 15:19:21,238 INFO     root            cache collection=compute.subnetworks api_version=beta params=['project', 'region', 'subnetwork']
2025-02-06 15:19:21,258 INFO     ___FILE_ONLY___ Listed 0 items.

2025-02-06 15:19:21,260 INFO     ___FILE_ONLY___ 

Updates are available for some Google Cloud CLI components.  To install them,
please run:
  $ gcloud components update


2025-02-06 15:19:21,268 DEBUG    root            Metrics reporting process started...
