2025-02-06 15:50:04,111 DEBUG    root            Loaded Command Group: ['gcloud', 'auth']
2025-02-06 15:50:04,176 DEBUG    root            Loaded Command Group: ['gcloud', 'auth', 'login']
2025-02-06 15:50:04,178 DEBUG    root            Running [gcloud.auth.login] with arguments: []
2025-02-06 15:50:04,489 DEBUG    requests_oauthlib.oauth2_session Generated new state 1ExMkYZv95knrP0JVn5t1Em6yXimw7.
2025-02-06 15:50:04,938 INFO     ___FILE_ONLY___ Your browser has been opened to visit:

    https://accounts.google.com/o/oauth2/auth?response_type=code&client_id=32555940559.apps.googleusercontent.com&redirect_uri=http%3A%2F%2Flocalhost%3A8085%2F&scope=openid+https%3A%2F%2Fwww.googleapis.com%2Fauth%2Fuserinfo.email+https%3A%2F%2Fwww.googleapis.com%2Fauth%2Fcloud-platform+https%3A%2F%2Fwww.googleapis.com%2Fauth%2Fappengine.admin+https%3A%2F%2Fwww.googleapis.com%2Fauth%2Fsqlservice.login+https%3A%2F%2Fwww.googleapis.com%2Fauth%2Fcompute+https%3A%2F%2Fwww.googleapis.com%2Fauth%2Faccounts.reauth&state=1ExMkYZv95knrP0JVn5t1Em6yXimw7&access_type=offline&code_challenge=hKlUZZ7-0OqC1Ot_J9qIjeqmH66dlj_0HdZ3aIHNH28&code_challenge_method=S256


2025-02-06 15:52:21,329 INFO     google_auth_oauthlib.flow "GET /?state=1ExMkYZv95knrP0JVn5t1Em6yXimw7&code=4/0ASVgi3IBTklPCVhkkT_0Jmt-CF1J4NNdVF1Fxhbf9mnVKi4jr-iokysgFf09Yv7gLepYUQ&scope=email%20openid%20https://www.googleapis.com/auth/userinfo.email%20https://www.googleapis.com/auth/cloud-platform%20https://www.googleapis.com/auth/appengine.admin%20https://www.googleapis.com/auth/sqlservice.login%20https://www.googleapis.com/auth/compute%20https://www.googleapis.com/auth/accounts.reauth&authuser=0&hd=dyson.com&prompt=consent HTTP/1.1" 200 937
2025-02-06 15:52:21,331 DEBUG    requests_oauthlib.oauth2_session Requesting url https://oauth2.googleapis.com/token using method POST.
2025-02-06 15:52:21,331 DEBUG    requests_oauthlib.oauth2_session Supplying headers {b'Accept': b'application/json', b'Content-Type': b'application/x-www-form-urlencoded;charset=UTF-8', b'user-agent': b'google-cloud-sdk gcloud/507.0.0 command/gcloud.auth.login invocation-id/41d0497492124cdab8ba6fa13d279cde environment/None environment-version/None client-os/MACOSX client-os-ver/24.3.0 client-pltf-arch/arm interactive/True from-script/False python/3.10.13 term/xterm-256color (Macintosh; Intel Mac OS X 24.3.0)'} and data {'grant_type': 'authorization_code', 'client_id': '32555940559.apps.googleusercontent.com', 'client_secret': 'ZmssLNjJy2998hD4CTg2ejr2', 'code': '4/0ASVgi3IBTklPCVhkkT_0Jmt-CF1J4NNdVF1Fxhbf9mnVKi4jr-iokysgFf09Yv7gLepYUQ', 'redirect_uri': 'http://localhost:8085/', 'code_verifier': 'IA.Qpn8KaLmQCY-y.upjx8IM_Jm3f4PZBx6.E6FovEt1TY3CugzKfI9Y4k0kSo16hZ77jWF5OhaiuKtyx6ifB~DBDAzetzGRH61iKjVn3Q1SeL6x.XqYRH~Cjaa2_BKu'}
2025-02-06 15:52:21,331 DEBUG    requests_oauthlib.oauth2_session Passing through key word arguments {'json': None, 'timeout': None, 'auth': None, 'verify': None, 'proxies': None}.
2025-02-06 15:52:21,346 DEBUG    urllib3.connectionpool Starting new HTTPS connection (1): oauth2.googleapis.com:443
2025-02-06 15:52:21,446 DEBUG    urllib3.connectionpool https://oauth2.googleapis.com:443 "POST /token HTTP/1.1" 200 None
2025-02-06 15:52:21,451 DEBUG    requests_oauthlib.oauth2_session Prepared fetch token request body grant_type=authorization_code&client_id=32555940559.apps.googleusercontent.com&client_secret=ZmssLNjJy2998hD4CTg2ejr2&code=4%2F0ASVgi3IBTklPCVhkkT_0Jmt-CF1J4NNdVF1Fxhbf9mnVKi4jr-iokysgFf09Yv7gLepYUQ&redirect_uri=http%3A%2F%2Flocalhost%3A8085%2F&code_verifier=IA.Qpn8KaLmQCY-y.upjx8IM_Jm3f4PZBx6.E6FovEt1TY3CugzKfI9Y4k0kSo16hZ77jWF5OhaiuKtyx6ifB~DBDAzetzGRH61iKjVn3Q1SeL6x.XqYRH~Cjaa2_BKu
2025-02-06 15:52:21,451 DEBUG    requests_oauthlib.oauth2_session Request to fetch token completed with status 200.
2025-02-06 15:52:21,451 DEBUG    requests_oauthlib.oauth2_session Request headers were {'user-agent': b'google-cloud-sdk gcloud/507.0.0 command/gcloud.auth.login invocation-id/41d0497492124cdab8ba6fa13d279cde environment/None environment-version/None client-os/MACOSX client-os-ver/24.3.0 client-pltf-arch/arm interactive/True from-script/False python/3.10.13 term/xterm-256color (Macintosh; Intel Mac OS X 24.3.0)', 'Accept-Encoding': 'gzip, deflate', 'Accept': b'application/json', 'Connection': 'keep-alive', 'Content-Type': b'application/x-www-form-urlencoded;charset=UTF-8', 'Content-Length': '387'}
2025-02-06 15:52:21,452 DEBUG    requests_oauthlib.oauth2_session Request body was grant_type=authorization_code&client_id=32555940559.apps.googleusercontent.com&client_secret=ZmssLNjJy2998hD4CTg2ejr2&code=4%2F0ASVgi3IBTklPCVhkkT_0Jmt-CF1J4NNdVF1Fxhbf9mnVKi4jr-iokysgFf09Yv7gLepYUQ&redirect_uri=http%3A%2F%2Flocalhost%3A8085%2F&code_verifier=IA.Qpn8KaLmQCY-y.upjx8IM_Jm3f4PZBx6.E6FovEt1TY3CugzKfI9Y4k0kSo16hZ77jWF5OhaiuKtyx6ifB~DBDAzetzGRH61iKjVn3Q1SeL6x.XqYRH~Cjaa2_BKu
2025-02-06 15:52:21,452 DEBUG    requests_oauthlib.oauth2_session Response headers were {'Cache-Control': 'no-cache, no-store, max-age=0, must-revalidate', 'Pragma': 'no-cache', 'Date': 'Thu, 06 Feb 2025 07:52:21 GMT', 'Expires': 'Mon, 01 Jan 1990 00:00:00 GMT', 'Content-Type': 'application/json; charset=utf-8', 'Vary': 'Origin, X-Origin, Referer', 'Content-Encoding': 'gzip', 'Server': 'scaffolding on HTTPServer2', 'X-XSS-Protection': '0', 'X-Frame-Options': 'SAMEORIGIN', 'X-Content-Type-Options': 'nosniff', 'Alt-Svc': 'h3=":443"; ma=2592000,h3-29=":443"; ma=2592000', 'Transfer-Encoding': 'chunked'} and content {
  "access_token": "ya29.a0AXeO80QyEZ5oJ0N163yVQU8frqSvpU1WvBWjp2ZOoapGvB14bQGpwPPevS51aasuMUgScSYptuVIJPRxtSgZBAGweXn5ivJscWya3H-lYPYrKxpyzZWvQIhLWfHg1EuHhyiOD3IUrpDBm4SIhoBthjNoRwP_fOMqKnsK6n3eAI6kiQaCgYKAewSARMSFQHGX2MifUcqc4vDP10IjjVKX6z8IA0181",
  "expires_in": 3599,
  "refresh_token": "1//0geNYemkbgqPsCgYIARAAGBASNwF-L9IrSkJkI58ko0MhLktbb914P1qOJmguo0engd_rRPEURUTaAoWLyDwtFUEhMNN5OxCMp8A",
  "scope": "https://www.googleapis.com/auth/accounts.reauth https://www.googleapis.com/auth/compute https://www.googleapis.com/auth/sqlservice.login https://www.googleapis.com/auth/userinfo.email openid https://www.googleapis.com/auth/appengine.admin https://www.googleapis.com/auth/cloud-platform",
  "token_type": "Bearer",
  "id_token": "eyJhbGciOiJSUzI1NiIsImtpZCI6ImVlYzUzNGZhNWI4Y2FjYTIwMWNhOGQwZmY5NmI1NGM1NjIyMTBkMWUiLCJ0eXAiOiJKV1QifQ.eyJpc3MiOiJodHRwczovL2FjY291bnRzLmdvb2dsZS5jb20iLCJhenAiOiIzMjU1NTk0MDU1OS5hcHBzLmdvb2dsZXVzZXJjb250ZW50LmNvbSIsImF1ZCI6IjMyNTU1OTQwNTU5LmFwcHMuZ29vZ2xldXNlcmNvbnRlbnQuY29tIiwic3ViIjoiMTE1NTAwMDY5ODQ0OTIyMjcwNzUwIiwiaGQiOiJkeXNvbi5jb20iLCJlbWFpbCI6ImRhbmllbC5sb3dAZHlzb24uY29tIiwiZW1haWxfdmVyaWZpZWQiOnRydWUsImF0X2hhc2giOiJXbkUtT3RyWlVCMENzekE4Tm9md1JnIiwiaWF0IjoxNzM4ODI4MzQxLCJleHAiOjE3Mzg4MzE5NDF9.GhqqwdEEYRiDzbvdERfeHcpea_ut422odx5J8DkbbLXbE1t5hNttXPie9hLYyo-4vLaANobra83ebiEWoF_xsLzCu8Gg5BZ3aOcQIB7stZPRmP_TJpzS-_NnG7LD3vgqSzUQSWasi3X8zRnExonLaGTAtddJaDYv1VMfBSxw9TnTiUJBrzHm5UFA5e7Gw49ybVBXnYpqII9sRutSTpvIWeBImJSIoiUv_n6jM2-8jiQ6OqOJgZA9PyCz7lswkAEUnOmHXpoCLTUK2VIjUgGLsXGndIseRQ09VKnk2eqBkiFS-yC8WuTsFB8VG6uboTIRS3f1jQMUpZ1WIckaX0ziCQ"
}.
2025-02-06 15:52:21,452 DEBUG    requests_oauthlib.oauth2_session Invoking 0 token response hooks.
2025-02-06 15:52:21,452 DEBUG    requests_oauthlib.oauth2_session Obtained token {'access_token': 'ya29.a0AXeO80QyEZ5oJ0N163yVQU8frqSvpU1WvBWjp2ZOoapGvB14bQGpwPPevS51aasuMUgScSYptuVIJPRxtSgZBAGweXn5ivJscWya3H-lYPYrKxpyzZWvQIhLWfHg1EuHhyiOD3IUrpDBm4SIhoBthjNoRwP_fOMqKnsK6n3eAI6kiQaCgYKAewSARMSFQHGX2MifUcqc4vDP10IjjVKX6z8IA0181', 'expires_in': 3599, 'refresh_token': '1//0geNYemkbgqPsCgYIARAAGBASNwF-L9IrSkJkI58ko0MhLktbb914P1qOJmguo0engd_rRPEURUTaAoWLyDwtFUEhMNN5OxCMp8A', 'scope': ['https://www.googleapis.com/auth/accounts.reauth', 'https://www.googleapis.com/auth/compute', 'https://www.googleapis.com/auth/sqlservice.login', 'https://www.googleapis.com/auth/userinfo.email', 'openid', 'https://www.googleapis.com/auth/appengine.admin', 'https://www.googleapis.com/auth/cloud-platform'], 'token_type': 'Bearer', 'id_token': 'eyJhbGciOiJSUzI1NiIsImtpZCI6ImVlYzUzNGZhNWI4Y2FjYTIwMWNhOGQwZmY5NmI1NGM1NjIyMTBkMWUiLCJ0eXAiOiJKV1QifQ.eyJpc3MiOiJodHRwczovL2FjY291bnRzLmdvb2dsZS5jb20iLCJhenAiOiIzMjU1NTk0MDU1OS5hcHBzLmdvb2dsZXVzZXJjb250ZW50LmNvbSIsImF1ZCI6IjMyNTU1OTQwNTU5LmFwcHMuZ29vZ2xldXNlcmNvbnRlbnQuY29tIiwic3ViIjoiMTE1NTAwMDY5ODQ0OTIyMjcwNzUwIiwiaGQiOiJkeXNvbi5jb20iLCJlbWFpbCI6ImRhbmllbC5sb3dAZHlzb24uY29tIiwiZW1haWxfdmVyaWZpZWQiOnRydWUsImF0X2hhc2giOiJXbkUtT3RyWlVCMENzekE4Tm9md1JnIiwiaWF0IjoxNzM4ODI4MzQxLCJleHAiOjE3Mzg4MzE5NDF9.GhqqwdEEYRiDzbvdERfeHcpea_ut422odx5J8DkbbLXbE1t5hNttXPie9hLYyo-4vLaANobra83ebiEWoF_xsLzCu8Gg5BZ3aOcQIB7stZPRmP_TJpzS-_NnG7LD3vgqSzUQSWasi3X8zRnExonLaGTAtddJaDYv1VMfBSxw9TnTiUJBrzHm5UFA5e7Gw49ybVBXnYpqII9sRutSTpvIWeBImJSIoiUv_n6jM2-8jiQ6OqOJgZA9PyCz7lswkAEUnOmHXpoCLTUK2VIjUgGLsXGndIseRQ09VKnk2eqBkiFS-yC8WuTsFB8VG6uboTIRS3f1jQMUpZ1WIckaX0ziCQ', 'expires_at': 1738831940.452371}.
2025-02-06 15:52:21,493 INFO     ___FILE_ONLY___ 
You are now logged in as [daniel.low@dyson.com].
Your current project is [dde-ops-data-science-d001].  You can change this setting by running:
  $ gcloud config set project PROJECT_ID

2025-02-06 15:52:21,493 DEBUG    root            Chosen display Format:none
2025-02-06 15:52:21,493 INFO     root            Display format: "none"
2025-02-06 15:52:21,537 DEBUG    root            Metrics reporting process started...
