2025-02-11 08:59:01,113 DEBUG    root            Loaded Command Group: ['gcloud', 'auth']
2025-02-11 08:59:01,114 DEBUG    root            Loaded Command Group: ['gcloud', 'auth', 'list']
2025-02-11 08:59:01,115 DEBUG    root            Running [gcloud.auth.list] with arguments: []
2025-02-11 08:59:01,117 DEBUG    root            Chosen display Format:    table[title='Credentialed Accounts'](
        status.yesno(yes='*', no=''):label=ACTIVE,
        account
    )
2025-02-11 08:59:01,117 INFO     root            Display format: "    table[title='Credentialed Accounts'](
        status.yesno(yes='*', no=''):label=ACTIVE,
        account
    )"
2025-02-11 08:59:01,130 INFO     ___FILE_ONLY___    Credentialed Accounts
2025-02-11 08:59:01,130 INFO     ___FILE_ONLY___ 

2025-02-11 08:59:01,131 INFO     ___FILE_ONLY___ ACTIVE
2025-02-11 08:59:01,131 INFO     ___FILE_ONLY___   
2025-02-11 08:59:01,131 INFO     ___FILE_ONLY___ ACCOUNT
2025-02-11 08:59:01,131 INFO     ___FILE_ONLY___ 

2025-02-11 08:59:01,131 INFO     ___FILE_ONLY___ *
2025-02-11 08:59:01,131 INFO     ___FILE_ONLY___        
2025-02-11 08:59:01,131 INFO     ___FILE_ONLY___ daniel.low@dyson.com
2025-02-11 08:59:01,131 INFO     ___FILE_ONLY___ 

2025-02-11 08:59:01,131 INFO     ___FILE_ONLY___ 
To set the active account, run:
    $ gcloud config set account `ACCOUNT`


2025-02-11 08:59:01,138 DEBUG    root            Metrics reporting process started...
