2025-01-24 12:58:52,731 DEBUG    root            Loaded Command Group: ['gcloud', 'projects']
2025-01-24 12:58:52,794 DEBUG    root            Loaded Command Group: ['gcloud', 'projects', 'add_iam_policy_binding']
2025-01-24 12:58:52,833 DEBUG    root            Running [gcloud.projects.add-iam-policy-binding] with arguments: [--member: "serviceAccount:lyra-terraform@dde-ops-data-science-d001.iam.gserviceaccount.com", --role: "roles/editor", PROJECT_ID: "dde-prj-orbit-d001"]
2025-01-24 12:58:52,856 DEBUG    google.auth.transport.requests Making request: POST https://oauth2.googleapis.com/token
2025-01-24 12:58:52,860 DEBUG    urllib3.connectionpool Starting new HTTPS connection (1): oauth2.googleapis.com:443
2025-01-24 12:58:52,959 DEBUG    urllib3.connectionpool https://oauth2.googleapis.com:443 "POST /token HTTP/1.1" 200 None
2025-01-24 12:58:52,980 DEBUG    urllib3.connectionpool Starting new HTTPS connection (1): cloudresourcemanager.googleapis.com:443
2025-01-24 12:58:54,213 DEBUG    urllib3.connectionpool https://cloudresourcemanager.googleapis.com:443 "POST /v1/projects/dde-prj-orbit-d001:getIamPolicy?alt=json HTTP/1.1" 200 None
2025-01-24 13:00:24,237 DEBUG    urllib3.connectionpool Starting new HTTPS connection (1): cloudresourcemanager.googleapis.com:443
2025-01-24 13:00:25,981 DEBUG    urllib3.connectionpool https://cloudresourcemanager.googleapis.com:443 "POST /v1/projects/dde-prj-orbit-d001:setIamPolicy?alt=json HTTP/1.1" 400 None
2025-01-24 13:00:25,987 INFO     ___FILE_ONLY___ ERROR: Policy modification failed. For a binding with condition, run "gcloud alpha iam policies lint-condition" to identify issues in condition.

2025-01-24 13:00:25,989 DEBUG    root            (gcloud.projects.add-iam-policy-binding) INVALID_ARGUMENT: Service account lyra-terraform@dde-ops-data-science-d001.iam.gserviceaccount.com does not exist.
Traceback (most recent call last):
  File "/Users/daniel.low/Downloads/google-cloud-sdk/lib/googlecloudsdk/calliope/cli.py", line 998, in Execute
    resources = calliope_command.Run(cli=self, args=args)
  File "/Users/daniel.low/Downloads/google-cloud-sdk/lib/googlecloudsdk/calliope/backend.py", line 934, in Run
    resources = command_instance.Run(args)
  File "/Users/daniel.low/Downloads/google-cloud-sdk/lib/googlecloudsdk/command_lib/util/apis/yaml_command_translator.py", line 1382, in Run
    raise ex
  File "/Users/daniel.low/Downloads/google-cloud-sdk/lib/googlecloudsdk/command_lib/util/apis/yaml_command_translator.py", line 1375, in Run
    ref, response = self._CommonRun(args)
  File "/Users/daniel.low/Downloads/google-cloud-sdk/lib/googlecloudsdk/command_lib/util/apis/yaml_command_translator.py", line 455, in _CommonRun
    response = method.Call(
  File "/Users/daniel.low/Downloads/google-cloud-sdk/lib/googlecloudsdk/command_lib/util/apis/registry.py", line 341, in Call
    return request_func(global_params=global_params)
  File "/Users/daniel.low/Downloads/google-cloud-sdk/lib/googlecloudsdk/command_lib/util/apis/registry.py", line 404, in RequestFunc
    return method(request, global_params=global_params)
  File "/Users/daniel.low/Downloads/google-cloud-sdk/lib/googlecloudsdk/generated_clients/apis/cloudresourcemanager/v1/cloudresourcemanager_v1_client.py", line 966, in SetIamPolicy
    return self._RunMethod(
  File "/Users/daniel.low/Downloads/google-cloud-sdk/lib/third_party/apitools/base/py/base_api.py", line 747, in _RunMethod
    return self.ProcessHttpResponse(method_config, http_response, request)
  File "/Users/daniel.low/Downloads/google-cloud-sdk/lib/third_party/apitools/base/py/base_api.py", line 753, in ProcessHttpResponse
    self.__ProcessHttpResponse(method_config, http_response, request))
  File "/Users/daniel.low/Downloads/google-cloud-sdk/lib/third_party/apitools/base/py/base_api.py", line 612, in __ProcessHttpResponse
    raise exceptions.HttpError.FromResponse(
apitools.base.py.exceptions.HttpBadRequestError: HttpError accessing <https://cloudresourcemanager.googleapis.com/v1/projects/dde-prj-orbit-d001:setIamPolicy?alt=json>: response: <{'vary': 'Origin, X-Origin, Referer', 'content-type': 'application/json; charset=UTF-8', 'content-encoding': 'gzip', 'date': 'Fri, 24 Jan 2025 05:00:25 GMT', 'server': 'ESF', 'x-xss-protection': '0', 'x-frame-options': 'SAMEORIGIN', 'x-content-type-options': 'nosniff', 'server-timing': 'gfet4t7; dur=1694', 'alt-svc': 'h3=":443"; ma=2592000,h3-29=":443"; ma=2592000', 'transfer-encoding': 'chunked', 'status': 400}>, content <{
  "error": {
    "code": 400,
    "message": "Service account lyra-terraform@dde-ops-data-science-d001.iam.gserviceaccount.com does not exist.",
    "status": "INVALID_ARGUMENT"
  }
}
>
2025-01-24 13:00:26,072 ERROR    root            (gcloud.projects.add-iam-policy-binding) INVALID_ARGUMENT: Service account lyra-terraform@dde-ops-data-science-d001.iam.gserviceaccount.com does not exist.
2025-01-24 13:00:26,108 DEBUG    root            Metrics reporting process started...
