2025-01-24 13:00:39,378 INFO     ___FILE_ONLY___ You do not currently have this command group installed.  Using it 
requires the installation of components: [alpha]

2025-01-24 13:00:39,418 DEBUG    urllib3.connectionpool Starting new HTTPS connection (1): dl.google.com:443
2025-01-24 13:00:39,502 DEBUG    urllib3.connectionpool https://dl.google.com:443 "GET /dl/cloudsdk/channels/rapid/components-v507.0.0.json HTTP/1.1" 200 227832
2025-01-24 13:00:39,654 INFO     ___FILE_ONLY___ 

2025-01-24 13:00:39,655 INFO     ___FILE_ONLY___ 
Your current Google Cloud CLI version is: 507.0.0

2025-01-24 13:00:39,655 INFO     ___FILE_ONLY___ Installing components from version: 507.0.0

2025-01-24 13:00:39,655 INFO     ___FILE_ONLY___ 

2025-01-24 13:00:39,655 DEBUG    root            Chosen display Format:table[box,title="These components will be removed."](details.display_name:label=Name:align=left,version.version_string:label=Version:align=right,data.size.size(zero="",min=1048576):label=Size:align=right)
2025-01-24 13:00:39,655 DEBUG    root            Chosen display Format:table[box,title="These components will be updated."](details.display_name:label=Name:align=left,version.version_string:label=Version:align=right,data.size.size(zero="",min=1048576):label=Size:align=right)
2025-01-24 13:00:39,656 DEBUG    root            Chosen display Format:table[box,title="These components will be installed."](details.display_name:label=Name:align=left,version.version_string:label=Version:align=right,data.size.size(zero="",min=1048576):label=Size:align=right)
2025-01-24 13:00:39,673 INFO     ___FILE_ONLY___ ┌──────────────────────────────────────────────┐
2025-01-24 13:00:39,673 INFO     ___FILE_ONLY___ 

2025-01-24 13:00:39,673 INFO     ___FILE_ONLY___ │     These components will be installed.      │
2025-01-24 13:00:39,673 INFO     ___FILE_ONLY___ 

2025-01-24 13:00:39,674 INFO     ___FILE_ONLY___ ├───────────────────────┬────────────┬─────────┤
2025-01-24 13:00:39,674 INFO     ___FILE_ONLY___ 

2025-01-24 13:00:39,674 INFO     ___FILE_ONLY___ │          Name         │  Version   │   Size  │
2025-01-24 13:00:39,674 INFO     ___FILE_ONLY___ 

2025-01-24 13:00:39,674 INFO     ___FILE_ONLY___ ├───────────────────────┼────────────┼─────────┤
2025-01-24 13:00:39,674 INFO     ___FILE_ONLY___ 

2025-01-24 13:00:39,674 INFO     ___FILE_ONLY___ │ 
2025-01-24 13:00:39,674 INFO     ___FILE_ONLY___ gcloud Alpha Commands
2025-01-24 13:00:39,674 INFO     ___FILE_ONLY___  
2025-01-24 13:00:39,674 INFO     ___FILE_ONLY___ │ 
2025-01-24 13:00:39,674 INFO     ___FILE_ONLY___ 2025.01.17
2025-01-24 13:00:39,674 INFO     ___FILE_ONLY___  
2025-01-24 13:00:39,674 INFO     ___FILE_ONLY___ │ 
2025-01-24 13:00:39,674 INFO     ___FILE_ONLY___ < 1 MiB
2025-01-24 13:00:39,674 INFO     ___FILE_ONLY___  
2025-01-24 13:00:39,674 INFO     ___FILE_ONLY___ │
2025-01-24 13:00:39,674 INFO     ___FILE_ONLY___ 

2025-01-24 13:00:39,674 INFO     ___FILE_ONLY___ └───────────────────────┴────────────┴─────────┘
2025-01-24 13:00:39,674 INFO     ___FILE_ONLY___ 

2025-01-24 13:00:39,674 INFO     ___FILE_ONLY___ 

2025-01-24 13:00:39,676 DEBUG    urllib3.connectionpool Starting new HTTPS connection (1): dl.google.com:443
2025-01-24 13:00:39,831 DEBUG    urllib3.connectionpool https://dl.google.com:443 "GET /dl/cloudsdk/channels/rapid/RELEASE_NOTES HTTP/1.1" 200 1343836
2025-01-24 13:00:40,014 INFO     ___FILE_ONLY___ For the latest full release notes, please visit:
  https://cloud.google.com/sdk/release_notes


2025-01-24 13:00:45,004 INFO     ___FILE_ONLY___ Performing in place update...


2025-01-24 13:00:45,005 INFO     ___FILE_ONLY___ ╔════════════════════════════════════════════════════════════╗

2025-01-24 13:00:45,005 INFO     ___FILE_ONLY___ ╠═ Downloading: gcloud Alpha Commands                       ═╣

2025-01-24 13:00:45,005 INFO     ___FILE_ONLY___ ╚
2025-01-24 13:00:45,015 DEBUG    urllib3.connectionpool Starting new HTTPS connection (1): dl.google.com:443
2025-01-24 13:00:45,128 DEBUG    urllib3.connectionpool https://dl.google.com:443 "GET /dl/cloudsdk/channels/rapid/components/google-cloud-sdk-alpha-20250117151628.tar.gz HTTP/1.1" 200 800
2025-01-24 13:00:45,131 INFO     ___FILE_ONLY___ ════════════════════════════════════════════════════════════
2025-01-24 13:00:45,131 INFO     ___FILE_ONLY___ ╝
2025-01-24 13:00:45,131 INFO     ___FILE_ONLY___ ╠════════════════════════════════════════════════════════════╣

2025-01-24 13:00:45,132 INFO     ___FILE_ONLY___ ╠═ Installing: gcloud Alpha Commands                        ═╣

2025-01-24 13:00:45,132 INFO     ___FILE_ONLY___ ╚
2025-01-24 13:00:45,144 INFO     ___FILE_ONLY___ ════════════════════════════════════════════════════════════
2025-01-24 13:00:45,144 INFO     ___FILE_ONLY___ ╝

2025-01-24 13:00:45,172 DEBUG    root            Updating notification cache...
2025-01-24 13:00:45,174 INFO     ___FILE_ONLY___ 

2025-01-24 13:00:45,174 INFO     ___FILE_ONLY___ Performing post processing steps...
2025-01-24 13:00:45,175 DEBUG    root            Executing command: ['/Users/daniel.low/Downloads/google-cloud-sdk/bin/gcloud', 'components', 'post-process']
2025-01-24 13:01:08,215 DEBUG    ___FILE_ONLY___ 
2025-01-24 13:01:08,215 DEBUG    ___FILE_ONLY___ 
2025-01-24 13:01:08,419 INFO     ___FILE_ONLY___ 
Update done!


2025-01-24 13:01:08,420 INFO     ___FILE_ONLY___ Restarting command:
  $ gcloud alpha iam policies lint-condition


2025-01-24 13:01:08,420 DEBUG    root            Restarting command: /Users/daniel.low/Downloads/google-cloud-sdk/lib/gcloud.py ['/Users/daniel.low/.pyenv/versions/3.10.13/bin/python3', '-S', '/Users/daniel.low/Downloads/google-cloud-sdk/lib/gcloud.py', 'alpha', 'iam', 'policies', 'lint-condition']
2025-01-24 13:01:08,420 DEBUG    root            Executing command: ['/Users/daniel.low/.pyenv/versions/3.10.13/bin/python3', '-S', '/Users/daniel.low/Downloads/google-cloud-sdk/lib/gcloud.py', 'alpha', 'iam', 'policies', 'lint-condition']
2025-01-24 13:01:09,674 DEBUG    root            Metrics reporting process started...
