2025-01-24 17:56:19,400 DEBUG    root            Loaded Command Group: ['gcloud', 'builds']
2025-01-24 17:56:19,411 DEBUG    root            Loaded Command Group: ['gcloud', 'builds', 'triggers']
2025-01-24 17:56:19,427 DEBUG    root            Loaded Command Group: ['gcloud', 'builds', 'triggers', 'list']
2025-01-24 17:56:19,429 DEBUG    root            Running [gcloud.builds.triggers.list] with arguments: [--impersonate-service-account: "cloudbuild-sa@dde-prj-orbit-d001.iam.gserviceaccount.com", --project: "dde-prj-orbit-d001"]
2025-01-24 17:56:19,467 WARNING  root            This command is using service account impersonation. All API calls will be executed as [cloudbuild-sa@dde-prj-orbit-d001.iam.gserviceaccount.com].
2025-01-24 17:56:19,489 DEBUG    google.auth.transport.requests Making request: POST https://oauth2.googleapis.com/token
2025-01-24 17:56:19,495 DEBUG    urllib3.connectionpool Starting new HTTPS connection (1): oauth2.googleapis.com:443
2025-01-24 17:56:19,594 DEBUG    urllib3.connectionpool https://oauth2.googleapis.com:443 "POST /token HTTP/1.1" 200 None
2025-01-24 17:56:19,596 DEBUG    google.auth.transport.requests Making request: POST https://iamcredentials.googleapis.com/v1/projects/-/serviceAccounts/cloudbuild-sa@dde-prj-orbit-d001.iam.gserviceaccount.com:generateAccessToken
2025-01-24 17:56:19,597 DEBUG    urllib3.connectionpool Starting new HTTPS connection (1): iamcredentials.googleapis.com:443
2025-01-24 17:56:19,713 DEBUG    urllib3.connectionpool https://iamcredentials.googleapis.com:443 "POST /v1/projects/-/serviceAccounts/cloudbuild-sa@dde-prj-orbit-d001.iam.gserviceaccount.com:generateAccessToken HTTP/1.1" 200 None
2025-01-24 17:56:19,723 WARNING  root            This command is using service account impersonation. All API calls will be executed as [cloudbuild-sa@dde-prj-orbit-d001.iam.gserviceaccount.com].
2025-01-24 17:56:19,735 DEBUG    google.auth.transport.requests Making request: POST https://oauth2.googleapis.com/token
2025-01-24 17:56:19,737 DEBUG    urllib3.connectionpool Starting new HTTPS connection (1): oauth2.googleapis.com:443
2025-01-24 17:56:19,830 DEBUG    urllib3.connectionpool https://oauth2.googleapis.com:443 "POST /token HTTP/1.1" 200 None
2025-01-24 17:56:19,834 DEBUG    google.auth.transport.requests Making request: POST https://iamcredentials.googleapis.com/v1/projects/-/serviceAccounts/cloudbuild-sa@dde-prj-orbit-d001.iam.gserviceaccount.com:generateAccessToken
2025-01-24 17:56:19,835 DEBUG    urllib3.connectionpool Starting new HTTPS connection (1): iamcredentials.googleapis.com:443
2025-01-24 17:56:19,948 DEBUG    urllib3.connectionpool https://iamcredentials.googleapis.com:443 "POST /v1/projects/-/serviceAccounts/cloudbuild-sa@dde-prj-orbit-d001.iam.gserviceaccount.com:generateAccessToken HTTP/1.1" 200 None
2025-01-24 17:56:20,043 DEBUG    urllib3.connectionpool Starting new HTTPS connection (1): cloudbuild.googleapis.com:443
2025-01-24 17:56:20,468 DEBUG    urllib3.connectionpool https://cloudbuild.googleapis.com:443 "GET /v1/projects/dde-prj-orbit-d001/locations/global/triggers?alt=json HTTP/1.1" 200 None
2025-01-24 17:56:20,475 DEBUG    root            Chosen display Format:default
2025-01-24 17:56:20,476 INFO     root            Display format: "default"
2025-01-24 17:56:20,477 INFO     ___FILE_ONLY___ Listed 0 items.

2025-01-24 17:56:20,515 DEBUG    root            Metrics reporting process started...
