2025-01-24 17:54:01,443 DEBUG    root            Loaded Command Group: ['gcloud', 'iam']
2025-01-24 17:54:01,446 DEBUG    root            Loaded Command Group: ['gcloud', 'iam', 'service_accounts']
2025-01-24 17:54:01,465 DEBUG    root            Loaded Command Group: ['gcloud', 'iam', 'service-accounts', 'get_iam_policy']
2025-01-24 17:54:01,466 DEBUG    root            Running [gcloud.iam.service-accounts.get-iam-policy] with arguments: [--format: "json", --project: "dde-prj-orbit-d001", SERVICE_ACCOUNT: "cloudbuild-sa@dde-prj-orbit-d001.iam.gserviceaccount.com"]
2025-01-24 17:54:01,493 DEBUG    urllib3.connectionpool Starting new HTTPS connection (1): iam.googleapis.com:443
2025-01-24 17:54:02,941 DEBUG    urllib3.connectionpool https://iam.googleapis.com:443 "POST /v1/projects/-/serviceAccounts/cloudbuild-sa@dde-prj-orbit-d001.iam.gserviceaccount.com:getIamPolicy?alt=json&options.requestedPolicyVersion=3 HTTP/1.1" 200 None
2025-01-24 17:54:02,946 DEBUG    root            Chosen display Format:default json
2025-01-24 17:54:02,946 INFO     root            Display format: "default json"
2025-01-24 17:54:02,969 INFO     ___FILE_ONLY___ {
  "bindings": [
    {
      "members": [
        "group:dyson_orbit_gcp_data-engineer@groups.dyson.com"
      ],
      "role": "roles/iam.serviceAccountUser"
    }
  ],
  "etag": "BwYscI14hQQ=",
  "version": 1
}
2025-01-24 17:54:02,969 INFO     ___FILE_ONLY___ 

2025-01-24 17:54:02,978 DEBUG    root            Metrics reporting process started...
