2025-01-24 17:52:29,577 DEBUG    root            Loaded Command Group: ['gcloud', 'auth']
2025-01-24 17:52:29,635 DEBUG    root            Loaded Command Group: ['gcloud', 'auth', 'login']
2025-01-24 17:52:29,636 DEBUG    root            Running [gcloud.auth.login] with arguments: []
2025-01-24 17:52:29,891 DEBUG    requests_oauthlib.oauth2_session Generated new state 2YP3pCem22XVMstxOk6ordSqhCt3ID.
2025-01-24 17:52:30,254 INFO     ___FILE_ONLY___ Your browser has been opened to visit:

    https://accounts.google.com/o/oauth2/auth?response_type=code&client_id=32555940559.apps.googleusercontent.com&redirect_uri=http%3A%2F%2Flocalhost%3A8085%2F&scope=openid+https%3A%2F%2Fwww.googleapis.com%2Fauth%2Fuserinfo.email+https%3A%2F%2Fwww.googleapis.com%2Fauth%2Fcloud-platform+https%3A%2F%2Fwww.googleapis.com%2Fauth%2Fappengine.admin+https%3A%2F%2Fwww.googleapis.com%2Fauth%2Fsqlservice.login+https%3A%2F%2Fwww.googleapis.com%2Fauth%2Fcompute+https%3A%2F%2Fwww.googleapis.com%2Fauth%2Faccounts.reauth&state=2YP3pCem22XVMstxOk6ordSqhCt3ID&access_type=offline&code_challenge=AVIJSgQZ9M9PMsw373xRsLr535xB-9OlmgpDRZjvKU0&code_challenge_method=S256


2025-01-24 17:52:46,995 INFO     google_auth_oauthlib.flow "GET /?state=2YP3pCem22XVMstxOk6ordSqhCt3ID&code=4/0ASVgi3I5DkZoxDgef2tIx41teJGllD7Fc7GZo-byCMKqUPNGAqRbgYxCmUtLk9Ljj5itPQ&scope=email%20openid%20https://www.googleapis.com/auth/userinfo.email%20https://www.googleapis.com/auth/cloud-platform%20https://www.googleapis.com/auth/appengine.admin%20https://www.googleapis.com/auth/sqlservice.login%20https://www.googleapis.com/auth/compute%20https://www.googleapis.com/auth/accounts.reauth&authuser=0&hd=dyson.com&prompt=consent HTTP/1.1" 200 937
2025-01-24 17:52:46,998 DEBUG    requests_oauthlib.oauth2_session Requesting url https://oauth2.googleapis.com/token using method POST.
2025-01-24 17:52:46,999 DEBUG    requests_oauthlib.oauth2_session Supplying headers {b'Accept': b'application/json', b'Content-Type': b'application/x-www-form-urlencoded;charset=UTF-8', b'user-agent': b'google-cloud-sdk gcloud/507.0.0 command/gcloud.auth.login invocation-id/b11cf683822d451fbb45c14e1d31a7d4 environment/None environment-version/None client-os/MACOSX client-os-ver/24.2.0 client-pltf-arch/arm interactive/True from-script/False python/3.10.13 term/xterm-256color (Macintosh; Intel Mac OS X 24.2.0)'} and data {'grant_type': 'authorization_code', 'client_id': '32555940559.apps.googleusercontent.com', 'client_secret': 'ZmssLNjJy2998hD4CTg2ejr2', 'code': '4/0ASVgi3I5DkZoxDgef2tIx41teJGllD7Fc7GZo-byCMKqUPNGAqRbgYxCmUtLk9Ljj5itPQ', 'redirect_uri': 'http://localhost:8085/', 'code_verifier': 'RDak16R6N4dMtWglq.dKsiFpFCjA_d0iheGYEoARaEMhZ.PfWhRwxwVGEAaOH6BPr8W9.KFSp.oHTP.KXJu.FxStyTI6w6wXWnGW0FEDto~9v4kSzyC.9.H2Wqh2AWFq'}
2025-01-24 17:52:46,999 DEBUG    requests_oauthlib.oauth2_session Passing through key word arguments {'json': None, 'timeout': None, 'auth': None, 'verify': None, 'proxies': None}.
2025-01-24 17:52:47,008 DEBUG    urllib3.connectionpool Starting new HTTPS connection (1): oauth2.googleapis.com:443
2025-01-24 17:52:47,145 DEBUG    urllib3.connectionpool https://oauth2.googleapis.com:443 "POST /token HTTP/1.1" 200 None
2025-01-24 17:52:47,147 DEBUG    requests_oauthlib.oauth2_session Prepared fetch token request body grant_type=authorization_code&client_id=32555940559.apps.googleusercontent.com&client_secret=ZmssLNjJy2998hD4CTg2ejr2&code=4%2F0ASVgi3I5DkZoxDgef2tIx41teJGllD7Fc7GZo-byCMKqUPNGAqRbgYxCmUtLk9Ljj5itPQ&redirect_uri=http%3A%2F%2Flocalhost%3A8085%2F&code_verifier=RDak16R6N4dMtWglq.dKsiFpFCjA_d0iheGYEoARaEMhZ.PfWhRwxwVGEAaOH6BPr8W9.KFSp.oHTP.KXJu.FxStyTI6w6wXWnGW0FEDto~9v4kSzyC.9.H2Wqh2AWFq
2025-01-24 17:52:47,147 DEBUG    requests_oauthlib.oauth2_session Request to fetch token completed with status 200.
2025-01-24 17:52:47,148 DEBUG    requests_oauthlib.oauth2_session Request headers were {'user-agent': b'google-cloud-sdk gcloud/507.0.0 command/gcloud.auth.login invocation-id/b11cf683822d451fbb45c14e1d31a7d4 environment/None environment-version/None client-os/MACOSX client-os-ver/24.2.0 client-pltf-arch/arm interactive/True from-script/False python/3.10.13 term/xterm-256color (Macintosh; Intel Mac OS X 24.2.0)', 'Accept-Encoding': 'gzip, deflate', 'Accept': b'application/json', 'Connection': 'keep-alive', 'Content-Type': b'application/x-www-form-urlencoded;charset=UTF-8', 'Content-Length': '387'}
2025-01-24 17:52:47,148 DEBUG    requests_oauthlib.oauth2_session Request body was grant_type=authorization_code&client_id=32555940559.apps.googleusercontent.com&client_secret=ZmssLNjJy2998hD4CTg2ejr2&code=4%2F0ASVgi3I5DkZoxDgef2tIx41teJGllD7Fc7GZo-byCMKqUPNGAqRbgYxCmUtLk9Ljj5itPQ&redirect_uri=http%3A%2F%2Flocalhost%3A8085%2F&code_verifier=RDak16R6N4dMtWglq.dKsiFpFCjA_d0iheGYEoARaEMhZ.PfWhRwxwVGEAaOH6BPr8W9.KFSp.oHTP.KXJu.FxStyTI6w6wXWnGW0FEDto~9v4kSzyC.9.H2Wqh2AWFq
2025-01-24 17:52:47,148 DEBUG    requests_oauthlib.oauth2_session Response headers were {'Cache-Control': 'no-cache, no-store, max-age=0, must-revalidate', 'Expires': 'Mon, 01 Jan 1990 00:00:00 GMT', 'Date': 'Fri, 24 Jan 2025 09:52:47 GMT', 'Pragma': 'no-cache', 'Content-Type': 'application/json; charset=utf-8', 'Vary': 'Origin, X-Origin, Referer', 'Content-Encoding': 'gzip', 'Server': 'scaffolding on HTTPServer2', 'X-XSS-Protection': '0', 'X-Frame-Options': 'SAMEORIGIN', 'X-Content-Type-Options': 'nosniff', 'Alt-Svc': 'h3=":443"; ma=2592000,h3-29=":443"; ma=2592000', 'Transfer-Encoding': 'chunked'} and content {
  "access_token": "ya29.a0AXeO80So7h55OHoE7NfqOabbvvQdEA6A80lpo5vWo30XgscledNTJod5kXnoQjdyIrSZSeMSO9JJ4dMAHq8RGgcc0aEfZnH1hCKW1rIb8QPMxWY6WHp-gbZTAJyGYGGjcANflRckf2ch6txe2cveX7p-nXUlVEkZV-fx5Jo3RysKWQaCgYKAd0SARMSFQHGX2MioHv6NzaBMTqBJBIzKhmDdg0181",
  "expires_in": 3599,
  "refresh_token": "1//0g3iMEVJQ4t9YCgYIARAAGBASNwF-L9IrQADsMZnwrIUJuL3VqAenJkiJl-3awiuT65zsNNaoEQlzZyxDUDO__KELDoZhF83f46o",
  "scope": "https://www.googleapis.com/auth/userinfo.email https://www.googleapis.com/auth/cloud-platform https://www.googleapis.com/auth/accounts.reauth https://www.googleapis.com/auth/compute https://www.googleapis.com/auth/sqlservice.login https://www.googleapis.com/auth/appengine.admin openid",
  "token_type": "Bearer",
  "id_token": "eyJhbGciOiJSUzI1NiIsImtpZCI6IjYzMzdiZTYzNjRmMzgyNDAwOGQwZTkwMDNmNTBiYjZiNDNkNWE5YzYiLCJ0eXAiOiJKV1QifQ.eyJpc3MiOiJodHRwczovL2FjY291bnRzLmdvb2dsZS5jb20iLCJhenAiOiIzMjU1NTk0MDU1OS5hcHBzLmdvb2dsZXVzZXJjb250ZW50LmNvbSIsImF1ZCI6IjMyNTU1OTQwNTU5LmFwcHMuZ29vZ2xldXNlcmNvbnRlbnQuY29tIiwic3ViIjoiMTE1NTAwMDY5ODQ0OTIyMjcwNzUwIiwiaGQiOiJkeXNvbi5jb20iLCJlbWFpbCI6ImRhbmllbC5sb3dAZHlzb24uY29tIiwiZW1haWxfdmVyaWZpZWQiOnRydWUsImF0X2hhc2giOiI5NFNPaGZOc0kteW9yUjl5c1FGODlRIiwiaWF0IjoxNzM3NzEyMzY3LCJleHAiOjE3Mzc3MTU5Njd9.0ithSvAAXudzp0OPTXvnwhUNTbSmGK70kk0evnupMiyJbUYxCW_Lz0n6PUq5xBpazBJs_EuYHxGy6m9j196_CUJHByDUrjtFT4NR8faiyhHF4jbwm2keZ5Im-V-A3Dppk1YuU_O_oO5TVhvfhw1togr6X5iL-6nPkvldcQeL-Ayl3_UfDpJ1uwWsUhar24fMfWVX0pDH9KtBTEKcDmsG8ryiyo7WHkU6Yed2WyaDiRPHXhI4EwrYT7BDrP7qoyMJ5VR5-OUtOrv9Nd5ZEPmS_rFFuwciKCN0BHnwOrrQ_jYb_DmD8x-M6azbtqkpqr9-SofNQMoUj2gVl-B6yFJTLA"
}.
2025-01-24 17:52:47,148 DEBUG    requests_oauthlib.oauth2_session Invoking 0 token response hooks.
2025-01-24 17:52:47,148 DEBUG    requests_oauthlib.oauth2_session Obtained token {'access_token': 'ya29.a0AXeO80So7h55OHoE7NfqOabbvvQdEA6A80lpo5vWo30XgscledNTJod5kXnoQjdyIrSZSeMSO9JJ4dMAHq8RGgcc0aEfZnH1hCKW1rIb8QPMxWY6WHp-gbZTAJyGYGGjcANflRckf2ch6txe2cveX7p-nXUlVEkZV-fx5Jo3RysKWQaCgYKAd0SARMSFQHGX2MioHv6NzaBMTqBJBIzKhmDdg0181', 'expires_in': 3599, 'refresh_token': '1//0g3iMEVJQ4t9YCgYIARAAGBASNwF-L9IrQADsMZnwrIUJuL3VqAenJkiJl-3awiuT65zsNNaoEQlzZyxDUDO__KELDoZhF83f46o', 'scope': ['https://www.googleapis.com/auth/userinfo.email', 'https://www.googleapis.com/auth/cloud-platform', 'https://www.googleapis.com/auth/accounts.reauth', 'https://www.googleapis.com/auth/compute', 'https://www.googleapis.com/auth/sqlservice.login', 'https://www.googleapis.com/auth/appengine.admin', 'openid'], 'token_type': 'Bearer', 'id_token': 'eyJhbGciOiJSUzI1NiIsImtpZCI6IjYzMzdiZTYzNjRmMzgyNDAwOGQwZTkwMDNmNTBiYjZiNDNkNWE5YzYiLCJ0eXAiOiJKV1QifQ.eyJpc3MiOiJodHRwczovL2FjY291bnRzLmdvb2dsZS5jb20iLCJhenAiOiIzMjU1NTk0MDU1OS5hcHBzLmdvb2dsZXVzZXJjb250ZW50LmNvbSIsImF1ZCI6IjMyNTU1OTQwNTU5LmFwcHMuZ29vZ2xldXNlcmNvbnRlbnQuY29tIiwic3ViIjoiMTE1NTAwMDY5ODQ0OTIyMjcwNzUwIiwiaGQiOiJkeXNvbi5jb20iLCJlbWFpbCI6ImRhbmllbC5sb3dAZHlzb24uY29tIiwiZW1haWxfdmVyaWZpZWQiOnRydWUsImF0X2hhc2giOiI5NFNPaGZOc0kteW9yUjl5c1FGODlRIiwiaWF0IjoxNzM3NzEyMzY3LCJleHAiOjE3Mzc3MTU5Njd9.0ithSvAAXudzp0OPTXvnwhUNTbSmGK70kk0evnupMiyJbUYxCW_Lz0n6PUq5xBpazBJs_EuYHxGy6m9j196_CUJHByDUrjtFT4NR8faiyhHF4jbwm2keZ5Im-V-A3Dppk1YuU_O_oO5TVhvfhw1togr6X5iL-6nPkvldcQeL-Ayl3_UfDpJ1uwWsUhar24fMfWVX0pDH9KtBTEKcDmsG8ryiyo7WHkU6Yed2WyaDiRPHXhI4EwrYT7BDrP7qoyMJ5VR5-OUtOrv9Nd5ZEPmS_rFFuwciKCN0BHnwOrrQ_jYb_DmD8x-M6azbtqkpqr9-SofNQMoUj2gVl-B6yFJTLA', 'expires_at': 1737715966.148515}.
2025-01-24 17:52:47,170 INFO     ___FILE_ONLY___ 
You are now logged in as [daniel.low@dyson.com].
Your current project is [dde-ops-data-science-s001].  You can change this setting by running:
  $ gcloud config set project PROJECT_ID

2025-01-24 17:52:47,170 DEBUG    root            Chosen display Format:none
2025-01-24 17:52:47,170 INFO     root            Display format: "none"
2025-01-24 17:52:47,206 DEBUG    root            Metrics reporting process started...
