2025-01-24 17:54:50,440 DEBUG    root            Loaded Command Group: ['gcloud', 'auth']
2025-01-24 17:54:50,450 DEBUG    root            Loaded Command Group: ['gcloud', 'auth', 'application_default']
2025-01-24 17:54:50,468 DEBUG    root            Loaded Command Group: ['gcloud', 'auth', 'application-default', 'login']
2025-01-24 17:54:50,469 DEBUG    root            Running [gcloud.auth.application-default.login] with arguments: []
2025-01-24 17:54:50,519 DEBUG    requests_oauthlib.oauth2_session Generated new state HhWjacy37XshBqrObIF4AjyyJZmEoy.
2025-01-24 17:54:50,685 INFO     ___FILE_ONLY___ Your browser has been opened to visit:

    https://accounts.google.com/o/oauth2/auth?response_type=code&client_id=764086051850-6qr4p6gpi6hn506pt8ejuq83di341hur.apps.googleusercontent.com&redirect_uri=http%3A%2F%2Flocalhost%3A8085%2F&scope=openid+https%3A%2F%2Fwww.googleapis.com%2Fauth%2Fuserinfo.email+https%3A%2F%2Fwww.googleapis.com%2Fauth%2Fcloud-platform+https%3A%2F%2Fwww.googleapis.com%2Fauth%2Fsqlservice.login&state=HhWjacy37XshBqrObIF4AjyyJZmEoy&access_type=offline&code_challenge=d9Q2zxun7lMcEqU5gdQJnoYqqt4G-FWKomA5ZabZd7k&code_challenge_method=S256


2025-01-24 17:54:57,594 INFO     google_auth_oauthlib.flow "GET /?state=HhWjacy37XshBqrObIF4AjyyJZmEoy&code=4/0ASVgi3KL8GMbdHeIS3vlgaOUpPiLnHXi5886l0w5hj5kXuTJCKCy-YlbVk-p8ZYMrryNpg&scope=email%20openid%20https://www.googleapis.com/auth/userinfo.email%20https://www.googleapis.com/auth/cloud-platform%20https://www.googleapis.com/auth/sqlservice.login&authuser=0&hd=dyson.com&prompt=consent HTTP/1.1" 200 937
2025-01-24 17:54:57,594 DEBUG    requests_oauthlib.oauth2_session Requesting url https://oauth2.googleapis.com/token using method POST.
2025-01-24 17:54:57,594 DEBUG    requests_oauthlib.oauth2_session Supplying headers {b'Accept': b'application/json', b'Content-Type': b'application/x-www-form-urlencoded;charset=UTF-8', b'user-agent': b'google-cloud-sdk gcloud/507.0.0 command/gcloud.auth.application-default.login invocation-id/444680f2f7ae4892b71c1bdc8d94d242 environment/None environment-version/None client-os/MACOSX client-os-ver/24.2.0 client-pltf-arch/arm interactive/True from-script/False python/3.10.13 term/xterm-256color (Macintosh; Intel Mac OS X 24.2.0)'} and data {'grant_type': 'authorization_code', 'client_id': '764086051850-6qr4p6gpi6hn506pt8ejuq83di341hur.apps.googleusercontent.com', 'client_secret': 'd-FL95Q19q7MQmFpd7hHD0Ty', 'code': '4/0ASVgi3KL8GMbdHeIS3vlgaOUpPiLnHXi5886l0w5hj5kXuTJCKCy-YlbVk-p8ZYMrryNpg', 'redirect_uri': 'http://localhost:8085/', 'code_verifier': 'Lhj8XoKEpPFmr9OHUCLB7DH~KIYWkaZ~M1q5W-Dml~Qz-Oq2T._.4asO535bWXSBXuLCDp68bRAW3iA5oLG.l~CBY.ol4SFkOffsm8GjGyG7NeOtuvnB-9X5Mmf6JCvf'}
2025-01-24 17:54:57,594 DEBUG    requests_oauthlib.oauth2_session Passing through key word arguments {'json': None, 'timeout': None, 'auth': None, 'verify': None, 'proxies': None}.
2025-01-24 17:54:57,620 DEBUG    urllib3.connectionpool Starting new HTTPS connection (1): oauth2.googleapis.com:443
2025-01-24 17:54:57,752 DEBUG    urllib3.connectionpool https://oauth2.googleapis.com:443 "POST /token HTTP/1.1" 200 None
2025-01-24 17:54:57,753 DEBUG    requests_oauthlib.oauth2_session Prepared fetch token request body grant_type=authorization_code&client_id=764086051850-6qr4p6gpi6hn506pt8ejuq83di341hur.apps.googleusercontent.com&client_secret=d-FL95Q19q7MQmFpd7hHD0Ty&code=4%2F0ASVgi3KL8GMbdHeIS3vlgaOUpPiLnHXi5886l0w5hj5kXuTJCKCy-YlbVk-p8ZYMrryNpg&redirect_uri=http%3A%2F%2Flocalhost%3A8085%2F&code_verifier=Lhj8XoKEpPFmr9OHUCLB7DH~KIYWkaZ~M1q5W-Dml~Qz-Oq2T._.4asO535bWXSBXuLCDp68bRAW3iA5oLG.l~CBY.ol4SFkOffsm8GjGyG7NeOtuvnB-9X5Mmf6JCvf
2025-01-24 17:54:57,753 DEBUG    requests_oauthlib.oauth2_session Request to fetch token completed with status 200.
2025-01-24 17:54:57,753 DEBUG    requests_oauthlib.oauth2_session Request headers were {'user-agent': b'google-cloud-sdk gcloud/507.0.0 command/gcloud.auth.application-default.login invocation-id/444680f2f7ae4892b71c1bdc8d94d242 environment/None environment-version/None client-os/MACOSX client-os-ver/24.2.0 client-pltf-arch/arm interactive/True from-script/False python/3.10.13 term/xterm-256color (Macintosh; Intel Mac OS X 24.2.0)', 'Accept-Encoding': 'gzip, deflate', 'Accept': b'application/json', 'Connection': 'keep-alive', 'Content-Type': b'application/x-www-form-urlencoded;charset=UTF-8', 'Content-Length': '421'}
2025-01-24 17:54:57,753 DEBUG    requests_oauthlib.oauth2_session Request body was grant_type=authorization_code&client_id=764086051850-6qr4p6gpi6hn506pt8ejuq83di341hur.apps.googleusercontent.com&client_secret=d-FL95Q19q7MQmFpd7hHD0Ty&code=4%2F0ASVgi3KL8GMbdHeIS3vlgaOUpPiLnHXi5886l0w5hj5kXuTJCKCy-YlbVk-p8ZYMrryNpg&redirect_uri=http%3A%2F%2Flocalhost%3A8085%2F&code_verifier=Lhj8XoKEpPFmr9OHUCLB7DH~KIYWkaZ~M1q5W-Dml~Qz-Oq2T._.4asO535bWXSBXuLCDp68bRAW3iA5oLG.l~CBY.ol4SFkOffsm8GjGyG7NeOtuvnB-9X5Mmf6JCvf
2025-01-24 17:54:57,754 DEBUG    requests_oauthlib.oauth2_session Response headers were {'Date': 'Fri, 24 Jan 2025 09:54:57 GMT', 'Expires': 'Mon, 01 Jan 1990 00:00:00 GMT', 'Pragma': 'no-cache', 'Cache-Control': 'no-cache, no-store, max-age=0, must-revalidate', 'Content-Type': 'application/json; charset=utf-8', 'Vary': 'Origin, X-Origin, Referer', 'Content-Encoding': 'gzip', 'Server': 'scaffolding on HTTPServer2', 'X-XSS-Protection': '0', 'X-Frame-Options': 'SAMEORIGIN', 'X-Content-Type-Options': 'nosniff', 'Alt-Svc': 'h3=":443"; ma=2592000,h3-29=":443"; ma=2592000', 'Transfer-Encoding': 'chunked'} and content {
  "access_token": "ya29.a0AXeO80RJkBR-YyBFZi7kladrvhUq3O1DDujr-n2yfVFJIrIInZRpFoaX7SYTavf7Ho2BIQFYpo423Dg28yCWJekuTwBMOJmkr1FZ3UcjGTM_lpz3PJVtpG-Sro2_z6xOIN_OmHDQYmPigoFXSHb60B9eRVqJPIM_84q7JVhSaCgYKAZkSARMSFQHGX2MissvaizEEGDac6HAwv3XMXA0175",
  "expires_in": 3599,
  "refresh_token": "1//0g9XSOuX4vaMBCgYIARAAGBASNwF-L9IrPcQYkH-tGEWXo0KustEYpr59NKfaGAdoOX2Ar5U-eniydKHU79lT_syHW5991s2IXEM",
  "scope": "https://www.googleapis.com/auth/userinfo.email https://www.googleapis.com/auth/cloud-platform https://www.googleapis.com/auth/sqlservice.login openid",
  "token_type": "Bearer",
  "id_token": "eyJhbGciOiJSUzI1NiIsImtpZCI6IjYzMzdiZTYzNjRmMzgyNDAwOGQwZTkwMDNmNTBiYjZiNDNkNWE5YzYiLCJ0eXAiOiJKV1QifQ.eyJpc3MiOiJodHRwczovL2FjY291bnRzLmdvb2dsZS5jb20iLCJhenAiOiI3NjQwODYwNTE4NTAtNnFyNHA2Z3BpNmhuNTA2cHQ4ZWp1cTgzZGkzNDFodXIuYXBwcy5nb29nbGV1c2VyY29udGVudC5jb20iLCJhdWQiOiI3NjQwODYwNTE4NTAtNnFyNHA2Z3BpNmhuNTA2cHQ4ZWp1cTgzZGkzNDFodXIuYXBwcy5nb29nbGV1c2VyY29udGVudC5jb20iLCJzdWIiOiIxMTU1MDAwNjk4NDQ5MjIyNzA3NTAiLCJoZCI6ImR5c29uLmNvbSIsImVtYWlsIjoiZGFuaWVsLmxvd0BkeXNvbi5jb20iLCJlbWFpbF92ZXJpZmllZCI6dHJ1ZSwiYXRfaGFzaCI6ImtKQkpkcUVWVDdHZGNWYnN3LVVVbkEiLCJpYXQiOjE3Mzc3MTI0OTcsImV4cCI6MTczNzcxNjA5N30.a8WKuluI2uytW7RUimv_zmrCruNijeRtrkj5URTG9qFWi74nnUsagbqpfnuEle8luEsHhSEmIoVyDgZu4Ej4dnWKTOp6cGkc-Z9NhNeqHNHzU6mv7CX04T_y7w-sgIPq5ZrCIn8lp5gAqU9rr8HYyAZpAAe3-zAm_D3SN-t-EMUZgW8L5_kFtSuzqnff54AOPMYYDxOdYUE8PZuagmTrVaYkNXIEMKLch1m0zpk-Jz_LPYE3GMtpZiD43PKuNGsxDUz9QFoASPBeQjYgJa2BaQPqbHz_tkN2Gm0yNKltcTmels7Z2xA6ULtvXSO6076gYOcjEJupcvDB8NG9-I6G7g"
}.
2025-01-24 17:54:57,754 DEBUG    requests_oauthlib.oauth2_session Invoking 0 token response hooks.
2025-01-24 17:54:57,754 DEBUG    requests_oauthlib.oauth2_session Obtained token {'access_token': 'ya29.a0AXeO80RJkBR-YyBFZi7kladrvhUq3O1DDujr-n2yfVFJIrIInZRpFoaX7SYTavf7Ho2BIQFYpo423Dg28yCWJekuTwBMOJmkr1FZ3UcjGTM_lpz3PJVtpG-Sro2_z6xOIN_OmHDQYmPigoFXSHb60B9eRVqJPIM_84q7JVhSaCgYKAZkSARMSFQHGX2MissvaizEEGDac6HAwv3XMXA0175', 'expires_in': 3599, 'refresh_token': '1//0g9XSOuX4vaMBCgYIARAAGBASNwF-L9IrPcQYkH-tGEWXo0KustEYpr59NKfaGAdoOX2Ar5U-eniydKHU79lT_syHW5991s2IXEM', 'scope': ['https://www.googleapis.com/auth/userinfo.email', 'https://www.googleapis.com/auth/cloud-platform', 'https://www.googleapis.com/auth/sqlservice.login', 'openid'], 'token_type': 'Bearer', 'id_token': 'eyJhbGciOiJSUzI1NiIsImtpZCI6IjYzMzdiZTYzNjRmMzgyNDAwOGQwZTkwMDNmNTBiYjZiNDNkNWE5YzYiLCJ0eXAiOiJKV1QifQ.eyJpc3MiOiJodHRwczovL2FjY291bnRzLmdvb2dsZS5jb20iLCJhenAiOiI3NjQwODYwNTE4NTAtNnFyNHA2Z3BpNmhuNTA2cHQ4ZWp1cTgzZGkzNDFodXIuYXBwcy5nb29nbGV1c2VyY29udGVudC5jb20iLCJhdWQiOiI3NjQwODYwNTE4NTAtNnFyNHA2Z3BpNmhuNTA2cHQ4ZWp1cTgzZGkzNDFodXIuYXBwcy5nb29nbGV1c2VyY29udGVudC5jb20iLCJzdWIiOiIxMTU1MDAwNjk4NDQ5MjIyNzA3NTAiLCJoZCI6ImR5c29uLmNvbSIsImVtYWlsIjoiZGFuaWVsLmxvd0BkeXNvbi5jb20iLCJlbWFpbF92ZXJpZmllZCI6dHJ1ZSwiYXRfaGFzaCI6ImtKQkpkcUVWVDdHZGNWYnN3LVVVbkEiLCJpYXQiOjE3Mzc3MTI0OTcsImV4cCI6MTczNzcxNjA5N30.a8WKuluI2uytW7RUimv_zmrCruNijeRtrkj5URTG9qFWi74nnUsagbqpfnuEle8luEsHhSEmIoVyDgZu4Ej4dnWKTOp6cGkc-Z9NhNeqHNHzU6mv7CX04T_y7w-sgIPq5ZrCIn8lp5gAqU9rr8HYyAZpAAe3-zAm_D3SN-t-EMUZgW8L5_kFtSuzqnff54AOPMYYDxOdYUE8PZuagmTrVaYkNXIEMKLch1m0zpk-Jz_LPYE3GMtpZiD43PKuNGsxDUz9QFoASPBeQjYgJa2BaQPqbHz_tkN2Gm0yNKltcTmels7Z2xA6ULtvXSO6076gYOcjEJupcvDB8NG9-I6G7g', 'expires_at': 1737716096.754247}.
2025-01-24 17:54:57,761 INFO     ___FILE_ONLY___ 
Credentials saved to file: [/Users/daniel.low/.config/gcloud/application_default_credentials.json]

2025-01-24 17:54:57,761 INFO     ___FILE_ONLY___ 
These credentials will be used by any library that requests Application Default Credentials (ADC).

2025-01-24 17:54:57,765 INFO     root            Using alternate credentials from file: [/Users/daniel.low/.config/gcloud/application_default_credentials.json]
2025-01-24 17:54:57,770 DEBUG    google.auth.transport.requests Making request: POST https://oauth2.googleapis.com/token
2025-01-24 17:54:57,771 DEBUG    urllib3.connectionpool Starting new HTTPS connection (1): oauth2.googleapis.com:443
2025-01-24 17:54:57,897 DEBUG    urllib3.connectionpool https://oauth2.googleapis.com:443 "POST /token HTTP/1.1" 200 None
2025-01-24 17:54:57,906 INFO     root            Using alternate credentials from file: [/Users/daniel.low/.config/gcloud/application_default_credentials.json]
2025-01-24 17:54:57,917 DEBUG    urllib3.connectionpool Starting new HTTPS connection (1): cloudresourcemanager.googleapis.com:443
2025-01-24 17:54:59,091 DEBUG    urllib3.connectionpool https://cloudresourcemanager.googleapis.com:443 "POST /v1/projects/dde-prj-orbit-d001:testIamPermissions?alt=json HTTP/1.1" 200 None
2025-01-24 17:54:59,093 INFO     ___FILE_ONLY___ 
Quota project "dde-prj-orbit-d001" was added to ADC which can be used by Google client libraries for billing and quota. Note that some services may still bill the project owning the resource.

2025-01-24 17:54:59,093 DEBUG    root            Chosen display Format:none
2025-01-24 17:54:59,093 INFO     root            Display format: "none"
2025-01-24 17:54:59,360 DEBUG    root            Metrics reporting process started...
