2025-02-08 18:45:00,026 DEBUG    root            Loaded Command Group: ['gcloud', 'builds']
2025-02-08 18:45:00,303 DEBUG    root            Loaded Command Group: ['gcloud', 'builds', 'submit']
2025-02-08 18:45:00,341 DEBUG    root            Running [gcloud.builds.submit] with arguments: [--async: "True", --config: "user-managed-notebook-cpu/cloudbuild.yaml", --gcs-source-staging-dir: "gs://dde-ops-data-science-p001_cloudbuild/user-managed-notebook-cpu", --impersonate-service-account: "cloudbuild-sa@dde-ops-data-science-p001.iam.gserviceaccount.com", --project: "dde-ops-data-science-p001", --region: "europe-west4", --service-account: "projects/dde-ops-data-science-p001/serviceAccounts/cloudbuild-sa@dde-ops-data-science-p001.iam.gserviceaccount.com", SOURCE: "."]
2025-02-08 18:45:00,360 WARNING  root            This command is using service account impersonation. All API calls will be executed as [cloudbuild-sa@dde-ops-data-science-p001.iam.gserviceaccount.com].
2025-02-08 18:45:00,369 DEBUG    google.auth.transport.requests Making request: POST https://oauth2.googleapis.com/token
2025-02-08 18:45:00,374 DEBUG    urllib3.connectionpool Starting new HTTPS connection (1): oauth2.googleapis.com:443
2025-02-08 18:45:00,464 DEBUG    urllib3.connectionpool https://oauth2.googleapis.com:443 "POST /token HTTP/1.1" 200 None
2025-02-08 18:45:00,468 DEBUG    google.auth.transport.requests Making request: POST https://iamcredentials.googleapis.com/v1/projects/-/serviceAccounts/cloudbuild-sa@dde-ops-data-science-p001.iam.gserviceaccount.com:generateAccessToken
2025-02-08 18:45:00,469 DEBUG    urllib3.connectionpool Starting new HTTPS connection (1): iamcredentials.googleapis.com:443
2025-02-08 18:45:00,603 DEBUG    urllib3.connectionpool https://iamcredentials.googleapis.com:443 "POST /v1/projects/-/serviceAccounts/cloudbuild-sa@dde-ops-data-science-p001.iam.gserviceaccount.com:generateAccessToken HTTP/1.1" 200 None
2025-02-08 18:45:00,608 WARNING  root            This command is using service account impersonation. All API calls will be executed as [cloudbuild-sa@dde-ops-data-science-p001.iam.gserviceaccount.com].
2025-02-08 18:45:00,617 DEBUG    google.auth.transport.requests Making request: POST https://oauth2.googleapis.com/token
2025-02-08 18:45:00,618 DEBUG    urllib3.connectionpool Starting new HTTPS connection (1): oauth2.googleapis.com:443
2025-02-08 18:45:00,731 DEBUG    urllib3.connectionpool https://oauth2.googleapis.com:443 "POST /token HTTP/1.1" 200 None
2025-02-08 18:45:00,734 DEBUG    google.auth.transport.requests Making request: POST https://iamcredentials.googleapis.com/v1/projects/-/serviceAccounts/cloudbuild-sa@dde-ops-data-science-p001.iam.gserviceaccount.com:generateAccessToken
2025-02-08 18:45:00,735 DEBUG    urllib3.connectionpool Starting new HTTPS connection (1): iamcredentials.googleapis.com:443
2025-02-08 18:45:00,982 DEBUG    urllib3.connectionpool https://iamcredentials.googleapis.com:443 "POST /v1/projects/-/serviceAccounts/cloudbuild-sa@dde-ops-data-science-p001.iam.gserviceaccount.com:generateAccessToken HTTP/1.1" 200 None
2025-02-08 18:45:01,072 DEBUG    urllib3.connectionpool Starting new HTTPS connection (1): storage.googleapis.com:443
2025-02-08 18:45:03,465 DEBUG    urllib3.connectionpool https://storage.googleapis.com:443 "GET /storage/v1/b/dde-ops-data-science-p001_cloudbuild?alt=json HTTP/1.1" 200 1187
2025-02-08 18:45:03,473 INFO     root            Using default gcloudignore file:
--------------------------------------------------
# This file specifies files that are *not* uploaded to Google Cloud
# using gcloud. It follows the same syntax as .gitignore, with the addition of
# "#!include" directives (which insert the entries of the given .gitignore-style
# file at that point).
#
# For more information, run:
#   $ gcloud topic gcloudignore
#
.gcloudignore
# If you would like to upload your .git directory, .gitignore file or files
# from your .gitignore file, remove the corresponding line
# below:
.git
.gitignore
#!include:.gitignore

--------------------------------------------------
2025-02-08 18:45:03,479 DEBUG    root            Skipping file [.gitignore]
2025-02-08 18:45:03,481 DEBUG    root            Skipping file [.git]
2025-02-08 18:45:03,510 INFO     ___FILE_ONLY___ Creating temporary archive of 53 file(s) totalling 108.0 KiB before compression.

2025-02-08 18:45:03,515 DEBUG    root            Added dir [mlflow]
2025-02-08 18:45:03,515 DEBUG    root            Added dir [cicd-inspection]
2025-02-08 18:45:03,516 DEBUG    root            Added dir [user-managed-notebook-gpu]
2025-02-08 18:45:03,516 DEBUG    root            Added dir [workbench-instance-gpu]
2025-02-08 18:45:03,516 DEBUG    root            Added dir [workbench-instance-cpu]
2025-02-08 18:45:03,516 DEBUG    root            Added dir [user-managed-notebook-cpu]
2025-02-08 18:45:03,517 DEBUG    root            Added dir [user-managed-notebook-gpu/tests]
2025-02-08 18:45:03,517 DEBUG    root            Added dir [user-managed-notebook-gpu/certificates]
2025-02-08 18:45:03,517 DEBUG    root            Added dir [workbench-instance-gpu/certificates]
2025-02-08 18:45:03,517 DEBUG    root            Added dir [workbench-instance-gpu/gcs_sync_scripts]
2025-02-08 18:45:03,518 DEBUG    root            Added dir [workbench-instance-cpu/certificates]
2025-02-08 18:45:03,518 DEBUG    root            Added dir [workbench-instance-cpu/gcs_sync_scripts]
2025-02-08 18:45:03,518 DEBUG    root            Added dir [user-managed-notebook-cpu/tests]
2025-02-08 18:45:03,519 DEBUG    root            Added dir [user-managed-notebook-cpu/certificates]
2025-02-08 18:45:03,520 DEBUG    root            Added [build_ci.sh]
2025-02-08 18:45:03,536 DEBUG    root            Added [README.md]
2025-02-08 18:45:03,543 DEBUG    root            Added [mlflow/Dockerfile]
2025-02-08 18:45:03,549 DEBUG    root            Added [mlflow/cloudbuild.yaml]
2025-02-08 18:45:03,556 DEBUG    root            Added [mlflow/run.sh]
2025-02-08 18:45:03,557 DEBUG    root            Added [mlflow/mlflow_test.py]
2025-02-08 18:45:03,565 DEBUG    root            Added [cicd-inspection/Dockerfile]
2025-02-08 18:45:03,568 DEBUG    root            Added [cicd-inspection/cloudbuild.yaml]
2025-02-08 18:45:03,573 DEBUG    root            Added [user-managed-notebook-gpu/Dockerfile]
2025-02-08 18:45:03,578 DEBUG    root            Added [user-managed-notebook-gpu/cloudbuild.yaml]
2025-02-08 18:45:03,582 DEBUG    root            Added [user-managed-notebook-gpu/run.sh]
2025-02-08 18:45:03,586 DEBUG    root            Added [user-managed-notebook-gpu/r_requirements.txt]
2025-02-08 18:45:03,590 DEBUG    root            Added [user-managed-notebook-gpu/py_requirements.txt]
2025-02-08 18:45:03,590 DEBUG    root            Added [user-managed-notebook-gpu/tests/conftest.py]
2025-02-08 18:45:03,591 DEBUG    root            Added [user-managed-notebook-gpu/tests/test_imports.py]
2025-02-08 18:45:03,596 DEBUG    root            Added [user-managed-notebook-gpu/certificates/mlflow-dev-dyson-global-corp-chain.crt]
2025-02-08 18:45:03,600 DEBUG    root            Added [user-managed-notebook-gpu/certificates/stash-dyson-global-corp-chain.crt]
2025-02-08 18:45:03,607 DEBUG    root            Added [user-managed-notebook-gpu/certificates/mlflow-dyson-global-corp-chain.crt]
2025-02-08 18:45:03,611 DEBUG    root            Added [workbench-instance-gpu/base_dependencies.txt]
2025-02-08 18:45:03,615 DEBUG    root            Added [workbench-instance-gpu/Dockerfile]
2025-02-08 18:45:03,620 DEBUG    root            Added [workbench-instance-gpu/cloudbuild.yaml]
2025-02-08 18:45:03,624 DEBUG    root            Added [workbench-instance-gpu/run.sh]
2025-02-08 18:45:03,629 DEBUG    root            Added [workbench-instance-gpu/py_requirements.txt]
2025-02-08 18:45:03,631 DEBUG    root            Added [workbench-instance-gpu/certificates/mlflow-dev-dyson-global-corp-chain.crt]
2025-02-08 18:45:03,633 DEBUG    root            Added [workbench-instance-gpu/certificates/stash-dyson-global-corp-chain.crt]
2025-02-08 18:45:03,634 DEBUG    root            Added [workbench-instance-gpu/certificates/mlflow-dyson-global-corp-chain.crt]
2025-02-08 18:45:03,639 DEBUG    root            Added [workbench-instance-gpu/gcs_sync_scripts/sync_to_bucket.conf]
2025-02-08 18:45:03,648 DEBUG    root            Added [workbench-instance-gpu/gcs_sync_scripts/sync_to_bucket.sh]
2025-02-08 18:45:03,663 DEBUG    root            Added [workbench-instance-gpu/gcs_sync_scripts/sync_from_bucket.sh]
2025-02-08 18:45:03,668 DEBUG    root            Added [workbench-instance-cpu/base_dependencies.txt]
2025-02-08 18:45:03,674 DEBUG    root            Added [workbench-instance-cpu/Dockerfile]
2025-02-08 18:45:03,679 DEBUG    root            Added [workbench-instance-cpu/cloudbuild.yaml]
2025-02-08 18:45:03,681 DEBUG    root            Added [workbench-instance-cpu/run.sh]
2025-02-08 18:45:03,687 DEBUG    root            Added [workbench-instance-cpu/r_requirements.txt]
2025-02-08 18:45:03,689 DEBUG    root            Added [workbench-instance-cpu/py_requirements.txt]
2025-02-08 18:45:03,692 DEBUG    root            Added [workbench-instance-cpu/certificates/mlflow-dev-dyson-global-corp-chain.crt]
2025-02-08 18:45:03,695 DEBUG    root            Added [workbench-instance-cpu/certificates/stash-dyson-global-corp-chain.crt]
2025-02-08 18:45:03,700 DEBUG    root            Added [workbench-instance-cpu/certificates/mlflow-dyson-global-corp-chain.crt]
2025-02-08 18:45:03,704 DEBUG    root            Added [workbench-instance-cpu/gcs_sync_scripts/sync_to_bucket.conf]
2025-02-08 18:45:03,708 DEBUG    root            Added [workbench-instance-cpu/gcs_sync_scripts/sync_to_bucket.sh]
2025-02-08 18:45:03,711 DEBUG    root            Added [workbench-instance-cpu/gcs_sync_scripts/sync_from_bucket.sh]
2025-02-08 18:45:03,718 DEBUG    root            Added [user-managed-notebook-cpu/network.lic]
2025-02-08 18:45:03,724 DEBUG    root            Added [user-managed-notebook-cpu/base_dependencies.txt]
2025-02-08 18:45:03,733 DEBUG    root            Added [user-managed-notebook-cpu/Dockerfile]
2025-02-08 18:45:03,734 DEBUG    root            Added [user-managed-notebook-cpu/cloudbuild.yaml]
2025-02-08 18:45:03,740 DEBUG    root            Added [user-managed-notebook-cpu/run.sh]
2025-02-08 18:45:03,746 DEBUG    root            Added [user-managed-notebook-cpu/r_requirements.txt]
2025-02-08 18:45:03,748 DEBUG    root            Added [user-managed-notebook-cpu/py_requirements.txt]
2025-02-08 18:45:03,749 DEBUG    root            Added [user-managed-notebook-cpu/tests/conftest.py]
2025-02-08 18:45:03,751 DEBUG    root            Added [user-managed-notebook-cpu/tests/test_imports.py]
2025-02-08 18:45:03,755 DEBUG    root            Added [user-managed-notebook-cpu/certificates/mlflow-dev-dyson-global-corp-chain.crt]
2025-02-08 18:45:03,758 DEBUG    root            Added [user-managed-notebook-cpu/certificates/stash-dyson-global-corp-chain.crt]
2025-02-08 18:45:03,763 DEBUG    root            Added [user-managed-notebook-cpu/certificates/mlflow-dyson-global-corp-chain.crt]
2025-02-08 18:45:03,764 INFO     ___FILE_ONLY___ Some files were not included in the source upload.

Check the gcloud log [/Users/daniel.low/.config/gcloud/logs/2025.02.08/18.44.59.810734.log] to see which files and the contents of the
default gcloudignore file used (see `$ gcloud topic gcloudignore` to learn
more).


2025-02-08 18:45:03,764 INFO     ___FILE_ONLY___ Uploading tarball of [.] to [gs://dde-ops-data-science-p001_cloudbuild/user-managed-notebook-cpu/1739011501.064541-c48dc4cc3a434b11a8a556e47a5297f9.tgz]

2025-02-08 18:45:03,785 INFO     root            Uploading [/var/folders/cs/p5_dzp410hlgfg_ljwj0jyg00000gp/T/tmpdkiutc5r/file.tgz] to [dde-ops-data-science-p001_cloudbuild/user-managed-notebook-cpu/1739011501.064541-c48dc4cc3a434b11a8a556e47a5297f9.tgz]
2025-02-08 18:45:03,791 DEBUG    urllib3.connectionpool Starting new HTTPS connection (1): storage.googleapis.com:443
2025-02-08 18:45:06,160 DEBUG    urllib3.connectionpool https://storage.googleapis.com:443 "POST /upload/storage/v1/b/dde-ops-data-science-p001_cloudbuild/o?alt=json&name=user-managed-notebook-cpu%2F1739011501.064541-c48dc4cc3a434b11a8a556e47a5297f9.tgz&uploadType=multipart HTTP/1.1" 200 1166
2025-02-08 18:45:06,172 DEBUG    root            submitting build: <Build
 images: []
 options: <BuildOptions
 dynamicSubstitutions: True
 env: []
 logging: LoggingValueValuesEnum(CLOUD_LOGGING_ONLY, 4)
 pool: <PoolOption
 name: 'projects/${PROJECT_ID}/locations/${LOCATION}/workerPools/dds-mlops-worker-pool'>
 secretEnv: []
 sourceProvenanceHash: []
 volumes: []>
 secrets: []
 serviceAccount: 'projects/dde-ops-data-science-p001/serviceAccounts/cloudbuild-sa@dde-ops-data-science-p001.iam.gserviceaccount.com'
 source: <Source
 storageSource: <StorageSource
 bucket: 'dde-ops-data-science-p001_cloudbuild'
 generation: 1739011505974931
 object: 'user-managed-notebook-cpu/1739011501.064541-c48dc4cc3a434b11a8a556e47a5297f9.tgz'>>
 steps: [<BuildStep
 allowExitCodes: []
 args: ['-c', 'hadolint Dockerfile --no-fail\n']
 dir: './user-managed-notebook-cpu'
 entrypoint: 'bash'
 env: []
 id: 'Hadolint'
 name: '${LOCATION}-docker.pkg.dev/${PROJECT_ID}/docker/cicd-inspection:v2'
 secretEnv: []
 volumes: []
 waitFor: []>, <BuildStep
 allowExitCodes: []
 args: ['-c', 'sed -i "s/dde-ops-data-science-.001/${PROJECT_ID}/g" py_requirements.txt\ndocker build --network=cloudbuild -t $_ARTIFACT_REGISTRY/$_IMAGE_NAME:$_IMAGE_VERSION -f Dockerfile .\n']
 dir: './user-managed-notebook-cpu'
 entrypoint: 'bash'
 env: []
 id: 'Building Docker Image'
 name: '${LOCATION}-docker.pkg.dev/${PROJECT_ID}/docker/cicd-inspection:v2'
 secretEnv: []
 volumes: []
 waitFor: []>, <BuildStep
 allowExitCodes: []
 args: ['-c', 'trivy image $_ARTIFACT_REGISTRY/$_IMAGE_NAME:$_IMAGE_VERSION --timeout 60m\n']
 dir: './user-managed-notebook-cpu'
 entrypoint: 'bash'
 env: []
 id: 'Trivy Scan'
 name: '${LOCATION}-docker.pkg.dev/${PROJECT_ID}/docker/cicd-inspection:v2'
 secretEnv: []
 volumes: []
 waitFor: []>, <BuildStep
 allowExitCodes: []
 args: ['-c', "docker run --network=cloudbuild $_ARTIFACT_REGISTRY/$_IMAGE_NAME:$_IMAGE_VERSION \\\nsh -c \\\n'cd ../../ &&\npytest tests'\n"]
 dir: './user-managed-notebook-cpu'
 entrypoint: 'bash'
 env: []
 id: 'Testing the Image'
 name: '${LOCATION}-docker.pkg.dev/${PROJECT_ID}/docker/cicd-inspection:v2'
 secretEnv: []
 volumes: []
 waitFor: []>, <BuildStep
 allowExitCodes: []
 args: ['-c', 'docker push $_ARTIFACT_REGISTRY/$_IMAGE_NAME:$_IMAGE_VERSION\n']
 dir: './user-managed-notebook-cpu'
 entrypoint: 'bash'
 env: []
 id: 'Pushing the Image'
 name: '${LOCATION}-docker.pkg.dev/${PROJECT_ID}/docker/cicd-inspection:v2'
 secretEnv: []
 volumes: []
 waitFor: []>]
 substitutions: <SubstitutionsValue
 additionalProperties: [<AdditionalProperty
 key: '_ARTIFACT_REGISTRY'
 value: '${LOCATION}-docker.pkg.dev/${PROJECT_ID}/docker'>, <AdditionalProperty
 key: '_IMAGE_NAME'
 value: 'user-managed-notebook-cpu'>, <AdditionalProperty
 key: '_IMAGE_VERSION'
 value: '0.1.13'>]>
 tags: []
 timeout: '3600s'
 warnings: []>
2025-02-08 18:45:06,175 WARNING  root            This command is using service account impersonation. All API calls will be executed as [cloudbuild-sa@dde-ops-data-science-p001.iam.gserviceaccount.com].
2025-02-08 18:45:06,182 DEBUG    google.auth.transport.requests Making request: POST https://oauth2.googleapis.com/token
2025-02-08 18:45:06,184 DEBUG    urllib3.connectionpool Starting new HTTPS connection (1): oauth2.googleapis.com:443
2025-02-08 18:45:06,281 DEBUG    urllib3.connectionpool https://oauth2.googleapis.com:443 "POST /token HTTP/1.1" 200 None
2025-02-08 18:45:06,285 DEBUG    google.auth.transport.requests Making request: POST https://iamcredentials.googleapis.com/v1/projects/-/serviceAccounts/cloudbuild-sa@dde-ops-data-science-p001.iam.gserviceaccount.com:generateAccessToken
2025-02-08 18:45:06,287 DEBUG    urllib3.connectionpool Starting new HTTPS connection (1): iamcredentials.googleapis.com:443
2025-02-08 18:45:06,410 DEBUG    urllib3.connectionpool https://iamcredentials.googleapis.com:443 "POST /v1/projects/-/serviceAccounts/cloudbuild-sa@dde-ops-data-science-p001.iam.gserviceaccount.com:generateAccessToken HTTP/1.1" 200 None
2025-02-08 18:45:06,417 WARNING  root            This command is using service account impersonation. All API calls will be executed as [cloudbuild-sa@dde-ops-data-science-p001.iam.gserviceaccount.com].
2025-02-08 18:45:06,429 DEBUG    google.auth.transport.requests Making request: POST https://oauth2.googleapis.com/token
2025-02-08 18:45:06,430 DEBUG    urllib3.connectionpool Starting new HTTPS connection (1): oauth2.googleapis.com:443
2025-02-08 18:45:06,550 DEBUG    urllib3.connectionpool https://oauth2.googleapis.com:443 "POST /token HTTP/1.1" 200 None
2025-02-08 18:45:06,555 DEBUG    google.auth.transport.requests Making request: POST https://iamcredentials.googleapis.com/v1/projects/-/serviceAccounts/cloudbuild-sa@dde-ops-data-science-p001.iam.gserviceaccount.com:generateAccessToken
2025-02-08 18:45:06,557 DEBUG    urllib3.connectionpool Starting new HTTPS connection (1): iamcredentials.googleapis.com:443
2025-02-08 18:45:06,670 DEBUG    urllib3.connectionpool https://iamcredentials.googleapis.com:443 "POST /v1/projects/-/serviceAccounts/cloudbuild-sa@dde-ops-data-science-p001.iam.gserviceaccount.com:generateAccessToken HTTP/1.1" 200 None
2025-02-08 18:45:06,687 DEBUG    urllib3.connectionpool Starting new HTTPS connection (1): cloudbuild.googleapis.com:443
2025-02-08 18:45:09,555 DEBUG    urllib3.connectionpool https://cloudbuild.googleapis.com:443 "POST /v1/projects/dde-ops-data-science-p001/locations/europe-west4/builds?alt=json HTTP/1.1" 200 None
2025-02-08 18:45:09,565 INFO     ___FILE_ONLY___ Created [https://cloudbuild.googleapis.com/v1/projects/dde-ops-data-science-p001/locations/europe-west4/builds/862d9ff2-f7cc-403e-ada6-743a8fd5fa47].

2025-02-08 18:45:09,565 INFO     ___FILE_ONLY___ Logs are available at [ https://console.cloud.google.com/cloud-build/builds;region=europe-west4/862d9ff2-f7cc-403e-ada6-743a8fd5fa47?project=699197215593 ].

2025-02-08 18:45:09,565 DEBUG    root            Chosen display Format:
        table(
          id,
          createTime.date('%Y-%m-%dT%H:%M:%S%Oz', undefined='-'),
          duration(start=startTime,end=finishTime,precision=0,calendar=false,undefined="  -").slice(2:).join(""):label=DURATION,
          build_source(undefined="-"):label=SOURCE,
          build_images(undefined="-"):label=IMAGES,
          status
        )
      
2025-02-08 18:45:09,565 INFO     root            Display format: "
        table(
          id,
          createTime.date('%Y-%m-%dT%H:%M:%S%Oz', undefined='-'),
          duration(start=startTime,end=finishTime,precision=0,calendar=false,undefined="  -").slice(2:).join(""):label=DURATION,
          build_source(undefined="-"):label=SOURCE,
          build_images(undefined="-"):label=IMAGES,
          status
        )
      "
2025-02-08 18:45:09,590 INFO     ___FILE_ONLY___ ID
2025-02-08 18:45:09,590 INFO     ___FILE_ONLY___                                     
2025-02-08 18:45:09,590 INFO     ___FILE_ONLY___ CREATE_TIME
2025-02-08 18:45:09,590 INFO     ___FILE_ONLY___                 
2025-02-08 18:45:09,590 INFO     ___FILE_ONLY___ DURATION
2025-02-08 18:45:09,590 INFO     ___FILE_ONLY___   
2025-02-08 18:45:09,590 INFO     ___FILE_ONLY___ SOURCE
2025-02-08 18:45:09,591 INFO     ___FILE_ONLY___                                                                                                                       
2025-02-08 18:45:09,591 INFO     ___FILE_ONLY___ IMAGES
2025-02-08 18:45:09,591 INFO     ___FILE_ONLY___   
2025-02-08 18:45:09,591 INFO     ___FILE_ONLY___ STATUS
2025-02-08 18:45:09,591 INFO     ___FILE_ONLY___ 

2025-02-08 18:45:09,591 INFO     ___FILE_ONLY___ 862d9ff2-f7cc-403e-ada6-743a8fd5fa47
2025-02-08 18:45:09,591 INFO     ___FILE_ONLY___   
2025-02-08 18:45:09,591 INFO     ___FILE_ONLY___ 2025-02-08T10:45:08+00:00
2025-02-08 18:45:09,591 INFO     ___FILE_ONLY___   
2025-02-08 18:45:09,591 INFO     ___FILE_ONLY___ -
2025-02-08 18:45:09,591 INFO     ___FILE_ONLY___          
2025-02-08 18:45:09,591 INFO     ___FILE_ONLY___ gs://dde-ops-data-science-p001_cloudbuild/user-managed-notebook-cpu/1739011501.064541-c48dc4cc3a434b11a8a556e47a5297f9.tgz
2025-02-08 18:45:09,591 INFO     ___FILE_ONLY___   
2025-02-08 18:45:09,591 INFO     ___FILE_ONLY___ -
2025-02-08 18:45:09,591 INFO     ___FILE_ONLY___        
2025-02-08 18:45:09,591 INFO     ___FILE_ONLY___ QUEUED
2025-02-08 18:45:09,591 INFO     ___FILE_ONLY___ 

2025-02-08 18:45:09,592 INFO     ___FILE_ONLY___ 

Updates are available for some Google Cloud CLI components.  To install them,
please run:
  $ gcloud components update


2025-02-08 18:45:09,599 DEBUG    root            Metrics reporting process started...
