2025-02-12 10:19:18,409 DEBUG    root            Loaded Command Group: ['gcloud', 'auth']
2025-02-12 10:19:18,458 DEBUG    root            Loaded Command Group: ['gcloud', 'auth', 'login']
2025-02-12 10:19:18,460 DEBUG    root            Running [gcloud.auth.login] with arguments: []
2025-02-12 10:19:18,920 DEBUG    requests_oauthlib.oauth2_session Generated new state T2m5pTM3z2sI9W8ENvEyUArMcHsVPO.
2025-02-12 10:19:19,280 INFO     ___FILE_ONLY___ Your browser has been opened to visit:

    https://accounts.google.com/o/oauth2/auth?response_type=code&client_id=32555940559.apps.googleusercontent.com&redirect_uri=http%3A%2F%2Flocalhost%3A8085%2F&scope=openid+https%3A%2F%2Fwww.googleapis.com%2Fauth%2Fuserinfo.email+https%3A%2F%2Fwww.googleapis.com%2Fauth%2Fcloud-platform+https%3A%2F%2Fwww.googleapis.com%2Fauth%2Fappengine.admin+https%3A%2F%2Fwww.googleapis.com%2Fauth%2Fsqlservice.login+https%3A%2F%2Fwww.googleapis.com%2Fauth%2Fcompute+https%3A%2F%2Fwww.googleapis.com%2Fauth%2Faccounts.reauth&state=T2m5pTM3z2sI9W8ENvEyUArMcHsVPO&access_type=offline&code_challenge=8m-hFaQ50cEmlEXo8tg7c3XMm7ChThWeDyJ57nisj9o&code_challenge_method=S256


2025-02-12 10:19:27,626 INFO     google_auth_oauthlib.flow "GET /?state=T2m5pTM3z2sI9W8ENvEyUArMcHsVPO&code=4/0ASVgi3I3ESQL0iaSOsP70omMtTHVbyBKM_lHOhUTfyjjsr1vkLg_qIdc8Ojwe-zP4uYK7A&scope=email%20openid%20https://www.googleapis.com/auth/userinfo.email%20https://www.googleapis.com/auth/cloud-platform%20https://www.googleapis.com/auth/appengine.admin%20https://www.googleapis.com/auth/sqlservice.login%20https://www.googleapis.com/auth/compute%20https://www.googleapis.com/auth/accounts.reauth&authuser=0&hd=dyson.com&prompt=consent HTTP/1.1" 200 937
2025-02-12 10:19:27,627 DEBUG    requests_oauthlib.oauth2_session Requesting url https://oauth2.googleapis.com/token using method POST.
2025-02-12 10:19:27,627 DEBUG    requests_oauthlib.oauth2_session Supplying headers {b'Accept': b'application/json', b'Content-Type': b'application/x-www-form-urlencoded;charset=UTF-8', b'user-agent': b'google-cloud-sdk gcloud/509.0.0 command/gcloud.auth.login invocation-id/aa236c7a556d42529273f6e252aed538 environment/None environment-version/None client-os/MACOSX client-os-ver/24.3.0 client-pltf-arch/arm interactive/True from-script/False python/3.10.13 term/xterm-256color (Macintosh; Intel Mac OS X 24.3.0)'} and data {'grant_type': 'authorization_code', 'client_id': '32555940559.apps.googleusercontent.com', 'client_secret': 'ZmssLNjJy2998hD4CTg2ejr2', 'code': '4/0ASVgi3I3ESQL0iaSOsP70omMtTHVbyBKM_lHOhUTfyjjsr1vkLg_qIdc8Ojwe-zP4uYK7A', 'redirect_uri': 'http://localhost:8085/', 'code_verifier': 'kphV5SS..1FqmPV6-3y2VL1pt9k07nJhqS7ZXm.CDyOdjcUHpTcjhi2BYjzHEyu5j~GtfJfz1ahrQnX90pdrbkMHzluo8QqSAnqGgxjT_N3O9o_jGQrmGY5ycO3CXDAn'}
2025-02-12 10:19:27,628 DEBUG    requests_oauthlib.oauth2_session Passing through key word arguments {'json': None, 'timeout': None, 'auth': None, 'verify': None, 'proxies': None}.
2025-02-12 10:19:27,637 DEBUG    urllib3.connectionpool Starting new HTTPS connection (1): oauth2.googleapis.com:443
2025-02-12 10:19:27,742 DEBUG    urllib3.connectionpool https://oauth2.googleapis.com:443 "POST /token HTTP/11" 200 None
2025-02-12 10:19:27,743 DEBUG    requests_oauthlib.oauth2_session Prepared fetch token request body grant_type=authorization_code&client_id=32555940559.apps.googleusercontent.com&client_secret=ZmssLNjJy2998hD4CTg2ejr2&code=4%2F0ASVgi3I3ESQL0iaSOsP70omMtTHVbyBKM_lHOhUTfyjjsr1vkLg_qIdc8Ojwe-zP4uYK7A&redirect_uri=http%3A%2F%2Flocalhost%3A8085%2F&code_verifier=kphV5SS..1FqmPV6-3y2VL1pt9k07nJhqS7ZXm.CDyOdjcUHpTcjhi2BYjzHEyu5j~GtfJfz1ahrQnX90pdrbkMHzluo8QqSAnqGgxjT_N3O9o_jGQrmGY5ycO3CXDAn
2025-02-12 10:19:27,744 DEBUG    requests_oauthlib.oauth2_session Request to fetch token completed with status 200.
2025-02-12 10:19:27,744 DEBUG    requests_oauthlib.oauth2_session Request headers were {'user-agent': b'google-cloud-sdk gcloud/509.0.0 command/gcloud.auth.login invocation-id/aa236c7a556d42529273f6e252aed538 environment/None environment-version/None client-os/MACOSX client-os-ver/24.3.0 client-pltf-arch/arm interactive/True from-script/False python/3.10.13 term/xterm-256color (Macintosh; Intel Mac OS X 24.3.0)', 'Accept-Encoding': 'gzip, deflate', 'Accept': b'application/json', 'Connection': 'keep-alive', 'Content-Type': b'application/x-www-form-urlencoded;charset=UTF-8', 'Content-Length': '387'}
2025-02-12 10:19:27,745 DEBUG    requests_oauthlib.oauth2_session Request body was grant_type=authorization_code&client_id=32555940559.apps.googleusercontent.com&client_secret=ZmssLNjJy2998hD4CTg2ejr2&code=4%2F0ASVgi3I3ESQL0iaSOsP70omMtTHVbyBKM_lHOhUTfyjjsr1vkLg_qIdc8Ojwe-zP4uYK7A&redirect_uri=http%3A%2F%2Flocalhost%3A8085%2F&code_verifier=kphV5SS..1FqmPV6-3y2VL1pt9k07nJhqS7ZXm.CDyOdjcUHpTcjhi2BYjzHEyu5j~GtfJfz1ahrQnX90pdrbkMHzluo8QqSAnqGgxjT_N3O9o_jGQrmGY5ycO3CXDAn
2025-02-12 10:19:27,745 DEBUG    requests_oauthlib.oauth2_session Response headers were {'Expires': 'Mon, 01 Jan 1990 00:00:00 GMT', 'Cache-Control': 'no-cache, no-store, max-age=0, must-revalidate', 'Pragma': 'no-cache', 'Date': 'Wed, 12 Feb 2025 02:19:27 GMT', 'Content-Type': 'application/json; charset=utf-8', 'Vary': 'Origin, X-Origin, Referer', 'Content-Encoding': 'gzip', 'Server': 'scaffolding on HTTPServer2', 'X-XSS-Protection': '0', 'X-Frame-Options': 'SAMEORIGIN', 'X-Content-Type-Options': 'nosniff', 'Alt-Svc': 'h3=":443"; ma=2592000,h3-29=":443"; ma=2592000', 'Transfer-Encoding': 'chunked'} and content {
  "access_token": "ya29.a0AXeO80QIHB7Zd-iiRzSb_lfXjlqB0R8gbd59ynrRzRFVFJptWE1hSDp8j7pNcJhfKZJ8td1EIqLHnHLcoezH_zxGyLS93UP05kDJAG3tFMfHpHj4kbCzQNXG4tBt_TfSI9mkiWPu2bTKJbRTokz8pu8klgBM8ZdPGM8Mh2-qZVC9IQaCgYKAawSARMSFQHGX2Mio8abw3WlaYPJcFLvyODL5Q0181",
  "expires_in": 3599,
  "refresh_token": "1//0g8oJry8wAwGaCgYIARAAGBASNwF-L9Ir2jMLmh-fNHzPwD_KGq5l0gUbWTcybWwfawFuTB0IToYlwMeql-VgTk96ZqTY30do0dE",
  "scope": "https://www.googleapis.com/auth/appengine.admin https://www.googleapis.com/auth/userinfo.email openid https://www.googleapis.com/auth/compute https://www.googleapis.com/auth/accounts.reauth https://www.googleapis.com/auth/cloud-platform https://www.googleapis.com/auth/sqlservice.login",
  "token_type": "Bearer",
  "id_token": "eyJhbGciOiJSUzI1NiIsImtpZCI6ImVlYzUzNGZhNWI4Y2FjYTIwMWNhOGQwZmY5NmI1NGM1NjIyMTBkMWUiLCJ0eXAiOiJKV1QifQ.eyJpc3MiOiJodHRwczovL2FjY291bnRzLmdvb2dsZS5jb20iLCJhenAiOiIzMjU1NTk0MDU1OS5hcHBzLmdvb2dsZXVzZXJjb250ZW50LmNvbSIsImF1ZCI6IjMyNTU1OTQwNTU5LmFwcHMuZ29vZ2xldXNlcmNvbnRlbnQuY29tIiwic3ViIjoiMTE1NTAwMDY5ODQ0OTIyMjcwNzUwIiwiaGQiOiJkeXNvbi5jb20iLCJlbWFpbCI6ImRhbmllbC5sb3dAZHlzb24uY29tIiwiZW1haWxfdmVyaWZpZWQiOnRydWUsImF0X2hhc2giOiJPZzJVWDg2RDBNMXhueUtPQmJpd1N3IiwiaWF0IjoxNzM5MzI2NzY3LCJleHAiOjE3MzkzMzAzNjd9.f-ygwrzr7zxVLcTlZ165fEJ9d8EHtgIMbgiQV1ycgKPl6Mu2SqmGuuqNiooi1sTJEoxad8xHRhTe2tu5Z4GtiH8U5ziV7bJ9GHJCoFusvak-X3TYtzGWf1hBp7F5GN1MyLZrIdST_N4ikc5ecmTkiiv02eZSXULa4wH_FD4KXs4XCMpua83V_gtupvcSfUyFZ7jh4c6sM_eTjh5SMVxbM9EiBd01YAuSW-66MRhRMLCQp41ZcqhR8ILHAEtxrxmbk8BiKMhBKugV1K1tOKUrQw6QE5nQMusLwoKAJPbnsDBCZncirUPaJ9iKhJKvzi-Dma_g_o7FGTQPmUZ3UfM-_g"
}.
2025-02-12 10:19:27,745 DEBUG    requests_oauthlib.oauth2_session Invoking 0 token response hooks.
2025-02-12 10:19:27,746 DEBUG    requests_oauthlib.oauth2_session Obtained token {'access_token': 'ya29.a0AXeO80QIHB7Zd-iiRzSb_lfXjlqB0R8gbd59ynrRzRFVFJptWE1hSDp8j7pNcJhfKZJ8td1EIqLHnHLcoezH_zxGyLS93UP05kDJAG3tFMfHpHj4kbCzQNXG4tBt_TfSI9mkiWPu2bTKJbRTokz8pu8klgBM8ZdPGM8Mh2-qZVC9IQaCgYKAawSARMSFQHGX2Mio8abw3WlaYPJcFLvyODL5Q0181', 'expires_in': 3599, 'refresh_token': '1//0g8oJry8wAwGaCgYIARAAGBASNwF-L9Ir2jMLmh-fNHzPwD_KGq5l0gUbWTcybWwfawFuTB0IToYlwMeql-VgTk96ZqTY30do0dE', 'scope': ['https://www.googleapis.com/auth/appengine.admin', 'https://www.googleapis.com/auth/userinfo.email', 'openid', 'https://www.googleapis.com/auth/compute', 'https://www.googleapis.com/auth/accounts.reauth', 'https://www.googleapis.com/auth/cloud-platform', 'https://www.googleapis.com/auth/sqlservice.login'], 'token_type': 'Bearer', 'id_token': 'eyJhbGciOiJSUzI1NiIsImtpZCI6ImVlYzUzNGZhNWI4Y2FjYTIwMWNhOGQwZmY5NmI1NGM1NjIyMTBkMWUiLCJ0eXAiOiJKV1QifQ.eyJpc3MiOiJodHRwczovL2FjY291bnRzLmdvb2dsZS5jb20iLCJhenAiOiIzMjU1NTk0MDU1OS5hcHBzLmdvb2dsZXVzZXJjb250ZW50LmNvbSIsImF1ZCI6IjMyNTU1OTQwNTU5LmFwcHMuZ29vZ2xldXNlcmNvbnRlbnQuY29tIiwic3ViIjoiMTE1NTAwMDY5ODQ0OTIyMjcwNzUwIiwiaGQiOiJkeXNvbi5jb20iLCJlbWFpbCI6ImRhbmllbC5sb3dAZHlzb24uY29tIiwiZW1haWxfdmVyaWZpZWQiOnRydWUsImF0X2hhc2giOiJPZzJVWDg2RDBNMXhueUtPQmJpd1N3IiwiaWF0IjoxNzM5MzI2NzY3LCJleHAiOjE3MzkzMzAzNjd9.f-ygwrzr7zxVLcTlZ165fEJ9d8EHtgIMbgiQV1ycgKPl6Mu2SqmGuuqNiooi1sTJEoxad8xHRhTe2tu5Z4GtiH8U5ziV7bJ9GHJCoFusvak-X3TYtzGWf1hBp7F5GN1MyLZrIdST_N4ikc5ecmTkiiv02eZSXULa4wH_FD4KXs4XCMpua83V_gtupvcSfUyFZ7jh4c6sM_eTjh5SMVxbM9EiBd01YAuSW-66MRhRMLCQp41ZcqhR8ILHAEtxrxmbk8BiKMhBKugV1K1tOKUrQw6QE5nQMusLwoKAJPbnsDBCZncirUPaJ9iKhJKvzi-Dma_g_o7FGTQPmUZ3UfM-_g', 'expires_at': 1739330366.746069}.
2025-02-12 10:19:27,769 INFO     ___FILE_ONLY___ 
You are now logged in as [daniel.low@dyson.com].
Your current project is [dde-prj-buildandtest-p001].  You can change this setting by running:
  $ gcloud config set project PROJECT_ID

2025-02-12 10:19:27,770 DEBUG    root            Chosen display Format:none
2025-02-12 10:19:27,771 INFO     root            Display format: "none"
2025-02-12 10:19:27,799 INFO     ___FILE_ONLY___ 

Updates are available for some Google Cloud CLI components.  To install them,
please run:
  $ gcloud components update


2025-02-12 10:19:27,804 DEBUG    root            Metrics reporting process started...
