2025-02-12 15:27:49,550 DEBUG    root            Loaded Command Group: ['gcloud', 'projects']
2025-02-12 15:27:49,565 DEBUG    root            Loaded Command Group: ['gcloud', 'projects', 'get_iam_policy']
2025-02-12 15:27:49,566 DEBUG    root            Running [gcloud.projects.get-iam-policy] with arguments: [--filter: "bindings.members:model-deployment-cloudbuild-sa", --flatten: "['bindings[].members']", --format: "table(bindings.role,bindings.members)", PROJECT_ID_OR_NUMBER: "dde-ops-data-science-d001"]
2025-02-12 15:27:49,595 DEBUG    urllib3.connectionpool Starting new HTTPS connection (1): cloudresourcemanager.googleapis.com:443
2025-02-12 15:27:50,790 DEBUG    urllib3.connectionpool https://cloudresourcemanager.googleapis.com:443 "POST /v1/projects/dde-ops-data-science-d001:getIamPolicy?alt=json HTTP/11" 200 None
2025-02-12 15:27:50,797 DEBUG    root            Chosen display Format:default table(bindings.role,bindings.members)
2025-02-12 15:27:50,798 INFO     root            Display format: "default table(bindings.role,bindings.members)"
2025-02-12 15:27:50,918 INFO     ___FILE_ONLY___ ROLE
2025-02-12 15:27:50,918 INFO     ___FILE_ONLY___                                                            
2025-02-12 15:27:50,918 INFO     ___FILE_ONLY___ MEMBERS
2025-02-12 15:27:50,918 INFO     ___FILE_ONLY___ 

2025-02-12 15:27:50,918 INFO     ___FILE_ONLY___ projects/dde-ops-data-science-d001/roles/ddsEndpointIamPolicy
2025-02-12 15:27:50,918 INFO     ___FILE_ONLY___   
2025-02-12 15:27:50,918 INFO     ___FILE_ONLY___ serviceAccount:model-deployment-cloudbuild-sa@dde-ops-data-science-d001.iam.gserviceaccount.com
2025-02-12 15:27:50,918 INFO     ___FILE_ONLY___ 

2025-02-12 15:27:50,918 INFO     ___FILE_ONLY___ roles/aiplatform.user
2025-02-12 15:27:50,918 INFO     ___FILE_ONLY___                                           
2025-02-12 15:27:50,918 INFO     ___FILE_ONLY___ serviceAccount:model-deployment-cloudbuild-sa@dde-ops-data-science-d001.iam.gserviceaccount.com
2025-02-12 15:27:50,918 INFO     ___FILE_ONLY___ 

2025-02-12 15:27:50,918 INFO     ___FILE_ONLY___ roles/artifactregistry.writer
2025-02-12 15:27:50,919 INFO     ___FILE_ONLY___                                   
2025-02-12 15:27:50,919 INFO     ___FILE_ONLY___ serviceAccount:model-deployment-cloudbuild-sa@dde-ops-data-science-d001.iam.gserviceaccount.com
2025-02-12 15:27:50,919 INFO     ___FILE_ONLY___ 

2025-02-12 15:27:50,919 INFO     ___FILE_ONLY___ roles/cloudbuild.builds.builder
2025-02-12 15:27:50,919 INFO     ___FILE_ONLY___                                 
2025-02-12 15:27:50,919 INFO     ___FILE_ONLY___ serviceAccount:model-deployment-cloudbuild-sa@dde-ops-data-science-d001.iam.gserviceaccount.com
2025-02-12 15:27:50,919 INFO     ___FILE_ONLY___ 

2025-02-12 15:27:50,919 INFO     ___FILE_ONLY___ roles/iam.serviceAccountTokenCreator
2025-02-12 15:27:50,919 INFO     ___FILE_ONLY___                            
2025-02-12 15:27:50,919 INFO     ___FILE_ONLY___ serviceAccount:model-deployment-cloudbuild-sa@dde-ops-data-science-d001.iam.gserviceaccount.com
2025-02-12 15:27:50,919 INFO     ___FILE_ONLY___ 

2025-02-12 15:27:50,919 INFO     ___FILE_ONLY___ roles/logging.logWriter
2025-02-12 15:27:50,919 INFO     ___FILE_ONLY___                                         
2025-02-12 15:27:50,919 INFO     ___FILE_ONLY___ serviceAccount:model-deployment-cloudbuild-sa@dde-ops-data-science-d001.iam.gserviceaccount.com
2025-02-12 15:27:50,919 INFO     ___FILE_ONLY___ 

2025-02-12 15:27:50,919 INFO     ___FILE_ONLY___ roles/logging.viewer
2025-02-12 15:27:50,919 INFO     ___FILE_ONLY___                                            
2025-02-12 15:27:50,919 INFO     ___FILE_ONLY___ serviceAccount:model-deployment-cloudbuild-sa@dde-ops-data-science-d001.iam.gserviceaccount.com
2025-02-12 15:27:50,919 INFO     ___FILE_ONLY___ 

2025-02-12 15:27:50,919 INFO     ___FILE_ONLY___ roles/storage.objectUser
2025-02-12 15:27:50,919 INFO     ___FILE_ONLY___                                        
2025-02-12 15:27:50,919 INFO     ___FILE_ONLY___ serviceAccount:model-deployment-cloudbuild-sa@dde-ops-data-science-d001.iam.gserviceaccount.com
2025-02-12 15:27:50,919 INFO     ___FILE_ONLY___ 

2025-02-12 15:27:50,928 DEBUG    root            Metrics reporting process started...
