2025-02-12 15:47:51,422 DEBUG    root            Loaded Command Group: ['gcloud', 'iam']
2025-02-12 15:47:51,423 DEBUG    root            Loaded Command Group: ['gcloud', 'iam', 'service_accounts']
2025-02-12 15:47:51,540 DEBUG    root            Loaded Command Group: ['gcloud', 'iam', 'service-accounts', 'add_iam_policy_binding']
2025-02-12 15:47:51,596 DEBUG    root            Loaded Command Group: ['gcloud', 'iam', 'service-accounts', 'sign_jwt']
2025-02-12 15:47:51,614 DEBUG    root            Loaded Command Group: ['gcloud', 'iam', 'service-accounts', 'undelete']
2025-02-12 15:47:51,626 DEBUG    root            Loaded Command Group: ['gcloud', 'iam', 'service-accounts', 'update']
2025-02-12 15:47:51,650 DEBUG    root            Loaded Command Group: ['gcloud', 'iam', 'service-accounts', 'disable']
2025-02-12 15:47:51,668 DEBUG    root            No implementation for release track [GA] for element: [/Users/daniel.low/Downloads/google-cloud-sdk/lib/surface/iam/service_accounts/identity_bindings]
2025-02-12 15:47:51,680 DEBUG    root            Loaded Command Group: ['gcloud', 'iam', 'service-accounts', 'keys']
2025-02-12 15:47:51,690 DEBUG    root            Loaded Command Group: ['gcloud', 'iam', 'service-accounts', 'sign_blob']
2025-02-12 15:47:51,702 DEBUG    root            Loaded Command Group: ['gcloud', 'iam', 'service-accounts', 'enable']
2025-02-12 15:47:51,763 DEBUG    root            Loaded Command Group: ['gcloud', 'iam', 'service-accounts', 'delete']
2025-02-12 15:47:51,774 DEBUG    root            Loaded Command Group: ['gcloud', 'iam', 'service-accounts', 'list']
2025-02-12 15:47:51,780 DEBUG    root            No implementation for release track [GA] for element: [/Users/daniel.low/Downloads/google-cloud-sdk/lib/surface/iam/service_accounts/config]
2025-02-12 15:47:51,784 DEBUG    root            Loaded Command Group: ['gcloud', 'iam', 'service-accounts', 'set_iam_policy']
2025-02-12 15:47:51,785 DEBUG    root            Loaded Command Group: ['gcloud', 'iam', 'service-accounts', 'get_iam_policy']
2025-02-12 15:47:51,786 DEBUG    root            Loaded Command Group: ['gcloud', 'iam', 'service-accounts', 'describe']
2025-02-12 15:47:51,797 DEBUG    root            Loaded Command Group: ['gcloud', 'iam', 'service-accounts', 'remove_iam_policy_binding']
2025-02-12 15:47:51,815 DEBUG    root            Loaded Command Group: ['gcloud', 'iam', 'service-accounts', 'create']
2025-02-12 15:47:51,816 DEBUG    root            Loaded Command Group: ['gcloud', 'alpha', 'iam']
2025-02-12 15:47:51,818 DEBUG    root            Loaded Command Group: ['gcloud', 'alpha', 'iam', 'service_accounts']
2025-02-12 15:47:51,819 ERROR    root            (gcloud.iam.service-accounts) Invalid choice: 'test-iam-permissions'.
2025-02-12 15:47:52,134 DEBUG    root            Metrics reporting process started...
