2025-02-12 16:04:23,694 DEBUG    root            Loaded Command Group: ['gcloud', 'iam']
2025-02-12 16:04:23,703 DEBUG    root            Loaded Command Group: ['gcloud', 'iam', 'service_accounts']
2025-02-12 16:04:23,708 DEBUG    root            Loaded Command Group: ['gcloud', 'iam', 'service-accounts', 'keys']
2025-02-12 16:04:23,828 DEBUG    root            Loaded Command Group: ['gcloud', 'iam', 'service-accounts', 'update']
2025-02-12 16:04:23,900 DEBUG    root            Loaded Command Group: ['gcloud', 'iam', 'service-accounts', 'delete']
2025-02-12 16:04:23,903 DEBUG    root            Loaded Command Group: ['gcloud', 'iam', 'service-accounts', 'get_iam_policy']
2025-02-12 16:04:23,905 DEBUG    root            No implementation for release track [GA] for element: [/Users/daniel.low/Downloads/google-cloud-sdk/lib/surface/iam/service_accounts/identity_bindings]
2025-02-12 16:04:23,906 DEBUG    root            No implementation for release track [GA] for element: [/Users/daniel.low/Downloads/google-cloud-sdk/lib/surface/iam/service_accounts/config]
2025-02-12 16:04:23,909 DEBUG    root            Loaded Command Group: ['gcloud', 'iam', 'service-accounts', 'sign_jwt']
2025-02-12 16:04:23,915 DEBUG    root            Loaded Command Group: ['gcloud', 'iam', 'service-accounts', 'undelete']
2025-02-12 16:04:23,923 DEBUG    root            Loaded Command Group: ['gcloud', 'iam', 'service-accounts', 'list']
2025-02-12 16:04:23,931 DEBUG    root            Loaded Command Group: ['gcloud', 'iam', 'service-accounts', 'enable']
2025-02-12 16:04:23,954 DEBUG    root            Loaded Command Group: ['gcloud', 'iam', 'service-accounts', 'create']
2025-02-12 16:04:23,956 DEBUG    root            Loaded Command Group: ['gcloud', 'iam', 'service-accounts', 'describe']
2025-02-12 16:04:23,962 DEBUG    root            Loaded Command Group: ['gcloud', 'iam', 'service-accounts', 'disable']
2025-02-12 16:04:23,983 DEBUG    root            Loaded Command Group: ['gcloud', 'iam', 'service-accounts', 'add_iam_policy_binding']
2025-02-12 16:04:24,004 DEBUG    root            Loaded Command Group: ['gcloud', 'iam', 'service-accounts', 'remove_iam_policy_binding']
2025-02-12 16:04:24,019 DEBUG    root            Loaded Command Group: ['gcloud', 'iam', 'service-accounts', 'sign_blob']
2025-02-12 16:04:24,026 DEBUG    root            Loaded Command Group: ['gcloud', 'iam', 'service-accounts', 'set_iam_policy']
2025-02-12 16:04:24,027 DEBUG    root            Loaded Command Group: ['gcloud', 'alpha', 'iam']
2025-02-12 16:04:24,027 DEBUG    root            Loaded Command Group: ['gcloud', 'alpha', 'iam', 'service_accounts']
2025-02-12 16:04:24,029 ERROR    root            (gcloud.iam.service-accounts) Invalid choice: 'test-iam-permissions'.
2025-02-12 16:04:24,337 DEBUG    root            Metrics reporting process started...
