2025-02-12 17:10:28,809 DEBUG    root            Loaded Command Group: ['gcloud', 'auth']
2025-02-12 17:10:28,816 DEBUG    root            Loaded Command Group: ['gcloud', 'auth', 'list']
2025-02-12 17:10:28,817 DEBUG    root            Running [gcloud.auth.list] with arguments: []
2025-02-12 17:10:28,821 DEBUG    root            Chosen display Format:    table[title='Credentialed Accounts'](
        status.yesno(yes='*', no=''):label=ACTIVE,
        account
    )
2025-02-12 17:10:28,821 INFO     root            Display format: "    table[title='Credentialed Accounts'](
        status.yesno(yes='*', no=''):label=ACTIVE,
        account
    )"
2025-02-12 17:10:28,897 INFO     ___FILE_ONLY___    Credentialed Accounts
2025-02-12 17:10:28,898 INFO     ___FILE_ONLY___ 

2025-02-12 17:10:28,898 INFO     ___FILE_ONLY___ ACTIVE
2025-02-12 17:10:28,898 INFO     ___FILE_ONLY___   
2025-02-12 17:10:28,898 INFO     ___FILE_ONLY___ ACCOUNT
2025-02-12 17:10:28,898 INFO     ___FILE_ONLY___ 

2025-02-12 17:10:28,898 INFO     ___FILE_ONLY___ *
2025-02-12 17:10:28,898 INFO     ___FILE_ONLY___        
2025-02-12 17:10:28,898 INFO     ___FILE_ONLY___ daniel.low@dyson.com
2025-02-12 17:10:28,898 INFO     ___FILE_ONLY___ 

2025-02-12 17:10:28,899 INFO     ___FILE_ONLY___ 
To set the active account, run:
    $ gcloud config set account `ACCOUNT`


2025-02-12 17:10:28,910 DEBUG    root            Metrics reporting process started...
