2025-02-12 17:12:38,490 DEBUG    root            Loaded Command Group: ['gcloud', 'iam']
2025-02-12 17:12:38,494 DEBUG    root            Loaded Command Group: ['gcloud', 'iam', 'service_accounts']
2025-02-12 17:12:38,508 DEBUG    root            Loaded Command Group: ['gcloud', 'iam', 'service-accounts', 'get_iam_policy']
2025-02-12 17:12:38,509 DEBUG    root            Running [gcloud.iam.service-accounts.get-iam-policy] with arguments: [SERVICE_ACCOUNT: "model-deployment-cloudbuild-sa@dde-ops-data-science-d001.iam.gserviceaccount.com"]
2025-02-12 17:12:38,556 DEBUG    urllib3.connectionpool Starting new HTTPS connection (1): iam.googleapis.com:443
2025-02-12 17:12:39,810 DEBUG    urllib3.connectionpool https://iam.googleapis.com:443 "POST /v1/projects/-/serviceAccounts/model-deployment-cloudbuild-sa@dde-ops-data-science-d001.iam.gserviceaccount.com:getIamPolicy?alt=json&options.requestedPolicyVersion=3 HTTP/11" 200 None
2025-02-12 17:12:39,812 DEBUG    root            Chosen display Format:default
2025-02-12 17:12:39,814 INFO     root            Display format: "default"
2025-02-12 17:12:39,847 INFO     ___FILE_ONLY___ bindings
2025-02-12 17:12:39,848 INFO     ___FILE_ONLY___ :
2025-02-12 17:12:39,848 INFO     ___FILE_ONLY___ 

2025-02-12 17:12:39,848 INFO     ___FILE_ONLY___ -
2025-02-12 17:12:39,848 INFO     ___FILE_ONLY___  
2025-02-12 17:12:39,848 INFO     ___FILE_ONLY___ members
2025-02-12 17:12:39,848 INFO     ___FILE_ONLY___ :
2025-02-12 17:12:39,848 INFO     ___FILE_ONLY___ 

2025-02-12 17:12:39,848 INFO     ___FILE_ONLY___   
2025-02-12 17:12:39,849 INFO     ___FILE_ONLY___ -
2025-02-12 17:12:39,849 INFO     ___FILE_ONLY___  
2025-02-12 17:12:39,849 INFO     ___FILE_ONLY___ user:daniel.low@dyson.com
2025-02-12 17:12:39,849 INFO     ___FILE_ONLY___ 

2025-02-12 17:12:39,849 INFO     ___FILE_ONLY___   
2025-02-12 17:12:39,849 INFO     ___FILE_ONLY___ -
2025-02-12 17:12:39,849 INFO     ___FILE_ONLY___  
2025-02-12 17:12:39,849 INFO     ___FILE_ONLY___ user:edward.long@dyson.com
2025-02-12 17:12:39,849 INFO     ___FILE_ONLY___ 

2025-02-12 17:12:39,849 INFO     ___FILE_ONLY___   
2025-02-12 17:12:39,849 INFO     ___FILE_ONLY___ -
2025-02-12 17:12:39,850 INFO     ___FILE_ONLY___  
2025-02-12 17:12:39,850 INFO     ___FILE_ONLY___ user:frank.cao@dyson.com
2025-02-12 17:12:39,850 INFO     ___FILE_ONLY___ 

2025-02-12 17:12:39,850 INFO     ___FILE_ONLY___   
2025-02-12 17:12:39,850 INFO     ___FILE_ONLY___ -
2025-02-12 17:12:39,850 INFO     ___FILE_ONLY___  
2025-02-12 17:12:39,850 INFO     ___FILE_ONLY___ user:joshua.rodrigues@dyson.com
2025-02-12 17:12:39,850 INFO     ___FILE_ONLY___ 

2025-02-12 17:12:39,850 INFO     ___FILE_ONLY___   
2025-02-12 17:12:39,850 INFO     ___FILE_ONLY___ -
2025-02-12 17:12:39,850 INFO     ___FILE_ONLY___  
2025-02-12 17:12:39,850 INFO     ___FILE_ONLY___ user:kahghi.lim@dyson.com
2025-02-12 17:12:39,850 INFO     ___FILE_ONLY___ 

2025-02-12 17:12:39,850 INFO     ___FILE_ONLY___   
2025-02-12 17:12:39,851 INFO     ___FILE_ONLY___ role
2025-02-12 17:12:39,851 INFO     ___FILE_ONLY___ :
2025-02-12 17:12:39,851 INFO     ___FILE_ONLY___  
2025-02-12 17:12:39,851 INFO     ___FILE_ONLY___ roles/iam.serviceAccountTokenCreator
2025-02-12 17:12:39,851 INFO     ___FILE_ONLY___ 

2025-02-12 17:12:39,851 INFO     ___FILE_ONLY___ -
2025-02-12 17:12:39,851 INFO     ___FILE_ONLY___  
2025-02-12 17:12:39,851 INFO     ___FILE_ONLY___ members
2025-02-12 17:12:39,851 INFO     ___FILE_ONLY___ :
2025-02-12 17:12:39,851 INFO     ___FILE_ONLY___ 

2025-02-12 17:12:39,851 INFO     ___FILE_ONLY___   
2025-02-12 17:12:39,851 INFO     ___FILE_ONLY___ -
2025-02-12 17:12:39,852 INFO     ___FILE_ONLY___  
2025-02-12 17:12:39,852 INFO     ___FILE_ONLY___ user:daniel.low@dyson.com
2025-02-12 17:12:39,852 INFO     ___FILE_ONLY___ 

2025-02-12 17:12:39,852 INFO     ___FILE_ONLY___   
2025-02-12 17:12:39,852 INFO     ___FILE_ONLY___ -
2025-02-12 17:12:39,852 INFO     ___FILE_ONLY___  
2025-02-12 17:12:39,852 INFO     ___FILE_ONLY___ user:edward.long@dyson.com
2025-02-12 17:12:39,852 INFO     ___FILE_ONLY___ 

2025-02-12 17:12:39,852 INFO     ___FILE_ONLY___   
2025-02-12 17:12:39,852 INFO     ___FILE_ONLY___ -
2025-02-12 17:12:39,852 INFO     ___FILE_ONLY___  
2025-02-12 17:12:39,852 INFO     ___FILE_ONLY___ user:frank.cao@dyson.com
2025-02-12 17:12:39,852 INFO     ___FILE_ONLY___ 

2025-02-12 17:12:39,852 INFO     ___FILE_ONLY___   
2025-02-12 17:12:39,852 INFO     ___FILE_ONLY___ -
2025-02-12 17:12:39,853 INFO     ___FILE_ONLY___  
2025-02-12 17:12:39,853 INFO     ___FILE_ONLY___ user:joshua.rodrigues@dyson.com
2025-02-12 17:12:39,853 INFO     ___FILE_ONLY___ 

2025-02-12 17:12:39,853 INFO     ___FILE_ONLY___   
2025-02-12 17:12:39,853 INFO     ___FILE_ONLY___ -
2025-02-12 17:12:39,853 INFO     ___FILE_ONLY___  
2025-02-12 17:12:39,853 INFO     ___FILE_ONLY___ user:kahghi.lim@dyson.com
2025-02-12 17:12:39,853 INFO     ___FILE_ONLY___ 

2025-02-12 17:12:39,854 INFO     ___FILE_ONLY___   
2025-02-12 17:12:39,854 INFO     ___FILE_ONLY___ role
2025-02-12 17:12:39,854 INFO     ___FILE_ONLY___ :
2025-02-12 17:12:39,854 INFO     ___FILE_ONLY___  
2025-02-12 17:12:39,854 INFO     ___FILE_ONLY___ roles/iam.serviceAccountUser
2025-02-12 17:12:39,854 INFO     ___FILE_ONLY___ 

2025-02-12 17:12:39,854 INFO     ___FILE_ONLY___ etag
2025-02-12 17:12:39,854 INFO     ___FILE_ONLY___ :
2025-02-12 17:12:39,854 INFO     ___FILE_ONLY___  
2025-02-12 17:12:39,854 INFO     ___FILE_ONLY___ BwYt7ZxQ7qs=
2025-02-12 17:12:39,854 INFO     ___FILE_ONLY___ 

2025-02-12 17:12:39,855 INFO     ___FILE_ONLY___ version
2025-02-12 17:12:39,856 INFO     ___FILE_ONLY___ :
2025-02-12 17:12:39,856 INFO     ___FILE_ONLY___  
2025-02-12 17:12:39,856 INFO     ___FILE_ONLY___ 1
2025-02-12 17:12:39,856 INFO     ___FILE_ONLY___ 

2025-02-12 17:12:39,869 DEBUG    root            Metrics reporting process started...
