2025-02-12 19:55:17,535 DEBUG    root            Loaded Command Group: ['gcloud', 'projects']
2025-02-12 19:55:17,541 DEBUG    root            Loaded Command Group: ['gcloud', 'projects', 'describe']
2025-02-12 19:55:17,542 DEBUG    root            Running [gcloud.projects.describe] with arguments: [--account: "daniel.low@dyson.com", --configuration: "default", --format: "value(name)", PROJECT_ID_OR_NUMBER: "dde-prj-buildandtest-p001"]
2025-02-12 19:55:17,566 DEBUG    urllib3.connectionpool Starting new HTTPS connection (1): cloudresourcemanager.googleapis.com:443
2025-02-12 19:55:18,791 DEBUG    urllib3.connectionpool https://cloudresourcemanager.googleapis.com:443 "GET /v1/projects/dde-prj-buildandtest-p001?alt=json HTTP/11" 429 None
2025-02-12 19:55:18,792 DEBUG    root            Chosen display Format:value(links.flatten(show="values",separator="
"))
2025-02-12 19:55:18,807 DEBUG    root            Chosen display Format:default
2025-02-12 19:55:18,810 DEBUG    root            Chosen display Format:value(links.flatten(show="values",separator="
"))
2025-02-12 19:55:18,810 DEBUG    root            Chosen display Format:default
2025-02-12 19:55:18,812 DEBUG    root            Chosen display Format:value(links.flatten(show="values",separator="
"))
2025-02-12 19:55:18,812 DEBUG    root            Chosen display Format:default
2025-02-12 19:55:18,813 DEBUG    root            (gcloud.projects.describe) RESOURCE_EXHAUSTED: Quota exceeded for quota metric 'Read requests' and limit 'Read requests per minute' of service 'cloudresourcemanager.googleapis.com' for consumer 'project_number:32555940559'.
Request a higher quota limit.
https://cloud.google.com/docs/quotas/help/request_increase
- '@type': type.googleapis.com/google.rpc.ErrorInfo
  domain: googleapis.com
  metadata:
    consumer: projects/32555940559
    quota_limit: ReadRequestsPerMinutePerProject
    quota_limit_value: '2400'
    quota_location: global
    quota_metric: cloudresourcemanager.googleapis.com/read_requests
    service: cloudresourcemanager.googleapis.com
  reason: RATE_LIMIT_EXCEEDED
Traceback (most recent call last):
  File "/Users/daniel.low/Downloads/google-cloud-sdk/lib/googlecloudsdk/calliope/cli.py", line 998, in Execute
    resources = calliope_command.Run(cli=self, args=args)
  File "/Users/daniel.low/Downloads/google-cloud-sdk/lib/googlecloudsdk/calliope/backend.py", line 934, in Run
    resources = command_instance.Run(args)
  File "/Users/daniel.low/Downloads/google-cloud-sdk/lib/surface/projects/describe.py", line 51, in Run
    return projects_api.Get(project_ref)
  File "/Users/daniel.low/Downloads/google-cloud-sdk/lib/googlecloudsdk/api_lib/cloudresourcemanager/projects_api.py", line 129, in Get
    return client.projects.Get(
  File "/Users/daniel.low/Downloads/google-cloud-sdk/lib/googlecloudsdk/generated_clients/apis/cloudresourcemanager/v1/cloudresourcemanager_v1_client.py", line 758, in Get
    return self._RunMethod(
  File "/Users/daniel.low/Downloads/google-cloud-sdk/lib/third_party/apitools/base/py/base_api.py", line 747, in _RunMethod
    return self.ProcessHttpResponse(method_config, http_response, request)
  File "/Users/daniel.low/Downloads/google-cloud-sdk/lib/third_party/apitools/base/py/base_api.py", line 753, in ProcessHttpResponse
    self.__ProcessHttpResponse(method_config, http_response, request))
  File "/Users/daniel.low/Downloads/google-cloud-sdk/lib/third_party/apitools/base/py/base_api.py", line 612, in __ProcessHttpResponse
    raise exceptions.HttpError.FromResponse(
apitools.base.py.exceptions.HttpError: HttpError accessing <https://cloudresourcemanager.googleapis.com/v1/projects/dde-prj-buildandtest-p001?alt=json>: response: <{'vary': 'Origin, X-Origin, Referer', 'content-type': 'application/json; charset=UTF-8', 'content-encoding': 'gzip', 'date': 'Wed, 12 Feb 2025 11:55:18 GMT', 'server': 'ESF', 'x-xss-protection': '0', 'x-frame-options': 'SAMEORIGIN', 'x-content-type-options': 'nosniff', 'server-timing': 'gfet4t7; dur=960', 'alt-svc': 'h3=":443"; ma=2592000,h3-29=":443"; ma=2592000', 'transfer-encoding': 'chunked', 'status': 429}>, content <{
  "error": {
    "code": 429,
    "message": "Quota exceeded for quota metric 'Read requests' and limit 'Read requests per minute' of service 'cloudresourcemanager.googleapis.com' for consumer 'project_number:32555940559'.",
    "status": "RESOURCE_EXHAUSTED",
    "details": [
      {
        "@type": "type.googleapis.com/google.rpc.ErrorInfo",
        "reason": "RATE_LIMIT_EXCEEDED",
        "domain": "googleapis.com",
        "metadata": {
          "quota_location": "global",
          "quota_limit": "ReadRequestsPerMinutePerProject",
          "service": "cloudresourcemanager.googleapis.com",
          "quota_limit_value": "2400",
          "quota_metric": "cloudresourcemanager.googleapis.com/read_requests",
          "consumer": "projects/32555940559"
        }
      },
      {
        "@type": "type.googleapis.com/google.rpc.Help",
        "links": [
          {
            "description": "Request a higher quota limit.",
            "url": "https://cloud.google.com/docs/quotas/help/request_increase"
          }
        ]
      }
    ]
  }
}
>
2025-02-12 19:55:18,839 ERROR    root            (gcloud.projects.describe) RESOURCE_EXHAUSTED: Quota exceeded for quota metric 'Read requests' and limit 'Read requests per minute' of service 'cloudresourcemanager.googleapis.com' for consumer 'project_number:32555940559'.
Request a higher quota limit.
https://cloud.google.com/docs/quotas/help/request_increase
- '@type': type.googleapis.com/google.rpc.ErrorInfo
  domain: googleapis.com
  metadata:
    consumer: projects/32555940559
    quota_limit: ReadRequestsPerMinutePerProject
    quota_limit_value: '2400'
    quota_location: global
    quota_metric: cloudresourcemanager.googleapis.com/read_requests
    service: cloudresourcemanager.googleapis.com
  reason: RATE_LIMIT_EXCEEDED
2025-02-12 19:55:18,857 DEBUG    root            Metrics reporting process started...
