2025-02-05 15:18:44,016 DEBUG    root            Loaded Command Group: ['gcloud', 'auth']
2025-02-05 15:18:44,019 DEBUG    root            Loaded Command Group: ['gcloud', 'auth', 'application_default']
2025-02-05 15:18:44,043 DEBUG    root            Loaded Command Group: ['gcloud', 'auth', 'application-default', 'login']
2025-02-05 15:18:44,045 DEBUG    root            Running [gcloud.auth.application-default.login] with arguments: []
2025-02-05 15:18:44,581 DEBUG    requests_oauthlib.oauth2_session Generated new state 5HIPWdBW0J6kgk9WCZCMj2bdwAN956.
2025-02-05 15:18:44,995 INFO     ___FILE_ONLY___ Your browser has been opened to visit:

    https://accounts.google.com/o/oauth2/auth?response_type=code&client_id=764086051850-6qr4p6gpi6hn506pt8ejuq83di341hur.apps.googleusercontent.com&redirect_uri=http%3A%2F%2Flocalhost%3A8085%2F&scope=openid+https%3A%2F%2Fwww.googleapis.com%2Fauth%2Fuserinfo.email+https%3A%2F%2Fwww.googleapis.com%2Fauth%2Fcloud-platform+https%3A%2F%2Fwww.googleapis.com%2Fauth%2Fsqlservice.login&state=5HIPWdBW0J6kgk9WCZCMj2bdwAN956&access_type=offline&code_challenge=Mx6359wOhfNLmSa19yWOiju27vtdUdwLT2Kegodqbx0&code_challenge_method=S256


2025-02-05 15:19:02,783 INFO     google_auth_oauthlib.flow "GET /?state=5HIPWdBW0J6kgk9WCZCMj2bdwAN956&code=4/0ASVgi3L5VDThe1Bm6xrs6NMQukny3LP-QKH_Lo5_d2cwLlWVnQiMyQYJgjNmJAIzNSFTkw&scope=email%20openid%20https://www.googleapis.com/auth/userinfo.email%20https://www.googleapis.com/auth/cloud-platform%20https://www.googleapis.com/auth/sqlservice.login&authuser=0&hd=dyson.com&prompt=consent HTTP/1.1" 200 937
2025-02-05 15:19:02,784 DEBUG    requests_oauthlib.oauth2_session Requesting url https://oauth2.googleapis.com/token using method POST.
2025-02-05 15:19:02,785 DEBUG    requests_oauthlib.oauth2_session Supplying headers {b'Accept': b'application/json', b'Content-Type': b'application/x-www-form-urlencoded;charset=UTF-8', b'user-agent': b'google-cloud-sdk gcloud/507.0.0 command/gcloud.auth.application-default.login invocation-id/e82d16787acf446cbf3047eecc5900fa environment/None environment-version/None client-os/MACOSX client-os-ver/24.3.0 client-pltf-arch/arm interactive/True from-script/False python/3.10.13 term/xterm-256color (Macintosh; Intel Mac OS X 24.3.0)'} and data {'grant_type': 'authorization_code', 'client_id': '764086051850-6qr4p6gpi6hn506pt8ejuq83di341hur.apps.googleusercontent.com', 'client_secret': 'd-FL95Q19q7MQmFpd7hHD0Ty', 'code': '4/0ASVgi3L5VDThe1Bm6xrs6NMQukny3LP-QKH_Lo5_d2cwLlWVnQiMyQYJgjNmJAIzNSFTkw', 'redirect_uri': 'http://localhost:8085/', 'code_verifier': 'tyPDKFfC5V5nlwqXmksi5FQDhlAxaUiz4xpRMWltGKhhDdPuHlSYfvGSJwBKmaZaQJ-q1l6s7wgvdt0ojQwwRYglsprQ15BT9dOvSLWkNG5bEh~fUZxqto62Un3ZmigU'}
2025-02-05 15:19:02,785 DEBUG    requests_oauthlib.oauth2_session Passing through key word arguments {'json': None, 'timeout': None, 'auth': None, 'verify': None, 'proxies': None}.
2025-02-05 15:19:02,790 DEBUG    urllib3.connectionpool Starting new HTTPS connection (1): oauth2.googleapis.com:443
2025-02-05 15:19:02,881 DEBUG    urllib3.connectionpool https://oauth2.googleapis.com:443 "POST /token HTTP/1.1" 200 None
2025-02-05 15:19:02,883 DEBUG    requests_oauthlib.oauth2_session Prepared fetch token request body grant_type=authorization_code&client_id=764086051850-6qr4p6gpi6hn506pt8ejuq83di341hur.apps.googleusercontent.com&client_secret=d-FL95Q19q7MQmFpd7hHD0Ty&code=4%2F0ASVgi3L5VDThe1Bm6xrs6NMQukny3LP-QKH_Lo5_d2cwLlWVnQiMyQYJgjNmJAIzNSFTkw&redirect_uri=http%3A%2F%2Flocalhost%3A8085%2F&code_verifier=tyPDKFfC5V5nlwqXmksi5FQDhlAxaUiz4xpRMWltGKhhDdPuHlSYfvGSJwBKmaZaQJ-q1l6s7wgvdt0ojQwwRYglsprQ15BT9dOvSLWkNG5bEh~fUZxqto62Un3ZmigU
2025-02-05 15:19:02,883 DEBUG    requests_oauthlib.oauth2_session Request to fetch token completed with status 200.
2025-02-05 15:19:02,883 DEBUG    requests_oauthlib.oauth2_session Request headers were {'user-agent': b'google-cloud-sdk gcloud/507.0.0 command/gcloud.auth.application-default.login invocation-id/e82d16787acf446cbf3047eecc5900fa environment/None environment-version/None client-os/MACOSX client-os-ver/24.3.0 client-pltf-arch/arm interactive/True from-script/False python/3.10.13 term/xterm-256color (Macintosh; Intel Mac OS X 24.3.0)', 'Accept-Encoding': 'gzip, deflate', 'Accept': b'application/json', 'Connection': 'keep-alive', 'Content-Type': b'application/x-www-form-urlencoded;charset=UTF-8', 'Content-Length': '421'}
2025-02-05 15:19:02,883 DEBUG    requests_oauthlib.oauth2_session Request body was grant_type=authorization_code&client_id=764086051850-6qr4p6gpi6hn506pt8ejuq83di341hur.apps.googleusercontent.com&client_secret=d-FL95Q19q7MQmFpd7hHD0Ty&code=4%2F0ASVgi3L5VDThe1Bm6xrs6NMQukny3LP-QKH_Lo5_d2cwLlWVnQiMyQYJgjNmJAIzNSFTkw&redirect_uri=http%3A%2F%2Flocalhost%3A8085%2F&code_verifier=tyPDKFfC5V5nlwqXmksi5FQDhlAxaUiz4xpRMWltGKhhDdPuHlSYfvGSJwBKmaZaQJ-q1l6s7wgvdt0ojQwwRYglsprQ15BT9dOvSLWkNG5bEh~fUZxqto62Un3ZmigU
2025-02-05 15:19:02,883 DEBUG    requests_oauthlib.oauth2_session Response headers were {'Pragma': 'no-cache', 'Date': 'Wed, 05 Feb 2025 07:19:02 GMT', 'Cache-Control': 'no-cache, no-store, max-age=0, must-revalidate', 'Expires': 'Mon, 01 Jan 1990 00:00:00 GMT', 'Content-Type': 'application/json; charset=utf-8', 'Vary': 'Origin, X-Origin, Referer', 'Content-Encoding': 'gzip', 'Server': 'scaffolding on HTTPServer2', 'X-XSS-Protection': '0', 'X-Frame-Options': 'SAMEORIGIN', 'X-Content-Type-Options': 'nosniff', 'Alt-Svc': 'h3=":443"; ma=2592000,h3-29=":443"; ma=2592000', 'Transfer-Encoding': 'chunked'} and content {
  "access_token": "ya29.a0AXeO80RQ86O0zu3udvczRCAA6Nl3YqeTp4k0iIs5mKh5f6qWohL8z1r-b5ex5lXr9boaEn4dwF5wQ5S7bazGDu_uYxRWZ2AnhSWvfAmgsmpUr7D2ithVDNbK0G2tu7lNdPfblm348EjAW3LdpX8Kx7KxVyyZqaBqHfYn8Ra2aCgYKATMSARMSFQHGX2MiYreLd1r71QrXVeHB9eoGug0175",
  "expires_in": 3599,
  "refresh_token": "1//0gxVeeaCnQ-VVCgYIARAAGBASNwF-L9IrYL79h1XvcgxN_kFTz4uy5nUKUitd6xTv_halkiOQt2mJiD2seH5oW6kuOGVhSRa24Ds",
  "scope": "https://www.googleapis.com/auth/sqlservice.login https://www.googleapis.com/auth/userinfo.email https://www.googleapis.com/auth/cloud-platform openid",
  "token_type": "Bearer",
  "id_token": "eyJhbGciOiJSUzI1NiIsImtpZCI6ImZhMDcyZjc1Nzg0NjQyNjE1MDg3YzcxODJjMTAxMzQxZTE4ZjdhM2EiLCJ0eXAiOiJKV1QifQ.eyJpc3MiOiJodHRwczovL2FjY291bnRzLmdvb2dsZS5jb20iLCJhenAiOiI3NjQwODYwNTE4NTAtNnFyNHA2Z3BpNmhuNTA2cHQ4ZWp1cTgzZGkzNDFodXIuYXBwcy5nb29nbGV1c2VyY29udGVudC5jb20iLCJhdWQiOiI3NjQwODYwNTE4NTAtNnFyNHA2Z3BpNmhuNTA2cHQ4ZWp1cTgzZGkzNDFodXIuYXBwcy5nb29nbGV1c2VyY29udGVudC5jb20iLCJzdWIiOiIxMTU1MDAwNjk4NDQ5MjIyNzA3NTAiLCJoZCI6ImR5c29uLmNvbSIsImVtYWlsIjoiZGFuaWVsLmxvd0BkeXNvbi5jb20iLCJlbWFpbF92ZXJpZmllZCI6dHJ1ZSwiYXRfaGFzaCI6IjFBcGUwM2wtQktWZ3V5MWJ3b3VXSUEiLCJpYXQiOjE3Mzg3Mzk5NDIsImV4cCI6MTczODc0MzU0Mn0.BkwtXP65mHBbSkpX5kukZiMvgvLiULexW80TD2OSQRF2bMbh5U9Fn5KXhxBlLAQVQL2fXKnCU4OrM8mVCe5FDFoGc0hN8oCxDumS3FsgDoJ9NGFz_bjftVQericQOUyI5Un5_EtbenAGN3t0NXNCwR42uI-f42t3cUowK3OgSexjLllJSKPziLRoIaZNq8WLYGLkjHgFIxRQBLs6CDH0BlbKVz62ksMQBmcbz3PPytrRFFF2kucNOVdMyJEvydyVlktxV7A-9uRd9-0GlF1yGQ2WK_6msW3Al0KyjhUVZ7lduJRGQaUIVzgF9xhgO8VgIPZZrv8TRmGMZqLBgRBGrg"
}.
2025-02-05 15:19:02,883 DEBUG    requests_oauthlib.oauth2_session Invoking 0 token response hooks.
2025-02-05 15:19:02,884 DEBUG    requests_oauthlib.oauth2_session Obtained token {'access_token': 'ya29.a0AXeO80RQ86O0zu3udvczRCAA6Nl3YqeTp4k0iIs5mKh5f6qWohL8z1r-b5ex5lXr9boaEn4dwF5wQ5S7bazGDu_uYxRWZ2AnhSWvfAmgsmpUr7D2ithVDNbK0G2tu7lNdPfblm348EjAW3LdpX8Kx7KxVyyZqaBqHfYn8Ra2aCgYKATMSARMSFQHGX2MiYreLd1r71QrXVeHB9eoGug0175', 'expires_in': 3599, 'refresh_token': '1//0gxVeeaCnQ-VVCgYIARAAGBASNwF-L9IrYL79h1XvcgxN_kFTz4uy5nUKUitd6xTv_halkiOQt2mJiD2seH5oW6kuOGVhSRa24Ds', 'scope': ['https://www.googleapis.com/auth/sqlservice.login', 'https://www.googleapis.com/auth/userinfo.email', 'https://www.googleapis.com/auth/cloud-platform', 'openid'], 'token_type': 'Bearer', 'id_token': 'eyJhbGciOiJSUzI1NiIsImtpZCI6ImZhMDcyZjc1Nzg0NjQyNjE1MDg3YzcxODJjMTAxMzQxZTE4ZjdhM2EiLCJ0eXAiOiJKV1QifQ.eyJpc3MiOiJodHRwczovL2FjY291bnRzLmdvb2dsZS5jb20iLCJhenAiOiI3NjQwODYwNTE4NTAtNnFyNHA2Z3BpNmhuNTA2cHQ4ZWp1cTgzZGkzNDFodXIuYXBwcy5nb29nbGV1c2VyY29udGVudC5jb20iLCJhdWQiOiI3NjQwODYwNTE4NTAtNnFyNHA2Z3BpNmhuNTA2cHQ4ZWp1cTgzZGkzNDFodXIuYXBwcy5nb29nbGV1c2VyY29udGVudC5jb20iLCJzdWIiOiIxMTU1MDAwNjk4NDQ5MjIyNzA3NTAiLCJoZCI6ImR5c29uLmNvbSIsImVtYWlsIjoiZGFuaWVsLmxvd0BkeXNvbi5jb20iLCJlbWFpbF92ZXJpZmllZCI6dHJ1ZSwiYXRfaGFzaCI6IjFBcGUwM2wtQktWZ3V5MWJ3b3VXSUEiLCJpYXQiOjE3Mzg3Mzk5NDIsImV4cCI6MTczODc0MzU0Mn0.BkwtXP65mHBbSkpX5kukZiMvgvLiULexW80TD2OSQRF2bMbh5U9Fn5KXhxBlLAQVQL2fXKnCU4OrM8mVCe5FDFoGc0hN8oCxDumS3FsgDoJ9NGFz_bjftVQericQOUyI5Un5_EtbenAGN3t0NXNCwR42uI-f42t3cUowK3OgSexjLllJSKPziLRoIaZNq8WLYGLkjHgFIxRQBLs6CDH0BlbKVz62ksMQBmcbz3PPytrRFFF2kucNOVdMyJEvydyVlktxV7A-9uRd9-0GlF1yGQ2WK_6msW3Al0KyjhUVZ7lduJRGQaUIVzgF9xhgO8VgIPZZrv8TRmGMZqLBgRBGrg', 'expires_at': 1738743541.884013}.
2025-02-05 15:19:02,894 INFO     ___FILE_ONLY___ 
Credentials saved to file: [/Users/daniel.low/.config/gcloud/application_default_credentials.json]

2025-02-05 15:19:02,894 INFO     ___FILE_ONLY___ 
These credentials will be used by any library that requests Application Default Credentials (ADC).

2025-02-05 15:19:02,900 INFO     root            Using alternate credentials from file: [/Users/daniel.low/.config/gcloud/application_default_credentials.json]
2025-02-05 15:19:02,904 DEBUG    google.auth.transport.requests Making request: POST https://oauth2.googleapis.com/token
2025-02-05 15:19:02,905 DEBUG    urllib3.connectionpool Starting new HTTPS connection (1): oauth2.googleapis.com:443
2025-02-05 15:19:02,981 DEBUG    urllib3.connectionpool https://oauth2.googleapis.com:443 "POST /token HTTP/1.1" 200 None
2025-02-05 15:19:02,985 INFO     root            Using alternate credentials from file: [/Users/daniel.low/.config/gcloud/application_default_credentials.json]
2025-02-05 15:19:02,993 DEBUG    urllib3.connectionpool Starting new HTTPS connection (1): cloudresourcemanager.googleapis.com:443
2025-02-05 15:19:04,015 DEBUG    urllib3.connectionpool https://cloudresourcemanager.googleapis.com:443 "POST /v1/projects/dde-ops-data-science-d001:testIamPermissions?alt=json HTTP/1.1" 200 None
2025-02-05 15:19:04,020 INFO     ___FILE_ONLY___ 
Quota project "dde-ops-data-science-d001" was added to ADC which can be used by Google client libraries for billing and quota. Note that some services may still bill the project owning the resource.

2025-02-05 15:19:04,020 DEBUG    root            Chosen display Format:none
2025-02-05 15:19:04,020 INFO     root            Display format: "none"
2025-02-05 15:19:04,120 DEBUG    root            Metrics reporting process started...
